---------------------------------------------------------------
[ 2017-08-30T09:07:20+08:00 ] 127.0.0.3 127.0.0.1 GET /admin/index/index.shtml
[ info ] 127.0.0.3/admin/index/index.shtml [运行时间：0.352020s][吞吐率：2.84req/s] [内存消耗：5,842.48kb] [文件加载：51]
[ info ] [ LANG ] D:\phpStudy\WWW\adminui\frame\lang\zh-cn.php
[ info ] [ ROUTE ] array (
  'type' => 'module',
  'module' => 
  array (
    0 => 'admin',
    1 => 'index',
    2 => 'index',
  ),
)
[ info ] [ HEADER ] array (
  'host' => '127.0.0.3',
  'connection' => 'keep-alive',
  'upgrade-insecure-requests' => '1',
  'user-agent' => 'Mozilla/5.0 (Windows NT 6.1; WOW64) AppleWebKit/537.36 (KHTML, like Gecko) Chrome/60.0.3112.101 Safari/537.36',
  'accept' => 'text/html,application/xhtml+xml,application/xml;q=0.9,image/webp,image/apng,*/*;q=0.8',
  'referer' => 'http://127.0.0.3/admin/index/index.shtml',
  'accept-encoding' => 'gzip, deflate, br',
  'accept-language' => 'zh-CN,zh;q=0.8',
  'cookie' => 'thinkphp_show_page_trace=0|0; PHPSESSID=3h2140l2339at4oc3l22ts0bc4; thinkphp_show_page_trace=0|0',
)
[ info ] [ PARAM ] array (
)
[ info ] [ DB ] INIT mysql
[ info ] [ SESSION ] INIT array (
  'prefix' => 'admin',
)
[ info ] [ LOG ] INIT File
[ sql ] [ DB ] CONNECT:[ UseTime:0.004000s ] mysql:dbname=adminui;host=192.168.124.222;port=3306;charset=utf8
[ sql ] [ SQL ] SHOW COLUMNS FROM `ui_config` [ RunTime:0.022001s ]
[ sql ] [ SQL ] SELECT * FROM `ui_config` WHERE `ui_config`.`delete_time` IS NULL [ RunTime:0.002000s ]
[ sql ] [ SQL ] SHOW COLUMNS FROM `ui_city` [ RunTime:0.011000s ]
[ sql ] [ SQL ] SELECT * FROM `ui_city` WHERE  `pid` <> 0 [ RunTime:0.021002s ]
[ sql ] [ SQL ] SHOW COLUMNS FROM `ui_menu` [ RunTime:0.015001s ]
[ sql ] [ SQL ] SELECT * FROM `ui_menu` WHERE (  `url` = '/admin/index/index.shtml' ) AND `ui_menu`.`delete_time` IS NULL LIMIT 1 [ RunTime:0.002000s ]
[ sql ] [ SQL ] SELECT * FROM `ui_menu` WHERE (  `menu_id` = 0 ) AND `ui_menu`.`delete_time` IS NULL LIMIT 1 [ RunTime:0.002000s ]
---------------------------------------------------------------
[ 2017-08-30T09:07:21+08:00 ] 127.0.0.3 127.0.0.1 GET /admin/publics/login.shtml
[ info ] 127.0.0.3/admin/publics/login.shtml [运行时间：0.368021s][吞吐率：2.72req/s] [内存消耗：6,043.14kb] [文件加载：55]
[ info ] [ LANG ] D:\phpStudy\WWW\adminui\frame\lang\zh-cn.php
[ info ] [ ROUTE ] array (
  'type' => 'module',
  'module' => 
  array (
    0 => 'admin',
    1 => 'publics',
    2 => 'login',
  ),
)
[ info ] [ HEADER ] array (
  'host' => '127.0.0.3',
  'connection' => 'keep-alive',
  'upgrade-insecure-requests' => '1',
  'user-agent' => 'Mozilla/5.0 (Windows NT 6.1; WOW64) AppleWebKit/537.36 (KHTML, like Gecko) Chrome/60.0.3112.101 Safari/537.36',
  'accept' => 'text/html,application/xhtml+xml,application/xml;q=0.9,image/webp,image/apng,*/*;q=0.8',
  'referer' => 'http://127.0.0.3/admin/index/index.shtml',
  'accept-encoding' => 'gzip, deflate, br',
  'accept-language' => 'zh-CN,zh;q=0.8',
  'cookie' => 'thinkphp_show_page_trace=0|0; PHPSESSID=3h2140l2339at4oc3l22ts0bc4; thinkphp_show_page_trace=0|0',
)
[ info ] [ PARAM ] array (
)
[ info ] [ DB ] INIT mysql
[ info ] [ SESSION ] INIT array (
  'prefix' => 'admin',
)
[ info ] [ RUN ] app\admin\controller\Publics->login[ D:\phpStudy\WWW\adminui\application\admin\controller\Publics.php ]
[ info ] [ VIEW ] D:\phpStudy\WWW\adminui/public\theme\admin\publics\login.html [ array (
  0 => 'module_name',
  1 => 'controller_name',
  2 => 'action_name',
  3 => 'public_path',
  4 => 'static_path',
  5 => 'web_public',
  6 => 'web_static',
  7 => 'js',
  8 => 'css',
  9 => 'img',
  10 => 'title',
  11 => 'admin_title',
  12 => 'nowpage',
  13 => 'upload',
  14 => 'menu',
) ]
[ info ] [ LOG ] INIT File
[ sql ] [ DB ] CONNECT:[ UseTime:0.010000s ] mysql:dbname=adminui;host=192.168.124.222;port=3306;charset=utf8
[ sql ] [ SQL ] SHOW COLUMNS FROM `ui_config` [ RunTime:0.014001s ]
[ sql ] [ SQL ] SELECT * FROM `ui_config` WHERE `ui_config`.`delete_time` IS NULL [ RunTime:0.001000s ]
[ sql ] [ SQL ] SHOW COLUMNS FROM `ui_city` [ RunTime:0.009001s ]
[ sql ] [ SQL ] SELECT * FROM `ui_city` WHERE  `pid` <> 0 [ RunTime:0.021001s ]
[ sql ] [ SQL ] SHOW COLUMNS FROM `ui_menu` [ RunTime:0.021002s ]
[ sql ] [ SQL ] SELECT * FROM `ui_menu` WHERE (  `url` = '/admin/publics/login.shtml' ) AND `ui_menu`.`delete_time` IS NULL LIMIT 1 [ RunTime:0.003000s ]
