---------------------------------------------------------------
[ 2017-11-08T13:49:11+08:00 ] 127.0.0.4 127.0.0.1 GET /
[ sql ] [ DB ] CONNECT:[ UseTime:0.229013s ] mysql:dbname=essjbaogtcom;host=essj.baogt.com;port=3306;charset=utf8
[ sql ] [ SQL ] SHOW COLUMNS FROM `ui_config` [ RunTime:0.013000s ]
[ sql ] [ SQL ] SELECT * FROM `ui_config` WHERE `ui_config`.`delete_time` IS NULL [ RunTime:0.012001s ]
[ sql ] [ SQL ] SHOW COLUMNS FROM `ui_city` [ RunTime:0.013001s ]
[ sql ] [ SQL ] SELECT * FROM `ui_city` WHERE  `pid` <> 0 [ RunTime:0.075004s ]
[ sql ] [ SQL ] SHOW COLUMNS FROM `ui_menu` [ RunTime:0.014001s ]
[ sql ] [ SQL ] SELECT * FROM `ui_menu` WHERE (  `url` = '/admin/index/index.shtml' ) AND `ui_menu`.`delete_time` IS NULL LIMIT 1 [ RunTime:0.012001s ]
[ sql ] [ SQL ] SELECT * FROM `ui_menu` WHERE (  `menu_id` = 0 ) AND `ui_menu`.`delete_time` IS NULL LIMIT 1 [ RunTime:0.014001s ]
---------------------------------------------------------------
[ 2017-11-08T13:49:12+08:00 ] 127.0.0.4 127.0.0.1 GET /admin/publics/login.shtml
[ sql ] [ DB ] CONNECT:[ UseTime:0.017001s ] mysql:dbname=essjbaogtcom;host=essj.baogt.com;port=3306;charset=utf8
[ sql ] [ SQL ] SHOW COLUMNS FROM `ui_config` [ RunTime:0.009000s ]
[ sql ] [ SQL ] SELECT * FROM `ui_config` WHERE `ui_config`.`delete_time` IS NULL [ RunTime:0.007001s ]
[ sql ] [ SQL ] SHOW COLUMNS FROM `ui_city` [ RunTime:0.009001s ]
[ sql ] [ SQL ] SELECT * FROM `ui_city` WHERE  `pid` <> 0 [ RunTime:0.047002s ]
[ sql ] [ SQL ] SHOW COLUMNS FROM `ui_menu` [ RunTime:0.008000s ]
[ sql ] [ SQL ] SELECT * FROM `ui_menu` WHERE (  `url` = '/admin/publics/login.shtml' ) AND `ui_menu`.`delete_time` IS NULL LIMIT 1 [ RunTime:0.007001s ]
---------------------------------------------------------------
[ 2017-11-08T13:49:23+08:00 ] 127.0.0.4 127.0.0.1 POST /admin/publics/login.shtml
[ sql ] [ DB ] CONNECT:[ UseTime:0.025002s ] mysql:dbname=essjbaogtcom;host=essj.baogt.com;port=3306;charset=utf8
[ sql ] [ SQL ] SHOW COLUMNS FROM `ui_menu` [ RunTime:0.014001s ]
[ sql ] [ SQL ] SELECT * FROM `ui_menu` WHERE (  `url` = '/admin/publics/login.shtml' ) AND `ui_menu`.`delete_time` IS NULL LIMIT 1 [ RunTime:0.014001s ]
[ sql ] [ SQL ] SHOW COLUMNS FROM `ui_admin` [ RunTime:0.015001s ]
[ sql ] [ SQL ] SELECT * FROM `ui_admin` WHERE (  `account` = 'admin' ) AND `ui_admin`.`delete_time` IS NULL LIMIT 1 [ RunTime:0.014001s ]
[ sql ] [ SQL ] SHOW COLUMNS FROM `ui_auth_group` [ RunTime:0.014001s ]
[ sql ] [ SQL ] SELECT `status` FROM `ui_auth_group` WHERE (  `group_id` = 1 ) AND `ui_auth_group`.`delete_time` IS NULL LIMIT 1 [ RunTime:0.013001s ]
[ sql ] [ SQL ] UPDATE `ui_admin`  SET `last_login_time`=1510120163,`last_login_ip`='127.0.0.1',`login_status`=1,`update_time`=1510120163  WHERE (  `admin_id` = 1 ) AND `ui_admin`.`delete_time` IS NULL [ RunTime:0.013000s ]
[ sql ] [ SQL ] SELECT * FROM `ui_admin` WHERE (  `account` = 'admin' ) AND `ui_admin`.`delete_time` IS NULL LIMIT 1 [ RunTime:0.014001s ]
[ sql ] [ SQL ] SHOW COLUMNS FROM `ui_log` [ RunTime:0.015001s ]
[ sql ] [ SQL ] INSERT INTO `ui_log` (`admin_id` , `module` , `controller` , `action` , `data_id` , `des` , `create_time` , `update_time`) VALUES (1 , 'admin' , 'Publics' , 'login' , 'admin' , '登录系统' , 1510120163 , 1510120163) [ RunTime:0.014001s ]
---------------------------------------------------------------
[ 2017-11-08T13:49:25+08:00 ] 127.0.0.4 127.0.0.1 GET /admin/index/index.shtml
[ sql ] [ DB ] CONNECT:[ UseTime:0.023001s ] mysql:dbname=essjbaogtcom;host=essj.baogt.com;port=3306;charset=utf8
[ sql ] [ SQL ] SHOW COLUMNS FROM `ui_config` [ RunTime:0.013001s ]
[ sql ] [ SQL ] SELECT * FROM `ui_config` WHERE `ui_config`.`delete_time` IS NULL [ RunTime:0.014001s ]
[ sql ] [ SQL ] SHOW COLUMNS FROM `ui_city` [ RunTime:0.013001s ]
[ sql ] [ SQL ] SELECT * FROM `ui_city` WHERE  `pid` <> 0 [ RunTime:0.074004s ]
[ sql ] [ SQL ] SHOW COLUMNS FROM `ui_menu` [ RunTime:0.014001s ]
[ sql ] [ SQL ] SELECT * FROM `ui_menu` WHERE (  `url` = '/admin/index/index.shtml' ) AND `ui_menu`.`delete_time` IS NULL LIMIT 1 [ RunTime:0.013001s ]
[ sql ] [ SQL ] SELECT * FROM `ui_menu` WHERE (  `menu_id` = 0 ) AND `ui_menu`.`delete_time` IS NULL LIMIT 1 [ RunTime:0.013001s ]
[ sql ] [ SQL ] SHOW COLUMNS FROM `ui_admin` [ RunTime:0.014001s ]
[ sql ] [ SQL ] SELECT * FROM `ui_admin` WHERE (  `admin_id` = 1 ) AND `ui_admin`.`delete_time` IS NULL LIMIT 1 [ RunTime:0.012000s ]
[ sql ] [ SQL ] SELECT `menu_id` FROM `ui_menu` WHERE `ui_menu`.`delete_time` IS NULL [ RunTime:0.012001s ]
[ sql ] [ SQL ] SELECT `menu_id`,`module`,`controller`,`action` FROM `ui_menu` WHERE (  `menu_id` IN (2,3,4,5,12,13,45,62,63,64,68,69,72,74,75,76,77,78,80,81,82,83,84,85,86,91,92,93,94,95,96,97,98,99,100,101,102,103,104,105,106,108,109,110,111,112,113,114,115,116,117,118,119,120,121,123,124,125,126,127,128,129,130,136,138,139,140,141,142,143,144,146,151,152,153,154,155,156,157,158,160,162,163,168,169,170,171,172,173,174,175,176,177,178,179,180,185,186,195,196,197,198,199,200,209,213,214,215,225,228,229,230,231,233,234,235,236,237,238,239,240,241,242,243,244,245,246,247,248,249,250,255,256,257,258,259,262,263,264,265,267,271,272,273,274,275,277,278,280,281,283,285,286,287,288,289) ) AND `ui_menu`.`delete_time` IS NULL [ RunTime:0.016001s ]
[ sql ] [ SQL ] SELECT `pid` FROM `ui_menu` WHERE (  `menu_id` IN (2,3,4,5,12,13,45,62,63,64,68,69,72,74,75,76,77,78,80,81,82,83,84,85,86,91,92,93,94,95,96,97,98,99,100,101,102,103,104,105,106,108,109,110,111,112,113,114,115,116,117,118,119,120,121,123,124,125,126,127,128,129,130,136,138,139,140,141,142,143,144,146,151,152,153,154,155,156,157,158,160,162,163,168,169,170,171,172,173,174,175,176,177,178,179,180,185,186,195,196,197,198,199,200,209,213,214,215,225,228,229,230,231,233,234,235,236,237,238,239,240,241,242,243,244,245,246,247,248,249,250,255,256,257,258,259,262,263,264,265,267,271,272,273,274,275,277,278,280,281,283,285,286,287,288,289)  AND `status` = 1  AND `pid` <> 0 ) AND `ui_menu`.`delete_time` IS NULL [ RunTime:0.014000s ]
[ sql ] [ SQL ] SELECT `pid` FROM `ui_menu` WHERE (  `menu_id` IN (83,5,45,74,98,100,237,240,241)  AND `status` = 1  AND `pid` <> 0 ) AND `ui_menu`.`delete_time` IS NULL [ RunTime:0.012000s ]
[ sql ] [ SQL ] SELECT * FROM `ui_menu` WHERE (  `menu_id` IN (2,3,4,5,12,13,45,62,63,64,68,69,72,74,75,76,77,78,80,81,82,83,84,85,86,91,92,93,94,95,96,97,98,99,100,101,102,103,104,105,106,108,109,110,111,112,113,114,115,116,117,118,119,120,121,123,124,125,126,127,128,129,130,136,138,139,140,141,142,143,144,146,151,152,153,154,155,156,157,158,160,162,163,168,169,170,171,172,173,174,175,176,177,178,179,180,185,186,195,196,197,198,199,200,209,213,214,215,225,228,229,230,231,233,234,235,236,237,238,239,240,241,242,243,244,245,246,247,248,249,250,255,256,257,258,259,262,263,264,265,267,271,272,273,274,275,277,278,280,281,283,285,286,287,288,289)  AND `status` = 1 ) AND `ui_menu`.`delete_time` IS NULL ORDER BY `sort`  asc [ RunTime:0.016001s ]
[ sql ] [ SQL ] SHOW COLUMNS FROM `ui_auth_group` [ RunTime:0.013001s ]
[ sql ] [ SQL ] SELECT `group_name` FROM `ui_auth_group` WHERE (  `group_id` = 1 ) AND `ui_auth_group`.`delete_time` IS NULL LIMIT 1 [ RunTime:0.011001s ]
---------------------------------------------------------------
[ 2017-11-08T13:49:26+08:00 ] 127.0.0.4 127.0.0.1 GET /admin/index/main.shtml
[ sql ] [ DB ] CONNECT:[ UseTime:0.018001s ] mysql:dbname=essjbaogtcom;host=essj.baogt.com;port=3306;charset=utf8
[ sql ] [ SQL ] SHOW COLUMNS FROM `ui_config` [ RunTime:0.008000s ]
[ sql ] [ SQL ] SELECT * FROM `ui_config` WHERE `ui_config`.`delete_time` IS NULL [ RunTime:0.008001s ]
[ sql ] [ SQL ] SHOW COLUMNS FROM `ui_city` [ RunTime:0.008001s ]
[ sql ] [ SQL ] SELECT * FROM `ui_city` WHERE  `pid` <> 0 [ RunTime:0.051002s ]
[ sql ] [ SQL ] SHOW COLUMNS FROM `ui_menu` [ RunTime:0.008001s ]
[ sql ] [ SQL ] SELECT * FROM `ui_menu` WHERE (  `url` = '/admin/index/main.shtml' ) AND `ui_menu`.`delete_time` IS NULL LIMIT 1 [ RunTime:0.007000s ]
[ sql ] [ SQL ] SHOW COLUMNS FROM `ui_admin` [ RunTime:0.008000s ]
[ sql ] [ SQL ] SELECT * FROM `ui_admin` WHERE (  `admin_id` = 1 ) AND `ui_admin`.`delete_time` IS NULL LIMIT 1 [ RunTime:0.008001s ]
[ sql ] [ SQL ] SHOW COLUMNS FROM `ui_order` [ RunTime:0.010000s ]
[ sql ] [ SQL ] SELECT `deal_price` FROM `ui_order` WHERE (  `status` = 6  AND `create_time` BETWEEN 1509465600 AND 1509552000 ) AND `ui_order`.`delete_time` IS NULL [ RunTime:0.007001s ]
[ sql ] [ SQL ] SELECT `deal_price` FROM `ui_order` WHERE (  `status` = 6  AND `create_time` BETWEEN 1509552000 AND 1509638400 ) AND `ui_order`.`delete_time` IS NULL [ RunTime:0.007000s ]
[ sql ] [ SQL ] SELECT `deal_price` FROM `ui_order` WHERE (  `status` = 6  AND `create_time` BETWEEN 1509638400 AND 1509724800 ) AND `ui_order`.`delete_time` IS NULL [ RunTime:0.008001s ]
[ sql ] [ SQL ] SELECT `deal_price` FROM `ui_order` WHERE (  `status` = 6  AND `create_time` BETWEEN 1509724800 AND 1509811200 ) AND `ui_order`.`delete_time` IS NULL [ RunTime:0.007000s ]
[ sql ] [ SQL ] SELECT `deal_price` FROM `ui_order` WHERE (  `status` = 6  AND `create_time` BETWEEN 1509811200 AND 1509897600 ) AND `ui_order`.`delete_time` IS NULL [ RunTime:0.008001s ]
[ sql ] [ SQL ] SELECT `deal_price` FROM `ui_order` WHERE (  `status` = 6  AND `create_time` BETWEEN 1509897600 AND 1509984000 ) AND `ui_order`.`delete_time` IS NULL [ RunTime:0.007000s ]
[ sql ] [ SQL ] SELECT `deal_price` FROM `ui_order` WHERE (  `status` = 6  AND `create_time` BETWEEN 1509984000 AND 1510070400 ) AND `ui_order`.`delete_time` IS NULL [ RunTime:0.007001s ]
[ sql ] [ SQL ] SELECT `deal_price` FROM `ui_order` WHERE (  `status` = 6  AND `create_time` BETWEEN 1510070400 AND 1510156800 ) AND `ui_order`.`delete_time` IS NULL [ RunTime:0.008000s ]
[ sql ] [ SQL ] SHOW COLUMNS FROM `ui_order_back` [ RunTime:0.008001s ]
[ sql ] [ SQL ] SELECT COUNT(*) AS tp_count FROM `ui_order_back` WHERE (  `status` = 1 ) AND `ui_order_back`.`delete_time` IS NULL LIMIT 1 [ RunTime:0.008000s ]
[ sql ] [ SQL ] SELECT `deal_price` FROM `ui_order` WHERE (  `status` = 4 ) AND `ui_order`.`delete_time` IS NULL [ RunTime:0.007001s ]
[ sql ] [ SQL ] SHOW COLUMNS FROM `ui_user` [ RunTime:0.008000s ]
[ sql ] [ SQL ] SELECT COUNT(*) AS tp_count FROM `ui_user` WHERE `ui_user`.`delete_time` IS NULL LIMIT 1 [ RunTime:0.006001s ]
---------------------------------------------------------------
[ 2017-11-08T13:49:27+08:00 ] 127.0.0.4 127.0.0.1 POST /admin/index/isuniquelogin.shtml
[ sql ] [ DB ] CONNECT:[ UseTime:0.013001s ] mysql:dbname=essjbaogtcom;host=essj.baogt.com;port=3306;charset=utf8
[ sql ] [ SQL ] SHOW COLUMNS FROM `ui_menu` [ RunTime:0.009000s ]
[ sql ] [ SQL ] SELECT * FROM `ui_menu` WHERE (  `url` = '/admin/index/isuniquelogin.shtml' ) AND `ui_menu`.`delete_time` IS NULL LIMIT 1 [ RunTime:0.009001s ]
[ sql ] [ SQL ] SHOW COLUMNS FROM `ui_admin` [ RunTime:0.009001s ]
[ sql ] [ SQL ] SELECT * FROM `ui_admin` WHERE (  `admin_id` = 1 ) AND `ui_admin`.`delete_time` IS NULL LIMIT 1 [ RunTime:0.009000s ]
[ sql ] [ SQL ] SELECT * FROM `ui_admin` WHERE (  `admin_id` = 1 ) AND `ui_admin`.`delete_time` IS NULL LIMIT 1 [ RunTime:0.010001s ]
---------------------------------------------------------------
[ 2017-11-08T13:49:30+08:00 ] 127.0.0.4 127.0.0.1 GET /admin/good/index.shtml
[ sql ] [ DB ] CONNECT:[ UseTime:0.013001s ] mysql:dbname=essjbaogtcom;host=essj.baogt.com;port=3306;charset=utf8
[ sql ] [ SQL ] SHOW COLUMNS FROM `ui_config` [ RunTime:0.011001s ]
[ sql ] [ SQL ] SELECT * FROM `ui_config` WHERE `ui_config`.`delete_time` IS NULL [ RunTime:0.009000s ]
[ sql ] [ SQL ] SHOW COLUMNS FROM `ui_city` [ RunTime:0.011000s ]
[ sql ] [ SQL ] SELECT * FROM `ui_city` WHERE  `pid` <> 0 [ RunTime:0.056003s ]
[ sql ] [ SQL ] SHOW COLUMNS FROM `ui_menu` [ RunTime:0.010000s ]
[ sql ] [ SQL ] SELECT * FROM `ui_menu` WHERE (  `url` = '/admin/good/index.shtml' ) AND `ui_menu`.`delete_time` IS NULL LIMIT 1 [ RunTime:0.010001s ]
[ sql ] [ SQL ] SELECT * FROM `ui_menu` WHERE (  `menu_id` = 100 ) AND `ui_menu`.`delete_time` IS NULL LIMIT 1 [ RunTime:0.009000s ]
[ sql ] [ SQL ] SHOW COLUMNS FROM `ui_admin` [ RunTime:0.010000s ]
[ sql ] [ SQL ] SELECT * FROM `ui_admin` WHERE (  `admin_id` = 1 ) AND `ui_admin`.`delete_time` IS NULL LIMIT 1 [ RunTime:0.008001s ]
[ sql ] [ SQL ] SHOW COLUMNS FROM `ui_goods_brand` [ RunTime:0.010000s ]
[ sql ] [ SQL ] SELECT * FROM `ui_goods_brand` WHERE `ui_goods_brand`.`delete_time` IS NULL [ RunTime:0.010001s ]
[ sql ] [ SQL ] SHOW COLUMNS FROM `ui_goods` [ RunTime:0.011001s ]
[ sql ] [ SQL ] SELECT COUNT(*) AS tp_count FROM `ui_goods` WHERE `ui_goods`.`delete_time` IS NULL LIMIT 1 [ RunTime:0.008000s ]
[ sql ] [ SQL ] SELECT * FROM `ui_goods` WHERE `ui_goods`.`delete_time` IS NULL LIMIT 0,15 [ RunTime:0.010001s ]
[ sql ] [ SQL ] SELECT * FROM `ui_goods_brand` WHERE (  `brand_id` = 1 ) AND `ui_goods_brand`.`delete_time` IS NULL LIMIT 1 [ RunTime:0.010001s ]
[ sql ] [ SQL ] SELECT * FROM `ui_admin` WHERE (  `admin_id` = 1 ) AND `ui_admin`.`delete_time` IS NULL LIMIT 1 [ RunTime:0.009000s ]
[ sql ] [ SQL ] SELECT * FROM `ui_goods_brand` WHERE (  `brand_id` = 22 ) AND `ui_goods_brand`.`delete_time` IS NULL LIMIT 1 [ RunTime:0.009001s ]
[ sql ] [ SQL ] SELECT * FROM `ui_admin` WHERE (  `admin_id` = 2 ) AND `ui_admin`.`delete_time` IS NULL LIMIT 1 [ RunTime:0.010000s ]
[ sql ] [ SQL ] SELECT * FROM `ui_goods_brand` WHERE (  `brand_id` = 3 ) AND `ui_goods_brand`.`delete_time` IS NULL LIMIT 1 [ RunTime:0.009001s ]
[ sql ] [ SQL ] SELECT * FROM `ui_admin` WHERE (  `admin_id` = 3 ) AND `ui_admin`.`delete_time` IS NULL LIMIT 1 [ RunTime:0.009000s ]
[ sql ] [ SQL ] SELECT * FROM `ui_goods_brand` WHERE (  `brand_id` = 1 ) AND `ui_goods_brand`.`delete_time` IS NULL LIMIT 1 [ RunTime:0.010000s ]
[ sql ] [ SQL ] SELECT * FROM `ui_admin` WHERE (  `admin_id` = 4 ) AND `ui_admin`.`delete_time` IS NULL LIMIT 1 [ RunTime:0.009001s ]
[ sql ] [ SQL ] SELECT * FROM `ui_goods_brand` WHERE (  `brand_id` = 1 ) AND `ui_goods_brand`.`delete_time` IS NULL LIMIT 1 [ RunTime:0.009000s ]
[ sql ] [ SQL ] SELECT * FROM `ui_admin` WHERE (  `admin_id` = 1 ) AND `ui_admin`.`delete_time` IS NULL LIMIT 1 [ RunTime:0.009001s ]
[ sql ] [ SQL ] SELECT * FROM `ui_goods_brand` WHERE (  `brand_id` = 30 ) AND `ui_goods_brand`.`delete_time` IS NULL LIMIT 1 [ RunTime:0.009000s ]
[ sql ] [ SQL ] SELECT * FROM `ui_admin` WHERE (  `admin_id` = 1 ) AND `ui_admin`.`delete_time` IS NULL LIMIT 1 [ RunTime:0.009001s ]
[ sql ] [ SQL ] SELECT * FROM `ui_goods_brand` WHERE (  `brand_id` = 3 ) AND `ui_goods_brand`.`delete_time` IS NULL LIMIT 1 [ RunTime:0.009000s ]
[ sql ] [ SQL ] SELECT * FROM `ui_admin` WHERE (  `admin_id` = 53 ) AND `ui_admin`.`delete_time` IS NULL LIMIT 1 [ RunTime:0.009001s ]
[ sql ] [ SQL ] SELECT * FROM `ui_goods_brand` WHERE (  `brand_id` = 1 ) AND `ui_goods_brand`.`delete_time` IS NULL LIMIT 1 [ RunTime:0.009000s ]
[ sql ] [ SQL ] SELECT * FROM `ui_admin` WHERE (  `admin_id` = 1 ) AND `ui_admin`.`delete_time` IS NULL LIMIT 1 [ RunTime:0.010001s ]
[ sql ] [ SQL ] SELECT * FROM `ui_goods_brand` WHERE (  `brand_id` = 1 ) AND `ui_goods_brand`.`delete_time` IS NULL LIMIT 1 [ RunTime:0.009001s ]
[ sql ] [ SQL ] SELECT * FROM `ui_admin` WHERE (  `admin_id` = 53 ) AND `ui_admin`.`delete_time` IS NULL LIMIT 1 [ RunTime:0.009000s ]
[ sql ] [ SQL ] SELECT * FROM `ui_goods_brand` WHERE (  `brand_id` = 1 ) AND `ui_goods_brand`.`delete_time` IS NULL LIMIT 1 [ RunTime:0.008001s ]
[ sql ] [ SQL ] SELECT * FROM `ui_admin` WHERE (  `admin_id` = 1 ) AND `ui_admin`.`delete_time` IS NULL LIMIT 1 [ RunTime:0.010000s ]
[ sql ] [ SQL ] SELECT * FROM `ui_goods_brand` WHERE (  `brand_id` = 2 ) AND `ui_goods_brand`.`delete_time` IS NULL LIMIT 1 [ RunTime:0.008001s ]
[ sql ] [ SQL ] SELECT * FROM `ui_admin` WHERE (  `admin_id` = 53 ) AND `ui_admin`.`delete_time` IS NULL LIMIT 1 [ RunTime:0.009000s ]
[ sql ] [ SQL ] SELECT * FROM `ui_goods_brand` WHERE (  `brand_id` = 3 ) AND `ui_goods_brand`.`delete_time` IS NULL LIMIT 1 [ RunTime:0.008001s ]
[ sql ] [ SQL ] SELECT * FROM `ui_admin` WHERE (  `admin_id` = 53 ) AND `ui_admin`.`delete_time` IS NULL LIMIT 1 [ RunTime:0.008000s ]
[ sql ] [ SQL ] SELECT * FROM `ui_goods_brand` WHERE (  `brand_id` = 20 ) AND `ui_goods_brand`.`delete_time` IS NULL LIMIT 1 [ RunTime:0.009001s ]
[ sql ] [ SQL ] SELECT * FROM `ui_admin` WHERE (  `admin_id` = 53 ) AND `ui_admin`.`delete_time` IS NULL LIMIT 1 [ RunTime:0.009000s ]
[ sql ] [ SQL ] SELECT * FROM `ui_goods_brand` WHERE (  `brand_id` = 20 ) AND `ui_goods_brand`.`delete_time` IS NULL LIMIT 1 [ RunTime:0.008001s ]
[ sql ] [ SQL ] SELECT * FROM `ui_admin` WHERE (  `admin_id` = 53 ) AND `ui_admin`.`delete_time` IS NULL LIMIT 1 [ RunTime:0.009000s ]
[ sql ] [ SQL ] SELECT * FROM `ui_goods_brand` WHERE (  `brand_id` = 1 ) AND `ui_goods_brand`.`delete_time` IS NULL LIMIT 1 [ RunTime:0.009001s ]
[ sql ] [ SQL ] SELECT * FROM `ui_admin` WHERE (  `admin_id` = 53 ) AND `ui_admin`.`delete_time` IS NULL LIMIT 1 [ RunTime:0.008000s ]
---------------------------------------------------------------
[ 2017-11-08T13:49:34+08:00 ] 127.0.0.4 127.0.0.1 GET /admin/good/edit/goods_id/1/page/1.shtml
[ sql ] [ DB ] CONNECT:[ UseTime:0.017001s ] mysql:dbname=essjbaogtcom;host=essj.baogt.com;port=3306;charset=utf8
[ sql ] [ SQL ] SHOW COLUMNS FROM `ui_config` [ RunTime:0.008000s ]
[ sql ] [ SQL ] SELECT * FROM `ui_config` WHERE `ui_config`.`delete_time` IS NULL [ RunTime:0.007001s ]
[ sql ] [ SQL ] SHOW COLUMNS FROM `ui_city` [ RunTime:0.009001s ]
[ sql ] [ SQL ] SELECT * FROM `ui_city` WHERE  `pid` <> 0 [ RunTime:0.047002s ]
[ sql ] [ SQL ] SHOW COLUMNS FROM `ui_menu` [ RunTime:0.007000s ]
[ sql ] [ SQL ] SELECT * FROM `ui_menu` WHERE (  `url` = '/admin/good/edit.shtml' ) AND `ui_menu`.`delete_time` IS NULL LIMIT 1 [ RunTime:0.007001s ]
[ sql ] [ SQL ] SELECT * FROM `ui_menu` WHERE (  `menu_id` = 102 ) AND `ui_menu`.`delete_time` IS NULL LIMIT 1 [ RunTime:0.008000s ]
[ sql ] [ SQL ] SHOW COLUMNS FROM `ui_admin` [ RunTime:0.009001s ]
[ sql ] [ SQL ] SELECT * FROM `ui_admin` WHERE (  `admin_id` = 1 ) AND `ui_admin`.`delete_time` IS NULL LIMIT 1 [ RunTime:0.008000s ]
[ sql ] [ SQL ] SHOW COLUMNS FROM `ui_goods` [ RunTime:0.008001s ]
[ sql ] [ SQL ] SELECT * FROM `ui_goods` WHERE (  `goods_id` = 1 ) AND `ui_goods`.`delete_time` IS NULL LIMIT 1 [ RunTime:0.008000s ]
[ sql ] [ SQL ] SHOW COLUMNS FROM `ui_goods_good_attr` [ RunTime:0.007001s ]
[ sql ] [ SQL ] SELECT * FROM `ui_goods_good_attr` WHERE (  `goods_id` = 1 ) AND `ui_goods_good_attr`.`delete_time` IS NULL [ RunTime:0.007000s ]
[ sql ] [ SQL ] SHOW COLUMNS FROM `ui_goods_brand` [ RunTime:0.008001s ]
[ sql ] [ SQL ] SELECT * FROM `ui_goods_brand` WHERE `ui_goods_brand`.`delete_time` IS NULL [ RunTime:0.008000s ]
[ sql ] [ SQL ] SHOW COLUMNS FROM `ui_check_info` [ RunTime:0.009000s ]
[ sql ] [ SQL ] SELECT * FROM `ui_check_info` WHERE `ui_check_info`.`delete_time` IS NULL [ RunTime:0.007001s ]
[ sql ] [ SQL ] SHOW COLUMNS FROM `ui_store_info` [ RunTime:0.008001s ]
[ sql ] [ SQL ] SELECT * FROM `ui_store_info` WHERE `ui_store_info`.`delete_time` IS NULL [ RunTime:0.008000s ]
[ sql ] [ SQL ] SHOW COLUMNS FROM `ui_goods_attr` [ RunTime:0.007000s ]
[ sql ] [ SQL ] SELECT * FROM `ui_goods_attr` WHERE `ui_goods_attr`.`delete_time` IS NULL [ RunTime:0.006000s ]
[ sql ] [ SQL ] SELECT `value` FROM `ui_goods_good_attr` WHERE (  `goods_id` = 1  AND `attr_id` = 1 ) AND `ui_goods_good_attr`.`delete_time` IS NULL [ RunTime:0.007001s ]
[ sql ] [ SQL ] SELECT `value` FROM `ui_goods_good_attr` WHERE (  `goods_id` = 1  AND `attr_id` = 2 ) AND `ui_goods_good_attr`.`delete_time` IS NULL [ RunTime:0.007000s ]
[ sql ] [ SQL ] SELECT `value` FROM `ui_goods_good_attr` WHERE (  `goods_id` = 1  AND `attr_id` = 3 ) AND `ui_goods_good_attr`.`delete_time` IS NULL [ RunTime:0.006001s ]
[ sql ] [ SQL ] SELECT `value` FROM `ui_goods_good_attr` WHERE (  `goods_id` = 1  AND `attr_id` = 4 ) AND `ui_goods_good_attr`.`delete_time` IS NULL [ RunTime:0.008000s ]
[ sql ] [ SQL ] SELECT `value` FROM `ui_goods_good_attr` WHERE (  `goods_id` = 1  AND `attr_id` = 7 ) AND `ui_goods_good_attr`.`delete_time` IS NULL [ RunTime:0.006001s ]
[ sql ] [ SQL ] SELECT `value` FROM `ui_goods_good_attr` WHERE (  `goods_id` = 1  AND `attr_id` = 15 ) AND `ui_goods_good_attr`.`delete_time` IS NULL [ RunTime:0.007000s ]
[ sql ] [ SQL ] SELECT `value` FROM `ui_goods_good_attr` WHERE (  `goods_id` = 1  AND `attr_id` = 17 ) AND `ui_goods_good_attr`.`delete_time` IS NULL [ RunTime:0.007000s ]
[ sql ] [ SQL ] SELECT `value` FROM `ui_goods_good_attr` WHERE (  `goods_id` = 1  AND `attr_id` = 18 ) AND `ui_goods_good_attr`.`delete_time` IS NULL [ RunTime:0.007001s ]
[ sql ] [ SQL ] SELECT `value` FROM `ui_goods_good_attr` WHERE (  `goods_id` = 1  AND `attr_id` = 19 ) AND `ui_goods_good_attr`.`delete_time` IS NULL [ RunTime:0.007000s ]
[ sql ] [ SQL ] SELECT `value` FROM `ui_goods_good_attr` WHERE (  `goods_id` = 1  AND `attr_id` = 20 ) AND `ui_goods_good_attr`.`delete_time` IS NULL [ RunTime:0.006001s ]
[ sql ] [ SQL ] SHOW COLUMNS FROM `ui_goods_price` [ RunTime:0.008000s ]
[ sql ] [ SQL ] SELECT * FROM `ui_goods_price` WHERE  `goods_id` = 1 [ RunTime:0.007001s ]
[ sql ] [ SQL ] SHOW COLUMNS FROM `ui_brand_model` [ RunTime:0.008001s ]
[ sql ] [ SQL ] SELECT * FROM `ui_brand_model` WHERE (  `brand_id` = 1 ) AND `ui_brand_model`.`delete_time` IS NULL [ RunTime:0.007000s ]
---------------------------------------------------------------
[ 2017-11-08T13:52:59+08:00 ] 127.0.0.4 127.0.0.1 GET /admin/good/edit/goods_id/1/page/1.shtml
[ sql ] [ DB ] CONNECT:[ UseTime:0.024001s ] mysql:dbname=essjbaogtcom;host=essj.baogt.com;port=3306;charset=utf8
[ sql ] [ SQL ] SHOW COLUMNS FROM `ui_config` [ RunTime:0.014001s ]
[ sql ] [ SQL ] SELECT * FROM `ui_config` WHERE `ui_config`.`delete_time` IS NULL [ RunTime:0.014001s ]
[ sql ] [ SQL ] SHOW COLUMNS FROM `ui_city` [ RunTime:0.014001s ]
[ sql ] [ SQL ] SELECT * FROM `ui_city` WHERE  `pid` <> 0 [ RunTime:0.080005s ]
[ sql ] [ SQL ] SHOW COLUMNS FROM `ui_menu` [ RunTime:0.014001s ]
[ sql ] [ SQL ] SELECT * FROM `ui_menu` WHERE (  `url` = '/admin/good/edit.shtml' ) AND `ui_menu`.`delete_time` IS NULL LIMIT 1 [ RunTime:0.014001s ]
[ sql ] [ SQL ] SELECT * FROM `ui_menu` WHERE (  `menu_id` = 102 ) AND `ui_menu`.`delete_time` IS NULL LIMIT 1 [ RunTime:0.015001s ]
[ sql ] [ SQL ] SHOW COLUMNS FROM `ui_admin` [ RunTime:0.015001s ]
[ sql ] [ SQL ] SELECT * FROM `ui_admin` WHERE (  `admin_id` = 1 ) AND `ui_admin`.`delete_time` IS NULL LIMIT 1 [ RunTime:0.014001s ]
[ sql ] [ SQL ] SHOW COLUMNS FROM `ui_goods` [ RunTime:0.016001s ]
[ sql ] [ SQL ] SELECT * FROM `ui_goods` WHERE (  `goods_id` = 1 ) AND `ui_goods`.`delete_time` IS NULL LIMIT 1 [ RunTime:0.015001s ]
---------------------------------------------------------------
[ 2017-11-08T14:39:26+08:00 ] 127.0.0.4 127.0.0.1 POST /admin/index/isuniquelogin.shtml
[ sql ] [ DB ] CONNECT:[ UseTime:0.019001s ] mysql:dbname=essjbaogtcom;host=essj.baogt.com;port=3306;charset=utf8
[ sql ] [ SQL ] SHOW COLUMNS FROM `ui_menu` [ RunTime:0.011001s ]
[ sql ] [ SQL ] SELECT * FROM `ui_menu` WHERE (  `url` = '/admin/index/isuniquelogin.shtml' ) AND `ui_menu`.`delete_time` IS NULL LIMIT 1 [ RunTime:0.009000s ]
[ sql ] [ SQL ] SHOW COLUMNS FROM `ui_admin` [ RunTime:0.010000s ]
[ sql ] [ SQL ] SELECT * FROM `ui_admin` WHERE (  `admin_id` = 1 ) AND `ui_admin`.`delete_time` IS NULL LIMIT 1 [ RunTime:0.009001s ]
[ sql ] [ SQL ] SELECT * FROM `ui_admin` WHERE (  `admin_id` = 1 ) AND `ui_admin`.`delete_time` IS NULL LIMIT 1 [ RunTime:0.009000s ]
---------------------------------------------------------------
[ 2017-11-08T15:29:26+08:00 ] 127.0.0.4 127.0.0.1 POST /admin/index/isuniquelogin.shtml
[ sql ] [ DB ] CONNECT:[ UseTime:0.030002s ] mysql:dbname=essjbaogtcom;host=essj.baogt.com;port=3306;charset=utf8
[ sql ] [ SQL ] SHOW COLUMNS FROM `ui_menu` [ RunTime:0.014001s ]
[ sql ] [ SQL ] SELECT * FROM `ui_menu` WHERE (  `url` = '/admin/index/isuniquelogin.shtml' ) AND `ui_menu`.`delete_time` IS NULL LIMIT 1 [ RunTime:0.015001s ]
[ sql ] [ SQL ] SHOW COLUMNS FROM `ui_admin` [ RunTime:0.014001s ]
[ sql ] [ SQL ] SELECT * FROM `ui_admin` WHERE (  `admin_id` = 1 ) AND `ui_admin`.`delete_time` IS NULL LIMIT 1 [ RunTime:0.014001s ]
[ sql ] [ SQL ] SELECT * FROM `ui_admin` WHERE (  `admin_id` = 1 ) AND `ui_admin`.`delete_time` IS NULL LIMIT 1 [ RunTime:0.013001s ]
---------------------------------------------------------------
[ 2017-11-08T16:19:26+08:00 ] 127.0.0.4 127.0.0.1 POST /admin/index/isuniquelogin.shtml
[ sql ] [ DB ] CONNECT:[ UseTime:0.025002s ] mysql:dbname=essjbaogtcom;host=essj.baogt.com;port=3306;charset=utf8
[ sql ] [ SQL ] SHOW COLUMNS FROM `ui_menu` [ RunTime:0.009000s ]
[ sql ] [ SQL ] SELECT * FROM `ui_menu` WHERE (  `url` = '/admin/index/isuniquelogin.shtml' ) AND `ui_menu`.`delete_time` IS NULL LIMIT 1 [ RunTime:0.009001s ]
[ sql ] [ SQL ] SHOW COLUMNS FROM `ui_admin` [ RunTime:0.009001s ]
[ sql ] [ SQL ] SELECT * FROM `ui_admin` WHERE (  `admin_id` = 1 ) AND `ui_admin`.`delete_time` IS NULL LIMIT 1 [ RunTime:0.010000s ]
[ sql ] [ SQL ] SELECT * FROM `ui_admin` WHERE (  `admin_id` = 1 ) AND `ui_admin`.`delete_time` IS NULL LIMIT 1 [ RunTime:0.009001s ]
---------------------------------------------------------------
[ 2017-11-08T16:28:30+08:00 ] 127.0.0.4 127.0.0.1 GET /admin/index/index.shtml
[ sql ] [ DB ] CONNECT:[ UseTime:0.023002s ] mysql:dbname=essjbaogtcom;host=essj.baogt.com;port=3306;charset=utf8
[ sql ] [ SQL ] SHOW COLUMNS FROM `ui_config` [ RunTime:0.013001s ]
[ sql ] [ SQL ] SELECT * FROM `ui_config` WHERE `ui_config`.`delete_time` IS NULL [ RunTime:0.013000s ]
[ sql ] [ SQL ] SHOW COLUMNS FROM `ui_city` [ RunTime:0.013001s ]
[ sql ] [ SQL ] SELECT * FROM `ui_city` WHERE  `pid` <> 0 [ RunTime:0.079004s ]
[ sql ] [ SQL ] SHOW COLUMNS FROM `ui_menu` [ RunTime:0.014001s ]
[ sql ] [ SQL ] SELECT * FROM `ui_menu` WHERE (  `url` = '/admin/index/index.shtml' ) AND `ui_menu`.`delete_time` IS NULL LIMIT 1 [ RunTime:0.013001s ]
[ sql ] [ SQL ] SELECT * FROM `ui_menu` WHERE (  `menu_id` = 0 ) AND `ui_menu`.`delete_time` IS NULL LIMIT 1 [ RunTime:0.012000s ]
[ sql ] [ SQL ] SHOW COLUMNS FROM `ui_admin` [ RunTime:0.014001s ]
[ sql ] [ SQL ] SELECT * FROM `ui_admin` WHERE (  `admin_id` = 1 ) AND `ui_admin`.`delete_time` IS NULL LIMIT 1 [ RunTime:0.013001s ]
[ sql ] [ SQL ] SELECT `menu_id` FROM `ui_menu` WHERE `ui_menu`.`delete_time` IS NULL [ RunTime:0.013001s ]
[ sql ] [ SQL ] SELECT `menu_id`,`module`,`controller`,`action` FROM `ui_menu` WHERE (  `menu_id` IN (2,3,4,5,12,13,45,62,63,64,68,69,72,74,75,76,77,78,80,81,82,83,84,85,86,91,92,93,94,95,96,97,98,99,100,101,102,103,104,105,106,108,109,110,111,112,113,114,115,116,117,118,119,120,121,123,124,125,126,127,128,129,130,136,138,139,140,141,142,143,144,146,151,152,153,154,155,156,157,158,160,162,163,168,169,170,171,172,173,174,175,176,177,178,179,180,185,186,195,196,197,198,199,200,209,213,214,215,225,228,229,230,231,233,234,235,236,237,238,239,240,241,242,243,244,245,246,247,248,249,250,255,256,257,258,259,262,263,264,265,267,271,272,273,274,275,277,278,280,281,283,285,286,287,288,289) ) AND `ui_menu`.`delete_time` IS NULL [ RunTime:0.016001s ]
[ sql ] [ SQL ] SELECT `pid` FROM `ui_menu` WHERE (  `menu_id` IN (2,3,4,5,12,13,45,62,63,64,68,69,72,74,75,76,77,78,80,81,82,83,84,85,86,91,92,93,94,95,96,97,98,99,100,101,102,103,104,105,106,108,109,110,111,112,113,114,115,116,117,118,119,120,121,123,124,125,126,127,128,129,130,136,138,139,140,141,142,143,144,146,151,152,153,154,155,156,157,158,160,162,163,168,169,170,171,172,173,174,175,176,177,178,179,180,185,186,195,196,197,198,199,200,209,213,214,215,225,228,229,230,231,233,234,235,236,237,238,239,240,241,242,243,244,245,246,247,248,249,250,255,256,257,258,259,262,263,264,265,267,271,272,273,274,275,277,278,280,281,283,285,286,287,288,289)  AND `status` = 1  AND `pid` <> 0 ) AND `ui_menu`.`delete_time` IS NULL [ RunTime:0.016001s ]
[ sql ] [ SQL ] SELECT `pid` FROM `ui_menu` WHERE (  `menu_id` IN (83,5,45,74,98,100,237,240,241)  AND `status` = 1  AND `pid` <> 0 ) AND `ui_menu`.`delete_time` IS NULL [ RunTime:0.013001s ]
[ sql ] [ SQL ] SELECT * FROM `ui_menu` WHERE (  `menu_id` IN (2,3,4,5,12,13,45,62,63,64,68,69,72,74,75,76,77,78,80,81,82,83,84,85,86,91,92,93,94,95,96,97,98,99,100,101,102,103,104,105,106,108,109,110,111,112,113,114,115,116,117,118,119,120,121,123,124,125,126,127,128,129,130,136,138,139,140,141,142,143,144,146,151,152,153,154,155,156,157,158,160,162,163,168,169,170,171,172,173,174,175,176,177,178,179,180,185,186,195,196,197,198,199,200,209,213,214,215,225,228,229,230,231,233,234,235,236,237,238,239,240,241,242,243,244,245,246,247,248,249,250,255,256,257,258,259,262,263,264,265,267,271,272,273,274,275,277,278,280,281,283,285,286,287,288,289)  AND `status` = 1 ) AND `ui_menu`.`delete_time` IS NULL ORDER BY `sort`  asc [ RunTime:0.016001s ]
[ sql ] [ SQL ] SHOW COLUMNS FROM `ui_auth_group` [ RunTime:0.013001s ]
[ sql ] [ SQL ] SELECT `group_name` FROM `ui_auth_group` WHERE (  `group_id` = 1 ) AND `ui_auth_group`.`delete_time` IS NULL LIMIT 1 [ RunTime:0.012001s ]
---------------------------------------------------------------
[ 2017-11-08T16:28:30+08:00 ] 127.0.0.4 127.0.0.1 GET /admin/index/main.shtml
[ sql ] [ DB ] CONNECT:[ UseTime:0.019001s ] mysql:dbname=essjbaogtcom;host=essj.baogt.com;port=3306;charset=utf8
[ sql ] [ SQL ] SHOW COLUMNS FROM `ui_config` [ RunTime:0.014001s ]
[ sql ] [ SQL ] SELECT * FROM `ui_config` WHERE `ui_config`.`delete_time` IS NULL [ RunTime:0.013001s ]
[ sql ] [ SQL ] SHOW COLUMNS FROM `ui_city` [ RunTime:0.013001s ]
[ sql ] [ SQL ] SELECT * FROM `ui_city` WHERE  `pid` <> 0 [ RunTime:0.075005s ]
[ sql ] [ SQL ] SHOW COLUMNS FROM `ui_menu` [ RunTime:0.014001s ]
[ sql ] [ SQL ] SELECT * FROM `ui_menu` WHERE (  `url` = '/admin/index/main.shtml' ) AND `ui_menu`.`delete_time` IS NULL LIMIT 1 [ RunTime:0.013001s ]
[ sql ] [ SQL ] SHOW COLUMNS FROM `ui_admin` [ RunTime:0.014001s ]
[ sql ] [ SQL ] SELECT * FROM `ui_admin` WHERE (  `admin_id` = 1 ) AND `ui_admin`.`delete_time` IS NULL LIMIT 1 [ RunTime:0.013000s ]
[ sql ] [ SQL ] SHOW COLUMNS FROM `ui_order` [ RunTime:0.015001s ]
[ sql ] [ SQL ] SELECT `deal_price` FROM `ui_order` WHERE (  `status` = 6  AND `create_time` BETWEEN 1509465600 AND 1509552000 ) AND `ui_order`.`delete_time` IS NULL [ RunTime:0.012001s ]
[ sql ] [ SQL ] SELECT `deal_price` FROM `ui_order` WHERE (  `status` = 6  AND `create_time` BETWEEN 1509552000 AND 1509638400 ) AND `ui_order`.`delete_time` IS NULL [ RunTime:0.012000s ]
[ sql ] [ SQL ] SELECT `deal_price` FROM `ui_order` WHERE (  `status` = 6  AND `create_time` BETWEEN 1509638400 AND 1509724800 ) AND `ui_order`.`delete_time` IS NULL [ RunTime:0.012001s ]
[ sql ] [ SQL ] SELECT `deal_price` FROM `ui_order` WHERE (  `status` = 6  AND `create_time` BETWEEN 1509724800 AND 1509811200 ) AND `ui_order`.`delete_time` IS NULL [ RunTime:0.012001s ]
[ sql ] [ SQL ] SELECT `deal_price` FROM `ui_order` WHERE (  `status` = 6  AND `create_time` BETWEEN 1509811200 AND 1509897600 ) AND `ui_order`.`delete_time` IS NULL [ RunTime:0.033002s ]
[ sql ] [ SQL ] SELECT `deal_price` FROM `ui_order` WHERE (  `status` = 6  AND `create_time` BETWEEN 1509897600 AND 1509984000 ) AND `ui_order`.`delete_time` IS NULL [ RunTime:0.013000s ]
[ sql ] [ SQL ] SELECT `deal_price` FROM `ui_order` WHERE (  `status` = 6  AND `create_time` BETWEEN 1509984000 AND 1510070400 ) AND `ui_order`.`delete_time` IS NULL [ RunTime:0.013001s ]
[ sql ] [ SQL ] SELECT `deal_price` FROM `ui_order` WHERE (  `status` = 6  AND `create_time` BETWEEN 1510070400 AND 1510156800 ) AND `ui_order`.`delete_time` IS NULL [ RunTime:0.012001s ]
[ sql ] [ SQL ] SHOW COLUMNS FROM `ui_order_back` [ RunTime:0.014001s ]
[ sql ] [ SQL ] SELECT COUNT(*) AS tp_count FROM `ui_order_back` WHERE (  `status` = 1 ) AND `ui_order_back`.`delete_time` IS NULL LIMIT 1 [ RunTime:0.012000s ]
[ sql ] [ SQL ] SELECT `deal_price` FROM `ui_order` WHERE (  `status` = 4 ) AND `ui_order`.`delete_time` IS NULL [ RunTime:0.013000s ]
[ sql ] [ SQL ] SHOW COLUMNS FROM `ui_user` [ RunTime:0.015001s ]
[ sql ] [ SQL ] SELECT COUNT(*) AS tp_count FROM `ui_user` WHERE `ui_user`.`delete_time` IS NULL LIMIT 1 [ RunTime:0.012001s ]
---------------------------------------------------------------
[ 2017-11-08T16:28:31+08:00 ] 127.0.0.4 127.0.0.1 POST /admin/index/isuniquelogin.shtml
[ sql ] [ DB ] CONNECT:[ UseTime:0.022002s ] mysql:dbname=essjbaogtcom;host=essj.baogt.com;port=3306;charset=utf8
[ sql ] [ SQL ] SHOW COLUMNS FROM `ui_menu` [ RunTime:0.016001s ]
[ sql ] [ SQL ] SELECT * FROM `ui_menu` WHERE (  `url` = '/admin/index/isuniquelogin.shtml' ) AND `ui_menu`.`delete_time` IS NULL LIMIT 1 [ RunTime:0.015000s ]
[ sql ] [ SQL ] SHOW COLUMNS FROM `ui_admin` [ RunTime:0.015001s ]
[ sql ] [ SQL ] SELECT * FROM `ui_admin` WHERE (  `admin_id` = 1 ) AND `ui_admin`.`delete_time` IS NULL LIMIT 1 [ RunTime:0.015001s ]
[ sql ] [ SQL ] SELECT * FROM `ui_admin` WHERE (  `admin_id` = 1 ) AND `ui_admin`.`delete_time` IS NULL LIMIT 1 [ RunTime:0.014000s ]
---------------------------------------------------------------
[ 2017-11-08T16:28:35+08:00 ] 127.0.0.4 127.0.0.1 GET /admin/good/index.shtml
[ sql ] [ DB ] CONNECT:[ UseTime:0.013000s ] mysql:dbname=essjbaogtcom;host=essj.baogt.com;port=3306;charset=utf8
[ sql ] [ SQL ] SHOW COLUMNS FROM `ui_config` [ RunTime:0.011001s ]
[ sql ] [ SQL ] SELECT * FROM `ui_config` WHERE `ui_config`.`delete_time` IS NULL [ RunTime:0.010001s ]
[ sql ] [ SQL ] SHOW COLUMNS FROM `ui_city` [ RunTime:0.010001s ]
[ sql ] [ SQL ] SELECT * FROM `ui_city` WHERE  `pid` <> 0 [ RunTime:0.057003s ]
[ sql ] [ SQL ] SHOW COLUMNS FROM `ui_menu` [ RunTime:0.010001s ]
[ sql ] [ SQL ] SELECT * FROM `ui_menu` WHERE (  `url` = '/admin/good/index.shtml' ) AND `ui_menu`.`delete_time` IS NULL LIMIT 1 [ RunTime:0.010000s ]
[ sql ] [ SQL ] SELECT * FROM `ui_menu` WHERE (  `menu_id` = 100 ) AND `ui_menu`.`delete_time` IS NULL LIMIT 1 [ RunTime:0.009001s ]
[ sql ] [ SQL ] SHOW COLUMNS FROM `ui_admin` [ RunTime:0.010001s ]
[ sql ] [ SQL ] SELECT * FROM `ui_admin` WHERE (  `admin_id` = 1 ) AND `ui_admin`.`delete_time` IS NULL LIMIT 1 [ RunTime:0.010000s ]
[ sql ] [ SQL ] SHOW COLUMNS FROM `ui_goods_brand` [ RunTime:0.010001s ]
[ sql ] [ SQL ] SELECT * FROM `ui_goods_brand` WHERE `ui_goods_brand`.`delete_time` IS NULL [ RunTime:0.010001s ]
[ sql ] [ SQL ] SHOW COLUMNS FROM `ui_goods` [ RunTime:0.011000s ]
[ sql ] [ SQL ] SELECT COUNT(*) AS tp_count FROM `ui_goods` WHERE `ui_goods`.`delete_time` IS NULL LIMIT 1 [ RunTime:0.009001s ]
[ sql ] [ SQL ] SELECT * FROM `ui_goods` WHERE `ui_goods`.`delete_time` IS NULL LIMIT 0,15 [ RunTime:0.011001s ]
[ sql ] [ SQL ] SELECT * FROM `ui_goods_brand` WHERE (  `brand_id` = 1 ) AND `ui_goods_brand`.`delete_time` IS NULL LIMIT 1 [ RunTime:0.010000s ]
[ sql ] [ SQL ] SELECT * FROM `ui_admin` WHERE (  `admin_id` = 1 ) AND `ui_admin`.`delete_time` IS NULL LIMIT 1 [ RunTime:0.010001s ]
[ sql ] [ SQL ] SELECT * FROM `ui_goods_brand` WHERE (  `brand_id` = 22 ) AND `ui_goods_brand`.`delete_time` IS NULL LIMIT 1 [ RunTime:0.010001s ]
[ sql ] [ SQL ] SELECT * FROM `ui_admin` WHERE (  `admin_id` = 2 ) AND `ui_admin`.`delete_time` IS NULL LIMIT 1 [ RunTime:0.009000s ]
[ sql ] [ SQL ] SELECT * FROM `ui_goods_brand` WHERE (  `brand_id` = 3 ) AND `ui_goods_brand`.`delete_time` IS NULL LIMIT 1 [ RunTime:0.009001s ]
[ sql ] [ SQL ] SELECT * FROM `ui_admin` WHERE (  `admin_id` = 3 ) AND `ui_admin`.`delete_time` IS NULL LIMIT 1 [ RunTime:0.009000s ]
[ sql ] [ SQL ] SELECT * FROM `ui_goods_brand` WHERE (  `brand_id` = 1 ) AND `ui_goods_brand`.`delete_time` IS NULL LIMIT 1 [ RunTime:0.010001s ]
[ sql ] [ SQL ] SELECT * FROM `ui_admin` WHERE (  `admin_id` = 4 ) AND `ui_admin`.`delete_time` IS NULL LIMIT 1 [ RunTime:0.010000s ]
[ sql ] [ SQL ] SELECT * FROM `ui_goods_brand` WHERE (  `brand_id` = 1 ) AND `ui_goods_brand`.`delete_time` IS NULL LIMIT 1 [ RunTime:0.010001s ]
[ sql ] [ SQL ] SELECT * FROM `ui_admin` WHERE (  `admin_id` = 1 ) AND `ui_admin`.`delete_time` IS NULL LIMIT 1 [ RunTime:0.009001s ]
[ sql ] [ SQL ] SELECT * FROM `ui_goods_brand` WHERE (  `brand_id` = 30 ) AND `ui_goods_brand`.`delete_time` IS NULL LIMIT 1 [ RunTime:0.010000s ]
[ sql ] [ SQL ] SELECT * FROM `ui_admin` WHERE (  `admin_id` = 1 ) AND `ui_admin`.`delete_time` IS NULL LIMIT 1 [ RunTime:0.010001s ]
[ sql ] [ SQL ] SELECT * FROM `ui_goods_brand` WHERE (  `brand_id` = 3 ) AND `ui_goods_brand`.`delete_time` IS NULL LIMIT 1 [ RunTime:0.009000s ]
[ sql ] [ SQL ] SELECT * FROM `ui_admin` WHERE (  `admin_id` = 53 ) AND `ui_admin`.`delete_time` IS NULL LIMIT 1 [ RunTime:0.010001s ]
[ sql ] [ SQL ] SELECT * FROM `ui_goods_brand` WHERE (  `brand_id` = 1 ) AND `ui_goods_brand`.`delete_time` IS NULL LIMIT 1 [ RunTime:0.009000s ]
[ sql ] [ SQL ] SELECT * FROM `ui_admin` WHERE (  `admin_id` = 1 ) AND `ui_admin`.`delete_time` IS NULL LIMIT 1 [ RunTime:0.010001s ]
[ sql ] [ SQL ] SELECT * FROM `ui_goods_brand` WHERE (  `brand_id` = 1 ) AND `ui_goods_brand`.`delete_time` IS NULL LIMIT 1 [ RunTime:0.010001s ]
[ sql ] [ SQL ] SELECT * FROM `ui_admin` WHERE (  `admin_id` = 53 ) AND `ui_admin`.`delete_time` IS NULL LIMIT 1 [ RunTime:0.010000s ]
[ sql ] [ SQL ] SELECT * FROM `ui_goods_brand` WHERE (  `brand_id` = 1 ) AND `ui_goods_brand`.`delete_time` IS NULL LIMIT 1 [ RunTime:0.010001s ]
[ sql ] [ SQL ] SELECT * FROM `ui_admin` WHERE (  `admin_id` = 1 ) AND `ui_admin`.`delete_time` IS NULL LIMIT 1 [ RunTime:0.011000s ]
[ sql ] [ SQL ] SELECT * FROM `ui_goods_brand` WHERE (  `brand_id` = 2 ) AND `ui_goods_brand`.`delete_time` IS NULL LIMIT 1 [ RunTime:0.010001s ]
[ sql ] [ SQL ] SELECT * FROM `ui_admin` WHERE (  `admin_id` = 53 ) AND `ui_admin`.`delete_time` IS NULL LIMIT 1 [ RunTime:0.010001s ]
[ sql ] [ SQL ] SELECT * FROM `ui_goods_brand` WHERE (  `brand_id` = 3 ) AND `ui_goods_brand`.`delete_time` IS NULL LIMIT 1 [ RunTime:0.009000s ]
[ sql ] [ SQL ] SELECT * FROM `ui_admin` WHERE (  `admin_id` = 53 ) AND `ui_admin`.`delete_time` IS NULL LIMIT 1 [ RunTime:0.009001s ]
[ sql ] [ SQL ] SELECT * FROM `ui_goods_brand` WHERE (  `brand_id` = 20 ) AND `ui_goods_brand`.`delete_time` IS NULL LIMIT 1 [ RunTime:0.010000s ]
[ sql ] [ SQL ] SELECT * FROM `ui_admin` WHERE (  `admin_id` = 53 ) AND `ui_admin`.`delete_time` IS NULL LIMIT 1 [ RunTime:0.010001s ]
[ sql ] [ SQL ] SELECT * FROM `ui_goods_brand` WHERE (  `brand_id` = 20 ) AND `ui_goods_brand`.`delete_time` IS NULL LIMIT 1 [ RunTime:0.010000s ]
[ sql ] [ SQL ] SELECT * FROM `ui_admin` WHERE (  `admin_id` = 53 ) AND `ui_admin`.`delete_time` IS NULL LIMIT 1 [ RunTime:0.010001s ]
[ sql ] [ SQL ] SELECT * FROM `ui_goods_brand` WHERE (  `brand_id` = 1 ) AND `ui_goods_brand`.`delete_time` IS NULL LIMIT 1 [ RunTime:0.010001s ]
[ sql ] [ SQL ] SELECT * FROM `ui_admin` WHERE (  `admin_id` = 53 ) AND `ui_admin`.`delete_time` IS NULL LIMIT 1 [ RunTime:0.009000s ]
---------------------------------------------------------------
[ 2017-11-08T16:28:36+08:00 ] 127.0.0.4 127.0.0.1 GET /admin/good/edit/goods_id/1/page/1.shtml
[ sql ] [ DB ] CONNECT:[ UseTime:0.012001s ] mysql:dbname=essjbaogtcom;host=essj.baogt.com;port=3306;charset=utf8
[ sql ] [ SQL ] SHOW COLUMNS FROM `ui_config` [ RunTime:0.008000s ]
[ sql ] [ SQL ] SELECT * FROM `ui_config` WHERE `ui_config`.`delete_time` IS NULL [ RunTime:0.008001s ]
[ sql ] [ SQL ] SHOW COLUMNS FROM `ui_city` [ RunTime:0.007001s ]
[ sql ] [ SQL ] SELECT * FROM `ui_city` WHERE  `pid` <> 0 [ RunTime:0.046002s ]
[ sql ] [ SQL ] SHOW COLUMNS FROM `ui_menu` [ RunTime:0.009000s ]
[ sql ] [ SQL ] SELECT * FROM `ui_menu` WHERE (  `url` = '/admin/good/edit.shtml' ) AND `ui_menu`.`delete_time` IS NULL LIMIT 1 [ RunTime:0.008001s ]
[ sql ] [ SQL ] SELECT * FROM `ui_menu` WHERE (  `menu_id` = 102 ) AND `ui_menu`.`delete_time` IS NULL LIMIT 1 [ RunTime:0.008000s ]
[ sql ] [ SQL ] SHOW COLUMNS FROM `ui_admin` [ RunTime:0.008001s ]
[ sql ] [ SQL ] SELECT * FROM `ui_admin` WHERE (  `admin_id` = 1 ) AND `ui_admin`.`delete_time` IS NULL LIMIT 1 [ RunTime:0.007000s ]
[ sql ] [ SQL ] SHOW COLUMNS FROM `ui_goods` [ RunTime:0.008000s ]
[ sql ] [ SQL ] SELECT * FROM `ui_goods` WHERE (  `goods_id` = 1 ) AND `ui_goods`.`delete_time` IS NULL LIMIT 1 [ RunTime:0.008001s ]
---------------------------------------------------------------
[ 2017-11-08T16:29:04+08:00 ] 127.0.0.4 127.0.0.1 GET /admin/index/index.shtml
[ sql ] [ DB ] CONNECT:[ UseTime:0.020001s ] mysql:dbname=essjbaogtcom;host=essj.baogt.com;port=3306;charset=utf8
[ sql ] [ SQL ] SHOW COLUMNS FROM `ui_config` [ RunTime:0.016001s ]
[ sql ] [ SQL ] SELECT * FROM `ui_config` WHERE `ui_config`.`delete_time` IS NULL [ RunTime:0.014001s ]
[ sql ] [ SQL ] SHOW COLUMNS FROM `ui_city` [ RunTime:0.015001s ]
[ sql ] [ SQL ] SELECT * FROM `ui_city` WHERE  `pid` <> 0 [ RunTime:0.080005s ]
[ sql ] [ SQL ] SHOW COLUMNS FROM `ui_menu` [ RunTime:0.015001s ]
[ sql ] [ SQL ] SELECT * FROM `ui_menu` WHERE (  `url` = '/admin/index/index.shtml' ) AND `ui_menu`.`delete_time` IS NULL LIMIT 1 [ RunTime:0.015001s ]
[ sql ] [ SQL ] SELECT * FROM `ui_menu` WHERE (  `menu_id` = 0 ) AND `ui_menu`.`delete_time` IS NULL LIMIT 1 [ RunTime:0.014001s ]
[ sql ] [ SQL ] SHOW COLUMNS FROM `ui_admin` [ RunTime:0.015001s ]
[ sql ] [ SQL ] SELECT * FROM `ui_admin` WHERE (  `admin_id` = 1 ) AND `ui_admin`.`delete_time` IS NULL LIMIT 1 [ RunTime:0.014001s ]
[ sql ] [ SQL ] SELECT `menu_id` FROM `ui_menu` WHERE `ui_menu`.`delete_time` IS NULL [ RunTime:0.014001s ]
[ sql ] [ SQL ] SELECT `menu_id`,`module`,`controller`,`action` FROM `ui_menu` WHERE (  `menu_id` IN (2,3,4,5,12,13,45,62,63,64,68,69,72,74,75,76,77,78,80,81,82,83,84,85,86,91,92,93,94,95,96,97,98,99,100,101,102,103,104,105,106,108,109,110,111,112,113,114,115,116,117,118,119,120,121,123,124,125,126,127,128,129,130,136,138,139,140,141,142,143,144,146,151,152,153,154,155,156,157,158,160,162,163,168,169,170,171,172,173,174,175,176,177,178,179,180,185,186,195,196,197,198,199,200,209,213,214,215,225,228,229,230,231,233,234,235,236,237,238,239,240,241,242,243,244,245,246,247,248,249,250,255,256,257,258,259,262,263,264,265,267,271,272,273,274,275,277,278,280,281,283,285,286,287,288,289) ) AND `ui_menu`.`delete_time` IS NULL [ RunTime:0.017001s ]
[ sql ] [ SQL ] SELECT `pid` FROM `ui_menu` WHERE (  `menu_id` IN (2,3,4,5,12,13,45,62,63,64,68,69,72,74,75,76,77,78,80,81,82,83,84,85,86,91,92,93,94,95,96,97,98,99,100,101,102,103,104,105,106,108,109,110,111,112,113,114,115,116,117,118,119,120,121,123,124,125,126,127,128,129,130,136,138,139,140,141,142,143,144,146,151,152,153,154,155,156,157,158,160,162,163,168,169,170,171,172,173,174,175,176,177,178,179,180,185,186,195,196,197,198,199,200,209,213,214,215,225,228,229,230,231,233,234,235,236,237,238,239,240,241,242,243,244,245,246,247,248,249,250,255,256,257,258,259,262,263,264,265,267,271,272,273,274,275,277,278,280,281,283,285,286,287,288,289)  AND `status` = 1  AND `pid` <> 0 ) AND `ui_menu`.`delete_time` IS NULL [ RunTime:0.016001s ]
[ sql ] [ SQL ] SELECT `pid` FROM `ui_menu` WHERE (  `menu_id` IN (83,5,45,74,98,100,237,240,241)  AND `status` = 1  AND `pid` <> 0 ) AND `ui_menu`.`delete_time` IS NULL [ RunTime:0.014001s ]
[ sql ] [ SQL ] SELECT * FROM `ui_menu` WHERE (  `menu_id` IN (2,3,4,5,12,13,45,62,63,64,68,69,72,74,75,76,77,78,80,81,82,83,84,85,86,91,92,93,94,95,96,97,98,99,100,101,102,103,104,105,106,108,109,110,111,112,113,114,115,116,117,118,119,120,121,123,124,125,126,127,128,129,130,136,138,139,140,141,142,143,144,146,151,152,153,154,155,156,157,158,160,162,163,168,169,170,171,172,173,174,175,176,177,178,179,180,185,186,195,196,197,198,199,200,209,213,214,215,225,228,229,230,231,233,234,235,236,237,238,239,240,241,242,243,244,245,246,247,248,249,250,255,256,257,258,259,262,263,264,265,267,271,272,273,274,275,277,278,280,281,283,285,286,287,288,289)  AND `status` = 1 ) AND `ui_menu`.`delete_time` IS NULL ORDER BY `sort`  asc [ RunTime:0.019001s ]
[ sql ] [ SQL ] SHOW COLUMNS FROM `ui_auth_group` [ RunTime:0.015001s ]
[ sql ] [ SQL ] SELECT `group_name` FROM `ui_auth_group` WHERE (  `group_id` = 1 ) AND `ui_auth_group`.`delete_time` IS NULL LIMIT 1 [ RunTime:0.014001s ]
---------------------------------------------------------------
[ 2017-11-08T16:29:04+08:00 ] 127.0.0.4 127.0.0.1 GET /admin/index/main.shtml
[ sql ] [ DB ] CONNECT:[ UseTime:0.015001s ] mysql:dbname=essjbaogtcom;host=essj.baogt.com;port=3306;charset=utf8
[ sql ] [ SQL ] SHOW COLUMNS FROM `ui_config` [ RunTime:0.011000s ]
[ sql ] [ SQL ] SELECT * FROM `ui_config` WHERE `ui_config`.`delete_time` IS NULL [ RunTime:0.011001s ]
[ sql ] [ SQL ] SHOW COLUMNS FROM `ui_city` [ RunTime:0.011001s ]
[ sql ] [ SQL ] SELECT * FROM `ui_city` WHERE  `pid` <> 0 [ RunTime:0.058003s ]
[ sql ] [ SQL ] SHOW COLUMNS FROM `ui_menu` [ RunTime:0.011001s ]
[ sql ] [ SQL ] SELECT * FROM `ui_menu` WHERE (  `url` = '/admin/index/main.shtml' ) AND `ui_menu`.`delete_time` IS NULL LIMIT 1 [ RunTime:0.009001s ]
[ sql ] [ SQL ] SHOW COLUMNS FROM `ui_admin` [ RunTime:0.009000s ]
[ sql ] [ SQL ] SELECT * FROM `ui_admin` WHERE (  `admin_id` = 1 ) AND `ui_admin`.`delete_time` IS NULL LIMIT 1 [ RunTime:0.009001s ]
[ sql ] [ SQL ] SHOW COLUMNS FROM `ui_order` [ RunTime:0.010001s ]
[ sql ] [ SQL ] SELECT `deal_price` FROM `ui_order` WHERE (  `status` = 6  AND `create_time` BETWEEN 1509465600 AND 1509552000 ) AND `ui_order`.`delete_time` IS NULL [ RunTime:0.008001s ]
[ sql ] [ SQL ] SELECT `deal_price` FROM `ui_order` WHERE (  `status` = 6  AND `create_time` BETWEEN 1509552000 AND 1509638400 ) AND `ui_order`.`delete_time` IS NULL [ RunTime:0.009000s ]
[ sql ] [ SQL ] SELECT `deal_price` FROM `ui_order` WHERE (  `status` = 6  AND `create_time` BETWEEN 1509638400 AND 1509724800 ) AND `ui_order`.`delete_time` IS NULL [ RunTime:0.009001s ]
[ sql ] [ SQL ] SELECT `deal_price` FROM `ui_order` WHERE (  `status` = 6  AND `create_time` BETWEEN 1509724800 AND 1509811200 ) AND `ui_order`.`delete_time` IS NULL [ RunTime:0.008000s ]
[ sql ] [ SQL ] SELECT `deal_price` FROM `ui_order` WHERE (  `status` = 6  AND `create_time` BETWEEN 1509811200 AND 1509897600 ) AND `ui_order`.`delete_time` IS NULL [ RunTime:0.008001s ]
[ sql ] [ SQL ] SELECT `deal_price` FROM `ui_order` WHERE (  `status` = 6  AND `create_time` BETWEEN 1509897600 AND 1509984000 ) AND `ui_order`.`delete_time` IS NULL [ RunTime:0.010000s ]
[ sql ] [ SQL ] SELECT `deal_price` FROM `ui_order` WHERE (  `status` = 6  AND `create_time` BETWEEN 1509984000 AND 1510070400 ) AND `ui_order`.`delete_time` IS NULL [ RunTime:0.008001s ]
[ sql ] [ SQL ] SELECT `deal_price` FROM `ui_order` WHERE (  `status` = 6  AND `create_time` BETWEEN 1510070400 AND 1510156800 ) AND `ui_order`.`delete_time` IS NULL [ RunTime:0.009000s ]
[ sql ] [ SQL ] SHOW COLUMNS FROM `ui_order_back` [ RunTime:0.011001s ]
[ sql ] [ SQL ] SELECT COUNT(*) AS tp_count FROM `ui_order_back` WHERE (  `status` = 1 ) AND `ui_order_back`.`delete_time` IS NULL LIMIT 1 [ RunTime:0.009000s ]
[ sql ] [ SQL ] SELECT `deal_price` FROM `ui_order` WHERE (  `status` = 4 ) AND `ui_order`.`delete_time` IS NULL [ RunTime:0.009001s ]
[ sql ] [ SQL ] SHOW COLUMNS FROM `ui_user` [ RunTime:0.010001s ]
[ sql ] [ SQL ] SELECT COUNT(*) AS tp_count FROM `ui_user` WHERE `ui_user`.`delete_time` IS NULL LIMIT 1 [ RunTime:0.008000s ]
---------------------------------------------------------------
[ 2017-11-08T16:29:05+08:00 ] 127.0.0.4 127.0.0.1 POST /admin/index/isuniquelogin.shtml
[ sql ] [ DB ] CONNECT:[ UseTime:0.015001s ] mysql:dbname=essjbaogtcom;host=essj.baogt.com;port=3306;charset=utf8
[ sql ] [ SQL ] SHOW COLUMNS FROM `ui_menu` [ RunTime:0.010001s ]
[ sql ] [ SQL ] SELECT * FROM `ui_menu` WHERE (  `url` = '/admin/index/isuniquelogin.shtml' ) AND `ui_menu`.`delete_time` IS NULL LIMIT 1 [ RunTime:0.011001s ]
[ sql ] [ SQL ] SHOW COLUMNS FROM `ui_admin` [ RunTime:0.011000s ]
[ sql ] [ SQL ] SELECT * FROM `ui_admin` WHERE (  `admin_id` = 1 ) AND `ui_admin`.`delete_time` IS NULL LIMIT 1 [ RunTime:0.010000s ]
[ sql ] [ SQL ] SELECT * FROM `ui_admin` WHERE (  `admin_id` = 1 ) AND `ui_admin`.`delete_time` IS NULL LIMIT 1 [ RunTime:0.010001s ]
---------------------------------------------------------------
[ 2017-11-08T16:29:32+08:00 ] 127.0.0.4 127.0.0.1 GET /admin/good/index.shtml
[ sql ] [ DB ] CONNECT:[ UseTime:0.118006s ] mysql:dbname=essjbaogtcom;host=essj.baogt.com;port=3306;charset=utf8
[ sql ] [ SQL ] SHOW COLUMNS FROM `ui_config` [ RunTime:0.007001s ]
[ sql ] [ SQL ] SELECT * FROM `ui_config` WHERE `ui_config`.`delete_time` IS NULL [ RunTime:0.007000s ]
[ sql ] [ SQL ] SHOW COLUMNS FROM `ui_city` [ RunTime:0.007001s ]
[ sql ] [ SQL ] SELECT * FROM `ui_city` WHERE  `pid` <> 0 [ RunTime:0.046002s ]
[ sql ] [ SQL ] SHOW COLUMNS FROM `ui_menu` [ RunTime:0.008000s ]
[ sql ] [ SQL ] SELECT * FROM `ui_menu` WHERE (  `url` = '/admin/good/index.shtml' ) AND `ui_menu`.`delete_time` IS NULL LIMIT 1 [ RunTime:0.007001s ]
[ sql ] [ SQL ] SELECT * FROM `ui_menu` WHERE (  `menu_id` = 100 ) AND `ui_menu`.`delete_time` IS NULL LIMIT 1 [ RunTime:0.008000s ]
[ sql ] [ SQL ] SHOW COLUMNS FROM `ui_admin` [ RunTime:0.007001s ]
[ sql ] [ SQL ] SELECT * FROM `ui_admin` WHERE (  `admin_id` = 1 ) AND `ui_admin`.`delete_time` IS NULL LIMIT 1 [ RunTime:0.007000s ]
[ sql ] [ SQL ] SHOW COLUMNS FROM `ui_goods_brand` [ RunTime:0.007001s ]
[ sql ] [ SQL ] SELECT * FROM `ui_goods_brand` WHERE `ui_goods_brand`.`delete_time` IS NULL [ RunTime:0.007000s ]
[ sql ] [ SQL ] SHOW COLUMNS FROM `ui_goods` [ RunTime:0.008001s ]
[ sql ] [ SQL ] SELECT COUNT(*) AS tp_count FROM `ui_goods` WHERE `ui_goods`.`delete_time` IS NULL LIMIT 1 [ RunTime:0.006000s ]
[ sql ] [ SQL ] SELECT * FROM `ui_goods` WHERE `ui_goods`.`delete_time` IS NULL LIMIT 0,15 [ RunTime:0.007000s ]
[ sql ] [ SQL ] SELECT * FROM `ui_goods_brand` WHERE (  `brand_id` = 1 ) AND `ui_goods_brand`.`delete_time` IS NULL LIMIT 1 [ RunTime:0.006000s ]
[ sql ] [ SQL ] SELECT * FROM `ui_admin` WHERE (  `admin_id` = 1 ) AND `ui_admin`.`delete_time` IS NULL LIMIT 1 [ RunTime:0.006000s ]
[ sql ] [ SQL ] SELECT * FROM `ui_goods_brand` WHERE (  `brand_id` = 22 ) AND `ui_goods_brand`.`delete_time` IS NULL LIMIT 1 [ RunTime:0.006000s ]
[ sql ] [ SQL ] SELECT * FROM `ui_admin` WHERE (  `admin_id` = 2 ) AND `ui_admin`.`delete_time` IS NULL LIMIT 1 [ RunTime:0.006000s ]
[ sql ] [ SQL ] SELECT * FROM `ui_goods_brand` WHERE (  `brand_id` = 3 ) AND `ui_goods_brand`.`delete_time` IS NULL LIMIT 1 [ RunTime:0.006001s ]
[ sql ] [ SQL ] SELECT * FROM `ui_admin` WHERE (  `admin_id` = 3 ) AND `ui_admin`.`delete_time` IS NULL LIMIT 1 [ RunTime:0.007000s ]
[ sql ] [ SQL ] SELECT * FROM `ui_goods_brand` WHERE (  `brand_id` = 1 ) AND `ui_goods_brand`.`delete_time` IS NULL LIMIT 1 [ RunTime:0.006000s ]
[ sql ] [ SQL ] SELECT * FROM `ui_admin` WHERE (  `admin_id` = 4 ) AND `ui_admin`.`delete_time` IS NULL LIMIT 1 [ RunTime:0.007000s ]
[ sql ] [ SQL ] SELECT * FROM `ui_goods_brand` WHERE (  `brand_id` = 1 ) AND `ui_goods_brand`.`delete_time` IS NULL LIMIT 1 [ RunTime:0.007000s ]
[ sql ] [ SQL ] SELECT * FROM `ui_admin` WHERE (  `admin_id` = 1 ) AND `ui_admin`.`delete_time` IS NULL LIMIT 1 [ RunTime:0.007001s ]
[ sql ] [ SQL ] SELECT * FROM `ui_goods_brand` WHERE (  `brand_id` = 30 ) AND `ui_goods_brand`.`delete_time` IS NULL LIMIT 1 [ RunTime:0.007000s ]
[ sql ] [ SQL ] SELECT * FROM `ui_admin` WHERE (  `admin_id` = 1 ) AND `ui_admin`.`delete_time` IS NULL LIMIT 1 [ RunTime:0.007001s ]
[ sql ] [ SQL ] SELECT * FROM `ui_goods_brand` WHERE (  `brand_id` = 3 ) AND `ui_goods_brand`.`delete_time` IS NULL LIMIT 1 [ RunTime:0.006000s ]
[ sql ] [ SQL ] SELECT * FROM `ui_admin` WHERE (  `admin_id` = 53 ) AND `ui_admin`.`delete_time` IS NULL LIMIT 1 [ RunTime:0.006000s ]
[ sql ] [ SQL ] SELECT * FROM `ui_goods_brand` WHERE (  `brand_id` = 1 ) AND `ui_goods_brand`.`delete_time` IS NULL LIMIT 1 [ RunTime:0.009001s ]
[ sql ] [ SQL ] SELECT * FROM `ui_admin` WHERE (  `admin_id` = 1 ) AND `ui_admin`.`delete_time` IS NULL LIMIT 1 [ RunTime:0.007000s ]
[ sql ] [ SQL ] SELECT * FROM `ui_goods_brand` WHERE (  `brand_id` = 1 ) AND `ui_goods_brand`.`delete_time` IS NULL LIMIT 1 [ RunTime:0.007001s ]
[ sql ] [ SQL ] SELECT * FROM `ui_admin` WHERE (  `admin_id` = 53 ) AND `ui_admin`.`delete_time` IS NULL LIMIT 1 [ RunTime:0.007000s ]
[ sql ] [ SQL ] SELECT * FROM `ui_goods_brand` WHERE (  `brand_id` = 1 ) AND `ui_goods_brand`.`delete_time` IS NULL LIMIT 1 [ RunTime:0.006001s ]
[ sql ] [ SQL ] SELECT * FROM `ui_admin` WHERE (  `admin_id` = 1 ) AND `ui_admin`.`delete_time` IS NULL LIMIT 1 [ RunTime:0.007000s ]
[ sql ] [ SQL ] SELECT * FROM `ui_goods_brand` WHERE (  `brand_id` = 2 ) AND `ui_goods_brand`.`delete_time` IS NULL LIMIT 1 [ RunTime:0.007000s ]
[ sql ] [ SQL ] SELECT * FROM `ui_admin` WHERE (  `admin_id` = 53 ) AND `ui_admin`.`delete_time` IS NULL LIMIT 1 [ RunTime:0.007001s ]
[ sql ] [ SQL ] SELECT * FROM `ui_goods_brand` WHERE (  `brand_id` = 3 ) AND `ui_goods_brand`.`delete_time` IS NULL LIMIT 1 [ RunTime:0.006000s ]
[ sql ] [ SQL ] SELECT * FROM `ui_admin` WHERE (  `admin_id` = 53 ) AND `ui_admin`.`delete_time` IS NULL LIMIT 1 [ RunTime:0.006001s ]
[ sql ] [ SQL ] SELECT * FROM `ui_goods_brand` WHERE (  `brand_id` = 20 ) AND `ui_goods_brand`.`delete_time` IS NULL LIMIT 1 [ RunTime:0.006000s ]
[ sql ] [ SQL ] SELECT * FROM `ui_admin` WHERE (  `admin_id` = 53 ) AND `ui_admin`.`delete_time` IS NULL LIMIT 1 [ RunTime:0.007000s ]
[ sql ] [ SQL ] SELECT * FROM `ui_goods_brand` WHERE (  `brand_id` = 20 ) AND `ui_goods_brand`.`delete_time` IS NULL LIMIT 1 [ RunTime:0.007001s ]
[ sql ] [ SQL ] SELECT * FROM `ui_admin` WHERE (  `admin_id` = 53 ) AND `ui_admin`.`delete_time` IS NULL LIMIT 1 [ RunTime:0.007000s ]
[ sql ] [ SQL ] SELECT * FROM `ui_goods_brand` WHERE (  `brand_id` = 1 ) AND `ui_goods_brand`.`delete_time` IS NULL LIMIT 1 [ RunTime:0.006001s ]
[ sql ] [ SQL ] SELECT * FROM `ui_admin` WHERE (  `admin_id` = 53 ) AND `ui_admin`.`delete_time` IS NULL LIMIT 1 [ RunTime:0.007000s ]
---------------------------------------------------------------
[ 2017-11-08T16:29:35+08:00 ] 127.0.0.4 127.0.0.1 GET /admin/good/edit/goods_id/1/page/1.shtml
[ sql ] [ DB ] CONNECT:[ UseTime:0.020001s ] mysql:dbname=essjbaogtcom;host=essj.baogt.com;port=3306;charset=utf8
[ sql ] [ SQL ] SHOW COLUMNS FROM `ui_config` [ RunTime:0.009000s ]
[ sql ] [ SQL ] SELECT * FROM `ui_config` WHERE `ui_config`.`delete_time` IS NULL [ RunTime:0.009001s ]
[ sql ] [ SQL ] SHOW COLUMNS FROM `ui_city` [ RunTime:0.011001s ]
[ sql ] [ SQL ] SELECT * FROM `ui_city` WHERE  `pid` <> 0 [ RunTime:0.061003s ]
[ sql ] [ SQL ] SHOW COLUMNS FROM `ui_menu` [ RunTime:0.009001s ]
[ sql ] [ SQL ] SELECT * FROM `ui_menu` WHERE (  `url` = '/admin/good/edit.shtml' ) AND `ui_menu`.`delete_time` IS NULL LIMIT 1 [ RunTime:0.010000s ]
[ sql ] [ SQL ] SELECT * FROM `ui_menu` WHERE (  `menu_id` = 102 ) AND `ui_menu`.`delete_time` IS NULL LIMIT 1 [ RunTime:0.009001s ]
[ sql ] [ SQL ] SHOW COLUMNS FROM `ui_admin` [ RunTime:0.009001s ]
[ sql ] [ SQL ] SELECT * FROM `ui_admin` WHERE (  `admin_id` = 1 ) AND `ui_admin`.`delete_time` IS NULL LIMIT 1 [ RunTime:0.010000s ]
[ sql ] [ SQL ] SHOW COLUMNS FROM `ui_goods` [ RunTime:0.010001s ]
[ sql ] [ SQL ] SELECT * FROM `ui_goods` WHERE (  `goods_id` = 1 ) AND `ui_goods`.`delete_time` IS NULL LIMIT 1 [ RunTime:0.010001s ]
[ sql ] [ SQL ] SHOW COLUMNS FROM `ui_goods_good_attr` [ RunTime:0.009000s ]
[ sql ] [ SQL ] SELECT * FROM `ui_goods_good_attr` WHERE (  `goods_id` = 1 ) AND `ui_goods_good_attr`.`delete_time` IS NULL [ RunTime:0.010001s ]
[ sql ] [ SQL ] SHOW COLUMNS FROM `ui_goods_brand` [ RunTime:0.009000s ]
[ sql ] [ SQL ] SELECT * FROM `ui_goods_brand` WHERE `ui_goods_brand`.`delete_time` IS NULL [ RunTime:0.010001s ]
[ sql ] [ SQL ] SHOW COLUMNS FROM `ui_check_info` [ RunTime:0.010001s ]
[ sql ] [ SQL ] SELECT * FROM `ui_check_info` WHERE `ui_check_info`.`delete_time` IS NULL [ RunTime:0.010000s ]
[ sql ] [ SQL ] SHOW COLUMNS FROM `ui_store_info` [ RunTime:0.009001s ]
[ sql ] [ SQL ] SELECT * FROM `ui_store_info` WHERE `ui_store_info`.`delete_time` IS NULL [ RunTime:0.008000s ]
[ sql ] [ SQL ] SHOW COLUMNS FROM `ui_goods_attr` [ RunTime:0.010000s ]
[ sql ] [ SQL ] SELECT * FROM `ui_goods_attr` WHERE `ui_goods_attr`.`delete_time` IS NULL [ RunTime:0.010001s ]
[ sql ] [ SQL ] SELECT `value` FROM `ui_goods_good_attr` WHERE (  `goods_id` = 1  AND `attr_id` = 1 ) AND `ui_goods_good_attr`.`delete_time` IS NULL [ RunTime:0.008000s ]
[ sql ] [ SQL ] SELECT `value` FROM `ui_goods_good_attr` WHERE (  `goods_id` = 1  AND `attr_id` = 2 ) AND `ui_goods_good_attr`.`delete_time` IS NULL [ RunTime:0.010001s ]
[ sql ] [ SQL ] SELECT `value` FROM `ui_goods_good_attr` WHERE (  `goods_id` = 1  AND `attr_id` = 3 ) AND `ui_goods_good_attr`.`delete_time` IS NULL [ RunTime:0.009000s ]
[ sql ] [ SQL ] SELECT `value` FROM `ui_goods_good_attr` WHERE (  `goods_id` = 1  AND `attr_id` = 4 ) AND `ui_goods_good_attr`.`delete_time` IS NULL [ RunTime:0.008001s ]
[ sql ] [ SQL ] SELECT `value` FROM `ui_goods_good_attr` WHERE (  `goods_id` = 1  AND `attr_id` = 7 ) AND `ui_goods_good_attr`.`delete_time` IS NULL [ RunTime:0.009000s ]
[ sql ] [ SQL ] SELECT `value` FROM `ui_goods_good_attr` WHERE (  `goods_id` = 1  AND `attr_id` = 15 ) AND `ui_goods_good_attr`.`delete_time` IS NULL [ RunTime:0.009001s ]
[ sql ] [ SQL ] SELECT `value` FROM `ui_goods_good_attr` WHERE (  `goods_id` = 1  AND `attr_id` = 17 ) AND `ui_goods_good_attr`.`delete_time` IS NULL [ RunTime:0.009000s ]
[ sql ] [ SQL ] SELECT `value` FROM `ui_goods_good_attr` WHERE (  `goods_id` = 1  AND `attr_id` = 18 ) AND `ui_goods_good_attr`.`delete_time` IS NULL [ RunTime:0.008001s ]
[ sql ] [ SQL ] SELECT `value` FROM `ui_goods_good_attr` WHERE (  `goods_id` = 1  AND `attr_id` = 19 ) AND `ui_goods_good_attr`.`delete_time` IS NULL [ RunTime:0.009000s ]
[ sql ] [ SQL ] SELECT `value` FROM `ui_goods_good_attr` WHERE (  `goods_id` = 1  AND `attr_id` = 20 ) AND `ui_goods_good_attr`.`delete_time` IS NULL [ RunTime:0.009000s ]
[ sql ] [ SQL ] SHOW COLUMNS FROM `ui_goods_price` [ RunTime:0.009001s ]
[ sql ] [ SQL ] SELECT * FROM `ui_goods_price` WHERE  `goods_id` = 1 [ RunTime:0.009000s ]
[ sql ] [ SQL ] SHOW COLUMNS FROM `ui_brand_model` [ RunTime:0.009001s ]
[ sql ] [ SQL ] SELECT * FROM `ui_brand_model` WHERE (  `brand_id` = 1 ) AND `ui_brand_model`.`delete_time` IS NULL [ RunTime:0.008000s ]
---------------------------------------------------------------
[ 2017-11-08T16:30:01+08:00 ] 127.0.0.4 127.0.0.1 GET /admin/set/integral.shtml
[ sql ] [ DB ] CONNECT:[ UseTime:0.016001s ] mysql:dbname=essjbaogtcom;host=essj.baogt.com;port=3306;charset=utf8
[ sql ] [ SQL ] SHOW COLUMNS FROM `ui_config` [ RunTime:0.015001s ]
[ sql ] [ SQL ] SELECT * FROM `ui_config` WHERE `ui_config`.`delete_time` IS NULL [ RunTime:0.012001s ]
[ sql ] [ SQL ] SHOW COLUMNS FROM `ui_city` [ RunTime:0.013001s ]
[ sql ] [ SQL ] SELECT * FROM `ui_city` WHERE  `pid` <> 0 [ RunTime:0.068004s ]
[ sql ] [ SQL ] SHOW COLUMNS FROM `ui_menu` [ RunTime:0.012000s ]
[ sql ] [ SQL ] SELECT * FROM `ui_menu` WHERE (  `url` = '/admin/set/integral.shtml' ) AND `ui_menu`.`delete_time` IS NULL LIMIT 1 [ RunTime:0.012000s ]
[ sql ] [ SQL ] SELECT * FROM `ui_menu` WHERE (  `menu_id` = 241 ) AND `ui_menu`.`delete_time` IS NULL LIMIT 1 [ RunTime:0.011001s ]
[ sql ] [ SQL ] SHOW COLUMNS FROM `ui_admin` [ RunTime:0.012001s ]
[ sql ] [ SQL ] SELECT * FROM `ui_admin` WHERE (  `admin_id` = 1 ) AND `ui_admin`.`delete_time` IS NULL LIMIT 1 [ RunTime:0.011000s ]
[ sql ] [ SQL ] SELECT `config_mark`,`config_value`,`config_name` FROM `ui_config` WHERE (  `id` = 86 ) AND `ui_config`.`delete_time` IS NULL LIMIT 1 [ RunTime:0.012000s ]
[ sql ] [ SQL ] SELECT `config_mark`,`config_value`,`config_name` FROM `ui_config` WHERE (  `id` = 87 ) AND `ui_config`.`delete_time` IS NULL LIMIT 1 [ RunTime:0.012001s ]
[ sql ] [ DB ] CONNECT:[ UseTime:0.025002s ] mysql:dbname=essjbaogtcom;host=essj.baogt.com;port=3306;charset=utf8
[ sql ] [ SQL ] SELECT `config_mark`,`config_value`,`config_name` FROM `ui_config` WHERE  `id` > 87  AND `group` = 'integral' [ RunTime:0.014000s ]
