---------------------------------------------------------------
[ 2017-11-10T18:53:46+08:00 ] 127.0.0.4 127.0.0.1 GET /
[ sql ] [ DB ] CONNECT:[ UseTime:0.098005s ] mysql:dbname=essjbaogtcom;host=essj.baogt.com;port=3306;charset=utf8
[ sql ] [ SQL ] SHOW COLUMNS FROM `ui_config` [ RunTime:0.023001s ]
[ sql ] [ SQL ] SELECT * FROM `ui_config` WHERE `ui_config`.`delete_time` IS NULL [ RunTime:0.013000s ]
[ sql ] [ SQL ] SHOW COLUMNS FROM `ui_city` [ RunTime:0.014001s ]
[ sql ] [ SQL ] SELECT * FROM `ui_city` WHERE  `pid` <> 0 [ RunTime:0.080005s ]
[ sql ] [ SQL ] SHOW COLUMNS FROM `ui_menu` [ RunTime:0.013000s ]
[ sql ] [ SQL ] SELECT * FROM `ui_menu` WHERE (  `url` = '/admin/index/index.shtml' ) AND `ui_menu`.`delete_time` IS NULL LIMIT 1 [ RunTime:0.014000s ]
[ sql ] [ SQL ] SELECT * FROM `ui_menu` WHERE (  `menu_id` = 0 ) AND `ui_menu`.`delete_time` IS NULL LIMIT 1 [ RunTime:0.013001s ]
---------------------------------------------------------------
[ 2017-11-10T18:53:46+08:00 ] 127.0.0.4 127.0.0.1 GET /admin/publics/login.shtml
[ sql ] [ DB ] CONNECT:[ UseTime:0.014001s ] mysql:dbname=essjbaogtcom;host=essj.baogt.com;port=3306;charset=utf8
[ sql ] [ SQL ] SHOW COLUMNS FROM `ui_config` [ RunTime:0.009001s ]
[ sql ] [ SQL ] SELECT * FROM `ui_config` WHERE `ui_config`.`delete_time` IS NULL [ RunTime:0.010000s ]
[ sql ] [ SQL ] SHOW COLUMNS FROM `ui_city` [ RunTime:0.010000s ]
[ sql ] [ SQL ] SELECT * FROM `ui_city` WHERE  `pid` <> 0 [ RunTime:0.070004s ]
[ sql ] [ SQL ] SHOW COLUMNS FROM `ui_menu` [ RunTime:0.010000s ]
[ sql ] [ SQL ] SELECT * FROM `ui_menu` WHERE (  `url` = '/admin/publics/login.shtml' ) AND `ui_menu`.`delete_time` IS NULL LIMIT 1 [ RunTime:0.010001s ]
---------------------------------------------------------------
[ 2017-11-10T18:53:52+08:00 ] 127.0.0.4 127.0.0.1 POST /admin/publics/login.shtml
[ sql ] [ DB ] CONNECT:[ UseTime:0.014001s ] mysql:dbname=essjbaogtcom;host=essj.baogt.com;port=3306;charset=utf8
[ sql ] [ SQL ] SHOW COLUMNS FROM `ui_menu` [ RunTime:0.009001s ]
[ sql ] [ SQL ] SELECT * FROM `ui_menu` WHERE (  `url` = '/admin/publics/login.shtml' ) AND `ui_menu`.`delete_time` IS NULL LIMIT 1 [ RunTime:0.009000s ]
[ sql ] [ SQL ] SHOW COLUMNS FROM `ui_admin` [ RunTime:0.012001s ]
[ sql ] [ SQL ] SELECT * FROM `ui_admin` WHERE (  `account` = 'admin' ) AND `ui_admin`.`delete_time` IS NULL LIMIT 1 [ RunTime:0.009000s ]
[ sql ] [ SQL ] SHOW COLUMNS FROM `ui_auth_group` [ RunTime:0.009001s ]
[ sql ] [ SQL ] SELECT `status` FROM `ui_auth_group` WHERE (  `group_id` = 1 ) AND `ui_auth_group`.`delete_time` IS NULL LIMIT 1 [ RunTime:0.010000s ]
[ sql ] [ SQL ] UPDATE `ui_admin`  SET `last_login_time`=1510311232,`last_login_ip`='127.0.0.1',`login_status`=1,`update_time`=1510311232  WHERE (  `admin_id` = 1 ) AND `ui_admin`.`delete_time` IS NULL [ RunTime:0.008001s ]
[ sql ] [ SQL ] SELECT * FROM `ui_admin` WHERE (  `account` = 'admin' ) AND `ui_admin`.`delete_time` IS NULL LIMIT 1 [ RunTime:0.009001s ]
[ sql ] [ SQL ] SHOW COLUMNS FROM `ui_log` [ RunTime:0.009000s ]
[ sql ] [ SQL ] INSERT INTO `ui_log` (`admin_id` , `module` , `controller` , `action` , `data_id` , `des` , `create_time` , `update_time`) VALUES (1 , 'admin' , 'Publics' , 'login' , 'admin' , '登录系统' , 1510311232 , 1510311232) [ RunTime:0.008001s ]
---------------------------------------------------------------
[ 2017-11-10T18:53:53+08:00 ] 127.0.0.4 127.0.0.1 GET /admin/index/index.shtml
[ sql ] [ DB ] CONNECT:[ UseTime:0.019001s ] mysql:dbname=essjbaogtcom;host=essj.baogt.com;port=3306;charset=utf8
[ sql ] [ SQL ] SHOW COLUMNS FROM `ui_config` [ RunTime:0.009000s ]
[ sql ] [ SQL ] SELECT * FROM `ui_config` WHERE `ui_config`.`delete_time` IS NULL [ RunTime:0.009001s ]
[ sql ] [ SQL ] SHOW COLUMNS FROM `ui_city` [ RunTime:0.009001s ]
[ sql ] [ SQL ] SELECT * FROM `ui_city` WHERE  `pid` <> 0 [ RunTime:0.057003s ]
[ sql ] [ SQL ] SHOW COLUMNS FROM `ui_menu` [ RunTime:0.009000s ]
[ sql ] [ SQL ] SELECT * FROM `ui_menu` WHERE (  `url` = '/admin/index/index.shtml' ) AND `ui_menu`.`delete_time` IS NULL LIMIT 1 [ RunTime:0.009001s ]
[ sql ] [ SQL ] SELECT * FROM `ui_menu` WHERE (  `menu_id` = 0 ) AND `ui_menu`.`delete_time` IS NULL LIMIT 1 [ RunTime:0.009001s ]
[ sql ] [ SQL ] SHOW COLUMNS FROM `ui_admin` [ RunTime:0.009000s ]
[ sql ] [ SQL ] SELECT * FROM `ui_admin` WHERE (  `admin_id` = 1 ) AND `ui_admin`.`delete_time` IS NULL LIMIT 1 [ RunTime:0.009001s ]
[ sql ] [ SQL ] SELECT `menu_id` FROM `ui_menu` WHERE `ui_menu`.`delete_time` IS NULL [ RunTime:0.009000s ]
[ sql ] [ SQL ] SELECT `menu_id`,`module`,`controller`,`action` FROM `ui_menu` WHERE (  `menu_id` IN (2,3,4,5,12,13,45,62,63,64,68,69,72,74,75,76,77,78,80,81,82,83,84,85,86,91,92,93,94,95,96,97,98,99,100,101,102,103,104,105,106,108,109,110,111,112,113,114,115,116,117,118,119,120,121,123,124,125,126,127,128,129,130,136,138,139,140,141,142,143,144,146,151,152,153,154,155,156,157,158,160,162,163,168,169,170,171,172,173,174,175,176,177,178,179,180,185,186,195,196,197,198,199,200,209,213,214,215,225,228,229,230,231,233,234,235,236,237,238,239,240,241,242,243,244,245,246,247,248,249,250,255,256,257,258,259,262,263,264,265,267,271,272,273,274,275,277,278,280,281,283,285,286,287,288,289) ) AND `ui_menu`.`delete_time` IS NULL [ RunTime:0.012000s ]
[ sql ] [ SQL ] SELECT `pid` FROM `ui_menu` WHERE (  `menu_id` IN (2,3,4,5,12,13,45,62,63,64,68,69,72,74,75,76,77,78,80,81,82,83,84,85,86,91,92,93,94,95,96,97,98,99,100,101,102,103,104,105,106,108,109,110,111,112,113,114,115,116,117,118,119,120,121,123,124,125,126,127,128,129,130,136,138,139,140,141,142,143,144,146,151,152,153,154,155,156,157,158,160,162,163,168,169,170,171,172,173,174,175,176,177,178,179,180,185,186,195,196,197,198,199,200,209,213,214,215,225,228,229,230,231,233,234,235,236,237,238,239,240,241,242,243,244,245,246,247,248,249,250,255,256,257,258,259,262,263,264,265,267,271,272,273,274,275,277,278,280,281,283,285,286,287,288,289)  AND `status` = 1  AND `pid` <> 0 ) AND `ui_menu`.`delete_time` IS NULL [ RunTime:0.011000s ]
[ sql ] [ SQL ] SELECT `pid` FROM `ui_menu` WHERE (  `menu_id` IN (83,5,45,74,98,100,237,240,241)  AND `status` = 1  AND `pid` <> 0 ) AND `ui_menu`.`delete_time` IS NULL [ RunTime:0.008001s ]
[ sql ] [ SQL ] SELECT * FROM `ui_menu` WHERE (  `menu_id` IN (2,3,4,5,12,13,45,62,63,64,68,69,72,74,75,76,77,78,80,81,82,83,84,85,86,91,92,93,94,95,96,97,98,99,100,101,102,103,104,105,106,108,109,110,111,112,113,114,115,116,117,118,119,120,121,123,124,125,126,127,128,129,130,136,138,139,140,141,142,143,144,146,151,152,153,154,155,156,157,158,160,162,163,168,169,170,171,172,173,174,175,176,177,178,179,180,185,186,195,196,197,198,199,200,209,213,214,215,225,228,229,230,231,233,234,235,236,237,238,239,240,241,242,243,244,245,246,247,248,249,250,255,256,257,258,259,262,263,264,265,267,271,272,273,274,275,277,278,280,281,283,285,286,287,288,289)  AND `status` = 1 ) AND `ui_menu`.`delete_time` IS NULL ORDER BY `sort`  asc [ RunTime:0.013001s ]
[ sql ] [ SQL ] SHOW COLUMNS FROM `ui_auth_group` [ RunTime:0.009001s ]
[ sql ] [ SQL ] SELECT `group_name` FROM `ui_auth_group` WHERE (  `group_id` = 1 ) AND `ui_auth_group`.`delete_time` IS NULL LIMIT 1 [ RunTime:0.008000s ]
---------------------------------------------------------------
[ 2017-11-10T18:53:55+08:00 ] 127.0.0.4 127.0.0.1 GET /admin/index/main.shtml
[ sql ] [ DB ] CONNECT:[ UseTime:0.021001s ] mysql:dbname=essjbaogtcom;host=essj.baogt.com;port=3306;charset=utf8
[ sql ] [ SQL ] SHOW COLUMNS FROM `ui_config` [ RunTime:0.010001s ]
[ sql ] [ SQL ] SELECT * FROM `ui_config` WHERE `ui_config`.`delete_time` IS NULL [ RunTime:0.010001s ]
[ sql ] [ SQL ] SHOW COLUMNS FROM `ui_city` [ RunTime:0.015001s ]
[ sql ] [ SQL ] SELECT * FROM `ui_city` WHERE  `pid` <> 0 [ RunTime:0.059003s ]
[ sql ] [ SQL ] SHOW COLUMNS FROM `ui_menu` [ RunTime:0.010001s ]
[ sql ] [ SQL ] SELECT * FROM `ui_menu` WHERE (  `url` = '/admin/index/main.shtml' ) AND `ui_menu`.`delete_time` IS NULL LIMIT 1 [ RunTime:0.010000s ]
[ sql ] [ SQL ] SHOW COLUMNS FROM `ui_admin` [ RunTime:0.010000s ]
[ sql ] [ SQL ] SELECT * FROM `ui_admin` WHERE (  `admin_id` = 1 ) AND `ui_admin`.`delete_time` IS NULL LIMIT 1 [ RunTime:0.009001s ]
[ sql ] [ SQL ] SHOW COLUMNS FROM `ui_order` [ RunTime:0.011001s ]
[ sql ] [ SQL ] SELECT `deal_price` FROM `ui_order` WHERE (  `status` = 6  AND `create_time` BETWEEN 1509465600 AND 1509552000 ) AND `ui_order`.`delete_time` IS NULL [ RunTime:0.009001s ]
[ sql ] [ SQL ] SELECT `deal_price` FROM `ui_order` WHERE (  `status` = 6  AND `create_time` BETWEEN 1509552000 AND 1509638400 ) AND `ui_order`.`delete_time` IS NULL [ RunTime:0.009000s ]
[ sql ] [ SQL ] SELECT `deal_price` FROM `ui_order` WHERE (  `status` = 6  AND `create_time` BETWEEN 1509638400 AND 1509724800 ) AND `ui_order`.`delete_time` IS NULL [ RunTime:0.009001s ]
[ sql ] [ SQL ] SELECT `deal_price` FROM `ui_order` WHERE (  `status` = 6  AND `create_time` BETWEEN 1509724800 AND 1509811200 ) AND `ui_order`.`delete_time` IS NULL [ RunTime:0.009000s ]
[ sql ] [ SQL ] SELECT `deal_price` FROM `ui_order` WHERE (  `status` = 6  AND `create_time` BETWEEN 1509811200 AND 1509897600 ) AND `ui_order`.`delete_time` IS NULL [ RunTime:0.009001s ]
[ sql ] [ SQL ] SELECT `deal_price` FROM `ui_order` WHERE (  `status` = 6  AND `create_time` BETWEEN 1509897600 AND 1509984000 ) AND `ui_order`.`delete_time` IS NULL [ RunTime:0.008000s ]
[ sql ] [ SQL ] SELECT `deal_price` FROM `ui_order` WHERE (  `status` = 6  AND `create_time` BETWEEN 1509984000 AND 1510070400 ) AND `ui_order`.`delete_time` IS NULL [ RunTime:0.009001s ]
[ sql ] [ SQL ] SELECT `deal_price` FROM `ui_order` WHERE (  `status` = 6  AND `create_time` BETWEEN 1510070400 AND 1510156800 ) AND `ui_order`.`delete_time` IS NULL [ RunTime:0.008000s ]
[ sql ] [ SQL ] SELECT `deal_price` FROM `ui_order` WHERE (  `status` = 6  AND `create_time` BETWEEN 1510156800 AND 1510243200 ) AND `ui_order`.`delete_time` IS NULL [ RunTime:0.009001s ]
[ sql ] [ SQL ] SELECT `deal_price` FROM `ui_order` WHERE (  `status` = 6  AND `create_time` BETWEEN 1510243200 AND 1510329600 ) AND `ui_order`.`delete_time` IS NULL [ RunTime:0.008000s ]
[ sql ] [ SQL ] SHOW COLUMNS FROM `ui_order_back` [ RunTime:0.011001s ]
[ sql ] [ SQL ] SELECT COUNT(*) AS tp_count FROM `ui_order_back` WHERE (  `status` = 1 ) AND `ui_order_back`.`delete_time` IS NULL LIMIT 1 [ RunTime:0.009000s ]
[ sql ] [ SQL ] SELECT `deal_price` FROM `ui_order` WHERE (  `status` = 4 ) AND `ui_order`.`delete_time` IS NULL [ RunTime:0.009001s ]
[ sql ] [ SQL ] SHOW COLUMNS FROM `ui_user` [ RunTime:0.010001s ]
[ sql ] [ SQL ] SELECT COUNT(*) AS tp_count FROM `ui_user` WHERE `ui_user`.`delete_time` IS NULL LIMIT 1 [ RunTime:0.008000s ]
---------------------------------------------------------------
[ 2017-11-10T18:53:56+08:00 ] 127.0.0.4 127.0.0.1 POST /admin/index/isuniquelogin.shtml
[ sql ] [ DB ] CONNECT:[ UseTime:0.025002s ] mysql:dbname=essjbaogtcom;host=essj.baogt.com;port=3306;charset=utf8
[ sql ] [ SQL ] SHOW COLUMNS FROM `ui_menu` [ RunTime:0.010001s ]
[ sql ] [ SQL ] SELECT * FROM `ui_menu` WHERE (  `url` = '/admin/index/isuniquelogin.shtml' ) AND `ui_menu`.`delete_time` IS NULL LIMIT 1 [ RunTime:0.011000s ]
[ sql ] [ SQL ] SHOW COLUMNS FROM `ui_admin` [ RunTime:0.010001s ]
[ sql ] [ SQL ] SELECT * FROM `ui_admin` WHERE (  `admin_id` = 1 ) AND `ui_admin`.`delete_time` IS NULL LIMIT 1 [ RunTime:0.012001s ]
[ sql ] [ SQL ] SELECT * FROM `ui_admin` WHERE (  `admin_id` = 1 ) AND `ui_admin`.`delete_time` IS NULL LIMIT 1 [ RunTime:0.010000s ]
---------------------------------------------------------------
[ 2017-11-10T18:54:03+08:00 ] 127.0.0.4 127.0.0.1 GET /admin/basedata/banner_info.shtml
[ sql ] [ DB ] CONNECT:[ UseTime:0.019001s ] mysql:dbname=essjbaogtcom;host=essj.baogt.com;port=3306;charset=utf8
[ sql ] [ SQL ] SHOW COLUMNS FROM `ui_config` [ RunTime:0.009001s ]
[ sql ] [ SQL ] SELECT * FROM `ui_config` WHERE `ui_config`.`delete_time` IS NULL [ RunTime:0.009000s ]
[ sql ] [ SQL ] SHOW COLUMNS FROM `ui_city` [ RunTime:0.009000s ]
[ sql ] [ SQL ] SELECT * FROM `ui_city` WHERE  `pid` <> 0 [ RunTime:0.056003s ]
[ sql ] [ SQL ] SHOW COLUMNS FROM `ui_menu` [ RunTime:0.009001s ]
[ sql ] [ SQL ] SELECT * FROM `ui_menu` WHERE (  `url` = '/admin/basedata/banner_info.shtml' ) AND `ui_menu`.`delete_time` IS NULL LIMIT 1 [ RunTime:0.009000s ]
[ sql ] [ SQL ] SELECT * FROM `ui_menu` WHERE (  `menu_id` = 240 ) AND `ui_menu`.`delete_time` IS NULL LIMIT 1 [ RunTime:0.009000s ]
[ sql ] [ SQL ] SHOW COLUMNS FROM `ui_admin` [ RunTime:0.009001s ]
[ sql ] [ SQL ] SELECT * FROM `ui_admin` WHERE (  `admin_id` = 1 ) AND `ui_admin`.`delete_time` IS NULL LIMIT 1 [ RunTime:0.009000s ]
[ sql ] [ SQL ] SHOW COLUMNS FROM `ui_banner` [ RunTime:0.009001s ]
[ sql ] [ SQL ] SELECT COUNT(*) AS tp_count FROM `ui_banner` `a` INNER JOIN `ui_banner_type` `b` ON `a`.`type_id`=`b`.`id` WHERE `a`.`delete_time` IS NULL LIMIT 1 [ RunTime:0.008000s ]
[ sql ] [ SQL ] SELECT `a`.`id`,`a`.`title`,`a`.`is_using`,`a`.`rank`,`a`.`banner`,`a`.`create_time`,`b`.`type_name` FROM `ui_banner` `a` INNER JOIN `ui_banner_type` `b` ON `a`.`type_id`=`b`.`id` WHERE `a`.`delete_time` IS NULL ORDER BY id desc LIMIT 0,15 [ RunTime:0.008000s ]
---------------------------------------------------------------
[ 2017-11-10T18:54:04+08:00 ] 127.0.0.4 127.0.0.1 GET /admin/basedata/banner_add.shtml
[ sql ] [ DB ] CONNECT:[ UseTime:0.023001s ] mysql:dbname=essjbaogtcom;host=essj.baogt.com;port=3306;charset=utf8
[ sql ] [ SQL ] SHOW COLUMNS FROM `ui_config` [ RunTime:0.015001s ]
[ sql ] [ SQL ] SELECT * FROM `ui_config` WHERE `ui_config`.`delete_time` IS NULL [ RunTime:0.015001s ]
[ sql ] [ SQL ] SHOW COLUMNS FROM `ui_city` [ RunTime:0.015001s ]
[ sql ] [ SQL ] SELECT * FROM `ui_city` WHERE  `pid` <> 0 [ RunTime:0.084005s ]
[ sql ] [ SQL ] SHOW COLUMNS FROM `ui_menu` [ RunTime:0.015001s ]
[ sql ] [ SQL ] SELECT * FROM `ui_menu` WHERE (  `url` = '/admin/basedata/banner_add.shtml' ) AND `ui_menu`.`delete_time` IS NULL LIMIT 1 [ RunTime:0.015001s ]
[ sql ] [ SQL ] SELECT * FROM `ui_menu` WHERE (  `menu_id` = 243 ) AND `ui_menu`.`delete_time` IS NULL LIMIT 1 [ RunTime:0.014001s ]
[ sql ] [ SQL ] SHOW COLUMNS FROM `ui_admin` [ RunTime:0.016001s ]
[ sql ] [ SQL ] SELECT * FROM `ui_admin` WHERE (  `admin_id` = 1 ) AND `ui_admin`.`delete_time` IS NULL LIMIT 1 [ RunTime:0.015001s ]
[ sql ] [ SQL ] SHOW COLUMNS FROM `ui_banner_type` [ RunTime:0.015001s ]
[ sql ] [ SQL ] SELECT * FROM `ui_banner_type` WHERE `ui_banner_type`.`delete_time` IS NULL [ RunTime:0.014001s ]
---------------------------------------------------------------
[ 2017-11-10T18:54:10+08:00 ] 127.0.0.4 127.0.0.1 GET /admin/index/index.shtml
[ sql ] [ DB ] CONNECT:[ UseTime:0.018001s ] mysql:dbname=essjbaogtcom;host=essj.baogt.com;port=3306;charset=utf8
[ sql ] [ SQL ] SHOW COLUMNS FROM `ui_config` [ RunTime:0.013001s ]
[ sql ] [ SQL ] SELECT * FROM `ui_config` WHERE `ui_config`.`delete_time` IS NULL [ RunTime:0.013001s ]
[ sql ] [ SQL ] SHOW COLUMNS FROM `ui_city` [ RunTime:0.013001s ]
[ sql ] [ SQL ] SELECT * FROM `ui_city` WHERE  `pid` <> 0 [ RunTime:0.074004s ]
[ sql ] [ SQL ] SHOW COLUMNS FROM `ui_menu` [ RunTime:0.013001s ]
[ sql ] [ SQL ] SELECT * FROM `ui_menu` WHERE (  `url` = '/admin/index/index.shtml' ) AND `ui_menu`.`delete_time` IS NULL LIMIT 1 [ RunTime:0.013001s ]
[ sql ] [ SQL ] SELECT * FROM `ui_menu` WHERE (  `menu_id` = 0 ) AND `ui_menu`.`delete_time` IS NULL LIMIT 1 [ RunTime:0.013000s ]
[ sql ] [ SQL ] SHOW COLUMNS FROM `ui_admin` [ RunTime:0.014001s ]
[ sql ] [ SQL ] SELECT * FROM `ui_admin` WHERE (  `admin_id` = 1 ) AND `ui_admin`.`delete_time` IS NULL LIMIT 1 [ RunTime:0.033002s ]
[ sql ] [ SQL ] SELECT `menu_id` FROM `ui_menu` WHERE `ui_menu`.`delete_time` IS NULL [ RunTime:0.012001s ]
[ sql ] [ SQL ] SELECT `menu_id`,`module`,`controller`,`action` FROM `ui_menu` WHERE (  `menu_id` IN (2,3,4,5,12,13,45,62,63,64,68,69,72,74,75,76,77,78,80,81,82,83,84,85,86,91,92,93,94,95,96,97,98,99,100,101,102,103,104,105,106,108,109,110,111,112,113,114,115,116,117,118,119,120,121,123,124,125,126,127,128,129,130,136,138,139,140,141,142,143,144,146,151,152,153,154,155,156,157,158,160,162,163,168,169,170,171,172,173,174,175,176,177,178,179,180,185,186,195,196,197,198,199,200,209,213,214,215,225,228,229,230,231,233,234,235,236,237,238,239,240,241,242,243,244,245,246,247,248,249,250,255,256,257,258,259,262,263,264,265,267,271,272,273,274,275,277,278,280,281,283,285,286,287,288,289) ) AND `ui_menu`.`delete_time` IS NULL [ RunTime:0.015001s ]
[ sql ] [ SQL ] SELECT `pid` FROM `ui_menu` WHERE (  `menu_id` IN (2,3,4,5,12,13,45,62,63,64,68,69,72,74,75,76,77,78,80,81,82,83,84,85,86,91,92,93,94,95,96,97,98,99,100,101,102,103,104,105,106,108,109,110,111,112,113,114,115,116,117,118,119,120,121,123,124,125,126,127,128,129,130,136,138,139,140,141,142,143,144,146,151,152,153,154,155,156,157,158,160,162,163,168,169,170,171,172,173,174,175,176,177,178,179,180,185,186,195,196,197,198,199,200,209,213,214,215,225,228,229,230,231,233,234,235,236,237,238,239,240,241,242,243,244,245,246,247,248,249,250,255,256,257,258,259,262,263,264,265,267,271,272,273,274,275,277,278,280,281,283,285,286,287,288,289)  AND `status` = 1  AND `pid` <> 0 ) AND `ui_menu`.`delete_time` IS NULL [ RunTime:0.014001s ]
[ sql ] [ SQL ] SELECT `pid` FROM `ui_menu` WHERE (  `menu_id` IN (83,5,45,74,98,100,237,240,241)  AND `status` = 1  AND `pid` <> 0 ) AND `ui_menu`.`delete_time` IS NULL [ RunTime:0.012001s ]
[ sql ] [ SQL ] SELECT * FROM `ui_menu` WHERE (  `menu_id` IN (2,3,4,5,12,13,45,62,63,64,68,69,72,74,75,76,77,78,80,81,82,83,84,85,86,91,92,93,94,95,96,97,98,99,100,101,102,103,104,105,106,108,109,110,111,112,113,114,115,116,117,118,119,120,121,123,124,125,126,127,128,129,130,136,138,139,140,141,142,143,144,146,151,152,153,154,155,156,157,158,160,162,163,168,169,170,171,172,173,174,175,176,177,178,179,180,185,186,195,196,197,198,199,200,209,213,214,215,225,228,229,230,231,233,234,235,236,237,238,239,240,241,242,243,244,245,246,247,248,249,250,255,256,257,258,259,262,263,264,265,267,271,272,273,274,275,277,278,280,281,283,285,286,287,288,289)  AND `status` = 1 ) AND `ui_menu`.`delete_time` IS NULL ORDER BY `sort`  asc [ RunTime:0.015001s ]
[ sql ] [ SQL ] SHOW COLUMNS FROM `ui_auth_group` [ RunTime:0.012000s ]
[ sql ] [ SQL ] SELECT `group_name` FROM `ui_auth_group` WHERE (  `group_id` = 1 ) AND `ui_auth_group`.`delete_time` IS NULL LIMIT 1 [ RunTime:0.012001s ]
---------------------------------------------------------------
[ 2017-11-10T18:54:11+08:00 ] 127.0.0.4 127.0.0.1 GET /admin/index/main.shtml
[ sql ] [ DB ] CONNECT:[ UseTime:0.013001s ] mysql:dbname=essjbaogtcom;host=essj.baogt.com;port=3306;charset=utf8
[ sql ] [ SQL ] SHOW COLUMNS FROM `ui_config` [ RunTime:0.009001s ]
[ sql ] [ SQL ] SELECT * FROM `ui_config` WHERE `ui_config`.`delete_time` IS NULL [ RunTime:0.008000s ]
[ sql ] [ SQL ] SHOW COLUMNS FROM `ui_city` [ RunTime:0.007000s ]
[ sql ] [ SQL ] SELECT * FROM `ui_city` WHERE  `pid` <> 0 [ RunTime:0.048003s ]
[ sql ] [ SQL ] SHOW COLUMNS FROM `ui_menu` [ RunTime:0.008001s ]
[ sql ] [ SQL ] SELECT * FROM `ui_menu` WHERE (  `url` = '/admin/index/main.shtml' ) AND `ui_menu`.`delete_time` IS NULL LIMIT 1 [ RunTime:0.007000s ]
[ sql ] [ SQL ] SHOW COLUMNS FROM `ui_admin` [ RunTime:0.007001s ]
[ sql ] [ SQL ] SELECT * FROM `ui_admin` WHERE (  `admin_id` = 1 ) AND `ui_admin`.`delete_time` IS NULL LIMIT 1 [ RunTime:0.007000s ]
[ sql ] [ SQL ] SHOW COLUMNS FROM `ui_order` [ RunTime:0.008000s ]
[ sql ] [ SQL ] SELECT `deal_price` FROM `ui_order` WHERE (  `status` = 6  AND `create_time` BETWEEN 1509465600 AND 1509552000 ) AND `ui_order`.`delete_time` IS NULL [ RunTime:0.007001s ]
[ sql ] [ SQL ] SELECT `deal_price` FROM `ui_order` WHERE (  `status` = 6  AND `create_time` BETWEEN 1509552000 AND 1509638400 ) AND `ui_order`.`delete_time` IS NULL [ RunTime:0.006000s ]
[ sql ] [ SQL ] SELECT `deal_price` FROM `ui_order` WHERE (  `status` = 6  AND `create_time` BETWEEN 1509638400 AND 1509724800 ) AND `ui_order`.`delete_time` IS NULL [ RunTime:0.007000s ]
[ sql ] [ SQL ] SELECT `deal_price` FROM `ui_order` WHERE (  `status` = 6  AND `create_time` BETWEEN 1509724800 AND 1509811200 ) AND `ui_order`.`delete_time` IS NULL [ RunTime:0.006001s ]
[ sql ] [ SQL ] SELECT `deal_price` FROM `ui_order` WHERE (  `status` = 6  AND `create_time` BETWEEN 1509811200 AND 1509897600 ) AND `ui_order`.`delete_time` IS NULL [ RunTime:0.006000s ]
[ sql ] [ SQL ] SELECT `deal_price` FROM `ui_order` WHERE (  `status` = 6  AND `create_time` BETWEEN 1509897600 AND 1509984000 ) AND `ui_order`.`delete_time` IS NULL [ RunTime:0.007001s ]
[ sql ] [ SQL ] SELECT `deal_price` FROM `ui_order` WHERE (  `status` = 6  AND `create_time` BETWEEN 1509984000 AND 1510070400 ) AND `ui_order`.`delete_time` IS NULL [ RunTime:0.007000s ]
[ sql ] [ SQL ] SELECT `deal_price` FROM `ui_order` WHERE (  `status` = 6  AND `create_time` BETWEEN 1510070400 AND 1510156800 ) AND `ui_order`.`delete_time` IS NULL [ RunTime:0.007000s ]
[ sql ] [ SQL ] SELECT `deal_price` FROM `ui_order` WHERE (  `status` = 6  AND `create_time` BETWEEN 1510156800 AND 1510243200 ) AND `ui_order`.`delete_time` IS NULL [ RunTime:0.006001s ]
[ sql ] [ SQL ] SELECT `deal_price` FROM `ui_order` WHERE (  `status` = 6  AND `create_time` BETWEEN 1510243200 AND 1510329600 ) AND `ui_order`.`delete_time` IS NULL [ RunTime:0.006000s ]
[ sql ] [ SQL ] SHOW COLUMNS FROM `ui_order_back` [ RunTime:0.008001s ]
[ sql ] [ SQL ] SELECT COUNT(*) AS tp_count FROM `ui_order_back` WHERE (  `status` = 1 ) AND `ui_order_back`.`delete_time` IS NULL LIMIT 1 [ RunTime:0.007000s ]
[ sql ] [ SQL ] SELECT `deal_price` FROM `ui_order` WHERE (  `status` = 4 ) AND `ui_order`.`delete_time` IS NULL [ RunTime:0.007000s ]
[ sql ] [ SQL ] SHOW COLUMNS FROM `ui_user` [ RunTime:0.007001s ]
[ sql ] [ SQL ] SELECT COUNT(*) AS tp_count FROM `ui_user` WHERE `ui_user`.`delete_time` IS NULL LIMIT 1 [ RunTime:0.007000s ]
---------------------------------------------------------------
[ 2017-11-10T18:54:11+08:00 ] 127.0.0.4 127.0.0.1 POST /admin/index/isuniquelogin.shtml
[ sql ] [ DB ] CONNECT:[ UseTime:0.024002s ] mysql:dbname=essjbaogtcom;host=essj.baogt.com;port=3306;charset=utf8
[ sql ] [ SQL ] SHOW COLUMNS FROM `ui_menu` [ RunTime:0.014001s ]
[ sql ] [ SQL ] SELECT * FROM `ui_menu` WHERE (  `url` = '/admin/index/isuniquelogin.shtml' ) AND `ui_menu`.`delete_time` IS NULL LIMIT 1 [ RunTime:0.014001s ]
[ sql ] [ SQL ] SHOW COLUMNS FROM `ui_admin` [ RunTime:0.015001s ]
[ sql ] [ SQL ] SELECT * FROM `ui_admin` WHERE (  `admin_id` = 1 ) AND `ui_admin`.`delete_time` IS NULL LIMIT 1 [ RunTime:0.015001s ]
[ sql ] [ SQL ] SELECT * FROM `ui_admin` WHERE (  `admin_id` = 1 ) AND `ui_admin`.`delete_time` IS NULL LIMIT 1 [ RunTime:0.015001s ]
---------------------------------------------------------------
[ 2017-11-10T19:05:35+08:00 ] 127.0.0.4 127.0.0.1 GET /
[ sql ] [ DB ] CONNECT:[ UseTime:0.057003s ] mysql:dbname=essjbaogtcom;host=essj.baogt.com;port=3306;charset=utf8
[ sql ] [ SQL ] SHOW COLUMNS FROM `ui_config` [ RunTime:0.015001s ]
[ sql ] [ SQL ] SELECT * FROM `ui_config` WHERE `ui_config`.`delete_time` IS NULL [ RunTime:0.015001s ]
[ sql ] [ SQL ] SHOW COLUMNS FROM `ui_city` [ RunTime:0.015001s ]
[ sql ] [ SQL ] SELECT * FROM `ui_city` WHERE  `pid` <> 0 [ RunTime:0.083005s ]
[ sql ] [ SQL ] SHOW COLUMNS FROM `ui_menu` [ RunTime:0.015001s ]
[ sql ] [ SQL ] SELECT * FROM `ui_menu` WHERE (  `url` = '/admin/index/index.shtml' ) AND `ui_menu`.`delete_time` IS NULL LIMIT 1 [ RunTime:0.014001s ]
[ sql ] [ SQL ] SELECT * FROM `ui_menu` WHERE (  `menu_id` = 0 ) AND `ui_menu`.`delete_time` IS NULL LIMIT 1 [ RunTime:0.014001s ]
---------------------------------------------------------------
[ 2017-11-10T19:05:35+08:00 ] 127.0.0.4 127.0.0.1 GET /admin/publics/login.shtml
[ sql ] [ DB ] CONNECT:[ UseTime:0.018001s ] mysql:dbname=essjbaogtcom;host=essj.baogt.com;port=3306;charset=utf8
[ sql ] [ SQL ] SHOW COLUMNS FROM `ui_config` [ RunTime:0.010001s ]
[ sql ] [ SQL ] SELECT * FROM `ui_config` WHERE `ui_config`.`delete_time` IS NULL [ RunTime:0.009000s ]
[ sql ] [ SQL ] SHOW COLUMNS FROM `ui_city` [ RunTime:0.009001s ]
[ sql ] [ SQL ] SELECT * FROM `ui_city` WHERE  `pid` <> 0 [ RunTime:0.056003s ]
[ sql ] [ SQL ] SHOW COLUMNS FROM `ui_menu` [ RunTime:0.009000s ]
[ sql ] [ SQL ] SELECT * FROM `ui_menu` WHERE (  `url` = '/admin/publics/login.shtml' ) AND `ui_menu`.`delete_time` IS NULL LIMIT 1 [ RunTime:0.009000s ]
---------------------------------------------------------------
[ 2017-11-10T19:05:41+08:00 ] 127.0.0.4 127.0.0.1 POST /admin/publics/login.shtml
[ sql ] [ DB ] CONNECT:[ UseTime:0.018001s ] mysql:dbname=essjbaogtcom;host=essj.baogt.com;port=3306;charset=utf8
[ sql ] [ SQL ] SHOW COLUMNS FROM `ui_menu` [ RunTime:0.007001s ]
[ sql ] [ SQL ] SELECT * FROM `ui_menu` WHERE (  `url` = '/admin/publics/login.shtml' ) AND `ui_menu`.`delete_time` IS NULL LIMIT 1 [ RunTime:0.008000s ]
[ sql ] [ SQL ] SHOW COLUMNS FROM `ui_admin` [ RunTime:0.008001s ]
[ sql ] [ SQL ] SELECT * FROM `ui_admin` WHERE (  `account` = 'admin' ) AND `ui_admin`.`delete_time` IS NULL LIMIT 1 [ RunTime:0.007000s ]
[ sql ] [ SQL ] SHOW COLUMNS FROM `ui_auth_group` [ RunTime:0.007000s ]
[ sql ] [ SQL ] SELECT `status` FROM `ui_auth_group` WHERE (  `group_id` = 1 ) AND `ui_auth_group`.`delete_time` IS NULL LIMIT 1 [ RunTime:0.007000s ]
[ sql ] [ SQL ] UPDATE `ui_admin`  SET `last_login_time`=1510311941,`last_login_ip`='127.0.0.1',`login_status`=1,`update_time`=1510311941  WHERE (  `admin_id` = 1 ) AND `ui_admin`.`delete_time` IS NULL [ RunTime:0.006000s ]
[ sql ] [ SQL ] SELECT * FROM `ui_admin` WHERE (  `account` = 'admin' ) AND `ui_admin`.`delete_time` IS NULL LIMIT 1 [ RunTime:0.007000s ]
[ sql ] [ SQL ] SHOW COLUMNS FROM `ui_log` [ RunTime:0.008001s ]
[ sql ] [ SQL ] INSERT INTO `ui_log` (`admin_id` , `module` , `controller` , `action` , `data_id` , `des` , `create_time` , `update_time`) VALUES (1 , 'admin' , 'Publics' , 'login' , 'admin' , '登录系统' , 1510311941 , 1510311941) [ RunTime:0.007000s ]
---------------------------------------------------------------
[ 2017-11-10T19:05:43+08:00 ] 127.0.0.4 127.0.0.1 GET /admin/index/index.shtml
[ sql ] [ DB ] CONNECT:[ UseTime:0.014001s ] mysql:dbname=essjbaogtcom;host=essj.baogt.com;port=3306;charset=utf8
[ sql ] [ SQL ] SHOW COLUMNS FROM `ui_config` [ RunTime:0.010001s ]
[ sql ] [ SQL ] SELECT * FROM `ui_config` WHERE `ui_config`.`delete_time` IS NULL [ RunTime:0.010000s ]
[ sql ] [ SQL ] SHOW COLUMNS FROM `ui_city` [ RunTime:0.010001s ]
[ sql ] [ SQL ] SELECT * FROM `ui_city` WHERE  `pid` <> 0 [ RunTime:0.057003s ]
[ sql ] [ SQL ] SHOW COLUMNS FROM `ui_menu` [ RunTime:0.011001s ]
[ sql ] [ SQL ] SELECT * FROM `ui_menu` WHERE (  `url` = '/admin/index/index.shtml' ) AND `ui_menu`.`delete_time` IS NULL LIMIT 1 [ RunTime:0.010001s ]
[ sql ] [ SQL ] SELECT * FROM `ui_menu` WHERE (  `menu_id` = 0 ) AND `ui_menu`.`delete_time` IS NULL LIMIT 1 [ RunTime:0.010000s ]
[ sql ] [ SQL ] SHOW COLUMNS FROM `ui_admin` [ RunTime:0.009001s ]
[ sql ] [ SQL ] SELECT * FROM `ui_admin` WHERE (  `admin_id` = 1 ) AND `ui_admin`.`delete_time` IS NULL LIMIT 1 [ RunTime:0.009001s ]
[ sql ] [ SQL ] SELECT `menu_id` FROM `ui_menu` WHERE `ui_menu`.`delete_time` IS NULL [ RunTime:0.009000s ]
[ sql ] [ SQL ] SELECT `menu_id`,`module`,`controller`,`action` FROM `ui_menu` WHERE (  `menu_id` IN (2,3,4,5,12,13,45,62,63,64,68,69,72,74,75,76,77,78,80,81,82,83,84,85,86,91,92,93,94,95,96,97,98,99,100,101,102,103,104,105,106,108,109,110,111,112,113,114,115,116,117,118,119,120,121,123,124,125,126,127,128,129,130,136,138,139,140,141,142,143,144,146,151,152,153,154,155,156,157,158,160,162,163,168,169,170,171,172,173,174,175,176,177,178,179,180,185,186,195,196,197,198,199,200,209,213,214,215,225,228,229,230,231,233,234,235,236,237,238,239,240,241,242,243,244,245,246,247,248,249,250,255,256,257,258,259,262,263,264,265,267,271,272,273,274,275,277,278,280,281,283,285,286,287,288,289) ) AND `ui_menu`.`delete_time` IS NULL [ RunTime:0.012001s ]
[ sql ] [ SQL ] SELECT `pid` FROM `ui_menu` WHERE (  `menu_id` IN (2,3,4,5,12,13,45,62,63,64,68,69,72,74,75,76,77,78,80,81,82,83,84,85,86,91,92,93,94,95,96,97,98,99,100,101,102,103,104,105,106,108,109,110,111,112,113,114,115,116,117,118,119,120,121,123,124,125,126,127,128,129,130,136,138,139,140,141,142,143,144,146,151,152,153,154,155,156,157,158,160,162,163,168,169,170,171,172,173,174,175,176,177,178,179,180,185,186,195,196,197,198,199,200,209,213,214,215,225,228,229,230,231,233,234,235,236,237,238,239,240,241,242,243,244,245,246,247,248,249,250,255,256,257,258,259,262,263,264,265,267,271,272,273,274,275,277,278,280,281,283,285,286,287,288,289)  AND `status` = 1  AND `pid` <> 0 ) AND `ui_menu`.`delete_time` IS NULL [ RunTime:0.011000s ]
[ sql ] [ SQL ] SELECT `pid` FROM `ui_menu` WHERE (  `menu_id` IN (83,5,45,74,98,100,237,240,241)  AND `status` = 1  AND `pid` <> 0 ) AND `ui_menu`.`delete_time` IS NULL [ RunTime:0.009001s ]
[ sql ] [ SQL ] SELECT * FROM `ui_menu` WHERE (  `menu_id` IN (2,3,4,5,12,13,45,62,63,64,68,69,72,74,75,76,77,78,80,81,82,83,84,85,86,91,92,93,94,95,96,97,98,99,100,101,102,103,104,105,106,108,109,110,111,112,113,114,115,116,117,118,119,120,121,123,124,125,126,127,128,129,130,136,138,139,140,141,142,143,144,146,151,152,153,154,155,156,157,158,160,162,163,168,169,170,171,172,173,174,175,176,177,178,179,180,185,186,195,196,197,198,199,200,209,213,214,215,225,228,229,230,231,233,234,235,236,237,238,239,240,241,242,243,244,245,246,247,248,249,250,255,256,257,258,259,262,263,264,265,267,271,272,273,274,275,277,278,280,281,283,285,286,287,288,289)  AND `status` = 1 ) AND `ui_menu`.`delete_time` IS NULL ORDER BY `sort`  asc [ RunTime:0.013001s ]
[ sql ] [ SQL ] SHOW COLUMNS FROM `ui_auth_group` [ RunTime:0.010000s ]
[ sql ] [ SQL ] SELECT `group_name` FROM `ui_auth_group` WHERE (  `group_id` = 1 ) AND `ui_auth_group`.`delete_time` IS NULL LIMIT 1 [ RunTime:0.009001s ]
---------------------------------------------------------------
[ 2017-11-10T19:05:44+08:00 ] 127.0.0.4 127.0.0.1 GET /admin/index/main.shtml
[ sql ] [ DB ] CONNECT:[ UseTime:0.013001s ] mysql:dbname=essjbaogtcom;host=essj.baogt.com;port=3306;charset=utf8
[ sql ] [ SQL ] SHOW COLUMNS FROM `ui_config` [ RunTime:0.008000s ]
[ sql ] [ SQL ] SELECT * FROM `ui_config` WHERE `ui_config`.`delete_time` IS NULL [ RunTime:0.007000s ]
[ sql ] [ SQL ] SHOW COLUMNS FROM `ui_city` [ RunTime:0.009001s ]
[ sql ] [ SQL ] SELECT * FROM `ui_city` WHERE  `pid` <> 0 [ RunTime:0.049003s ]
[ sql ] [ SQL ] SHOW COLUMNS FROM `ui_menu` [ RunTime:0.008000s ]
[ sql ] [ SQL ] SELECT * FROM `ui_menu` WHERE (  `url` = '/admin/index/main.shtml' ) AND `ui_menu`.`delete_time` IS NULL LIMIT 1 [ RunTime:0.007001s ]
[ sql ] [ SQL ] SHOW COLUMNS FROM `ui_admin` [ RunTime:0.007000s ]
[ sql ] [ SQL ] SELECT * FROM `ui_admin` WHERE (  `admin_id` = 1 ) AND `ui_admin`.`delete_time` IS NULL LIMIT 1 [ RunTime:0.008001s ]
[ sql ] [ SQL ] SHOW COLUMNS FROM `ui_order` [ RunTime:0.009001s ]
[ sql ] [ SQL ] SELECT `deal_price` FROM `ui_order` WHERE (  `status` = 6  AND `create_time` BETWEEN 1509465600 AND 1509552000 ) AND `ui_order`.`delete_time` IS NULL [ RunTime:0.007000s ]
[ sql ] [ SQL ] SELECT `deal_price` FROM `ui_order` WHERE (  `status` = 6  AND `create_time` BETWEEN 1509552000 AND 1509638400 ) AND `ui_order`.`delete_time` IS NULL [ RunTime:0.007001s ]
[ sql ] [ SQL ] SELECT `deal_price` FROM `ui_order` WHERE (  `status` = 6  AND `create_time` BETWEEN 1509638400 AND 1509724800 ) AND `ui_order`.`delete_time` IS NULL [ RunTime:0.006000s ]
[ sql ] [ SQL ] SELECT `deal_price` FROM `ui_order` WHERE (  `status` = 6  AND `create_time` BETWEEN 1509724800 AND 1509811200 ) AND `ui_order`.`delete_time` IS NULL [ RunTime:0.007001s ]
[ sql ] [ SQL ] SELECT `deal_price` FROM `ui_order` WHERE (  `status` = 6  AND `create_time` BETWEEN 1509811200 AND 1509897600 ) AND `ui_order`.`delete_time` IS NULL [ RunTime:0.006000s ]
[ sql ] [ SQL ] SELECT `deal_price` FROM `ui_order` WHERE (  `status` = 6  AND `create_time` BETWEEN 1509897600 AND 1509984000 ) AND `ui_order`.`delete_time` IS NULL [ RunTime:0.006000s ]
[ sql ] [ SQL ] SELECT `deal_price` FROM `ui_order` WHERE (  `status` = 6  AND `create_time` BETWEEN 1509984000 AND 1510070400 ) AND `ui_order`.`delete_time` IS NULL [ RunTime:0.006000s ]
[ sql ] [ SQL ] SELECT `deal_price` FROM `ui_order` WHERE (  `status` = 6  AND `create_time` BETWEEN 1510070400 AND 1510156800 ) AND `ui_order`.`delete_time` IS NULL [ RunTime:0.007000s ]
[ sql ] [ SQL ] SELECT `deal_price` FROM `ui_order` WHERE (  `status` = 6  AND `create_time` BETWEEN 1510156800 AND 1510243200 ) AND `ui_order`.`delete_time` IS NULL [ RunTime:0.007001s ]
[ sql ] [ SQL ] SELECT `deal_price` FROM `ui_order` WHERE (  `status` = 6  AND `create_time` BETWEEN 1510243200 AND 1510329600 ) AND `ui_order`.`delete_time` IS NULL [ RunTime:0.006000s ]
[ sql ] [ SQL ] SHOW COLUMNS FROM `ui_order_back` [ RunTime:0.008000s ]
[ sql ] [ SQL ] SELECT COUNT(*) AS tp_count FROM `ui_order_back` WHERE (  `status` = 1 ) AND `ui_order_back`.`delete_time` IS NULL LIMIT 1 [ RunTime:0.007001s ]
[ sql ] [ SQL ] SELECT `deal_price` FROM `ui_order` WHERE (  `status` = 4 ) AND `ui_order`.`delete_time` IS NULL [ RunTime:0.007000s ]
[ sql ] [ SQL ] SHOW COLUMNS FROM `ui_user` [ RunTime:0.008001s ]
[ sql ] [ SQL ] SELECT COUNT(*) AS tp_count FROM `ui_user` WHERE `ui_user`.`delete_time` IS NULL LIMIT 1 [ RunTime:0.006000s ]
---------------------------------------------------------------
[ 2017-11-10T19:05:44+08:00 ] 127.0.0.4 127.0.0.1 POST /admin/index/isuniquelogin.shtml
[ sql ] [ DB ] CONNECT:[ UseTime:0.019002s ] mysql:dbname=essjbaogtcom;host=essj.baogt.com;port=3306;charset=utf8
[ sql ] [ SQL ] SHOW COLUMNS FROM `ui_menu` [ RunTime:0.009000s ]
[ sql ] [ SQL ] SELECT * FROM `ui_menu` WHERE (  `url` = '/admin/index/isuniquelogin.shtml' ) AND `ui_menu`.`delete_time` IS NULL LIMIT 1 [ RunTime:0.009001s ]
[ sql ] [ SQL ] SHOW COLUMNS FROM `ui_admin` [ RunTime:0.009000s ]
[ sql ] [ SQL ] SELECT * FROM `ui_admin` WHERE (  `admin_id` = 1 ) AND `ui_admin`.`delete_time` IS NULL LIMIT 1 [ RunTime:0.009001s ]
[ sql ] [ SQL ] SELECT * FROM `ui_admin` WHERE (  `admin_id` = 1 ) AND `ui_admin`.`delete_time` IS NULL LIMIT 1 [ RunTime:0.008001s ]
---------------------------------------------------------------
[ 2017-11-10T19:05:48+08:00 ] 127.0.0.4 127.0.0.1 GET /admin/basedata/banner_info.shtml
[ sql ] [ DB ] CONNECT:[ UseTime:0.017001s ] mysql:dbname=essjbaogtcom;host=essj.baogt.com;port=3306;charset=utf8
[ sql ] [ SQL ] SHOW COLUMNS FROM `ui_config` [ RunTime:0.007000s ]
[ sql ] [ SQL ] SELECT * FROM `ui_config` WHERE `ui_config`.`delete_time` IS NULL [ RunTime:0.007001s ]
[ sql ] [ SQL ] SHOW COLUMNS FROM `ui_city` [ RunTime:0.008000s ]
[ sql ] [ SQL ] SELECT * FROM `ui_city` WHERE  `pid` <> 0 [ RunTime:0.049003s ]
[ sql ] [ SQL ] SHOW COLUMNS FROM `ui_menu` [ RunTime:0.008001s ]
[ sql ] [ SQL ] SELECT * FROM `ui_menu` WHERE (  `url` = '/admin/basedata/banner_info.shtml' ) AND `ui_menu`.`delete_time` IS NULL LIMIT 1 [ RunTime:0.008000s ]
[ sql ] [ SQL ] SELECT * FROM `ui_menu` WHERE (  `menu_id` = 240 ) AND `ui_menu`.`delete_time` IS NULL LIMIT 1 [ RunTime:0.008001s ]
[ sql ] [ SQL ] SHOW COLUMNS FROM `ui_admin` [ RunTime:0.008000s ]
[ sql ] [ SQL ] SELECT * FROM `ui_admin` WHERE (  `admin_id` = 1 ) AND `ui_admin`.`delete_time` IS NULL LIMIT 1 [ RunTime:0.008001s ]
[ sql ] [ SQL ] SHOW COLUMNS FROM `ui_banner` [ RunTime:0.008000s ]
[ sql ] [ SQL ] SELECT COUNT(*) AS tp_count FROM `ui_banner` `a` INNER JOIN `ui_banner_type` `b` ON `a`.`type_id`=`b`.`id` WHERE `a`.`delete_time` IS NULL LIMIT 1 [ RunTime:0.007001s ]
[ sql ] [ SQL ] SELECT `a`.`id`,`a`.`title`,`a`.`is_using`,`a`.`rank`,`a`.`banner`,`a`.`create_time`,`b`.`type_name` FROM `ui_banner` `a` INNER JOIN `ui_banner_type` `b` ON `a`.`type_id`=`b`.`id` WHERE `a`.`delete_time` IS NULL ORDER BY id desc LIMIT 0,15 [ RunTime:0.008000s ]
---------------------------------------------------------------
[ 2017-11-10T19:05:50+08:00 ] 127.0.0.4 127.0.0.1 GET /admin/basedata/banner_add.shtml
[ sql ] [ DB ] CONNECT:[ UseTime:0.017001s ] mysql:dbname=essjbaogtcom;host=essj.baogt.com;port=3306;charset=utf8
[ sql ] [ SQL ] SHOW COLUMNS FROM `ui_config` [ RunTime:0.008001s ]
[ sql ] [ SQL ] SELECT * FROM `ui_config` WHERE `ui_config`.`delete_time` IS NULL [ RunTime:0.007000s ]
[ sql ] [ SQL ] SHOW COLUMNS FROM `ui_city` [ RunTime:0.008000s ]
[ sql ] [ SQL ] SELECT * FROM `ui_city` WHERE  `pid` <> 0 [ RunTime:0.048003s ]
[ sql ] [ SQL ] SHOW COLUMNS FROM `ui_menu` [ RunTime:0.009001s ]
[ sql ] [ SQL ] SELECT * FROM `ui_menu` WHERE (  `url` = '/admin/basedata/banner_add.shtml' ) AND `ui_menu`.`delete_time` IS NULL LIMIT 1 [ RunTime:0.008001s ]
[ sql ] [ SQL ] SELECT * FROM `ui_menu` WHERE (  `menu_id` = 243 ) AND `ui_menu`.`delete_time` IS NULL LIMIT 1 [ RunTime:0.008000s ]
[ sql ] [ SQL ] SHOW COLUMNS FROM `ui_admin` [ RunTime:0.009001s ]
[ sql ] [ SQL ] SELECT * FROM `ui_admin` WHERE (  `admin_id` = 1 ) AND `ui_admin`.`delete_time` IS NULL LIMIT 1 [ RunTime:0.008000s ]
[ sql ] [ SQL ] SHOW COLUMNS FROM `ui_banner_type` [ RunTime:0.008000s ]
[ sql ] [ SQL ] SELECT * FROM `ui_banner_type` WHERE `ui_banner_type`.`delete_time` IS NULL [ RunTime:0.007000s ]
