---------------------------------------------------------------
[ 2017-09-29T09:43:22+08:00 ] 127.0.0.4 127.0.0.1 GET /admin/index/index.shtml
[ info ] 127.0.0.4/admin/index/index.shtml [运行时间：0.313018s][吞吐率：3.19req/s] [内存消耗：5,273.15kb] [文件加载：52]
[ info ] [ LANG ] D:\phpStudy\WWW\ershoushouji\frame\lang\zh-cn.php
[ info ] [ ROUTE ] array (
  'type' => 'module',
  'module' => 
  array (
    0 => 'admin',
    1 => 'index',
    2 => 'index',
  ),
)
[ info ] [ HEADER ] array (
  'accept-language' => 'zh-CN,zh;q=0.8',
  'accept-encoding' => 'gzip, deflate, br',
  'referer' => 'http://127.0.0.4/admin/index/index.shtml',
  'accept' => 'text/html,application/xhtml+xml,application/xml;q=0.9,image/webp,image/apng,*/*;q=0.8',
  'user-agent' => 'Mozilla/5.0 (Windows NT 6.1; WOW64) AppleWebKit/537.36 (KHTML, like Gecko) Chrome/60.0.3112.113 Safari/537.36',
  'upgrade-insecure-requests' => '1',
  'connection' => 'close',
  'host' => '127.0.0.4',
)
[ info ] [ PARAM ] array (
)
[ info ] [ DB ] INIT mysql
[ info ] [ SESSION ] INIT array (
  'prefix' => 'admin',
)
[ info ] [ LOG ] INIT File
---------------------------------------------------------------
[ 2017-09-29T09:43:22+08:00 ] 127.0.0.4 127.0.0.1 GET /admin/publics/login.shtml
[ info ] 127.0.0.4/admin/publics/login.shtml [运行时间：0.297017s][吞吐率：3.37req/s] [内存消耗：5,421.91kb] [文件加载：56]
[ info ] [ LANG ] D:\phpStudy\WWW\ershoushouji\frame\lang\zh-cn.php
[ info ] [ ROUTE ] array (
  'type' => 'module',
  'module' => 
  array (
    0 => 'admin',
    1 => 'publics',
    2 => 'login',
  ),
)
[ info ] [ HEADER ] array (
  'cookie' => 'PHPSESSID=b8q1paotd6882ufh09v5kfq0t5',
  'accept-language' => 'zh-CN,zh;q=0.8',
  'accept-encoding' => 'gzip, deflate, br',
  'referer' => 'http://127.0.0.4/admin/index/index.shtml',
  'accept' => 'text/html,application/xhtml+xml,application/xml;q=0.9,image/webp,image/apng,*/*;q=0.8',
  'user-agent' => 'Mozilla/5.0 (Windows NT 6.1; WOW64) AppleWebKit/537.36 (KHTML, like Gecko) Chrome/60.0.3112.113 Safari/537.36',
  'upgrade-insecure-requests' => '1',
  'connection' => 'close',
  'host' => '127.0.0.4',
)
[ info ] [ PARAM ] array (
)
[ info ] [ DB ] INIT mysql
[ info ] [ SESSION ] INIT array (
  'prefix' => 'admin',
)
[ info ] [ RUN ] app\admin\controller\Publics->login[ D:\phpStudy\WWW\ershoushouji\application\admin\controller\Publics.php ]
[ info ] [ VIEW ] D:\phpStudy\WWW\ershoushouji/public\theme\admin\publics\login.html [ array (
  0 => 'module_name',
  1 => 'controller_name',
  2 => 'action_name',
  3 => 'public_path',
  4 => 'static_path',
  5 => 'web_public',
  6 => 'web_static',
  7 => 'js',
  8 => 'css',
  9 => 'img',
  10 => 'title',
  11 => 'admin_title',
  12 => 'nowpage',
  13 => 'upload',
  14 => 'menu',
) ]
[ info ] [ LOG ] INIT File
---------------------------------------------------------------
[ 2017-09-29T17:51:57+08:00 ] 127.0.0.4 127.0.0.1 GET /
[ info ] 127.0.0.4/ [运行时间：0.334019s][吞吐率：2.99req/s] [内存消耗：5,269.48kb] [文件加载：52]
[ info ] [ LANG ] D:\phpStudy\WWW\ershoushouji\frame\lang\zh-cn.php
[ info ] [ ROUTE ] array (
  'type' => 'module',
  'module' => 
  array (
    0 => '',
    1 => NULL,
    2 => NULL,
  ),
)
[ info ] [ HEADER ] array (
  'upgrade-insecure-requests' => '1',
  'connection' => 'close',
  'accept-encoding' => 'gzip, deflate',
  'accept-language' => 'zh-CN,zh;q=0.8,en-US;q=0.5,en;q=0.3',
  'accept' => 'text/html,application/xhtml+xml,application/xml;q=0.9,*/*;q=0.8',
  'user-agent' => 'Mozilla/5.0 (Windows NT 6.1; WOW64; rv:55.0) Gecko/20100101 Firefox/55.0',
  'host' => '127.0.0.4',
)
[ info ] [ PARAM ] array (
)
[ info ] [ DB ] INIT mysql
[ info ] [ SESSION ] INIT array (
  'prefix' => 'admin',
)
[ info ] [ LOG ] INIT File
---------------------------------------------------------------
[ 2017-09-29T17:51:58+08:00 ] 127.0.0.4 127.0.0.1 GET /admin/publics/login.shtml
[ info ] 127.0.0.4/admin/publics/login.shtml [运行时间：0.318018s][吞吐率：3.14req/s] [内存消耗：5,421.35kb] [文件加载：56]
[ info ] [ LANG ] D:\phpStudy\WWW\ershoushouji\frame\lang\zh-cn.php
[ info ] [ ROUTE ] array (
  'type' => 'module',
  'module' => 
  array (
    0 => 'admin',
    1 => 'publics',
    2 => 'login',
  ),
)
[ info ] [ HEADER ] array (
  'upgrade-insecure-requests' => '1',
  'connection' => 'close',
  'cookie' => 'PHPSESSID=fq76akl7u0sabaiovh2k5nru25',
  'accept-encoding' => 'gzip, deflate',
  'accept-language' => 'zh-CN,zh;q=0.8,en-US;q=0.5,en;q=0.3',
  'accept' => 'text/html,application/xhtml+xml,application/xml;q=0.9,*/*;q=0.8',
  'user-agent' => 'Mozilla/5.0 (Windows NT 6.1; WOW64; rv:55.0) Gecko/20100101 Firefox/55.0',
  'host' => '127.0.0.4',
)
[ info ] [ PARAM ] array (
)
[ info ] [ DB ] INIT mysql
[ info ] [ SESSION ] INIT array (
  'prefix' => 'admin',
)
[ info ] [ RUN ] app\admin\controller\Publics->login[ D:\phpStudy\WWW\ershoushouji\application\admin\controller\Publics.php ]
[ info ] [ VIEW ] D:\phpStudy\WWW\ershoushouji/public\theme\admin\publics\login.html [ array (
  0 => 'module_name',
  1 => 'controller_name',
  2 => 'action_name',
  3 => 'public_path',
  4 => 'static_path',
  5 => 'web_public',
  6 => 'web_static',
  7 => 'js',
  8 => 'css',
  9 => 'img',
  10 => 'title',
  11 => 'admin_title',
  12 => 'nowpage',
  13 => 'upload',
  14 => 'menu',
) ]
[ info ] [ LOG ] INIT File
---------------------------------------------------------------
[ 2017-09-29T17:52:10+08:00 ] 127.0.0.4 127.0.0.1 POST /admin/publics/login.shtml
[ info ] 127.0.0.4/admin/publics/login.shtml [运行时间：0.149008s][吞吐率：6.71req/s] [内存消耗：2,308.17kb] [文件加载：53]
[ info ] [ LANG ] D:\phpStudy\WWW\ershoushouji\frame\lang\zh-cn.php
[ info ] [ ROUTE ] array (
  'type' => 'module',
  'module' => 
  array (
    0 => 'admin',
    1 => 'publics',
    2 => 'login',
  ),
)
[ info ] [ HEADER ] array (
  'connection' => 'close',
  'cookie' => 'thinkphp_show_page_trace=0|0; PHPSESSID=fq76akl7u0sabaiovh2k5nru25',
  'content-length' => '30',
  'x-requested-with' => 'XMLHttpRequest',
  'content-type' => 'application/x-www-form-urlencoded; charset=UTF-8',
  'referer' => 'http://127.0.0.4/admin/publics/login.shtml',
  'accept-encoding' => 'gzip, deflate',
  'accept-language' => 'zh-CN,zh;q=0.8,en-US;q=0.5,en;q=0.3',
  'accept' => 'application/json, text/javascript, */*; q=0.01',
  'user-agent' => 'Mozilla/5.0 (Windows NT 6.1; WOW64; rv:55.0) Gecko/20100101 Firefox/55.0',
  'host' => '127.0.0.4',
)
[ info ] [ PARAM ] array (
  'username' => 'admin',
  'password' => '123456',
)
[ info ] [ SESSION ] INIT array (
  'prefix' => 'admin',
)
[ info ] [ DB ] INIT mysql
[ info ] [ RUN ] app\admin\controller\Publics->login[ D:\phpStudy\WWW\ershoushouji\application\admin\controller\Publics.php ]
[ info ] [ CACHE ] INIT File
[ info ] [ LOG ] INIT File
---------------------------------------------------------------
[ 2017-09-29T17:52:12+08:00 ] 127.0.0.4 127.0.0.1 GET /admin/index/index.shtml
[ info ] 127.0.0.4/admin/index/index.shtml [运行时间：0.398023s][吞吐率：2.51req/s] [内存消耗：2,714.27kb] [文件加载：60]
[ info ] [ LANG ] D:\phpStudy\WWW\ershoushouji\frame\lang\zh-cn.php
[ info ] [ ROUTE ] array (
  'type' => 'module',
  'module' => 
  array (
    0 => 'admin',
    1 => 'index',
    2 => 'index',
  ),
)
[ info ] [ HEADER ] array (
  'upgrade-insecure-requests' => '1',
  'connection' => 'close',
  'cookie' => 'PHPSESSID=fq76akl7u0sabaiovh2k5nru25',
  'referer' => 'http://127.0.0.4/admin/publics/login.shtml',
  'accept-encoding' => 'gzip, deflate',
  'accept-language' => 'zh-CN,zh;q=0.8,en-US;q=0.5,en;q=0.3',
  'accept' => 'text/html,application/xhtml+xml,application/xml;q=0.9,*/*;q=0.8',
  'user-agent' => 'Mozilla/5.0 (Windows NT 6.1; WOW64; rv:55.0) Gecko/20100101 Firefox/55.0',
  'host' => '127.0.0.4',
)
[ info ] [ PARAM ] array (
)
[ info ] [ DB ] INIT mysql
[ info ] [ SESSION ] INIT array (
  'prefix' => 'admin',
)
[ info ] [ RUN ] app\admin\controller\Index->index[ D:\phpStudy\WWW\ershoushouji\application\admin\controller\Index.php ]
[ info ] [ VIEW ] D:\phpStudy\WWW\ershoushouji/public\theme\admin\index\index.html [ array (
  0 => 'module_name',
  1 => 'controller_name',
  2 => 'action_name',
  3 => 'public_path',
  4 => 'static_path',
  5 => 'web_public',
  6 => 'web_static',
  7 => 'js',
  8 => 'css',
  9 => 'img',
  10 => 'title',
  11 => 'admin_title',
  12 => 'nowpage',
  13 => 'upload',
  14 => 'menu',
  15 => 'menus',
  16 => 'headimg',
) ]
[ info ] [ LOG ] INIT File
---------------------------------------------------------------
[ 2017-09-29T17:52:13+08:00 ] 127.0.0.4 127.0.0.1 GET /admin/index/main.shtml
[ info ] 127.0.0.4/admin/index/main.shtml [运行时间：0.696040s][吞吐率：1.44req/s] [内存消耗：8,385.77kb] [文件加载：86]
[ info ] [ LANG ] D:\phpStudy\WWW\ershoushouji\frame\lang\zh-cn.php
[ info ] [ ROUTE ] array (
  'type' => 'module',
  'module' => 
  array (
    0 => 'admin',
    1 => 'index',
    2 => 'main',
  ),
)
[ info ] [ HEADER ] array (
  'upgrade-insecure-requests' => '1',
  'connection' => 'close',
  'cookie' => 'PHPSESSID=fq76akl7u0sabaiovh2k5nru25',
  'referer' => 'http://127.0.0.4/admin/index/index.shtml',
  'accept-encoding' => 'gzip, deflate',
  'accept-language' => 'zh-CN,zh;q=0.8,en-US;q=0.5,en;q=0.3',
  'accept' => 'text/html,application/xhtml+xml,application/xml;q=0.9,*/*;q=0.8',
  'user-agent' => 'Mozilla/5.0 (Windows NT 6.1; WOW64; rv:55.0) Gecko/20100101 Firefox/55.0',
  'host' => '127.0.0.4',
)
[ info ] [ PARAM ] array (
)
[ info ] [ DB ] INIT mysql
[ info ] [ SESSION ] INIT array (
  'prefix' => 'admin',
)
[ info ] [ RUN ] app\admin\controller\Index->main[ D:\phpStudy\WWW\ershoushouji\application\admin\controller\Index.php ]
[ info ] [ VIEW ] D:\phpStudy\WWW\ershoushouji/public\theme\admin\index\main.html [ array (
  0 => 'module_name',
  1 => 'controller_name',
  2 => 'action_name',
  3 => 'public_path',
  4 => 'static_path',
  5 => 'web_public',
  6 => 'web_static',
  7 => 'js',
  8 => 'css',
  9 => 'img',
  10 => 'title',
  11 => 'admin_title',
  12 => 'nowpage',
  13 => 'upload',
  14 => 'menu',
  15 => 'date',
  16 => 'order_back_count',
  17 => 'total_price',
  18 => 'order_count',
  19 => 'user_count',
) ]
[ info ] [ LOG ] INIT File
---------------------------------------------------------------
[ 2017-09-29T17:52:14+08:00 ] 127.0.0.4 127.0.0.1 POST /admin/index/isuniquelogin.shtml
[ info ] 127.0.0.4/admin/index/isuniquelogin.shtml [运行时间：0.115007s][吞吐率：8.70req/s] [内存消耗：2,162.51kb] [文件加载：47]
[ info ] [ LANG ] D:\phpStudy\WWW\ershoushouji\frame\lang\zh-cn.php
[ info ] [ ROUTE ] array (
  'type' => 'module',
  'module' => 
  array (
    0 => 'admin',
    1 => 'index',
    2 => 'isuniquelogin',
  ),
)
[ info ] [ HEADER ] array (
  'content-length' => '0',
  'connection' => 'close',
  'cookie' => 'thinkphp_show_page_trace=0|0; PHPSESSID=fq76akl7u0sabaiovh2k5nru25',
  'x-requested-with' => 'XMLHttpRequest',
  'referer' => 'http://127.0.0.4/admin/index/index.shtml',
  'accept-encoding' => 'gzip, deflate',
  'accept-language' => 'zh-CN,zh;q=0.8,en-US;q=0.5,en;q=0.3',
  'accept' => 'application/json, text/javascript, */*; q=0.01',
  'user-agent' => 'Mozilla/5.0 (Windows NT 6.1; WOW64; rv:55.0) Gecko/20100101 Firefox/55.0',
  'host' => '127.0.0.4',
)
[ info ] [ PARAM ] array (
)
[ info ] [ SESSION ] INIT array (
  'prefix' => 'admin',
)
[ info ] [ DB ] INIT mysql
[ info ] [ RUN ] app\admin\controller\Index->isUniqueLogin[ D:\phpStudy\WWW\ershoushouji\application\admin\controller\Index.php ]
[ info ] [ LOG ] INIT File
---------------------------------------------------------------
[ 2017-09-29T17:52:19+08:00 ] 127.0.0.4 127.0.0.1 GET /admin/good/index.shtml
[ info ] 127.0.0.4/admin/good/index.shtml [运行时间：0.467027s][吞吐率：2.14req/s] [内存消耗：6,221.43kb] [文件加载：66]
[ info ] [ LANG ] D:\phpStudy\WWW\ershoushouji\frame\lang\zh-cn.php
[ info ] [ ROUTE ] array (
  'type' => 'module',
  'module' => 
  array (
    0 => 'admin',
    1 => 'good',
    2 => 'index',
  ),
)
[ info ] [ HEADER ] array (
  'upgrade-insecure-requests' => '1',
  'connection' => 'close',
  'cookie' => 'PHPSESSID=fq76akl7u0sabaiovh2k5nru25',
  'referer' => 'http://127.0.0.4/admin/index/index.shtml',
  'accept-encoding' => 'gzip, deflate',
  'accept-language' => 'zh-CN,zh;q=0.8,en-US;q=0.5,en;q=0.3',
  'accept' => 'text/html,application/xhtml+xml,application/xml;q=0.9,*/*;q=0.8',
  'user-agent' => 'Mozilla/5.0 (Windows NT 6.1; WOW64; rv:55.0) Gecko/20100101 Firefox/55.0',
  'host' => '127.0.0.4',
)
[ info ] [ PARAM ] array (
)
[ info ] [ DB ] INIT mysql
[ info ] [ SESSION ] INIT array (
  'prefix' => 'admin',
)
[ info ] [ RUN ] app\admin\controller\Good->index[ D:\phpStudy\WWW\ershoushouji\application\admin\controller\Good.php ]
[ info ] [ VIEW ] D:\phpStudy\WWW\ershoushouji/public\theme\admin\good\index.html [ array (
  0 => 'module_name',
  1 => 'controller_name',
  2 => 'action_name',
  3 => 'public_path',
  4 => 'static_path',
  5 => 'web_public',
  6 => 'web_static',
  7 => 'js',
  8 => 'css',
  9 => 'img',
  10 => 'title',
  11 => 'admin_title',
  12 => 'nowpage',
  13 => 'upload',
  14 => 'menu',
  15 => 'goods',
  16 => 'brands',
) ]
[ info ] [ LOG ] INIT File
---------------------------------------------------------------
[ 2017-09-29T17:52:21+08:00 ] 127.0.0.4 127.0.0.1 GET /admin/good/add.shtml
[ info ] 127.0.0.4/admin/good/add.shtml [运行时间：0.477028s][吞吐率：2.10req/s] [内存消耗：5,916.23kb] [文件加载：63]
[ info ] [ LANG ] D:\phpStudy\WWW\ershoushouji\frame\lang\zh-cn.php
[ info ] [ ROUTE ] array (
  'type' => 'module',
  'module' => 
  array (
    0 => 'admin',
    1 => 'good',
    2 => 'add',
  ),
)
[ info ] [ HEADER ] array (
  'upgrade-insecure-requests' => '1',
  'connection' => 'close',
  'cookie' => 'thinkphp_show_page_trace=0|0; PHPSESSID=fq76akl7u0sabaiovh2k5nru25',
  'referer' => 'http://127.0.0.4/admin/good/index.shtml',
  'accept-encoding' => 'gzip, deflate',
  'accept-language' => 'zh-CN,zh;q=0.8,en-US;q=0.5,en;q=0.3',
  'accept' => 'text/html,application/xhtml+xml,application/xml;q=0.9,*/*;q=0.8',
  'user-agent' => 'Mozilla/5.0 (Windows NT 6.1; WOW64; rv:55.0) Gecko/20100101 Firefox/55.0',
  'host' => '127.0.0.4',
)
[ info ] [ PARAM ] array (
)
[ info ] [ DB ] INIT mysql
[ info ] [ SESSION ] INIT array (
  'prefix' => 'admin',
)
[ info ] [ RUN ] app\admin\controller\Good->add[ D:\phpStudy\WWW\ershoushouji\application\admin\controller\Good.php ]
[ info ] [ VIEW ] D:\phpStudy\WWW\ershoushouji/public\theme\admin\good\add.html [ array (
  0 => 'module_name',
  1 => 'controller_name',
  2 => 'action_name',
  3 => 'public_path',
  4 => 'static_path',
  5 => 'web_public',
  6 => 'web_static',
  7 => 'js',
  8 => 'css',
  9 => 'img',
  10 => 'title',
  11 => 'admin_title',
  12 => 'nowpage',
  13 => 'upload',
  14 => 'menu',
  15 => 'brands',
  16 => 'attrs',
  17 => 'check_info',
  18 => 'stores',
  19 => 'model',
) ]
[ info ] [ LOG ] INIT File
---------------------------------------------------------------
[ 2017-09-29T17:54:27+08:00 ] 127.0.0.4 127.0.0.1 GET /admin/index/index.shtml
[ info ] 127.0.0.4/admin/index/index.shtml [运行时间：0.418024s][吞吐率：2.39req/s] [内存消耗：2,721.04kb] [文件加载：60]
[ info ] [ LANG ] D:\phpStudy\WWW\ershoushouji\frame\lang\zh-cn.php
[ info ] [ ROUTE ] array (
  'type' => 'module',
  'module' => 
  array (
    0 => 'admin',
    1 => 'index',
    2 => 'index',
  ),
)
[ info ] [ HEADER ] array (
  'upgrade-insecure-requests' => '1',
  'connection' => 'close',
  'cookie' => 'thinkphp_show_page_trace=0|0; PHPSESSID=fq76akl7u0sabaiovh2k5nru25',
  'accept-encoding' => 'gzip, deflate',
  'accept-language' => 'zh-CN,zh;q=0.8,en-US;q=0.5,en;q=0.3',
  'accept' => 'text/html,application/xhtml+xml,application/xml;q=0.9,*/*;q=0.8',
  'user-agent' => 'Mozilla/5.0 (Windows NT 6.1; WOW64; rv:55.0) Gecko/20100101 Firefox/55.0',
  'host' => '127.0.0.4',
)
[ info ] [ PARAM ] array (
)
[ info ] [ DB ] INIT mysql
[ info ] [ SESSION ] INIT array (
  'prefix' => 'admin',
)
[ info ] [ RUN ] app\admin\controller\Index->index[ D:\phpStudy\WWW\ershoushouji\application\admin\controller\Index.php ]
[ info ] [ VIEW ] D:\phpStudy\WWW\ershoushouji/public\theme\admin\index\index.html [ array (
  0 => 'module_name',
  1 => 'controller_name',
  2 => 'action_name',
  3 => 'public_path',
  4 => 'static_path',
  5 => 'web_public',
  6 => 'web_static',
  7 => 'js',
  8 => 'css',
  9 => 'img',
  10 => 'title',
  11 => 'admin_title',
  12 => 'nowpage',
  13 => 'upload',
  14 => 'menu',
  15 => 'menus',
  16 => 'headimg',
) ]
[ info ] [ LOG ] INIT File
---------------------------------------------------------------
[ 2017-09-29T17:54:28+08:00 ] 127.0.0.4 127.0.0.1 GET /admin/index/main.shtml
[ info ] 127.0.0.4/admin/index/main.shtml [运行时间：0.673038s][吞吐率：1.49req/s] [内存消耗：8,386.30kb] [文件加载：86]
[ info ] [ LANG ] D:\phpStudy\WWW\ershoushouji\frame\lang\zh-cn.php
[ info ] [ ROUTE ] array (
  'type' => 'module',
  'module' => 
  array (
    0 => 'admin',
    1 => 'index',
    2 => 'main',
  ),
)
[ info ] [ HEADER ] array (
  'upgrade-insecure-requests' => '1',
  'connection' => 'close',
  'cookie' => 'thinkphp_show_page_trace=0|0; PHPSESSID=fq76akl7u0sabaiovh2k5nru25',
  'referer' => 'http://127.0.0.4/admin/index/index.shtml',
  'accept-encoding' => 'gzip, deflate',
  'accept-language' => 'zh-CN,zh;q=0.8,en-US;q=0.5,en;q=0.3',
  'accept' => 'text/html,application/xhtml+xml,application/xml;q=0.9,*/*;q=0.8',
  'user-agent' => 'Mozilla/5.0 (Windows NT 6.1; WOW64; rv:55.0) Gecko/20100101 Firefox/55.0',
  'host' => '127.0.0.4',
)
[ info ] [ PARAM ] array (
)
[ info ] [ DB ] INIT mysql
[ info ] [ SESSION ] INIT array (
  'prefix' => 'admin',
)
[ info ] [ RUN ] app\admin\controller\Index->main[ D:\phpStudy\WWW\ershoushouji\application\admin\controller\Index.php ]
[ info ] [ VIEW ] D:\phpStudy\WWW\ershoushouji/public\theme\admin\index\main.html [ array (
  0 => 'module_name',
  1 => 'controller_name',
  2 => 'action_name',
  3 => 'public_path',
  4 => 'static_path',
  5 => 'web_public',
  6 => 'web_static',
  7 => 'js',
  8 => 'css',
  9 => 'img',
  10 => 'title',
  11 => 'admin_title',
  12 => 'nowpage',
  13 => 'upload',
  14 => 'menu',
  15 => 'date',
  16 => 'order_back_count',
  17 => 'total_price',
  18 => 'order_count',
  19 => 'user_count',
) ]
[ info ] [ LOG ] INIT File
---------------------------------------------------------------
[ 2017-09-29T17:54:29+08:00 ] 127.0.0.4 127.0.0.1 POST /admin/index/isuniquelogin.shtml
[ info ] 127.0.0.4/admin/index/isuniquelogin.shtml [运行时间：0.112007s][吞吐率：8.93req/s] [内存消耗：2,162.60kb] [文件加载：47]
[ info ] [ LANG ] D:\phpStudy\WWW\ershoushouji\frame\lang\zh-cn.php
[ info ] [ ROUTE ] array (
  'type' => 'module',
  'module' => 
  array (
    0 => 'admin',
    1 => 'index',
    2 => 'isuniquelogin',
  ),
)
[ info ] [ HEADER ] array (
  'content-length' => '0',
  'connection' => 'close',
  'cookie' => 'thinkphp_show_page_trace=0|0; PHPSESSID=fq76akl7u0sabaiovh2k5nru25',
  'x-requested-with' => 'XMLHttpRequest',
  'referer' => 'http://127.0.0.4/admin/index/index.shtml',
  'accept-encoding' => 'gzip, deflate',
  'accept-language' => 'zh-CN,zh;q=0.8,en-US;q=0.5,en;q=0.3',
  'accept' => 'application/json, text/javascript, */*; q=0.01',
  'user-agent' => 'Mozilla/5.0 (Windows NT 6.1; WOW64; rv:55.0) Gecko/20100101 Firefox/55.0',
  'host' => '127.0.0.4',
)
[ info ] [ PARAM ] array (
)
[ info ] [ SESSION ] INIT array (
  'prefix' => 'admin',
)
[ info ] [ DB ] INIT mysql
[ info ] [ RUN ] app\admin\controller\Index->isUniqueLogin[ D:\phpStudy\WWW\ershoushouji\application\admin\controller\Index.php ]
[ info ] [ LOG ] INIT File
---------------------------------------------------------------
[ 2017-09-29T17:54:32+08:00 ] 127.0.0.4 127.0.0.1 GET /admin/good/index.shtml
[ info ] 127.0.0.4/admin/good/index.shtml [运行时间：0.478027s][吞吐率：2.09req/s] [内存消耗：6,221.62kb] [文件加载：66]
[ info ] [ LANG ] D:\phpStudy\WWW\ershoushouji\frame\lang\zh-cn.php
[ info ] [ ROUTE ] array (
  'type' => 'module',
  'module' => 
  array (
    0 => 'admin',
    1 => 'good',
    2 => 'index',
  ),
)
[ info ] [ HEADER ] array (
  'upgrade-insecure-requests' => '1',
  'connection' => 'close',
  'cookie' => 'thinkphp_show_page_trace=0|0; PHPSESSID=fq76akl7u0sabaiovh2k5nru25',
  'referer' => 'http://127.0.0.4/admin/index/index.shtml',
  'accept-encoding' => 'gzip, deflate',
  'accept-language' => 'zh-CN,zh;q=0.8,en-US;q=0.5,en;q=0.3',
  'accept' => 'text/html,application/xhtml+xml,application/xml;q=0.9,*/*;q=0.8',
  'user-agent' => 'Mozilla/5.0 (Windows NT 6.1; WOW64; rv:55.0) Gecko/20100101 Firefox/55.0',
  'host' => '127.0.0.4',
)
[ info ] [ PARAM ] array (
)
[ info ] [ DB ] INIT mysql
[ info ] [ SESSION ] INIT array (
  'prefix' => 'admin',
)
[ info ] [ RUN ] app\admin\controller\Good->index[ D:\phpStudy\WWW\ershoushouji\application\admin\controller\Good.php ]
[ info ] [ VIEW ] D:\phpStudy\WWW\ershoushouji/public\theme\admin\good\index.html [ array (
  0 => 'module_name',
  1 => 'controller_name',
  2 => 'action_name',
  3 => 'public_path',
  4 => 'static_path',
  5 => 'web_public',
  6 => 'web_static',
  7 => 'js',
  8 => 'css',
  9 => 'img',
  10 => 'title',
  11 => 'admin_title',
  12 => 'nowpage',
  13 => 'upload',
  14 => 'menu',
  15 => 'goods',
  16 => 'brands',
) ]
[ info ] [ LOG ] INIT File
---------------------------------------------------------------
[ 2017-09-29T17:54:34+08:00 ] 127.0.0.4 127.0.0.1 GET /admin/good/add.shtml
[ info ] 127.0.0.4/admin/good/add.shtml [运行时间：0.432024s][吞吐率：2.31req/s] [内存消耗：5,916.23kb] [文件加载：63]
[ info ] [ LANG ] D:\phpStudy\WWW\ershoushouji\frame\lang\zh-cn.php
[ info ] [ ROUTE ] array (
  'type' => 'module',
  'module' => 
  array (
    0 => 'admin',
    1 => 'good',
    2 => 'add',
  ),
)
[ info ] [ HEADER ] array (
  'upgrade-insecure-requests' => '1',
  'connection' => 'close',
  'cookie' => 'thinkphp_show_page_trace=0|0; PHPSESSID=fq76akl7u0sabaiovh2k5nru25',
  'referer' => 'http://127.0.0.4/admin/good/index.shtml',
  'accept-encoding' => 'gzip, deflate',
  'accept-language' => 'zh-CN,zh;q=0.8,en-US;q=0.5,en;q=0.3',
  'accept' => 'text/html,application/xhtml+xml,application/xml;q=0.9,*/*;q=0.8',
  'user-agent' => 'Mozilla/5.0 (Windows NT 6.1; WOW64; rv:55.0) Gecko/20100101 Firefox/55.0',
  'host' => '127.0.0.4',
)
[ info ] [ PARAM ] array (
)
[ info ] [ DB ] INIT mysql
[ info ] [ SESSION ] INIT array (
  'prefix' => 'admin',
)
[ info ] [ RUN ] app\admin\controller\Good->add[ D:\phpStudy\WWW\ershoushouji\application\admin\controller\Good.php ]
[ info ] [ VIEW ] D:\phpStudy\WWW\ershoushouji/public\theme\admin\good\add.html [ array (
  0 => 'module_name',
  1 => 'controller_name',
  2 => 'action_name',
  3 => 'public_path',
  4 => 'static_path',
  5 => 'web_public',
  6 => 'web_static',
  7 => 'js',
  8 => 'css',
  9 => 'img',
  10 => 'title',
  11 => 'admin_title',
  12 => 'nowpage',
  13 => 'upload',
  14 => 'menu',
  15 => 'brands',
  16 => 'attrs',
  17 => 'check_info',
  18 => 'stores',
  19 => 'model',
) ]
[ info ] [ LOG ] INIT File
---------------------------------------------------------------
[ 2017-09-29T17:54:40+08:00 ] 127.0.0.4 127.0.0.1 POST /admin/good/get_model.shtml
[ info ] 127.0.0.4/admin/good/get_model.shtml [运行时间：0.120007s][吞吐率：8.33req/s] [内存消耗：2,350.45kb] [文件加载：50]
[ info ] [ LANG ] D:\phpStudy\WWW\ershoushouji\frame\lang\zh-cn.php
[ info ] [ ROUTE ] array (
  'type' => 'module',
  'module' => 
  array (
    0 => 'admin',
    1 => 'good',
    2 => 'get_model',
  ),
)
[ info ] [ HEADER ] array (
  'connection' => 'close',
  'cookie' => 'thinkphp_show_page_trace=0|0; PHPSESSID=fq76akl7u0sabaiovh2k5nru25',
  'content-length' => '10',
  'x-requested-with' => 'XMLHttpRequest',
  'content-type' => 'application/x-www-form-urlencoded; charset=UTF-8',
  'referer' => 'http://127.0.0.4/admin/good/add.shtml',
  'accept-encoding' => 'gzip, deflate',
  'accept-language' => 'zh-CN,zh;q=0.8,en-US;q=0.5,en;q=0.3',
  'accept' => 'application/json, text/javascript, */*; q=0.01',
  'user-agent' => 'Mozilla/5.0 (Windows NT 6.1; WOW64; rv:55.0) Gecko/20100101 Firefox/55.0',
  'host' => '127.0.0.4',
)
[ info ] [ PARAM ] array (
  'brand_id' => '3',
)
[ info ] [ SESSION ] INIT array (
  'prefix' => 'admin',
)
[ info ] [ DB ] INIT mysql
[ info ] [ RUN ] app\admin\controller\Good->get_model[ D:\phpStudy\WWW\ershoushouji\application\admin\controller\Good.php ]
[ info ] [ LOG ] INIT File
---------------------------------------------------------------
[ 2017-09-29T17:54:52+08:00 ] 127.0.0.4 127.0.0.1 GET /admin/good/brand_index.shtml
[ info ] 127.0.0.4/admin/good/brand_index.shtml [运行时间：0.423024s][吞吐率：2.36req/s] [内存消耗：5,838.48kb] [文件加载：62]
[ info ] [ LANG ] D:\phpStudy\WWW\ershoushouji\frame\lang\zh-cn.php
[ info ] [ ROUTE ] array (
  'type' => 'module',
  'module' => 
  array (
    0 => 'admin',
    1 => 'good',
    2 => 'brand_index',
  ),
)
[ info ] [ HEADER ] array (
  'upgrade-insecure-requests' => '1',
  'connection' => 'close',
  'cookie' => 'thinkphp_show_page_trace=0|0; PHPSESSID=fq76akl7u0sabaiovh2k5nru25',
  'referer' => 'http://127.0.0.4/admin/index/index.shtml',
  'accept-encoding' => 'gzip, deflate',
  'accept-language' => 'zh-CN,zh;q=0.8,en-US;q=0.5,en;q=0.3',
  'accept' => 'text/html,application/xhtml+xml,application/xml;q=0.9,*/*;q=0.8',
  'user-agent' => 'Mozilla/5.0 (Windows NT 6.1; WOW64; rv:55.0) Gecko/20100101 Firefox/55.0',
  'host' => '127.0.0.4',
)
[ info ] [ PARAM ] array (
)
[ info ] [ DB ] INIT mysql
[ info ] [ SESSION ] INIT array (
  'prefix' => 'admin',
)
[ info ] [ RUN ] app\admin\controller\Good->brand_index[ D:\phpStudy\WWW\ershoushouji\application\admin\controller\Good.php ]
[ info ] [ VIEW ] D:\phpStudy\WWW\ershoushouji/public\theme\admin\good\brand_index.html [ array (
  0 => 'module_name',
  1 => 'controller_name',
  2 => 'action_name',
  3 => 'public_path',
  4 => 'static_path',
  5 => 'web_public',
  6 => 'web_static',
  7 => 'js',
  8 => 'css',
  9 => 'img',
  10 => 'title',
  11 => 'admin_title',
  12 => 'nowpage',
  13 => 'upload',
  14 => 'menu',
  15 => 'brands',
) ]
[ info ] [ LOG ] INIT File
---------------------------------------------------------------
[ 2017-09-29T17:54:55+08:00 ] 127.0.0.4 127.0.0.1 GET /admin/good/set_model_brand/brand_id/22/page/1.shtml
[ info ] 127.0.0.4/admin/good/set_model_brand/brand_id/22/page/1.shtml [运行时间：0.427025s][吞吐率：2.34req/s] [内存消耗：5,680.16kb] [文件加载：59]
[ info ] [ LANG ] D:\phpStudy\WWW\ershoushouji\frame\lang\zh-cn.php
[ info ] [ ROUTE ] array (
  'type' => 'module',
  'module' => 
  array (
    0 => 'admin',
    1 => 'good',
    2 => 'set_model_brand',
  ),
)
[ info ] [ HEADER ] array (
  'upgrade-insecure-requests' => '1',
  'connection' => 'close',
  'cookie' => 'thinkphp_show_page_trace=0|0; PHPSESSID=fq76akl7u0sabaiovh2k5nru25',
  'referer' => 'http://127.0.0.4/admin/good/brand_index.shtml',
  'accept-encoding' => 'gzip, deflate',
  'accept-language' => 'zh-CN,zh;q=0.8,en-US;q=0.5,en;q=0.3',
  'accept' => 'text/html,application/xhtml+xml,application/xml;q=0.9,*/*;q=0.8',
  'user-agent' => 'Mozilla/5.0 (Windows NT 6.1; WOW64; rv:55.0) Gecko/20100101 Firefox/55.0',
  'host' => '127.0.0.4',
)
[ info ] [ PARAM ] array (
  'brand_id' => '22',
  'page' => '1',
)
[ info ] [ DB ] INIT mysql
[ info ] [ SESSION ] INIT array (
  'prefix' => 'admin',
)
[ info ] [ RUN ] app\admin\controller\Good->set_model_brand[ D:\phpStudy\WWW\ershoushouji\application\admin\controller\Good.php ]
[ info ] [ VIEW ] D:\phpStudy\WWW\ershoushouji/public\theme\admin\good\set_model_brand.html [ array (
  0 => 'module_name',
  1 => 'controller_name',
  2 => 'action_name',
  3 => 'public_path',
  4 => 'static_path',
  5 => 'web_public',
  6 => 'web_static',
  7 => 'js',
  8 => 'css',
  9 => 'img',
  10 => 'title',
  11 => 'admin_title',
  12 => 'nowpage',
  13 => 'upload',
  14 => 'menu',
  15 => 'brand_id',
  16 => 'models',
) ]
[ info ] [ LOG ] INIT File
---------------------------------------------------------------
[ 2017-09-29T17:55:01+08:00 ] 127.0.0.4 127.0.0.1 GET /admin/good/set_model_brand/brand_id/17/page/1.shtml
[ info ] 127.0.0.4/admin/good/set_model_brand/brand_id/17/page/1.shtml [运行时间：0.393023s][吞吐率：2.54req/s] [内存消耗：5,674.41kb] [文件加载：59]
[ info ] [ LANG ] D:\phpStudy\WWW\ershoushouji\frame\lang\zh-cn.php
[ info ] [ ROUTE ] array (
  'type' => 'module',
  'module' => 
  array (
    0 => 'admin',
    1 => 'good',
    2 => 'set_model_brand',
  ),
)
[ info ] [ HEADER ] array (
  'upgrade-insecure-requests' => '1',
  'connection' => 'close',
  'cookie' => 'thinkphp_show_page_trace=0|0; PHPSESSID=fq76akl7u0sabaiovh2k5nru25',
  'referer' => 'http://127.0.0.4/admin/good/brand_index.shtml',
  'accept-encoding' => 'gzip, deflate',
  'accept-language' => 'zh-CN,zh;q=0.8,en-US;q=0.5,en;q=0.3',
  'accept' => 'text/html,application/xhtml+xml,application/xml;q=0.9,*/*;q=0.8',
  'user-agent' => 'Mozilla/5.0 (Windows NT 6.1; WOW64; rv:55.0) Gecko/20100101 Firefox/55.0',
  'host' => '127.0.0.4',
)
[ info ] [ PARAM ] array (
  'brand_id' => '17',
  'page' => '1',
)
[ info ] [ DB ] INIT mysql
[ info ] [ SESSION ] INIT array (
  'prefix' => 'admin',
)
[ info ] [ RUN ] app\admin\controller\Good->set_model_brand[ D:\phpStudy\WWW\ershoushouji\application\admin\controller\Good.php ]
[ info ] [ VIEW ] D:\phpStudy\WWW\ershoushouji/public\theme\admin\good\set_model_brand.html [ array (
  0 => 'module_name',
  1 => 'controller_name',
  2 => 'action_name',
  3 => 'public_path',
  4 => 'static_path',
  5 => 'web_public',
  6 => 'web_static',
  7 => 'js',
  8 => 'css',
  9 => 'img',
  10 => 'title',
  11 => 'admin_title',
  12 => 'nowpage',
  13 => 'upload',
  14 => 'menu',
  15 => 'brand_id',
  16 => 'models',
) ]
[ info ] [ LOG ] INIT File
---------------------------------------------------------------
[ 2017-09-29T17:55:39+08:00 ] 127.0.0.4 127.0.0.1 GET /admin/good/add_brand.shtml
[ info ] 127.0.0.4/admin/good/add_brand.shtml [运行时间：0.382022s][吞吐率：2.62req/s] [内存消耗：5,647.73kb] [文件加载：58]
[ info ] [ LANG ] D:\phpStudy\WWW\ershoushouji\frame\lang\zh-cn.php
[ info ] [ ROUTE ] array (
  'type' => 'module',
  'module' => 
  array (
    0 => 'admin',
    1 => 'good',
    2 => 'add_brand',
  ),
)
[ info ] [ HEADER ] array (
  'upgrade-insecure-requests' => '1',
  'connection' => 'close',
  'cookie' => 'thinkphp_show_page_trace=0|0; PHPSESSID=fq76akl7u0sabaiovh2k5nru25',
  'referer' => 'http://127.0.0.4/admin/good/brand_index.shtml',
  'accept-encoding' => 'gzip, deflate',
  'accept-language' => 'zh-CN,zh;q=0.8,en-US;q=0.5,en;q=0.3',
  'accept' => 'text/html,application/xhtml+xml,application/xml;q=0.9,*/*;q=0.8',
  'user-agent' => 'Mozilla/5.0 (Windows NT 6.1; WOW64; rv:55.0) Gecko/20100101 Firefox/55.0',
  'host' => '127.0.0.4',
)
[ info ] [ PARAM ] array (
)
[ info ] [ DB ] INIT mysql
[ info ] [ SESSION ] INIT array (
  'prefix' => 'admin',
)
[ info ] [ RUN ] app\admin\controller\Good->add_brand[ D:\phpStudy\WWW\ershoushouji\application\admin\controller\Good.php ]
[ info ] [ VIEW ] D:\phpStudy\WWW\ershoushouji/public\theme\admin\good\add_brand.html [ array (
  0 => 'module_name',
  1 => 'controller_name',
  2 => 'action_name',
  3 => 'public_path',
  4 => 'static_path',
  5 => 'web_public',
  6 => 'web_static',
  7 => 'js',
  8 => 'css',
  9 => 'img',
  10 => 'title',
  11 => 'admin_title',
  12 => 'nowpage',
  13 => 'upload',
  14 => 'menu',
) ]
[ info ] [ LOG ] INIT File
---------------------------------------------------------------
[ 2017-09-29T17:56:56+08:00 ] 127.0.0.4 127.0.0.1 GET /admin/orders/do_shipping.shtml
[ info ] 127.0.0.4/admin/orders/do_shipping.shtml [运行时间：0.511030s][吞吐率：1.96req/s] [内存消耗：5,949.80kb] [文件加载：69]
[ info ] [ LANG ] D:\phpStudy\WWW\ershoushouji\frame\lang\zh-cn.php
[ info ] [ ROUTE ] array (
  'type' => 'module',
  'module' => 
  array (
    0 => 'admin',
    1 => 'orders',
    2 => 'do_shipping',
  ),
)
[ info ] [ HEADER ] array (
  'upgrade-insecure-requests' => '1',
  'connection' => 'close',
  'cookie' => 'PHPSESSID=fq76akl7u0sabaiovh2k5nru25',
  'referer' => 'http://127.0.0.4/admin/index/index.shtml',
  'accept-encoding' => 'gzip, deflate',
  'accept-language' => 'zh-CN,zh;q=0.8,en-US;q=0.5,en;q=0.3',
  'accept' => 'text/html,application/xhtml+xml,application/xml;q=0.9,*/*;q=0.8',
  'user-agent' => 'Mozilla/5.0 (Windows NT 6.1; WOW64; rv:55.0) Gecko/20100101 Firefox/55.0',
  'host' => '127.0.0.4',
)
[ info ] [ PARAM ] array (
)
[ info ] [ DB ] INIT mysql
[ info ] [ SESSION ] INIT array (
  'prefix' => 'admin',
)
[ info ] [ RUN ] app\admin\controller\Orders->do_shipping[ D:\phpStudy\WWW\ershoushouji\application\admin\controller\Orders.php ]
[ info ] [ VIEW ] D:\phpStudy\WWW\ershoushouji/public\theme\admin\orders\do_shipping.html [ array (
  0 => 'module_name',
  1 => 'controller_name',
  2 => 'action_name',
  3 => 'public_path',
  4 => 'static_path',
  5 => 'web_public',
  6 => 'web_static',
  7 => 'js',
  8 => 'css',
  9 => 'img',
  10 => 'title',
  11 => 'admin_title',
  12 => 'nowpage',
  13 => 'upload',
  14 => 'menu',
  15 => 'lists',
) ]
[ info ] [ LOG ] INIT File
---------------------------------------------------------------
[ 2017-09-29T17:56:58+08:00 ] 127.0.0.4 127.0.0.1 GET /admin/orders/do_back.shtml
[ info ] 127.0.0.4/admin/orders/do_back.shtml [运行时间：0.491028s][吞吐率：2.04req/s] [内存消耗：5,986.97kb] [文件加载：68]
[ info ] [ LANG ] D:\phpStudy\WWW\ershoushouji\frame\lang\zh-cn.php
[ info ] [ ROUTE ] array (
  'type' => 'module',
  'module' => 
  array (
    0 => 'admin',
    1 => 'orders',
    2 => 'do_back',
  ),
)
[ info ] [ HEADER ] array (
  'upgrade-insecure-requests' => '1',
  'connection' => 'close',
  'cookie' => 'thinkphp_show_page_trace=0|0; PHPSESSID=fq76akl7u0sabaiovh2k5nru25',
  'referer' => 'http://127.0.0.4/admin/index/index.shtml',
  'accept-encoding' => 'gzip, deflate',
  'accept-language' => 'zh-CN,zh;q=0.8,en-US;q=0.5,en;q=0.3',
  'accept' => 'text/html,application/xhtml+xml,application/xml;q=0.9,*/*;q=0.8',
  'user-agent' => 'Mozilla/5.0 (Windows NT 6.1; WOW64; rv:55.0) Gecko/20100101 Firefox/55.0',
  'host' => '127.0.0.4',
)
[ info ] [ PARAM ] array (
)
[ info ] [ DB ] INIT mysql
[ info ] [ SESSION ] INIT array (
  'prefix' => 'admin',
)
[ info ] [ RUN ] app\admin\controller\Orders->do_back[ D:\phpStudy\WWW\ershoushouji\application\admin\controller\Orders.php ]
[ info ] [ VIEW ] D:\phpStudy\WWW\ershoushouji/public\theme\admin\orders\do_back.html [ array (
  0 => 'module_name',
  1 => 'controller_name',
  2 => 'action_name',
  3 => 'public_path',
  4 => 'static_path',
  5 => 'web_public',
  6 => 'web_static',
  7 => 'js',
  8 => 'css',
  9 => 'img',
  10 => 'title',
  11 => 'admin_title',
  12 => 'nowpage',
  13 => 'upload',
  14 => 'menu',
  15 => 'lists',
) ]
[ info ] [ LOG ] INIT File
---------------------------------------------------------------
[ 2017-09-29T17:58:55+08:00 ] 127.0.0.4 127.0.0.1 GET /admin/good/add_brand.shtml
[ info ] 127.0.0.4/admin/good/add_brand.shtml [运行时间：0.371022s][吞吐率：2.70req/s] [内存消耗：5,647.73kb] [文件加载：58]
[ info ] [ LANG ] D:\phpStudy\WWW\ershoushouji\frame\lang\zh-cn.php
[ info ] [ ROUTE ] array (
  'type' => 'module',
  'module' => 
  array (
    0 => 'admin',
    1 => 'good',
    2 => 'add_brand',
  ),
)
[ info ] [ HEADER ] array (
  'upgrade-insecure-requests' => '1',
  'connection' => 'close',
  'cookie' => 'thinkphp_show_page_trace=0|0; PHPSESSID=fq76akl7u0sabaiovh2k5nru25',
  'referer' => 'http://127.0.0.4/admin/good/brand_index.shtml',
  'accept-encoding' => 'gzip, deflate',
  'accept-language' => 'zh-CN,zh;q=0.8,en-US;q=0.5,en;q=0.3',
  'accept' => 'text/html,application/xhtml+xml,application/xml;q=0.9,*/*;q=0.8',
  'user-agent' => 'Mozilla/5.0 (Windows NT 6.1; WOW64; rv:55.0) Gecko/20100101 Firefox/55.0',
  'host' => '127.0.0.4',
)
[ info ] [ PARAM ] array (
)
[ info ] [ DB ] INIT mysql
[ info ] [ SESSION ] INIT array (
  'prefix' => 'admin',
)
[ info ] [ RUN ] app\admin\controller\Good->add_brand[ D:\phpStudy\WWW\ershoushouji\application\admin\controller\Good.php ]
[ info ] [ VIEW ] D:\phpStudy\WWW\ershoushouji/public\theme\admin\good\add_brand.html [ array (
  0 => 'module_name',
  1 => 'controller_name',
  2 => 'action_name',
  3 => 'public_path',
  4 => 'static_path',
  5 => 'web_public',
  6 => 'web_static',
  7 => 'js',
  8 => 'css',
  9 => 'img',
  10 => 'title',
  11 => 'admin_title',
  12 => 'nowpage',
  13 => 'upload',
  14 => 'menu',
) ]
[ info ] [ LOG ] INIT File
---------------------------------------------------------------
[ 2017-09-29T17:59:12+08:00 ] 127.0.0.4 127.0.0.1 GET /admin/good/set_model_brand/brand_id/30/page/1.shtml
[ info ] 127.0.0.4/admin/good/set_model_brand/brand_id/30/page/1.shtml [运行时间：0.396023s][吞吐率：2.53req/s] [内存消耗：5,680.22kb] [文件加载：59]
[ info ] [ LANG ] D:\phpStudy\WWW\ershoushouji\frame\lang\zh-cn.php
[ info ] [ ROUTE ] array (
  'type' => 'module',
  'module' => 
  array (
    0 => 'admin',
    1 => 'good',
    2 => 'set_model_brand',
  ),
)
[ info ] [ HEADER ] array (
  'upgrade-insecure-requests' => '1',
  'connection' => 'close',
  'cookie' => 'thinkphp_show_page_trace=0|0; PHPSESSID=fq76akl7u0sabaiovh2k5nru25',
  'referer' => 'http://127.0.0.4/admin/good/brand_index.shtml',
  'accept-encoding' => 'gzip, deflate',
  'accept-language' => 'zh-CN,zh;q=0.8,en-US;q=0.5,en;q=0.3',
  'accept' => 'text/html,application/xhtml+xml,application/xml;q=0.9,*/*;q=0.8',
  'user-agent' => 'Mozilla/5.0 (Windows NT 6.1; WOW64; rv:55.0) Gecko/20100101 Firefox/55.0',
  'host' => '127.0.0.4',
)
[ info ] [ PARAM ] array (
  'brand_id' => '30',
  'page' => '1',
)
[ info ] [ DB ] INIT mysql
[ info ] [ SESSION ] INIT array (
  'prefix' => 'admin',
)
[ info ] [ RUN ] app\admin\controller\Good->set_model_brand[ D:\phpStudy\WWW\ershoushouji\application\admin\controller\Good.php ]
[ info ] [ VIEW ] D:\phpStudy\WWW\ershoushouji/public\theme\admin\good\set_model_brand.html [ array (
  0 => 'module_name',
  1 => 'controller_name',
  2 => 'action_name',
  3 => 'public_path',
  4 => 'static_path',
  5 => 'web_public',
  6 => 'web_static',
  7 => 'js',
  8 => 'css',
  9 => 'img',
  10 => 'title',
  11 => 'admin_title',
  12 => 'nowpage',
  13 => 'upload',
  14 => 'menu',
  15 => 'brand_id',
  16 => 'models',
) ]
[ info ] [ LOG ] INIT File
---------------------------------------------------------------
[ 2017-09-29T17:59:19+08:00 ] 127.0.0.4 127.0.0.1 GET /admin/good/add.shtml
[ info ] 127.0.0.4/admin/good/add.shtml [运行时间：0.482028s][吞吐率：2.07req/s] [内存消耗：5,916.23kb] [文件加载：63]
[ info ] [ LANG ] D:\phpStudy\WWW\ershoushouji\frame\lang\zh-cn.php
[ info ] [ ROUTE ] array (
  'type' => 'module',
  'module' => 
  array (
    0 => 'admin',
    1 => 'good',
    2 => 'add',
  ),
)
[ info ] [ HEADER ] array (
  'upgrade-insecure-requests' => '1',
  'connection' => 'close',
  'cookie' => 'thinkphp_show_page_trace=0|0; PHPSESSID=fq76akl7u0sabaiovh2k5nru25',
  'referer' => 'http://127.0.0.4/admin/good/index.shtml',
  'accept-encoding' => 'gzip, deflate',
  'accept-language' => 'zh-CN,zh;q=0.8,en-US;q=0.5,en;q=0.3',
  'accept' => 'text/html,application/xhtml+xml,application/xml;q=0.9,*/*;q=0.8',
  'user-agent' => 'Mozilla/5.0 (Windows NT 6.1; WOW64; rv:55.0) Gecko/20100101 Firefox/55.0',
  'host' => '127.0.0.4',
)
[ info ] [ PARAM ] array (
)
[ info ] [ DB ] INIT mysql
[ info ] [ SESSION ] INIT array (
  'prefix' => 'admin',
)
[ info ] [ RUN ] app\admin\controller\Good->add[ D:\phpStudy\WWW\ershoushouji\application\admin\controller\Good.php ]
[ info ] [ VIEW ] D:\phpStudy\WWW\ershoushouji/public\theme\admin\good\add.html [ array (
  0 => 'module_name',
  1 => 'controller_name',
  2 => 'action_name',
  3 => 'public_path',
  4 => 'static_path',
  5 => 'web_public',
  6 => 'web_static',
  7 => 'js',
  8 => 'css',
  9 => 'img',
  10 => 'title',
  11 => 'admin_title',
  12 => 'nowpage',
  13 => 'upload',
  14 => 'menu',
  15 => 'brands',
  16 => 'attrs',
  17 => 'check_info',
  18 => 'stores',
  19 => 'model',
) ]
[ info ] [ LOG ] INIT File
---------------------------------------------------------------
[ 2017-09-29T17:59:22+08:00 ] 127.0.0.4 127.0.0.1 POST /admin/good/get_model.shtml
[ info ] 127.0.0.4/admin/good/get_model.shtml [运行时间：0.117007s][吞吐率：8.55req/s] [内存消耗：2,350.45kb] [文件加载：50]
[ info ] [ LANG ] D:\phpStudy\WWW\ershoushouji\frame\lang\zh-cn.php
[ info ] [ ROUTE ] array (
  'type' => 'module',
  'module' => 
  array (
    0 => 'admin',
    1 => 'good',
    2 => 'get_model',
  ),
)
[ info ] [ HEADER ] array (
  'connection' => 'close',
  'cookie' => 'thinkphp_show_page_trace=0|0; PHPSESSID=fq76akl7u0sabaiovh2k5nru25',
  'content-length' => '10',
  'x-requested-with' => 'XMLHttpRequest',
  'content-type' => 'application/x-www-form-urlencoded; charset=UTF-8',
  'referer' => 'http://127.0.0.4/admin/good/add.shtml',
  'accept-encoding' => 'gzip, deflate',
  'accept-language' => 'zh-CN,zh;q=0.8,en-US;q=0.5,en;q=0.3',
  'accept' => 'application/json, text/javascript, */*; q=0.01',
  'user-agent' => 'Mozilla/5.0 (Windows NT 6.1; WOW64; rv:55.0) Gecko/20100101 Firefox/55.0',
  'host' => '127.0.0.4',
)
[ info ] [ PARAM ] array (
  'brand_id' => '3',
)
[ info ] [ SESSION ] INIT array (
  'prefix' => 'admin',
)
[ info ] [ DB ] INIT mysql
[ info ] [ RUN ] app\admin\controller\Good->get_model[ D:\phpStudy\WWW\ershoushouji\application\admin\controller\Good.php ]
[ info ] [ LOG ] INIT File
---------------------------------------------------------------
[ 2017-09-29T17:59:24+08:00 ] 127.0.0.4 127.0.0.1 POST /admin/good/get_model.shtml
[ info ] 127.0.0.4/admin/good/get_model.shtml [运行时间：0.126007s][吞吐率：7.94req/s] [内存消耗：2,349.86kb] [文件加载：50]
[ info ] [ LANG ] D:\phpStudy\WWW\ershoushouji\frame\lang\zh-cn.php
[ info ] [ ROUTE ] array (
  'type' => 'module',
  'module' => 
  array (
    0 => 'admin',
    1 => 'good',
    2 => 'get_model',
  ),
)
[ info ] [ HEADER ] array (
  'connection' => 'close',
  'cookie' => 'thinkphp_show_page_trace=0|0; PHPSESSID=fq76akl7u0sabaiovh2k5nru25',
  'content-length' => '11',
  'x-requested-with' => 'XMLHttpRequest',
  'content-type' => 'application/x-www-form-urlencoded; charset=UTF-8',
  'referer' => 'http://127.0.0.4/admin/good/add.shtml',
  'accept-encoding' => 'gzip, deflate',
  'accept-language' => 'zh-CN,zh;q=0.8,en-US;q=0.5,en;q=0.3',
  'accept' => 'application/json, text/javascript, */*; q=0.01',
  'user-agent' => 'Mozilla/5.0 (Windows NT 6.1; WOW64; rv:55.0) Gecko/20100101 Firefox/55.0',
  'host' => '127.0.0.4',
)
[ info ] [ PARAM ] array (
  'brand_id' => '13',
)
[ info ] [ SESSION ] INIT array (
  'prefix' => 'admin',
)
[ info ] [ DB ] INIT mysql
[ info ] [ RUN ] app\admin\controller\Good->get_model[ D:\phpStudy\WWW\ershoushouji\application\admin\controller\Good.php ]
[ info ] [ LOG ] INIT File
