---------------------------------------------------------------
[ 2017-09-29T09:43:22+08:00 ] 127.0.0.4 127.0.0.1 GET /admin/index/index.shtml
[ sql ] [ DB ] CONNECT:[ UseTime:0.004000s ] mysql:dbname=ershoushouji;host=192.168.124.222;port=3306;charset=utf8
[ sql ] [ SQL ] SHOW COLUMNS FROM `ui_config` [ RunTime:0.022001s ]
[ sql ] [ SQL ] SELECT * FROM `ui_config` WHERE `ui_config`.`delete_time` IS NULL [ RunTime:0.002000s ]
[ sql ] [ SQL ] SHOW COLUMNS FROM `ui_city` [ RunTime:0.017001s ]
[ sql ] [ SQL ] SELECT * FROM `ui_city` WHERE  `pid` <> 0 [ RunTime:0.021001s ]
[ sql ] [ SQL ] SHOW COLUMNS FROM `ui_menu` [ RunTime:0.022001s ]
[ sql ] [ SQL ] SELECT * FROM `ui_menu` WHERE (  `url` = '/admin/index/index.shtml' ) AND `ui_menu`.`delete_time` IS NULL LIMIT 1 [ RunTime:0.002000s ]
[ sql ] [ SQL ] SELECT * FROM `ui_menu` WHERE (  `menu_id` = 0 ) AND `ui_menu`.`delete_time` IS NULL LIMIT 1 [ RunTime:0.002000s ]
---------------------------------------------------------------
[ 2017-09-29T09:43:22+08:00 ] 127.0.0.4 127.0.0.1 GET /admin/publics/login.shtml
[ sql ] [ DB ] CONNECT:[ UseTime:0.002000s ] mysql:dbname=ershoushouji;host=192.168.124.222;port=3306;charset=utf8
[ sql ] [ SQL ] SHOW COLUMNS FROM `ui_config` [ RunTime:0.017001s ]
[ sql ] [ SQL ] SELECT * FROM `ui_config` WHERE `ui_config`.`delete_time` IS NULL [ RunTime:0.002000s ]
[ sql ] [ SQL ] SHOW COLUMNS FROM `ui_city` [ RunTime:0.017001s ]
[ sql ] [ SQL ] SELECT * FROM `ui_city` WHERE  `pid` <> 0 [ RunTime:0.021001s ]
[ sql ] [ SQL ] SHOW COLUMNS FROM `ui_menu` [ RunTime:0.014001s ]
[ sql ] [ SQL ] SELECT * FROM `ui_menu` WHERE (  `url` = '/admin/publics/login.shtml' ) AND `ui_menu`.`delete_time` IS NULL LIMIT 1 [ RunTime:0.001000s ]
---------------------------------------------------------------
[ 2017-09-29T17:51:57+08:00 ] 127.0.0.4 127.0.0.1 GET /
[ sql ] [ DB ] CONNECT:[ UseTime:0.004001s ] mysql:dbname=ershoushouji;host=192.168.124.222;port=3306;charset=utf8
[ sql ] [ SQL ] SHOW COLUMNS FROM `ui_config` [ RunTime:0.023001s ]
[ sql ] [ SQL ] SELECT * FROM `ui_config` WHERE `ui_config`.`delete_time` IS NULL [ RunTime:0.002000s ]
[ sql ] [ SQL ] SHOW COLUMNS FROM `ui_city` [ RunTime:0.017001s ]
[ sql ] [ SQL ] SELECT * FROM `ui_city` WHERE  `pid` <> 0 [ RunTime:0.021001s ]
[ sql ] [ SQL ] SHOW COLUMNS FROM `ui_menu` [ RunTime:0.019001s ]
[ sql ] [ SQL ] SELECT * FROM `ui_menu` WHERE (  `url` = '/admin/index/index.shtml' ) AND `ui_menu`.`delete_time` IS NULL LIMIT 1 [ RunTime:0.001000s ]
[ sql ] [ SQL ] SELECT * FROM `ui_menu` WHERE (  `menu_id` = 0 ) AND `ui_menu`.`delete_time` IS NULL LIMIT 1 [ RunTime:0.001000s ]
---------------------------------------------------------------
[ 2017-09-29T17:51:58+08:00 ] 127.0.0.4 127.0.0.1 GET /admin/publics/login.shtml
[ sql ] [ DB ] CONNECT:[ UseTime:0.002000s ] mysql:dbname=ershoushouji;host=192.168.124.222;port=3306;charset=utf8
[ sql ] [ SQL ] SHOW COLUMNS FROM `ui_config` [ RunTime:0.015001s ]
[ sql ] [ SQL ] SELECT * FROM `ui_config` WHERE `ui_config`.`delete_time` IS NULL [ RunTime:0.002000s ]
[ sql ] [ SQL ] SHOW COLUMNS FROM `ui_city` [ RunTime:0.014000s ]
[ sql ] [ SQL ] SELECT * FROM `ui_city` WHERE  `pid` <> 0 [ RunTime:0.021002s ]
[ sql ] [ SQL ] SHOW COLUMNS FROM `ui_menu` [ RunTime:0.014001s ]
[ sql ] [ SQL ] SELECT * FROM `ui_menu` WHERE (  `url` = '/admin/publics/login.shtml' ) AND `ui_menu`.`delete_time` IS NULL LIMIT 1 [ RunTime:0.001000s ]
---------------------------------------------------------------
[ 2017-09-29T17:52:10+08:00 ] 127.0.0.4 127.0.0.1 POST /admin/publics/login.shtml
[ sql ] [ DB ] CONNECT:[ UseTime:0.011000s ] mysql:dbname=ershoushouji;host=192.168.124.222;port=3306;charset=utf8
[ sql ] [ SQL ] SHOW COLUMNS FROM `ui_menu` [ RunTime:0.024001s ]
[ sql ] [ SQL ] SELECT * FROM `ui_menu` WHERE (  `url` = '/admin/publics/login.shtml' ) AND `ui_menu`.`delete_time` IS NULL LIMIT 1 [ RunTime:0.002000s ]
[ sql ] [ SQL ] SHOW COLUMNS FROM `ui_admin` [ RunTime:0.011001s ]
[ sql ] [ SQL ] SELECT * FROM `ui_admin` WHERE (  `account` = 'admin' ) AND `ui_admin`.`delete_time` IS NULL LIMIT 1 [ RunTime:0.002000s ]
[ sql ] [ SQL ] SHOW COLUMNS FROM `ui_auth_group` [ RunTime:0.010001s ]
[ sql ] [ SQL ] SELECT `status` FROM `ui_auth_group` WHERE (  `group_id` = 1 ) AND `ui_auth_group`.`delete_time` IS NULL LIMIT 1 [ RunTime:0.001000s ]
[ sql ] [ SQL ] UPDATE `ui_admin`  SET `last_login_time`=1506678730,`last_login_ip`='127.0.0.1',`login_status`=1,`update_time`=1506678730  WHERE (  `admin_id` = 1 ) AND `ui_admin`.`delete_time` IS NULL [ RunTime:0.001000s ]
[ sql ] [ SQL ] SELECT * FROM `ui_admin` WHERE (  `account` = 'admin' ) AND `ui_admin`.`delete_time` IS NULL LIMIT 1 [ RunTime:0.001001s ]
[ sql ] [ SQL ] SHOW COLUMNS FROM `ui_log` [ RunTime:0.011000s ]
[ sql ] [ SQL ] INSERT INTO `ui_log` (`admin_id` , `module` , `controller` , `action` , `data_id` , `des` , `create_time` , `update_time`) VALUES (1 , 'admin' , 'Publics' , 'login' , 'admin' , '登录系统' , 1506678730 , 1506678730) [ RunTime:0.001000s ]
---------------------------------------------------------------
[ 2017-09-29T17:52:12+08:00 ] 127.0.0.4 127.0.0.1 GET /admin/index/index.shtml
[ sql ] [ DB ] CONNECT:[ UseTime:0.011000s ] mysql:dbname=ershoushouji;host=192.168.124.222;port=3306;charset=utf8
[ sql ] [ SQL ] SHOW COLUMNS FROM `ui_config` [ RunTime:0.022001s ]
[ sql ] [ SQL ] SELECT * FROM `ui_config` WHERE `ui_config`.`delete_time` IS NULL [ RunTime:0.002000s ]
[ sql ] [ SQL ] SHOW COLUMNS FROM `ui_city` [ RunTime:0.009001s ]
[ sql ] [ SQL ] SELECT * FROM `ui_city` WHERE  `pid` <> 0 [ RunTime:0.021001s ]
[ sql ] [ SQL ] SHOW COLUMNS FROM `ui_menu` [ RunTime:0.021002s ]
[ sql ] [ SQL ] SELECT * FROM `ui_menu` WHERE (  `url` = '/admin/index/index.shtml' ) AND `ui_menu`.`delete_time` IS NULL LIMIT 1 [ RunTime:0.002000s ]
[ sql ] [ SQL ] SELECT * FROM `ui_menu` WHERE (  `menu_id` = 0 ) AND `ui_menu`.`delete_time` IS NULL LIMIT 1 [ RunTime:0.001000s ]
[ sql ] [ SQL ] SHOW COLUMNS FROM `ui_admin` [ RunTime:0.014001s ]
[ sql ] [ SQL ] SELECT * FROM `ui_admin` WHERE (  `admin_id` = 1 ) AND `ui_admin`.`delete_time` IS NULL LIMIT 1 [ RunTime:0.002000s ]
[ sql ] [ SQL ] SELECT `menu_id` FROM `ui_menu` WHERE `ui_menu`.`delete_time` IS NULL [ RunTime:0.001000s ]
[ sql ] [ SQL ] SELECT `menu_id`,`module`,`controller`,`action` FROM `ui_menu` WHERE (  `menu_id` IN (2,3,4,5,12,13,45,62,63,64,68,69,72,74,75,76,77,78,80,81,82,83,84,85,86,91,92,93,94,95,96,97,98,99,100,101,102,103,104,105,106,108,109,110,111,112,113,114,115,116,117,118,119,120,121,123,124,125,126,127,128,129,130,136,138,139,140,141,142,143,144,146,151,152,153,154,155,156,157,158,160,162,163,168,169,170,171,172,173,174,175,176,177,178,179,180,185,186,195,196,197,198,199,200,209,213,214,215,225,228,229,230,231,233,234,235,236,237,238,239,240,241,242,243,244,245,246,247,248,249,250,255,256,257,258,259,262,263,264,265,267,271,272,273,274,275,277,278,280,281,283,285,286,287,288,289) ) AND `ui_menu`.`delete_time` IS NULL [ RunTime:0.004001s ]
[ sql ] [ SQL ] SELECT `pid` FROM `ui_menu` WHERE (  `menu_id` IN (2,3,4,5,12,13,45,62,63,64,68,69,72,74,75,76,77,78,80,81,82,83,84,85,86,91,92,93,94,95,96,97,98,99,100,101,102,103,104,105,106,108,109,110,111,112,113,114,115,116,117,118,119,120,121,123,124,125,126,127,128,129,130,136,138,139,140,141,142,143,144,146,151,152,153,154,155,156,157,158,160,162,163,168,169,170,171,172,173,174,175,176,177,178,179,180,185,186,195,196,197,198,199,200,209,213,214,215,225,228,229,230,231,233,234,235,236,237,238,239,240,241,242,243,244,245,246,247,248,249,250,255,256,257,258,259,262,263,264,265,267,271,272,273,274,275,277,278,280,281,283,285,286,287,288,289)  AND `status` = 1  AND `pid` <> 0 ) AND `ui_menu`.`delete_time` IS NULL [ RunTime:0.003000s ]
[ sql ] [ SQL ] SELECT `pid` FROM `ui_menu` WHERE (  `menu_id` IN (83,5,45,74,98,100,237,240,241)  AND `status` = 1  AND `pid` <> 0 ) AND `ui_menu`.`delete_time` IS NULL [ RunTime:0.001000s ]
[ sql ] [ SQL ] SELECT * FROM `ui_menu` WHERE (  `menu_id` IN (2,3,4,5,12,13,45,62,63,64,68,69,72,74,75,76,77,78,80,81,82,83,84,85,86,91,92,93,94,95,96,97,98,99,100,101,102,103,104,105,106,108,109,110,111,112,113,114,115,116,117,118,119,120,121,123,124,125,126,127,128,129,130,136,138,139,140,141,142,143,144,146,151,152,153,154,155,156,157,158,160,162,163,168,169,170,171,172,173,174,175,176,177,178,179,180,185,186,195,196,197,198,199,200,209,213,214,215,225,228,229,230,231,233,234,235,236,237,238,239,240,241,242,243,244,245,246,247,248,249,250,255,256,257,258,259,262,263,264,265,267,271,272,273,274,275,277,278,280,281,283,285,286,287,288,289)  AND `status` = 1 ) AND `ui_menu`.`delete_time` IS NULL ORDER BY `sort`  asc [ RunTime:0.004001s ]
[ sql ] [ SQL ] SHOW COLUMNS FROM `ui_auth_group` [ RunTime:0.017000s ]
[ sql ] [ SQL ] SELECT `group_name` FROM `ui_auth_group` WHERE (  `group_id` = 1 ) AND `ui_auth_group`.`delete_time` IS NULL LIMIT 1 [ RunTime:0.001000s ]
---------------------------------------------------------------
[ 2017-09-29T17:52:13+08:00 ] 127.0.0.4 127.0.0.1 GET /admin/index/main.shtml
[ sql ] [ DB ] CONNECT:[ UseTime:0.002001s ] mysql:dbname=ershoushouji;host=192.168.124.222;port=3306;charset=utf8
[ sql ] [ SQL ] SHOW COLUMNS FROM `ui_config` [ RunTime:0.018001s ]
[ sql ] [ SQL ] SELECT * FROM `ui_config` WHERE `ui_config`.`delete_time` IS NULL [ RunTime:0.002000s ]
[ sql ] [ SQL ] SHOW COLUMNS FROM `ui_city` [ RunTime:0.015001s ]
[ sql ] [ SQL ] SELECT * FROM `ui_city` WHERE  `pid` <> 0 [ RunTime:0.021001s ]
[ sql ] [ SQL ] SHOW COLUMNS FROM `ui_menu` [ RunTime:0.013001s ]
[ sql ] [ SQL ] SELECT * FROM `ui_menu` WHERE (  `url` = '/admin/index/main.shtml' ) AND `ui_menu`.`delete_time` IS NULL LIMIT 1 [ RunTime:0.001000s ]
[ sql ] [ SQL ] SHOW COLUMNS FROM `ui_admin` [ RunTime:0.013001s ]
[ sql ] [ SQL ] SELECT * FROM `ui_admin` WHERE (  `admin_id` = 1 ) AND `ui_admin`.`delete_time` IS NULL LIMIT 1 [ RunTime:0.001000s ]
[ sql ] [ SQL ] SHOW COLUMNS FROM `ui_order` [ RunTime:0.022001s ]
[ sql ] [ SQL ] SELECT `deal_price` FROM `ui_order` WHERE (  `status` = 6  AND `create_time` BETWEEN 1504195200 AND 1504281600 ) AND `ui_order`.`delete_time` IS NULL [ RunTime:0.001000s ]
[ sql ] [ SQL ] SELECT `deal_price` FROM `ui_order` WHERE (  `status` = 6  AND `create_time` BETWEEN 1504281600 AND 1504368000 ) AND `ui_order`.`delete_time` IS NULL [ RunTime:0.002000s ]
[ sql ] [ SQL ] SELECT `deal_price` FROM `ui_order` WHERE (  `status` = 6  AND `create_time` BETWEEN 1504368000 AND 1504454400 ) AND `ui_order`.`delete_time` IS NULL [ RunTime:0.002001s ]
[ sql ] [ SQL ] SELECT `deal_price` FROM `ui_order` WHERE (  `status` = 6  AND `create_time` BETWEEN 1504454400 AND 1504540800 ) AND `ui_order`.`delete_time` IS NULL [ RunTime:0.001000s ]
[ sql ] [ SQL ] SELECT `deal_price` FROM `ui_order` WHERE (  `status` = 6  AND `create_time` BETWEEN 1504540800 AND 1504627200 ) AND `ui_order`.`delete_time` IS NULL [ RunTime:0.001000s ]
[ sql ] [ SQL ] SELECT `deal_price` FROM `ui_order` WHERE (  `status` = 6  AND `create_time` BETWEEN 1504627200 AND 1504713600 ) AND `ui_order`.`delete_time` IS NULL [ RunTime:0.002000s ]
[ sql ] [ SQL ] SELECT `deal_price` FROM `ui_order` WHERE (  `status` = 6  AND `create_time` BETWEEN 1504713600 AND 1504800000 ) AND `ui_order`.`delete_time` IS NULL [ RunTime:0.001000s ]
[ sql ] [ SQL ] SELECT `deal_price` FROM `ui_order` WHERE (  `status` = 6  AND `create_time` BETWEEN 1504800000 AND 1504886400 ) AND `ui_order`.`delete_time` IS NULL [ RunTime:0.001000s ]
[ sql ] [ SQL ] SELECT `deal_price` FROM `ui_order` WHERE (  `status` = 6  AND `create_time` BETWEEN 1504886400 AND 1504972800 ) AND `ui_order`.`delete_time` IS NULL [ RunTime:0.001000s ]
[ sql ] [ SQL ] SELECT `deal_price` FROM `ui_order` WHERE (  `status` = 6  AND `create_time` BETWEEN 1504972800 AND 1505059200 ) AND `ui_order`.`delete_time` IS NULL [ RunTime:0.001000s ]
[ sql ] [ SQL ] SELECT `deal_price` FROM `ui_order` WHERE (  `status` = 6  AND `create_time` BETWEEN 1505059200 AND 1505145600 ) AND `ui_order`.`delete_time` IS NULL [ RunTime:0.002001s ]
[ sql ] [ SQL ] SELECT `deal_price` FROM `ui_order` WHERE (  `status` = 6  AND `create_time` BETWEEN 1505145600 AND 1505232000 ) AND `ui_order`.`delete_time` IS NULL [ RunTime:0.001000s ]
[ sql ] [ SQL ] SELECT `deal_price` FROM `ui_order` WHERE (  `status` = 6  AND `create_time` BETWEEN 1505232000 AND 1505318400 ) AND `ui_order`.`delete_time` IS NULL [ RunTime:0.001000s ]
[ sql ] [ SQL ] SELECT `deal_price` FROM `ui_order` WHERE (  `status` = 6  AND `create_time` BETWEEN 1505318400 AND 1505404800 ) AND `ui_order`.`delete_time` IS NULL [ RunTime:0.001000s ]
[ sql ] [ SQL ] SELECT `deal_price` FROM `ui_order` WHERE (  `status` = 6  AND `create_time` BETWEEN 1505404800 AND 1505491200 ) AND `ui_order`.`delete_time` IS NULL [ RunTime:0.001000s ]
[ sql ] [ SQL ] SELECT `deal_price` FROM `ui_order` WHERE (  `status` = 6  AND `create_time` BETWEEN 1505491200 AND 1505577600 ) AND `ui_order`.`delete_time` IS NULL [ RunTime:0.001000s ]
[ sql ] [ SQL ] SELECT `deal_price` FROM `ui_order` WHERE (  `status` = 6  AND `create_time` BETWEEN 1505577600 AND 1505664000 ) AND `ui_order`.`delete_time` IS NULL [ RunTime:0.001000s ]
[ sql ] [ SQL ] SELECT `deal_price` FROM `ui_order` WHERE (  `status` = 6  AND `create_time` BETWEEN 1505664000 AND 1505750400 ) AND `ui_order`.`delete_time` IS NULL [ RunTime:0.002000s ]
[ sql ] [ SQL ] SELECT `deal_price` FROM `ui_order` WHERE (  `status` = 6  AND `create_time` BETWEEN 1505750400 AND 1505836800 ) AND `ui_order`.`delete_time` IS NULL [ RunTime:0.001000s ]
[ sql ] [ SQL ] SELECT `deal_price` FROM `ui_order` WHERE (  `status` = 6  AND `create_time` BETWEEN 1505836800 AND 1505923200 ) AND `ui_order`.`delete_time` IS NULL [ RunTime:0.001000s ]
[ sql ] [ SQL ] SELECT `deal_price` FROM `ui_order` WHERE (  `status` = 6  AND `create_time` BETWEEN 1505923200 AND 1506009600 ) AND `ui_order`.`delete_time` IS NULL [ RunTime:0.001000s ]
[ sql ] [ SQL ] SELECT `deal_price` FROM `ui_order` WHERE (  `status` = 6  AND `create_time` BETWEEN 1506009600 AND 1506096000 ) AND `ui_order`.`delete_time` IS NULL [ RunTime:0.001000s ]
[ sql ] [ SQL ] SELECT `deal_price` FROM `ui_order` WHERE (  `status` = 6  AND `create_time` BETWEEN 1506096000 AND 1506182400 ) AND `ui_order`.`delete_time` IS NULL [ RunTime:0.001000s ]
[ sql ] [ SQL ] SELECT `deal_price` FROM `ui_order` WHERE (  `status` = 6  AND `create_time` BETWEEN 1506182400 AND 1506268800 ) AND `ui_order`.`delete_time` IS NULL [ RunTime:0.001000s ]
[ sql ] [ SQL ] SELECT `deal_price` FROM `ui_order` WHERE (  `status` = 6  AND `create_time` BETWEEN 1506268800 AND 1506355200 ) AND `ui_order`.`delete_time` IS NULL [ RunTime:0.001000s ]
[ sql ] [ SQL ] SELECT `deal_price` FROM `ui_order` WHERE (  `status` = 6  AND `create_time` BETWEEN 1506355200 AND 1506441600 ) AND `ui_order`.`delete_time` IS NULL [ RunTime:0.001000s ]
[ sql ] [ SQL ] SELECT `deal_price` FROM `ui_order` WHERE (  `status` = 6  AND `create_time` BETWEEN 1506441600 AND 1506528000 ) AND `ui_order`.`delete_time` IS NULL [ RunTime:0.001000s ]
[ sql ] [ SQL ] SELECT `deal_price` FROM `ui_order` WHERE (  `status` = 6  AND `create_time` BETWEEN 1506528000 AND 1506614400 ) AND `ui_order`.`delete_time` IS NULL [ RunTime:0.002000s ]
[ sql ] [ SQL ] SELECT `deal_price` FROM `ui_order` WHERE (  `status` = 6  AND `create_time` BETWEEN 1506614400 AND 1506700800 ) AND `ui_order`.`delete_time` IS NULL [ RunTime:0.001000s ]
[ sql ] [ SQL ] SHOW COLUMNS FROM `ui_order_back` [ RunTime:0.017001s ]
[ sql ] [ SQL ] SELECT COUNT(*) AS tp_count FROM `ui_order_back` WHERE (  `status` = 1 ) AND `ui_order_back`.`delete_time` IS NULL LIMIT 1 [ RunTime:0.001000s ]
[ sql ] [ SQL ] SELECT `deal_price` FROM `ui_order` WHERE (  `status` = 4 ) AND `ui_order`.`delete_time` IS NULL [ RunTime:0.002000s ]
[ sql ] [ SQL ] SHOW COLUMNS FROM `ui_user` [ RunTime:0.021001s ]
[ sql ] [ SQL ] SELECT COUNT(*) AS tp_count FROM `ui_user` WHERE `ui_user`.`delete_time` IS NULL LIMIT 1 [ RunTime:0.001000s ]
---------------------------------------------------------------
[ 2017-09-29T17:52:14+08:00 ] 127.0.0.4 127.0.0.1 POST /admin/index/isuniquelogin.shtml
[ sql ] [ DB ] CONNECT:[ UseTime:0.012001s ] mysql:dbname=ershoushouji;host=192.168.124.222;port=3306;charset=utf8
[ sql ] [ SQL ] SHOW COLUMNS FROM `ui_menu` [ RunTime:0.022001s ]
[ sql ] [ SQL ] SELECT * FROM `ui_menu` WHERE (  `url` = '/admin/index/isuniquelogin.shtml' ) AND `ui_menu`.`delete_time` IS NULL LIMIT 1 [ RunTime:0.002000s ]
[ sql ] [ SQL ] SHOW COLUMNS FROM `ui_admin` [ RunTime:0.018001s ]
[ sql ] [ SQL ] SELECT * FROM `ui_admin` WHERE (  `admin_id` = 1 ) AND `ui_admin`.`delete_time` IS NULL LIMIT 1 [ RunTime:0.002000s ]
[ sql ] [ SQL ] SELECT * FROM `ui_admin` WHERE (  `admin_id` = 1 ) AND `ui_admin`.`delete_time` IS NULL LIMIT 1 [ RunTime:0.002000s ]
---------------------------------------------------------------
[ 2017-09-29T17:52:19+08:00 ] 127.0.0.4 127.0.0.1 GET /admin/good/index.shtml
[ sql ] [ DB ] CONNECT:[ UseTime:0.011001s ] mysql:dbname=ershoushouji;host=192.168.124.222;port=3306;charset=utf8
[ sql ] [ SQL ] SHOW COLUMNS FROM `ui_config` [ RunTime:0.019001s ]
[ sql ] [ SQL ] SELECT * FROM `ui_config` WHERE `ui_config`.`delete_time` IS NULL [ RunTime:0.001000s ]
[ sql ] [ SQL ] SHOW COLUMNS FROM `ui_city` [ RunTime:0.011001s ]
[ sql ] [ SQL ] SELECT * FROM `ui_city` WHERE  `pid` <> 0 [ RunTime:0.020001s ]
[ sql ] [ SQL ] SHOW COLUMNS FROM `ui_menu` [ RunTime:0.021002s ]
[ sql ] [ SQL ] SELECT * FROM `ui_menu` WHERE (  `url` = '/admin/good/index.shtml' ) AND `ui_menu`.`delete_time` IS NULL LIMIT 1 [ RunTime:0.001000s ]
[ sql ] [ SQL ] SELECT * FROM `ui_menu` WHERE (  `menu_id` = 100 ) AND `ui_menu`.`delete_time` IS NULL LIMIT 1 [ RunTime:0.002000s ]
[ sql ] [ SQL ] SHOW COLUMNS FROM `ui_admin` [ RunTime:0.011001s ]
[ sql ] [ SQL ] SELECT * FROM `ui_admin` WHERE (  `admin_id` = 1 ) AND `ui_admin`.`delete_time` IS NULL LIMIT 1 [ RunTime:0.001000s ]
[ sql ] [ SQL ] SHOW COLUMNS FROM `ui_goods_brand` [ RunTime:0.010001s ]
[ sql ] [ SQL ] SELECT * FROM `ui_goods_brand` WHERE `ui_goods_brand`.`delete_time` IS NULL [ RunTime:0.002000s ]
[ sql ] [ SQL ] SHOW COLUMNS FROM `ui_goods` [ RunTime:0.010001s ]
[ sql ] [ SQL ] SELECT COUNT(*) AS tp_count FROM `ui_goods` WHERE `ui_goods`.`delete_time` IS NULL LIMIT 1 [ RunTime:0.001000s ]
[ sql ] [ SQL ] SELECT * FROM `ui_goods` WHERE `ui_goods`.`delete_time` IS NULL LIMIT 0,15 [ RunTime:0.002000s ]
[ sql ] [ SQL ] SELECT * FROM `ui_goods_brand` WHERE (  `brand_id` = 1 ) AND `ui_goods_brand`.`delete_time` IS NULL LIMIT 1 [ RunTime:0.001000s ]
[ sql ] [ SQL ] SELECT * FROM `ui_admin` WHERE (  `admin_id` = 1 ) AND `ui_admin`.`delete_time` IS NULL LIMIT 1 [ RunTime:0.001000s ]
[ sql ] [ SQL ] SELECT * FROM `ui_goods_brand` WHERE (  `brand_id` = 22 ) AND `ui_goods_brand`.`delete_time` IS NULL LIMIT 1 [ RunTime:0.001000s ]
[ sql ] [ SQL ] SELECT * FROM `ui_admin` WHERE (  `admin_id` = 2 ) AND `ui_admin`.`delete_time` IS NULL LIMIT 1 [ RunTime:0.002000s ]
[ sql ] [ SQL ] SELECT * FROM `ui_goods_brand` WHERE (  `brand_id` = 3 ) AND `ui_goods_brand`.`delete_time` IS NULL LIMIT 1 [ RunTime:0.001001s ]
[ sql ] [ SQL ] SELECT * FROM `ui_admin` WHERE (  `admin_id` = 3 ) AND `ui_admin`.`delete_time` IS NULL LIMIT 1 [ RunTime:0.001000s ]
[ sql ] [ SQL ] SELECT * FROM `ui_goods_brand` WHERE (  `brand_id` = 1 ) AND `ui_goods_brand`.`delete_time` IS NULL LIMIT 1 [ RunTime:0.001000s ]
[ sql ] [ SQL ] SELECT * FROM `ui_admin` WHERE (  `admin_id` = 4 ) AND `ui_admin`.`delete_time` IS NULL LIMIT 1 [ RunTime:0.001000s ]
[ sql ] [ SQL ] SELECT * FROM `ui_goods_brand` WHERE (  `brand_id` = 1 ) AND `ui_goods_brand`.`delete_time` IS NULL LIMIT 1 [ RunTime:0.001000s ]
[ sql ] [ SQL ] SELECT * FROM `ui_admin` WHERE (  `admin_id` = 2 ) AND `ui_admin`.`delete_time` IS NULL LIMIT 1 [ RunTime:0.001000s ]
[ sql ] [ SQL ] SELECT * FROM `ui_goods_brand` WHERE (  `brand_id` = 1 ) AND `ui_goods_brand`.`delete_time` IS NULL LIMIT 1 [ RunTime:0.001000s ]
[ sql ] [ SQL ] SELECT * FROM `ui_admin` WHERE (  `admin_id` = 1 ) AND `ui_admin`.`delete_time` IS NULL LIMIT 1 [ RunTime:0.002000s ]
[ sql ] [ SQL ] SELECT * FROM `ui_goods_brand` WHERE (  `brand_id` = 1 ) AND `ui_goods_brand`.`delete_time` IS NULL LIMIT 1 [ RunTime:0.001000s ]
[ sql ] [ SQL ] SELECT * FROM `ui_admin` WHERE (  `admin_id` = 1 ) AND `ui_admin`.`delete_time` IS NULL LIMIT 1 [ RunTime:0.001000s ]
[ sql ] [ SQL ] SELECT * FROM `ui_goods_brand` WHERE (  `brand_id` = 1 ) AND `ui_goods_brand`.`delete_time` IS NULL LIMIT 1 [ RunTime:0.001001s ]
[ sql ] [ SQL ] SELECT * FROM `ui_admin` WHERE (  `admin_id` = 1 ) AND `ui_admin`.`delete_time` IS NULL LIMIT 1 [ RunTime:0.001000s ]
[ sql ] [ SQL ] SELECT * FROM `ui_goods_brand` WHERE (  `brand_id` = 20 ) AND `ui_goods_brand`.`delete_time` IS NULL LIMIT 1 [ RunTime:0.001000s ]
[ sql ] [ SQL ] SELECT * FROM `ui_admin` WHERE (  `admin_id` IS NULL ) AND `ui_admin`.`delete_time` IS NULL LIMIT 1 [ RunTime:0.001000s ]
[ sql ] [ SQL ] SELECT * FROM `ui_goods_brand` WHERE (  `brand_id` = 1 ) AND `ui_goods_brand`.`delete_time` IS NULL LIMIT 1 [ RunTime:0.001000s ]
[ sql ] [ SQL ] SELECT * FROM `ui_admin` WHERE (  `admin_id` IS NULL ) AND `ui_admin`.`delete_time` IS NULL LIMIT 1 [ RunTime:0.001000s ]
[ sql ] [ SQL ] SELECT * FROM `ui_goods_brand` WHERE (  `brand_id` = 1 ) AND `ui_goods_brand`.`delete_time` IS NULL LIMIT 1 [ RunTime:0.001000s ]
[ sql ] [ SQL ] SELECT * FROM `ui_admin` WHERE (  `admin_id` IS NULL ) AND `ui_admin`.`delete_time` IS NULL LIMIT 1 [ RunTime:0.002000s ]
[ sql ] [ SQL ] SELECT * FROM `ui_goods_brand` WHERE (  `brand_id` = 1 ) AND `ui_goods_brand`.`delete_time` IS NULL LIMIT 1 [ RunTime:0.002000s ]
[ sql ] [ SQL ] SELECT * FROM `ui_admin` WHERE (  `admin_id` IS NULL ) AND `ui_admin`.`delete_time` IS NULL LIMIT 1 [ RunTime:0.002001s ]
[ sql ] [ SQL ] SELECT * FROM `ui_goods_brand` WHERE (  `brand_id` = 1 ) AND `ui_goods_brand`.`delete_time` IS NULL LIMIT 1 [ RunTime:0.001000s ]
[ sql ] [ SQL ] SELECT * FROM `ui_admin` WHERE (  `admin_id` IS NULL ) AND `ui_admin`.`delete_time` IS NULL LIMIT 1 [ RunTime:0.001000s ]
[ sql ] [ SQL ] SELECT * FROM `ui_goods_brand` WHERE (  `brand_id` = 20 ) AND `ui_goods_brand`.`delete_time` IS NULL LIMIT 1 [ RunTime:0.001000s ]
[ sql ] [ SQL ] SELECT * FROM `ui_admin` WHERE (  `admin_id` = 1 ) AND `ui_admin`.`delete_time` IS NULL LIMIT 1 [ RunTime:0.001000s ]
[ sql ] [ SQL ] SELECT * FROM `ui_goods_brand` WHERE (  `brand_id` = 3 ) AND `ui_goods_brand`.`delete_time` IS NULL LIMIT 1 [ RunTime:0.002000s ]
[ sql ] [ SQL ] SELECT * FROM `ui_admin` WHERE (  `admin_id` = 1 ) AND `ui_admin`.`delete_time` IS NULL LIMIT 1 [ RunTime:0.001000s ]
---------------------------------------------------------------
[ 2017-09-29T17:52:21+08:00 ] 127.0.0.4 127.0.0.1 GET /admin/good/add.shtml
[ sql ] [ DB ] CONNECT:[ UseTime:0.010001s ] mysql:dbname=ershoushouji;host=192.168.124.222;port=3306;charset=utf8
[ sql ] [ SQL ] SHOW COLUMNS FROM `ui_config` [ RunTime:0.023001s ]
[ sql ] [ SQL ] SELECT * FROM `ui_config` WHERE `ui_config`.`delete_time` IS NULL [ RunTime:0.002000s ]
[ sql ] [ SQL ] SHOW COLUMNS FROM `ui_city` [ RunTime:0.018001s ]
[ sql ] [ SQL ] SELECT * FROM `ui_city` WHERE  `pid` <> 0 [ RunTime:0.021001s ]
[ sql ] [ SQL ] SHOW COLUMNS FROM `ui_menu` [ RunTime:0.019001s ]
[ sql ] [ SQL ] SELECT * FROM `ui_menu` WHERE (  `url` = '/admin/good/add.shtml' ) AND `ui_menu`.`delete_time` IS NULL LIMIT 1 [ RunTime:0.001000s ]
[ sql ] [ SQL ] SELECT * FROM `ui_menu` WHERE (  `menu_id` = 102 ) AND `ui_menu`.`delete_time` IS NULL LIMIT 1 [ RunTime:0.002000s ]
[ sql ] [ SQL ] SHOW COLUMNS FROM `ui_admin` [ RunTime:0.013001s ]
[ sql ] [ SQL ] SELECT * FROM `ui_admin` WHERE (  `admin_id` = 1 ) AND `ui_admin`.`delete_time` IS NULL LIMIT 1 [ RunTime:0.001000s ]
[ sql ] [ SQL ] SHOW COLUMNS FROM `ui_goods_brand` [ RunTime:0.009001s ]
[ sql ] [ SQL ] SELECT * FROM `ui_goods_brand` WHERE `ui_goods_brand`.`delete_time` IS NULL [ RunTime:0.002000s ]
[ sql ] [ SQL ] SHOW COLUMNS FROM `ui_goods_attr` [ RunTime:0.009001s ]
[ sql ] [ SQL ] SELECT * FROM `ui_goods_attr` WHERE `ui_goods_attr`.`delete_time` IS NULL [ RunTime:0.001000s ]
[ sql ] [ SQL ] SHOW COLUMNS FROM `ui_check_info` [ RunTime:0.009000s ]
[ sql ] [ SQL ] SELECT * FROM `ui_check_info` WHERE `ui_check_info`.`delete_time` IS NULL [ RunTime:0.001001s ]
[ sql ] [ SQL ] SHOW COLUMNS FROM `ui_store_info` [ RunTime:0.009000s ]
[ sql ] [ SQL ] SELECT * FROM `ui_store_info` WHERE `ui_store_info`.`delete_time` IS NULL [ RunTime:0.001000s ]
[ sql ] [ SQL ] SHOW COLUMNS FROM `ui_brand_model` [ RunTime:0.008001s ]
[ sql ] [ SQL ] SELECT * FROM `ui_brand_model` WHERE (  `brand_id` = 1 ) AND `ui_brand_model`.`delete_time` IS NULL [ RunTime:0.001000s ]
---------------------------------------------------------------
[ 2017-09-29T17:54:27+08:00 ] 127.0.0.4 127.0.0.1 GET /admin/index/index.shtml
[ sql ] [ DB ] CONNECT:[ UseTime:0.011001s ] mysql:dbname=ershoushouji;host=192.168.124.222;port=3306;charset=utf8
[ sql ] [ SQL ] SHOW COLUMNS FROM `ui_config` [ RunTime:0.019001s ]
[ sql ] [ SQL ] SELECT * FROM `ui_config` WHERE `ui_config`.`delete_time` IS NULL [ RunTime:0.002000s ]
[ sql ] [ SQL ] SHOW COLUMNS FROM `ui_city` [ RunTime:0.011000s ]
[ sql ] [ SQL ] SELECT * FROM `ui_city` WHERE  `pid` <> 0 [ RunTime:0.021002s ]
[ sql ] [ SQL ] SHOW COLUMNS FROM `ui_menu` [ RunTime:0.018001s ]
[ sql ] [ SQL ] SELECT * FROM `ui_menu` WHERE (  `url` = '/admin/index/index.shtml' ) AND `ui_menu`.`delete_time` IS NULL LIMIT 1 [ RunTime:0.001000s ]
[ sql ] [ SQL ] SELECT * FROM `ui_menu` WHERE (  `menu_id` = 0 ) AND `ui_menu`.`delete_time` IS NULL LIMIT 1 [ RunTime:0.001000s ]
[ sql ] [ SQL ] SHOW COLUMNS FROM `ui_admin` [ RunTime:0.015000s ]
[ sql ] [ SQL ] SELECT * FROM `ui_admin` WHERE (  `admin_id` = 1 ) AND `ui_admin`.`delete_time` IS NULL LIMIT 1 [ RunTime:0.001000s ]
[ sql ] [ SQL ] SELECT `menu_id` FROM `ui_menu` WHERE `ui_menu`.`delete_time` IS NULL [ RunTime:0.001000s ]
[ sql ] [ SQL ] SELECT `menu_id`,`module`,`controller`,`action` FROM `ui_menu` WHERE (  `menu_id` IN (2,3,4,5,12,13,45,62,63,64,68,69,72,74,75,76,77,78,80,81,82,83,84,85,86,91,92,93,94,95,96,97,98,99,100,101,102,103,104,105,106,108,109,110,111,112,113,114,115,116,117,118,119,120,121,123,124,125,126,127,128,129,130,136,138,139,140,141,142,143,144,146,151,152,153,154,155,156,157,158,160,162,163,168,169,170,171,172,173,174,175,176,177,178,179,180,185,186,195,196,197,198,199,200,209,213,214,215,225,228,229,230,231,233,234,235,236,237,238,239,240,241,242,243,244,245,246,247,248,249,250,255,256,257,258,259,262,263,264,265,267,271,272,273,274,275,277,278,280,281,283,285,286,287,288,289) ) AND `ui_menu`.`delete_time` IS NULL [ RunTime:0.003000s ]
[ sql ] [ SQL ] SELECT `pid` FROM `ui_menu` WHERE (  `menu_id` IN (2,3,4,5,12,13,45,62,63,64,68,69,72,74,75,76,77,78,80,81,82,83,84,85,86,91,92,93,94,95,96,97,98,99,100,101,102,103,104,105,106,108,109,110,111,112,113,114,115,116,117,118,119,120,121,123,124,125,126,127,128,129,130,136,138,139,140,141,142,143,144,146,151,152,153,154,155,156,157,158,160,162,163,168,169,170,171,172,173,174,175,176,177,178,179,180,185,186,195,196,197,198,199,200,209,213,214,215,225,228,229,230,231,233,234,235,236,237,238,239,240,241,242,243,244,245,246,247,248,249,250,255,256,257,258,259,262,263,264,265,267,271,272,273,274,275,277,278,280,281,283,285,286,287,288,289)  AND `status` = 1  AND `pid` <> 0 ) AND `ui_menu`.`delete_time` IS NULL [ RunTime:0.002000s ]
[ sql ] [ SQL ] SELECT `pid` FROM `ui_menu` WHERE (  `menu_id` IN (83,5,45,74,98,100,237,240,241)  AND `status` = 1  AND `pid` <> 0 ) AND `ui_menu`.`delete_time` IS NULL [ RunTime:0.001000s ]
[ sql ] [ SQL ] SELECT * FROM `ui_menu` WHERE (  `menu_id` IN (2,3,4,5,12,13,45,62,63,64,68,69,72,74,75,76,77,78,80,81,82,83,84,85,86,91,92,93,94,95,96,97,98,99,100,101,102,103,104,105,106,108,109,110,111,112,113,114,115,116,117,118,119,120,121,123,124,125,126,127,128,129,130,136,138,139,140,141,142,143,144,146,151,152,153,154,155,156,157,158,160,162,163,168,169,170,171,172,173,174,175,176,177,178,179,180,185,186,195,196,197,198,199,200,209,213,214,215,225,228,229,230,231,233,234,235,236,237,238,239,240,241,242,243,244,245,246,247,248,249,250,255,256,257,258,259,262,263,264,265,267,271,272,273,274,275,277,278,280,281,283,285,286,287,288,289)  AND `status` = 1 ) AND `ui_menu`.`delete_time` IS NULL ORDER BY `sort`  asc [ RunTime:0.004000s ]
[ sql ] [ SQL ] SHOW COLUMNS FROM `ui_auth_group` [ RunTime:0.010000s ]
[ sql ] [ SQL ] SELECT `group_name` FROM `ui_auth_group` WHERE (  `group_id` = 1 ) AND `ui_auth_group`.`delete_time` IS NULL LIMIT 1 [ RunTime:0.001000s ]
---------------------------------------------------------------
[ 2017-09-29T17:54:28+08:00 ] 127.0.0.4 127.0.0.1 GET /admin/index/main.shtml
[ sql ] [ DB ] CONNECT:[ UseTime:0.010000s ] mysql:dbname=ershoushouji;host=192.168.124.222;port=3306;charset=utf8
[ sql ] [ SQL ] SHOW COLUMNS FROM `ui_config` [ RunTime:0.014001s ]
[ sql ] [ SQL ] SELECT * FROM `ui_config` WHERE `ui_config`.`delete_time` IS NULL [ RunTime:0.001000s ]
[ sql ] [ SQL ] SHOW COLUMNS FROM `ui_city` [ RunTime:0.013000s ]
[ sql ] [ SQL ] SELECT * FROM `ui_city` WHERE  `pid` <> 0 [ RunTime:0.021002s ]
[ sql ] [ SQL ] SHOW COLUMNS FROM `ui_menu` [ RunTime:0.021002s ]
[ sql ] [ SQL ] SELECT * FROM `ui_menu` WHERE (  `url` = '/admin/index/main.shtml' ) AND `ui_menu`.`delete_time` IS NULL LIMIT 1 [ RunTime:0.001000s ]
[ sql ] [ SQL ] SHOW COLUMNS FROM `ui_admin` [ RunTime:0.011001s ]
[ sql ] [ SQL ] SELECT * FROM `ui_admin` WHERE (  `admin_id` = 1 ) AND `ui_admin`.`delete_time` IS NULL LIMIT 1 [ RunTime:0.001000s ]
[ sql ] [ SQL ] SHOW COLUMNS FROM `ui_order` [ RunTime:0.021001s ]
[ sql ] [ SQL ] SELECT `deal_price` FROM `ui_order` WHERE (  `status` = 6  AND `create_time` BETWEEN 1504195200 AND 1504281600 ) AND `ui_order`.`delete_time` IS NULL [ RunTime:0.001000s ]
[ sql ] [ SQL ] SELECT `deal_price` FROM `ui_order` WHERE (  `status` = 6  AND `create_time` BETWEEN 1504281600 AND 1504368000 ) AND `ui_order`.`delete_time` IS NULL [ RunTime:0.001000s ]
[ sql ] [ SQL ] SELECT `deal_price` FROM `ui_order` WHERE (  `status` = 6  AND `create_time` BETWEEN 1504368000 AND 1504454400 ) AND `ui_order`.`delete_time` IS NULL [ RunTime:0.001000s ]
[ sql ] [ SQL ] SELECT `deal_price` FROM `ui_order` WHERE (  `status` = 6  AND `create_time` BETWEEN 1504454400 AND 1504540800 ) AND `ui_order`.`delete_time` IS NULL [ RunTime:0.001001s ]
[ sql ] [ SQL ] SELECT `deal_price` FROM `ui_order` WHERE (  `status` = 6  AND `create_time` BETWEEN 1504540800 AND 1504627200 ) AND `ui_order`.`delete_time` IS NULL [ RunTime:0.001000s ]
[ sql ] [ SQL ] SELECT `deal_price` FROM `ui_order` WHERE (  `status` = 6  AND `create_time` BETWEEN 1504627200 AND 1504713600 ) AND `ui_order`.`delete_time` IS NULL [ RunTime:0.002000s ]
[ sql ] [ SQL ] SELECT `deal_price` FROM `ui_order` WHERE (  `status` = 6  AND `create_time` BETWEEN 1504713600 AND 1504800000 ) AND `ui_order`.`delete_time` IS NULL [ RunTime:0.001000s ]
[ sql ] [ SQL ] SELECT `deal_price` FROM `ui_order` WHERE (  `status` = 6  AND `create_time` BETWEEN 1504800000 AND 1504886400 ) AND `ui_order`.`delete_time` IS NULL [ RunTime:0.001000s ]
[ sql ] [ SQL ] SELECT `deal_price` FROM `ui_order` WHERE (  `status` = 6  AND `create_time` BETWEEN 1504886400 AND 1504972800 ) AND `ui_order`.`delete_time` IS NULL [ RunTime:0.001000s ]
[ sql ] [ SQL ] SELECT `deal_price` FROM `ui_order` WHERE (  `status` = 6  AND `create_time` BETWEEN 1504972800 AND 1505059200 ) AND `ui_order`.`delete_time` IS NULL [ RunTime:0.001000s ]
[ sql ] [ SQL ] SELECT `deal_price` FROM `ui_order` WHERE (  `status` = 6  AND `create_time` BETWEEN 1505059200 AND 1505145600 ) AND `ui_order`.`delete_time` IS NULL [ RunTime:0.001000s ]
[ sql ] [ SQL ] SELECT `deal_price` FROM `ui_order` WHERE (  `status` = 6  AND `create_time` BETWEEN 1505145600 AND 1505232000 ) AND `ui_order`.`delete_time` IS NULL [ RunTime:0.001000s ]
[ sql ] [ SQL ] SELECT `deal_price` FROM `ui_order` WHERE (  `status` = 6  AND `create_time` BETWEEN 1505232000 AND 1505318400 ) AND `ui_order`.`delete_time` IS NULL [ RunTime:0.001000s ]
[ sql ] [ SQL ] SELECT `deal_price` FROM `ui_order` WHERE (  `status` = 6  AND `create_time` BETWEEN 1505318400 AND 1505404800 ) AND `ui_order`.`delete_time` IS NULL [ RunTime:0.001000s ]
[ sql ] [ SQL ] SELECT `deal_price` FROM `ui_order` WHERE (  `status` = 6  AND `create_time` BETWEEN 1505404800 AND 1505491200 ) AND `ui_order`.`delete_time` IS NULL [ RunTime:0.001000s ]
[ sql ] [ SQL ] SELECT `deal_price` FROM `ui_order` WHERE (  `status` = 6  AND `create_time` BETWEEN 1505491200 AND 1505577600 ) AND `ui_order`.`delete_time` IS NULL [ RunTime:0.001000s ]
[ sql ] [ SQL ] SELECT `deal_price` FROM `ui_order` WHERE (  `status` = 6  AND `create_time` BETWEEN 1505577600 AND 1505664000 ) AND `ui_order`.`delete_time` IS NULL [ RunTime:0.002000s ]
[ sql ] [ SQL ] SELECT `deal_price` FROM `ui_order` WHERE (  `status` = 6  AND `create_time` BETWEEN 1505664000 AND 1505750400 ) AND `ui_order`.`delete_time` IS NULL [ RunTime:0.001000s ]
[ sql ] [ SQL ] SELECT `deal_price` FROM `ui_order` WHERE (  `status` = 6  AND `create_time` BETWEEN 1505750400 AND 1505836800 ) AND `ui_order`.`delete_time` IS NULL [ RunTime:0.001000s ]
[ sql ] [ SQL ] SELECT `deal_price` FROM `ui_order` WHERE (  `status` = 6  AND `create_time` BETWEEN 1505836800 AND 1505923200 ) AND `ui_order`.`delete_time` IS NULL [ RunTime:0.001000s ]
[ sql ] [ SQL ] SELECT `deal_price` FROM `ui_order` WHERE (  `status` = 6  AND `create_time` BETWEEN 1505923200 AND 1506009600 ) AND `ui_order`.`delete_time` IS NULL [ RunTime:0.001000s ]
[ sql ] [ SQL ] SELECT `deal_price` FROM `ui_order` WHERE (  `status` = 6  AND `create_time` BETWEEN 1506009600 AND 1506096000 ) AND `ui_order`.`delete_time` IS NULL [ RunTime:0.001000s ]
[ sql ] [ SQL ] SELECT `deal_price` FROM `ui_order` WHERE (  `status` = 6  AND `create_time` BETWEEN 1506096000 AND 1506182400 ) AND `ui_order`.`delete_time` IS NULL [ RunTime:0.001000s ]
[ sql ] [ SQL ] SELECT `deal_price` FROM `ui_order` WHERE (  `status` = 6  AND `create_time` BETWEEN 1506182400 AND 1506268800 ) AND `ui_order`.`delete_time` IS NULL [ RunTime:0.001000s ]
[ sql ] [ SQL ] SELECT `deal_price` FROM `ui_order` WHERE (  `status` = 6  AND `create_time` BETWEEN 1506268800 AND 1506355200 ) AND `ui_order`.`delete_time` IS NULL [ RunTime:0.001000s ]
[ sql ] [ SQL ] SELECT `deal_price` FROM `ui_order` WHERE (  `status` = 6  AND `create_time` BETWEEN 1506355200 AND 1506441600 ) AND `ui_order`.`delete_time` IS NULL [ RunTime:0.001000s ]
[ sql ] [ SQL ] SELECT `deal_price` FROM `ui_order` WHERE (  `status` = 6  AND `create_time` BETWEEN 1506441600 AND 1506528000 ) AND `ui_order`.`delete_time` IS NULL [ RunTime:0.001000s ]
[ sql ] [ SQL ] SELECT `deal_price` FROM `ui_order` WHERE (  `status` = 6  AND `create_time` BETWEEN 1506528000 AND 1506614400 ) AND `ui_order`.`delete_time` IS NULL [ RunTime:0.002000s ]
[ sql ] [ SQL ] SELECT `deal_price` FROM `ui_order` WHERE (  `status` = 6  AND `create_time` BETWEEN 1506614400 AND 1506700800 ) AND `ui_order`.`delete_time` IS NULL [ RunTime:0.001000s ]
[ sql ] [ SQL ] SHOW COLUMNS FROM `ui_order_back` [ RunTime:0.022001s ]
[ sql ] [ SQL ] SELECT COUNT(*) AS tp_count FROM `ui_order_back` WHERE (  `status` = 1 ) AND `ui_order_back`.`delete_time` IS NULL LIMIT 1 [ RunTime:0.001000s ]
[ sql ] [ SQL ] SELECT `deal_price` FROM `ui_order` WHERE (  `status` = 4 ) AND `ui_order`.`delete_time` IS NULL [ RunTime:0.001000s ]
[ sql ] [ SQL ] SHOW COLUMNS FROM `ui_user` [ RunTime:0.017001s ]
[ sql ] [ SQL ] SELECT COUNT(*) AS tp_count FROM `ui_user` WHERE `ui_user`.`delete_time` IS NULL LIMIT 1 [ RunTime:0.001000s ]
---------------------------------------------------------------
[ 2017-09-29T17:54:29+08:00 ] 127.0.0.4 127.0.0.1 POST /admin/index/isuniquelogin.shtml
[ sql ] [ DB ] CONNECT:[ UseTime:0.002000s ] mysql:dbname=ershoushouji;host=192.168.124.222;port=3306;charset=utf8
[ sql ] [ SQL ] SHOW COLUMNS FROM `ui_menu` [ RunTime:0.021001s ]
[ sql ] [ SQL ] SELECT * FROM `ui_menu` WHERE (  `url` = '/admin/index/isuniquelogin.shtml' ) AND `ui_menu`.`delete_time` IS NULL LIMIT 1 [ RunTime:0.002000s ]
[ sql ] [ SQL ] SHOW COLUMNS FROM `ui_admin` [ RunTime:0.017001s ]
[ sql ] [ SQL ] SELECT * FROM `ui_admin` WHERE (  `admin_id` = 1 ) AND `ui_admin`.`delete_time` IS NULL LIMIT 1 [ RunTime:0.001000s ]
[ sql ] [ SQL ] SELECT * FROM `ui_admin` WHERE (  `admin_id` = 1 ) AND `ui_admin`.`delete_time` IS NULL LIMIT 1 [ RunTime:0.001000s ]
---------------------------------------------------------------
[ 2017-09-29T17:54:32+08:00 ] 127.0.0.4 127.0.0.1 GET /admin/good/index.shtml
[ sql ] [ DB ] CONNECT:[ UseTime:0.011001s ] mysql:dbname=ershoushouji;host=192.168.124.222;port=3306;charset=utf8
[ sql ] [ SQL ] SHOW COLUMNS FROM `ui_config` [ RunTime:0.022001s ]
[ sql ] [ SQL ] SELECT * FROM `ui_config` WHERE `ui_config`.`delete_time` IS NULL [ RunTime:0.001000s ]
[ sql ] [ SQL ] SHOW COLUMNS FROM `ui_city` [ RunTime:0.017001s ]
[ sql ] [ SQL ] SELECT * FROM `ui_city` WHERE  `pid` <> 0 [ RunTime:0.021002s ]
[ sql ] [ SQL ] SHOW COLUMNS FROM `ui_menu` [ RunTime:0.018001s ]
[ sql ] [ SQL ] SELECT * FROM `ui_menu` WHERE (  `url` = '/admin/good/index.shtml' ) AND `ui_menu`.`delete_time` IS NULL LIMIT 1 [ RunTime:0.002000s ]
[ sql ] [ SQL ] SELECT * FROM `ui_menu` WHERE (  `menu_id` = 100 ) AND `ui_menu`.`delete_time` IS NULL LIMIT 1 [ RunTime:0.001000s ]
[ sql ] [ SQL ] SHOW COLUMNS FROM `ui_admin` [ RunTime:0.011000s ]
[ sql ] [ SQL ] SELECT * FROM `ui_admin` WHERE (  `admin_id` = 1 ) AND `ui_admin`.`delete_time` IS NULL LIMIT 1 [ RunTime:0.001000s ]
[ sql ] [ SQL ] SHOW COLUMNS FROM `ui_goods_brand` [ RunTime:0.009001s ]
[ sql ] [ SQL ] SELECT * FROM `ui_goods_brand` WHERE `ui_goods_brand`.`delete_time` IS NULL [ RunTime:0.002000s ]
[ sql ] [ SQL ] SHOW COLUMNS FROM `ui_goods` [ RunTime:0.010001s ]
[ sql ] [ SQL ] SELECT COUNT(*) AS tp_count FROM `ui_goods` WHERE `ui_goods`.`delete_time` IS NULL LIMIT 1 [ RunTime:0.001000s ]
[ sql ] [ SQL ] SELECT * FROM `ui_goods` WHERE `ui_goods`.`delete_time` IS NULL LIMIT 0,15 [ RunTime:0.002000s ]
[ sql ] [ SQL ] SELECT * FROM `ui_goods_brand` WHERE (  `brand_id` = 1 ) AND `ui_goods_brand`.`delete_time` IS NULL LIMIT 1 [ RunTime:0.001000s ]
[ sql ] [ SQL ] SELECT * FROM `ui_admin` WHERE (  `admin_id` = 1 ) AND `ui_admin`.`delete_time` IS NULL LIMIT 1 [ RunTime:0.001000s ]
[ sql ] [ SQL ] SELECT * FROM `ui_goods_brand` WHERE (  `brand_id` = 22 ) AND `ui_goods_brand`.`delete_time` IS NULL LIMIT 1 [ RunTime:0.001000s ]
[ sql ] [ SQL ] SELECT * FROM `ui_admin` WHERE (  `admin_id` = 2 ) AND `ui_admin`.`delete_time` IS NULL LIMIT 1 [ RunTime:0.001000s ]
[ sql ] [ SQL ] SELECT * FROM `ui_goods_brand` WHERE (  `brand_id` = 3 ) AND `ui_goods_brand`.`delete_time` IS NULL LIMIT 1 [ RunTime:0.001000s ]
[ sql ] [ SQL ] SELECT * FROM `ui_admin` WHERE (  `admin_id` = 3 ) AND `ui_admin`.`delete_time` IS NULL LIMIT 1 [ RunTime:0.002000s ]
[ sql ] [ SQL ] SELECT * FROM `ui_goods_brand` WHERE (  `brand_id` = 1 ) AND `ui_goods_brand`.`delete_time` IS NULL LIMIT 1 [ RunTime:0.001000s ]
[ sql ] [ SQL ] SELECT * FROM `ui_admin` WHERE (  `admin_id` = 4 ) AND `ui_admin`.`delete_time` IS NULL LIMIT 1 [ RunTime:0.001000s ]
[ sql ] [ SQL ] SELECT * FROM `ui_goods_brand` WHERE (  `brand_id` = 1 ) AND `ui_goods_brand`.`delete_time` IS NULL LIMIT 1 [ RunTime:0.001000s ]
[ sql ] [ SQL ] SELECT * FROM `ui_admin` WHERE (  `admin_id` = 2 ) AND `ui_admin`.`delete_time` IS NULL LIMIT 1 [ RunTime:0.001000s ]
[ sql ] [ SQL ] SELECT * FROM `ui_goods_brand` WHERE (  `brand_id` = 1 ) AND `ui_goods_brand`.`delete_time` IS NULL LIMIT 1 [ RunTime:0.001000s ]
[ sql ] [ SQL ] SELECT * FROM `ui_admin` WHERE (  `admin_id` = 1 ) AND `ui_admin`.`delete_time` IS NULL LIMIT 1 [ RunTime:0.001000s ]
[ sql ] [ SQL ] SELECT * FROM `ui_goods_brand` WHERE (  `brand_id` = 1 ) AND `ui_goods_brand`.`delete_time` IS NULL LIMIT 1 [ RunTime:0.001001s ]
[ sql ] [ SQL ] SELECT * FROM `ui_admin` WHERE (  `admin_id` = 1 ) AND `ui_admin`.`delete_time` IS NULL LIMIT 1 [ RunTime:0.001000s ]
[ sql ] [ SQL ] SELECT * FROM `ui_goods_brand` WHERE (  `brand_id` = 1 ) AND `ui_goods_brand`.`delete_time` IS NULL LIMIT 1 [ RunTime:0.002000s ]
[ sql ] [ SQL ] SELECT * FROM `ui_admin` WHERE (  `admin_id` = 1 ) AND `ui_admin`.`delete_time` IS NULL LIMIT 1 [ RunTime:0.001000s ]
[ sql ] [ SQL ] SELECT * FROM `ui_goods_brand` WHERE (  `brand_id` = 20 ) AND `ui_goods_brand`.`delete_time` IS NULL LIMIT 1 [ RunTime:0.001000s ]
[ sql ] [ SQL ] SELECT * FROM `ui_admin` WHERE (  `admin_id` IS NULL ) AND `ui_admin`.`delete_time` IS NULL LIMIT 1 [ RunTime:0.001000s ]
[ sql ] [ SQL ] SELECT * FROM `ui_goods_brand` WHERE (  `brand_id` = 1 ) AND `ui_goods_brand`.`delete_time` IS NULL LIMIT 1 [ RunTime:0.001000s ]
[ sql ] [ SQL ] SELECT * FROM `ui_admin` WHERE (  `admin_id` IS NULL ) AND `ui_admin`.`delete_time` IS NULL LIMIT 1 [ RunTime:0.001000s ]
[ sql ] [ SQL ] SELECT * FROM `ui_goods_brand` WHERE (  `brand_id` = 1 ) AND `ui_goods_brand`.`delete_time` IS NULL LIMIT 1 [ RunTime:0.001000s ]
[ sql ] [ SQL ] SELECT * FROM `ui_admin` WHERE (  `admin_id` IS NULL ) AND `ui_admin`.`delete_time` IS NULL LIMIT 1 [ RunTime:0.002000s ]
[ sql ] [ SQL ] SELECT * FROM `ui_goods_brand` WHERE (  `brand_id` = 1 ) AND `ui_goods_brand`.`delete_time` IS NULL LIMIT 1 [ RunTime:0.001001s ]
[ sql ] [ SQL ] SELECT * FROM `ui_admin` WHERE (  `admin_id` IS NULL ) AND `ui_admin`.`delete_time` IS NULL LIMIT 1 [ RunTime:0.001000s ]
[ sql ] [ SQL ] SELECT * FROM `ui_goods_brand` WHERE (  `brand_id` = 1 ) AND `ui_goods_brand`.`delete_time` IS NULL LIMIT 1 [ RunTime:0.002000s ]
[ sql ] [ SQL ] SELECT * FROM `ui_admin` WHERE (  `admin_id` IS NULL ) AND `ui_admin`.`delete_time` IS NULL LIMIT 1 [ RunTime:0.001000s ]
[ sql ] [ SQL ] SELECT * FROM `ui_goods_brand` WHERE (  `brand_id` = 20 ) AND `ui_goods_brand`.`delete_time` IS NULL LIMIT 1 [ RunTime:0.001000s ]
[ sql ] [ SQL ] SELECT * FROM `ui_admin` WHERE (  `admin_id` = 1 ) AND `ui_admin`.`delete_time` IS NULL LIMIT 1 [ RunTime:0.001000s ]
[ sql ] [ SQL ] SELECT * FROM `ui_goods_brand` WHERE (  `brand_id` = 3 ) AND `ui_goods_brand`.`delete_time` IS NULL LIMIT 1 [ RunTime:0.002000s ]
[ sql ] [ SQL ] SELECT * FROM `ui_admin` WHERE (  `admin_id` = 1 ) AND `ui_admin`.`delete_time` IS NULL LIMIT 1 [ RunTime:0.001000s ]
---------------------------------------------------------------
[ 2017-09-29T17:54:34+08:00 ] 127.0.0.4 127.0.0.1 GET /admin/good/add.shtml
[ sql ] [ DB ] CONNECT:[ UseTime:0.010000s ] mysql:dbname=ershoushouji;host=192.168.124.222;port=3306;charset=utf8
[ sql ] [ SQL ] SHOW COLUMNS FROM `ui_config` [ RunTime:0.022001s ]
[ sql ] [ SQL ] SELECT * FROM `ui_config` WHERE `ui_config`.`delete_time` IS NULL [ RunTime:0.002001s ]
[ sql ] [ SQL ] SHOW COLUMNS FROM `ui_city` [ RunTime:0.011001s ]
[ sql ] [ SQL ] SELECT * FROM `ui_city` WHERE  `pid` <> 0 [ RunTime:0.021001s ]
[ sql ] [ SQL ] SHOW COLUMNS FROM `ui_menu` [ RunTime:0.018001s ]
[ sql ] [ SQL ] SELECT * FROM `ui_menu` WHERE (  `url` = '/admin/good/add.shtml' ) AND `ui_menu`.`delete_time` IS NULL LIMIT 1 [ RunTime:0.002000s ]
[ sql ] [ SQL ] SELECT * FROM `ui_menu` WHERE (  `menu_id` = 102 ) AND `ui_menu`.`delete_time` IS NULL LIMIT 1 [ RunTime:0.002000s ]
[ sql ] [ SQL ] SHOW COLUMNS FROM `ui_admin` [ RunTime:0.011001s ]
[ sql ] [ SQL ] SELECT * FROM `ui_admin` WHERE (  `admin_id` = 1 ) AND `ui_admin`.`delete_time` IS NULL LIMIT 1 [ RunTime:0.001000s ]
[ sql ] [ SQL ] SHOW COLUMNS FROM `ui_goods_brand` [ RunTime:0.010001s ]
[ sql ] [ SQL ] SELECT * FROM `ui_goods_brand` WHERE `ui_goods_brand`.`delete_time` IS NULL [ RunTime:0.001000s ]
[ sql ] [ SQL ] SHOW COLUMNS FROM `ui_goods_attr` [ RunTime:0.009000s ]
[ sql ] [ SQL ] SELECT * FROM `ui_goods_attr` WHERE `ui_goods_attr`.`delete_time` IS NULL [ RunTime:0.001000s ]
[ sql ] [ SQL ] SHOW COLUMNS FROM `ui_check_info` [ RunTime:0.009000s ]
[ sql ] [ SQL ] SELECT * FROM `ui_check_info` WHERE `ui_check_info`.`delete_time` IS NULL [ RunTime:0.001000s ]
[ sql ] [ SQL ] SHOW COLUMNS FROM `ui_store_info` [ RunTime:0.009001s ]
[ sql ] [ SQL ] SELECT * FROM `ui_store_info` WHERE `ui_store_info`.`delete_time` IS NULL [ RunTime:0.001000s ]
[ sql ] [ SQL ] SHOW COLUMNS FROM `ui_brand_model` [ RunTime:0.009001s ]
[ sql ] [ SQL ] SELECT * FROM `ui_brand_model` WHERE (  `brand_id` = 1 ) AND `ui_brand_model`.`delete_time` IS NULL [ RunTime:0.001000s ]
---------------------------------------------------------------
[ 2017-09-29T17:54:40+08:00 ] 127.0.0.4 127.0.0.1 POST /admin/good/get_model.shtml
[ sql ] [ DB ] CONNECT:[ UseTime:0.010000s ] mysql:dbname=ershoushouji;host=192.168.124.222;port=3306;charset=utf8
[ sql ] [ SQL ] SHOW COLUMNS FROM `ui_menu` [ RunTime:0.022002s ]
[ sql ] [ SQL ] SELECT * FROM `ui_menu` WHERE (  `url` = '/admin/good/get_model.shtml' ) AND `ui_menu`.`delete_time` IS NULL LIMIT 1 [ RunTime:0.002000s ]
[ sql ] [ SQL ] SELECT * FROM `ui_menu` WHERE (  `menu_id` = 102 ) AND `ui_menu`.`delete_time` IS NULL LIMIT 1 [ RunTime:0.002000s ]
[ sql ] [ SQL ] SHOW COLUMNS FROM `ui_admin` [ RunTime:0.018001s ]
[ sql ] [ SQL ] SELECT * FROM `ui_admin` WHERE (  `admin_id` = 1 ) AND `ui_admin`.`delete_time` IS NULL LIMIT 1 [ RunTime:0.001000s ]
[ sql ] [ SQL ] SHOW COLUMNS FROM `ui_brand_model` [ RunTime:0.010001s ]
[ sql ] [ SQL ] SELECT * FROM `ui_brand_model` WHERE (  `brand_id` = 3 ) AND `ui_brand_model`.`delete_time` IS NULL [ RunTime:0.001000s ]
---------------------------------------------------------------
[ 2017-09-29T17:54:52+08:00 ] 127.0.0.4 127.0.0.1 GET /admin/good/brand_index.shtml
[ sql ] [ DB ] CONNECT:[ UseTime:0.011000s ] mysql:dbname=ershoushouji;host=192.168.124.222;port=3306;charset=utf8
[ sql ] [ SQL ] SHOW COLUMNS FROM `ui_config` [ RunTime:0.022001s ]
[ sql ] [ SQL ] SELECT * FROM `ui_config` WHERE `ui_config`.`delete_time` IS NULL [ RunTime:0.003000s ]
[ sql ] [ SQL ] SHOW COLUMNS FROM `ui_city` [ RunTime:0.018001s ]
[ sql ] [ SQL ] SELECT * FROM `ui_city` WHERE  `pid` <> 0 [ RunTime:0.021002s ]
[ sql ] [ SQL ] SHOW COLUMNS FROM `ui_menu` [ RunTime:0.017000s ]
[ sql ] [ SQL ] SELECT * FROM `ui_menu` WHERE (  `url` = '/admin/good/brand_index.shtml' ) AND `ui_menu`.`delete_time` IS NULL LIMIT 1 [ RunTime:0.001000s ]
[ sql ] [ SQL ] SELECT * FROM `ui_menu` WHERE (  `menu_id` = 100 ) AND `ui_menu`.`delete_time` IS NULL LIMIT 1 [ RunTime:0.002000s ]
[ sql ] [ SQL ] SHOW COLUMNS FROM `ui_admin` [ RunTime:0.017001s ]
[ sql ] [ SQL ] SELECT * FROM `ui_admin` WHERE (  `admin_id` = 1 ) AND `ui_admin`.`delete_time` IS NULL LIMIT 1 [ RunTime:0.001000s ]
[ sql ] [ SQL ] SHOW COLUMNS FROM `ui_goods_brand` [ RunTime:0.009001s ]
[ sql ] [ SQL ] SELECT COUNT(*) AS tp_count FROM `ui_goods_brand` WHERE `ui_goods_brand`.`delete_time` IS NULL LIMIT 1 [ RunTime:0.001000s ]
[ sql ] [ SQL ] SELECT * FROM `ui_goods_brand` WHERE `ui_goods_brand`.`delete_time` IS NULL ORDER BY brand_id desc LIMIT 0,15 [ RunTime:0.002000s ]
---------------------------------------------------------------
[ 2017-09-29T17:54:55+08:00 ] 127.0.0.4 127.0.0.1 GET /admin/good/set_model_brand/brand_id/22/page/1.shtml
[ sql ] [ DB ] CONNECT:[ UseTime:0.010000s ] mysql:dbname=ershoushouji;host=192.168.124.222;port=3306;charset=utf8
[ sql ] [ SQL ] SHOW COLUMNS FROM `ui_config` [ RunTime:0.022002s ]
[ sql ] [ SQL ] SELECT * FROM `ui_config` WHERE `ui_config`.`delete_time` IS NULL [ RunTime:0.002000s ]
[ sql ] [ SQL ] SHOW COLUMNS FROM `ui_city` [ RunTime:0.017001s ]
[ sql ] [ SQL ] SELECT * FROM `ui_city` WHERE  `pid` <> 0 [ RunTime:0.021001s ]
[ sql ] [ SQL ] SHOW COLUMNS FROM `ui_menu` [ RunTime:0.017001s ]
[ sql ] [ SQL ] SELECT * FROM `ui_menu` WHERE (  `url` = '/admin/good/set_model_brand.shtml' ) AND `ui_menu`.`delete_time` IS NULL LIMIT 1 [ RunTime:0.001000s ]
[ sql ] [ SQL ] SELECT * FROM `ui_menu` WHERE (  `menu_id` = 104 ) AND `ui_menu`.`delete_time` IS NULL LIMIT 1 [ RunTime:0.002000s ]
[ sql ] [ SQL ] SHOW COLUMNS FROM `ui_admin` [ RunTime:0.018001s ]
[ sql ] [ SQL ] SELECT * FROM `ui_admin` WHERE (  `admin_id` = 1 ) AND `ui_admin`.`delete_time` IS NULL LIMIT 1 [ RunTime:0.001000s ]
[ sql ] [ SQL ] SHOW COLUMNS FROM `ui_brand_model` [ RunTime:0.010001s ]
[ sql ] [ SQL ] SELECT * FROM `ui_brand_model` WHERE (  `brand_id` = 22 ) AND `ui_brand_model`.`delete_time` IS NULL [ RunTime:0.001000s ]
---------------------------------------------------------------
[ 2017-09-29T17:55:01+08:00 ] 127.0.0.4 127.0.0.1 GET /admin/good/set_model_brand/brand_id/17/page/1.shtml
[ sql ] [ DB ] CONNECT:[ UseTime:0.002000s ] mysql:dbname=ershoushouji;host=192.168.124.222;port=3306;charset=utf8
[ sql ] [ SQL ] SHOW COLUMNS FROM `ui_config` [ RunTime:0.018001s ]
[ sql ] [ SQL ] SELECT * FROM `ui_config` WHERE `ui_config`.`delete_time` IS NULL [ RunTime:0.001000s ]
[ sql ] [ SQL ] SHOW COLUMNS FROM `ui_city` [ RunTime:0.017001s ]
[ sql ] [ SQL ] SELECT * FROM `ui_city` WHERE  `pid` <> 0 [ RunTime:0.021001s ]
[ sql ] [ SQL ] SHOW COLUMNS FROM `ui_menu` [ RunTime:0.022001s ]
[ sql ] [ SQL ] SELECT * FROM `ui_menu` WHERE (  `url` = '/admin/good/set_model_brand.shtml' ) AND `ui_menu`.`delete_time` IS NULL LIMIT 1 [ RunTime:0.002000s ]
[ sql ] [ SQL ] SELECT * FROM `ui_menu` WHERE (  `menu_id` = 104 ) AND `ui_menu`.`delete_time` IS NULL LIMIT 1 [ RunTime:0.002000s ]
[ sql ] [ SQL ] SHOW COLUMNS FROM `ui_admin` [ RunTime:0.010000s ]
[ sql ] [ SQL ] SELECT * FROM `ui_admin` WHERE (  `admin_id` = 1 ) AND `ui_admin`.`delete_time` IS NULL LIMIT 1 [ RunTime:0.001000s ]
[ sql ] [ SQL ] SHOW COLUMNS FROM `ui_brand_model` [ RunTime:0.009000s ]
[ sql ] [ SQL ] SELECT * FROM `ui_brand_model` WHERE (  `brand_id` = 17 ) AND `ui_brand_model`.`delete_time` IS NULL [ RunTime:0.001000s ]
---------------------------------------------------------------
[ 2017-09-29T17:55:39+08:00 ] 127.0.0.4 127.0.0.1 GET /admin/good/add_brand.shtml
[ sql ] [ DB ] CONNECT:[ UseTime:0.012000s ] mysql:dbname=ershoushouji;host=192.168.124.222;port=3306;charset=utf8
[ sql ] [ SQL ] SHOW COLUMNS FROM `ui_config` [ RunTime:0.019001s ]
[ sql ] [ SQL ] SELECT * FROM `ui_config` WHERE `ui_config`.`delete_time` IS NULL [ RunTime:0.001000s ]
[ sql ] [ SQL ] SHOW COLUMNS FROM `ui_city` [ RunTime:0.011001s ]
[ sql ] [ SQL ] SELECT * FROM `ui_city` WHERE  `pid` <> 0 [ RunTime:0.021001s ]
[ sql ] [ SQL ] SHOW COLUMNS FROM `ui_menu` [ RunTime:0.017001s ]
[ sql ] [ SQL ] SELECT * FROM `ui_menu` WHERE (  `url` = '/admin/good/add_brand.shtml' ) AND `ui_menu`.`delete_time` IS NULL LIMIT 1 [ RunTime:0.001000s ]
[ sql ] [ SQL ] SELECT * FROM `ui_menu` WHERE (  `menu_id` = 104 ) AND `ui_menu`.`delete_time` IS NULL LIMIT 1 [ RunTime:0.002000s ]
[ sql ] [ SQL ] SHOW COLUMNS FROM `ui_admin` [ RunTime:0.022001s ]
[ sql ] [ SQL ] SELECT * FROM `ui_admin` WHERE (  `admin_id` = 1 ) AND `ui_admin`.`delete_time` IS NULL LIMIT 1 [ RunTime:0.002000s ]
---------------------------------------------------------------
[ 2017-09-29T17:56:56+08:00 ] 127.0.0.4 127.0.0.1 GET /admin/orders/do_shipping.shtml
[ sql ] [ DB ] CONNECT:[ UseTime:0.013001s ] mysql:dbname=ershoushouji;host=192.168.124.222;port=3306;charset=utf8
[ sql ] [ SQL ] SHOW COLUMNS FROM `ui_config` [ RunTime:0.022001s ]
[ sql ] [ SQL ] SELECT * FROM `ui_config` WHERE `ui_config`.`delete_time` IS NULL [ RunTime:0.002000s ]
[ sql ] [ SQL ] SHOW COLUMNS FROM `ui_city` [ RunTime:0.015001s ]
[ sql ] [ SQL ] SELECT * FROM `ui_city` WHERE  `pid` <> 0 [ RunTime:0.020001s ]
[ sql ] [ SQL ] SHOW COLUMNS FROM `ui_menu` [ RunTime:0.018001s ]
[ sql ] [ SQL ] SELECT * FROM `ui_menu` WHERE (  `url` = '/admin/orders/do_shipping.shtml' ) AND `ui_menu`.`delete_time` IS NULL LIMIT 1 [ RunTime:0.002000s ]
[ sql ] [ SQL ] SELECT * FROM `ui_menu` WHERE (  `menu_id` = 237 ) AND `ui_menu`.`delete_time` IS NULL LIMIT 1 [ RunTime:0.001000s ]
[ sql ] [ SQL ] SHOW COLUMNS FROM `ui_admin` [ RunTime:0.011001s ]
[ sql ] [ SQL ] SELECT * FROM `ui_admin` WHERE (  `admin_id` = 1 ) AND `ui_admin`.`delete_time` IS NULL LIMIT 1 [ RunTime:0.001000s ]
[ sql ] [ SQL ] SHOW COLUMNS FROM `ui_order` [ RunTime:0.011001s ]
[ sql ] [ SQL ] SELECT COUNT(*) AS tp_count FROM `ui_order` WHERE (  `status` = 4 ) AND `ui_order`.`delete_time` IS NULL LIMIT 1 [ RunTime:0.001000s ]
[ sql ] [ SQL ] SELECT * FROM `ui_order` WHERE (  `status` = 4 ) AND `ui_order`.`delete_time` IS NULL ORDER BY create_time desc LIMIT 0,15 [ RunTime:0.002000s ]
[ sql ] [ SQL ] SHOW COLUMNS FROM `ui_order_info` [ RunTime:0.015001s ]
[ sql ] [ SQL ] SELECT * FROM `ui_order_info` WHERE  `order_id` = 2 LIMIT 1 [ RunTime:0.002000s ]
[ sql ] [ SQL ] SHOW COLUMNS FROM `ui_user` [ RunTime:0.010000s ]
[ sql ] [ SQL ] SELECT * FROM `ui_user` WHERE (  `user_id` = 1 ) AND `ui_user`.`delete_time` IS NULL LIMIT 1 [ RunTime:0.001000s ]
[ sql ] [ SQL ] SHOW COLUMNS FROM `ui_order_status` [ RunTime:0.015001s ]
[ sql ] [ SQL ] SELECT * FROM `ui_order_status` WHERE `ui_order_status`.`delete_time` IS NULL [ RunTime:0.001000s ]
[ sql ] [ SQL ] SHOW COLUMNS FROM `ui_pay_config` [ RunTime:0.016000s ]
[ sql ] [ SQL ] SELECT `pay_name` FROM `ui_pay_config` WHERE (  `id` = 2 ) AND `ui_pay_config`.`delete_time` IS NULL LIMIT 1 [ RunTime:0.001001s ]
---------------------------------------------------------------
[ 2017-09-29T17:56:58+08:00 ] 127.0.0.4 127.0.0.1 GET /admin/orders/do_back.shtml
[ sql ] [ DB ] CONNECT:[ UseTime:0.002000s ] mysql:dbname=ershoushouji;host=192.168.124.222;port=3306;charset=utf8
[ sql ] [ SQL ] SHOW COLUMNS FROM `ui_config` [ RunTime:0.021001s ]
[ sql ] [ SQL ] SELECT * FROM `ui_config` WHERE `ui_config`.`delete_time` IS NULL [ RunTime:0.007001s ]
[ sql ] [ SQL ] SHOW COLUMNS FROM `ui_city` [ RunTime:0.018001s ]
[ sql ] [ SQL ] SELECT * FROM `ui_city` WHERE  `pid` <> 0 [ RunTime:0.022001s ]
[ sql ] [ SQL ] SHOW COLUMNS FROM `ui_menu` [ RunTime:0.021001s ]
[ sql ] [ SQL ] SELECT * FROM `ui_menu` WHERE (  `url` = '/admin/orders/do_back.shtml' ) AND `ui_menu`.`delete_time` IS NULL LIMIT 1 [ RunTime:0.001000s ]
[ sql ] [ SQL ] SELECT * FROM `ui_menu` WHERE (  `menu_id` = 237 ) AND `ui_menu`.`delete_time` IS NULL LIMIT 1 [ RunTime:0.001000s ]
[ sql ] [ SQL ] SHOW COLUMNS FROM `ui_admin` [ RunTime:0.010001s ]
[ sql ] [ SQL ] SELECT * FROM `ui_admin` WHERE (  `admin_id` = 1 ) AND `ui_admin`.`delete_time` IS NULL LIMIT 1 [ RunTime:0.001000s ]
[ sql ] [ SQL ] SHOW COLUMNS FROM `ui_order_back` [ RunTime:0.010001s ]
[ sql ] [ SQL ] SELECT COUNT(*) AS tp_count FROM `ui_order_back` WHERE (  `status` IN (1,2,3) ) AND `ui_order_back`.`delete_time` IS NULL LIMIT 1 [ RunTime:0.001000s ]
[ sql ] [ SQL ] SELECT * FROM `ui_order_back` WHERE (  `status` IN (1,2,3) ) AND `ui_order_back`.`delete_time` IS NULL ORDER BY create_time desc LIMIT 0,15 [ RunTime:0.001000s ]
[ sql ] [ SQL ] SHOW COLUMNS FROM `ui_order` [ RunTime:0.009001s ]
[ sql ] [ SQL ] SELECT * FROM `ui_order` WHERE (  `order_id` = 3 ) AND `ui_order`.`delete_time` IS NULL LIMIT 1 [ RunTime:0.001000s ]
[ sql ] [ SQL ] SHOW COLUMNS FROM `ui_order_info` [ RunTime:0.010000s ]
[ sql ] [ SQL ] SELECT * FROM `ui_order_info` WHERE  `order_id` = 3 LIMIT 1 [ RunTime:0.001000s ]
[ sql ] [ SQL ] SHOW COLUMNS FROM `ui_user` [ RunTime:0.009000s ]
[ sql ] [ SQL ] SELECT * FROM `ui_user` WHERE (  `user_id` = 1 ) AND `ui_user`.`delete_time` IS NULL LIMIT 1 [ RunTime:0.001000s ]
[ sql ] [ SQL ] SELECT * FROM `ui_order` WHERE (  `order_id` = 3 ) AND `ui_order`.`delete_time` IS NULL LIMIT 1 [ RunTime:0.002000s ]
[ sql ] [ SQL ] SELECT * FROM `ui_order_info` WHERE  `order_id` = 3 LIMIT 1 [ RunTime:0.002001s ]
[ sql ] [ SQL ] SELECT * FROM `ui_user` WHERE (  `user_id` = 1 ) AND `ui_user`.`delete_time` IS NULL LIMIT 1 [ RunTime:0.001000s ]
[ sql ] [ SQL ] SELECT * FROM `ui_order` WHERE (  `order_id` = 2 ) AND `ui_order`.`delete_time` IS NULL LIMIT 1 [ RunTime:0.002000s ]
[ sql ] [ SQL ] SELECT * FROM `ui_order_info` WHERE  `order_id` = 2 LIMIT 1 [ RunTime:0.001000s ]
[ sql ] [ SQL ] SELECT * FROM `ui_user` WHERE (  `user_id` = 1 ) AND `ui_user`.`delete_time` IS NULL LIMIT 1 [ RunTime:0.002000s ]
[ sql ] [ SQL ] SELECT * FROM `ui_order` WHERE (  `order_id` = 1 ) AND `ui_order`.`delete_time` IS NULL LIMIT 1 [ RunTime:0.002000s ]
[ sql ] [ SQL ] SELECT * FROM `ui_order_info` WHERE  `order_id` = 1 LIMIT 1 [ RunTime:0.002000s ]
[ sql ] [ SQL ] SELECT * FROM `ui_user` WHERE (  `user_id` = 1 ) AND `ui_user`.`delete_time` IS NULL LIMIT 1 [ RunTime:0.002000s ]
---------------------------------------------------------------
[ 2017-09-29T17:58:55+08:00 ] 127.0.0.4 127.0.0.1 GET /admin/good/add_brand.shtml
[ sql ] [ DB ] CONNECT:[ UseTime:0.011000s ] mysql:dbname=ershoushouji;host=192.168.124.222;port=3306;charset=utf8
[ sql ] [ SQL ] SHOW COLUMNS FROM `ui_config` [ RunTime:0.022001s ]
[ sql ] [ SQL ] SELECT * FROM `ui_config` WHERE `ui_config`.`delete_time` IS NULL [ RunTime:0.002000s ]
[ sql ] [ SQL ] SHOW COLUMNS FROM `ui_city` [ RunTime:0.013001s ]
[ sql ] [ SQL ] SELECT * FROM `ui_city` WHERE  `pid` <> 0 [ RunTime:0.022001s ]
[ sql ] [ SQL ] SHOW COLUMNS FROM `ui_menu` [ RunTime:0.022002s ]
[ sql ] [ SQL ] SELECT * FROM `ui_menu` WHERE (  `url` = '/admin/good/add_brand.shtml' ) AND `ui_menu`.`delete_time` IS NULL LIMIT 1 [ RunTime:0.001000s ]
[ sql ] [ SQL ] SELECT * FROM `ui_menu` WHERE (  `menu_id` = 104 ) AND `ui_menu`.`delete_time` IS NULL LIMIT 1 [ RunTime:0.001000s ]
[ sql ] [ SQL ] SHOW COLUMNS FROM `ui_admin` [ RunTime:0.011001s ]
[ sql ] [ SQL ] SELECT * FROM `ui_admin` WHERE (  `admin_id` = 1 ) AND `ui_admin`.`delete_time` IS NULL LIMIT 1 [ RunTime:0.001000s ]
---------------------------------------------------------------
[ 2017-09-29T17:59:12+08:00 ] 127.0.0.4 127.0.0.1 GET /admin/good/set_model_brand/brand_id/30/page/1.shtml
[ sql ] [ DB ] CONNECT:[ UseTime:0.011001s ] mysql:dbname=ershoushouji;host=192.168.124.222;port=3306;charset=utf8
[ sql ] [ SQL ] SHOW COLUMNS FROM `ui_config` [ RunTime:0.018001s ]
[ sql ] [ SQL ] SELECT * FROM `ui_config` WHERE `ui_config`.`delete_time` IS NULL [ RunTime:0.002000s ]
[ sql ] [ SQL ] SHOW COLUMNS FROM `ui_city` [ RunTime:0.013001s ]
[ sql ] [ SQL ] SELECT * FROM `ui_city` WHERE  `pid` <> 0 [ RunTime:0.021001s ]
[ sql ] [ SQL ] SHOW COLUMNS FROM `ui_menu` [ RunTime:0.018001s ]
[ sql ] [ SQL ] SELECT * FROM `ui_menu` WHERE (  `url` = '/admin/good/set_model_brand.shtml' ) AND `ui_menu`.`delete_time` IS NULL LIMIT 1 [ RunTime:0.002000s ]
[ sql ] [ SQL ] SELECT * FROM `ui_menu` WHERE (  `menu_id` = 104 ) AND `ui_menu`.`delete_time` IS NULL LIMIT 1 [ RunTime:0.001000s ]
[ sql ] [ SQL ] SHOW COLUMNS FROM `ui_admin` [ RunTime:0.016001s ]
[ sql ] [ SQL ] SELECT * FROM `ui_admin` WHERE (  `admin_id` = 1 ) AND `ui_admin`.`delete_time` IS NULL LIMIT 1 [ RunTime:0.001000s ]
[ sql ] [ SQL ] SHOW COLUMNS FROM `ui_brand_model` [ RunTime:0.010001s ]
[ sql ] [ SQL ] SELECT * FROM `ui_brand_model` WHERE (  `brand_id` = 30 ) AND `ui_brand_model`.`delete_time` IS NULL [ RunTime:0.001000s ]
---------------------------------------------------------------
[ 2017-09-29T17:59:19+08:00 ] 127.0.0.4 127.0.0.1 GET /admin/good/add.shtml
[ sql ] [ DB ] CONNECT:[ UseTime:0.011001s ] mysql:dbname=ershoushouji;host=192.168.124.222;port=3306;charset=utf8
[ sql ] [ SQL ] SHOW COLUMNS FROM `ui_config` [ RunTime:0.021001s ]
[ sql ] [ SQL ] SELECT * FROM `ui_config` WHERE `ui_config`.`delete_time` IS NULL [ RunTime:0.001000s ]
[ sql ] [ SQL ] SHOW COLUMNS FROM `ui_city` [ RunTime:0.018001s ]
[ sql ] [ SQL ] SELECT * FROM `ui_city` WHERE  `pid` <> 0 [ RunTime:0.021002s ]
[ sql ] [ SQL ] SHOW COLUMNS FROM `ui_menu` [ RunTime:0.018001s ]
[ sql ] [ SQL ] SELECT * FROM `ui_menu` WHERE (  `url` = '/admin/good/add.shtml' ) AND `ui_menu`.`delete_time` IS NULL LIMIT 1 [ RunTime:0.002000s ]
[ sql ] [ SQL ] SELECT * FROM `ui_menu` WHERE (  `menu_id` = 102 ) AND `ui_menu`.`delete_time` IS NULL LIMIT 1 [ RunTime:0.001000s ]
[ sql ] [ SQL ] SHOW COLUMNS FROM `ui_admin` [ RunTime:0.017001s ]
[ sql ] [ SQL ] SELECT * FROM `ui_admin` WHERE (  `admin_id` = 1 ) AND `ui_admin`.`delete_time` IS NULL LIMIT 1 [ RunTime:0.001000s ]
[ sql ] [ SQL ] SHOW COLUMNS FROM `ui_goods_brand` [ RunTime:0.017001s ]
[ sql ] [ SQL ] SELECT * FROM `ui_goods_brand` WHERE `ui_goods_brand`.`delete_time` IS NULL [ RunTime:0.001000s ]
[ sql ] [ SQL ] SHOW COLUMNS FROM `ui_goods_attr` [ RunTime:0.017001s ]
[ sql ] [ SQL ] SELECT * FROM `ui_goods_attr` WHERE `ui_goods_attr`.`delete_time` IS NULL [ RunTime:0.001000s ]
[ sql ] [ SQL ] SHOW COLUMNS FROM `ui_check_info` [ RunTime:0.017001s ]
[ sql ] [ SQL ] SELECT * FROM `ui_check_info` WHERE `ui_check_info`.`delete_time` IS NULL [ RunTime:0.002000s ]
[ sql ] [ SQL ] SHOW COLUMNS FROM `ui_store_info` [ RunTime:0.017001s ]
[ sql ] [ SQL ] SELECT * FROM `ui_store_info` WHERE `ui_store_info`.`delete_time` IS NULL [ RunTime:0.002001s ]
[ sql ] [ SQL ] SHOW COLUMNS FROM `ui_brand_model` [ RunTime:0.017001s ]
[ sql ] [ SQL ] SELECT * FROM `ui_brand_model` WHERE (  `brand_id` = 1 ) AND `ui_brand_model`.`delete_time` IS NULL [ RunTime:0.001000s ]
---------------------------------------------------------------
[ 2017-09-29T17:59:22+08:00 ] 127.0.0.4 127.0.0.1 POST /admin/good/get_model.shtml
[ sql ] [ DB ] CONNECT:[ UseTime:0.003000s ] mysql:dbname=ershoushouji;host=192.168.124.222;port=3306;charset=utf8
[ sql ] [ SQL ] SHOW COLUMNS FROM `ui_menu` [ RunTime:0.022002s ]
[ sql ] [ SQL ] SELECT * FROM `ui_menu` WHERE (  `url` = '/admin/good/get_model.shtml' ) AND `ui_menu`.`delete_time` IS NULL LIMIT 1 [ RunTime:0.002000s ]
[ sql ] [ SQL ] SELECT * FROM `ui_menu` WHERE (  `menu_id` = 102 ) AND `ui_menu`.`delete_time` IS NULL LIMIT 1 [ RunTime:0.002000s ]
[ sql ] [ SQL ] SHOW COLUMNS FROM `ui_admin` [ RunTime:0.017001s ]
[ sql ] [ SQL ] SELECT * FROM `ui_admin` WHERE (  `admin_id` = 1 ) AND `ui_admin`.`delete_time` IS NULL LIMIT 1 [ RunTime:0.001000s ]
[ sql ] [ SQL ] SHOW COLUMNS FROM `ui_brand_model` [ RunTime:0.010001s ]
[ sql ] [ SQL ] SELECT * FROM `ui_brand_model` WHERE (  `brand_id` = 3 ) AND `ui_brand_model`.`delete_time` IS NULL [ RunTime:0.001000s ]
---------------------------------------------------------------
[ 2017-09-29T17:59:24+08:00 ] 127.0.0.4 127.0.0.1 POST /admin/good/get_model.shtml
[ sql ] [ DB ] CONNECT:[ UseTime:0.011001s ] mysql:dbname=ershoushouji;host=192.168.124.222;port=3306;charset=utf8
[ sql ] [ SQL ] SHOW COLUMNS FROM `ui_menu` [ RunTime:0.021001s ]
[ sql ] [ SQL ] SELECT * FROM `ui_menu` WHERE (  `url` = '/admin/good/get_model.shtml' ) AND `ui_menu`.`delete_time` IS NULL LIMIT 1 [ RunTime:0.001000s ]
[ sql ] [ SQL ] SELECT * FROM `ui_menu` WHERE (  `menu_id` = 102 ) AND `ui_menu`.`delete_time` IS NULL LIMIT 1 [ RunTime:0.001000s ]
[ sql ] [ SQL ] SHOW COLUMNS FROM `ui_admin` [ RunTime:0.017001s ]
[ sql ] [ SQL ] SELECT * FROM `ui_admin` WHERE (  `admin_id` = 1 ) AND `ui_admin`.`delete_time` IS NULL LIMIT 1 [ RunTime:0.001000s ]
[ sql ] [ SQL ] SHOW COLUMNS FROM `ui_brand_model` [ RunTime:0.017001s ]
[ sql ] [ SQL ] SELECT * FROM `ui_brand_model` WHERE (  `brand_id` = 13 ) AND `ui_brand_model`.`delete_time` IS NULL [ RunTime:0.001000s ]
