---------------------------------------------------------------
[ 2017-09-30T09:24:39+08:00 ] 127.0.0.4 127.0.0.1 POST /admin/publics/login.shtml
[ sql ] [ DB ] CONNECT:[ UseTime:0.004001s ] mysql:dbname=ershoushouji;host=192.168.124.222;port=3306;charset=utf8
[ sql ] [ SQL ] SHOW COLUMNS FROM `ui_menu` [ RunTime:0.026001s ]
[ sql ] [ SQL ] SELECT * FROM `ui_menu` WHERE (  `url` = '/admin/publics/login.shtml' ) AND `ui_menu`.`delete_time` IS NULL LIMIT 1 [ RunTime:0.002000s ]
[ sql ] [ SQL ] SHOW COLUMNS FROM `ui_admin` [ RunTime:0.018001s ]
[ sql ] [ SQL ] SELECT * FROM `ui_admin` WHERE (  `account` = 'admin' ) AND `ui_admin`.`delete_time` IS NULL LIMIT 1 [ RunTime:0.001000s ]
[ sql ] [ SQL ] SHOW COLUMNS FROM `ui_auth_group` [ RunTime:0.021001s ]
[ sql ] [ SQL ] SELECT `status` FROM `ui_auth_group` WHERE (  `group_id` = 1 ) AND `ui_auth_group`.`delete_time` IS NULL LIMIT 1 [ RunTime:0.001000s ]
[ sql ] [ SQL ] UPDATE `ui_admin`  SET `last_login_time`=1506734679,`last_login_ip`='127.0.0.1',`login_status`=1,`update_time`=1506734679  WHERE (  `admin_id` = 1 ) AND `ui_admin`.`delete_time` IS NULL [ RunTime:0.001000s ]
[ sql ] [ SQL ] SELECT * FROM `ui_admin` WHERE (  `account` = 'admin' ) AND `ui_admin`.`delete_time` IS NULL LIMIT 1 [ RunTime:0.001000s ]
[ sql ] [ SQL ] SHOW COLUMNS FROM `ui_log` [ RunTime:0.016001s ]
[ sql ] [ SQL ] INSERT INTO `ui_log` (`admin_id` , `module` , `controller` , `action` , `data_id` , `des` , `create_time` , `update_time`) VALUES (1 , 'admin' , 'Publics' , 'login' , 'admin' , '登录系统' , 1506734679 , 1506734679) [ RunTime:0.001000s ]
---------------------------------------------------------------
[ 2017-09-30T09:24:41+08:00 ] 127.0.0.4 127.0.0.1 GET /admin/index/index.shtml
[ sql ] [ DB ] CONNECT:[ UseTime:0.011000s ] mysql:dbname=ershoushouji;host=192.168.124.222;port=3306;charset=utf8
[ sql ] [ SQL ] SHOW COLUMNS FROM `ui_config` [ RunTime:0.022002s ]
[ sql ] [ SQL ] SELECT * FROM `ui_config` WHERE `ui_config`.`delete_time` IS NULL [ RunTime:0.002000s ]
[ sql ] [ SQL ] SHOW COLUMNS FROM `ui_city` [ RunTime:0.018001s ]
[ sql ] [ SQL ] SELECT * FROM `ui_city` WHERE  `pid` <> 0 [ RunTime:0.021001s ]
[ sql ] [ SQL ] SHOW COLUMNS FROM `ui_menu` [ RunTime:0.017001s ]
[ sql ] [ SQL ] SELECT * FROM `ui_menu` WHERE (  `url` = '/admin/index/index.shtml' ) AND `ui_menu`.`delete_time` IS NULL LIMIT 1 [ RunTime:0.001000s ]
[ sql ] [ SQL ] SELECT * FROM `ui_menu` WHERE (  `menu_id` = 0 ) AND `ui_menu`.`delete_time` IS NULL LIMIT 1 [ RunTime:0.002000s ]
[ sql ] [ SQL ] SHOW COLUMNS FROM `ui_admin` [ RunTime:0.018001s ]
[ sql ] [ SQL ] SELECT * FROM `ui_admin` WHERE (  `admin_id` = 1 ) AND `ui_admin`.`delete_time` IS NULL LIMIT 1 [ RunTime:0.002000s ]
[ sql ] [ SQL ] SELECT `menu_id` FROM `ui_menu` WHERE `ui_menu`.`delete_time` IS NULL [ RunTime:0.001000s ]
[ sql ] [ SQL ] SELECT `menu_id`,`module`,`controller`,`action` FROM `ui_menu` WHERE (  `menu_id` IN (2,3,4,5,12,13,45,62,63,64,68,69,72,74,75,76,77,78,80,81,82,83,84,85,86,91,92,93,94,95,96,97,98,99,100,101,102,103,104,105,106,108,109,110,111,112,113,114,115,116,117,118,119,120,121,123,124,125,126,127,128,129,130,136,138,139,140,141,142,143,144,146,151,152,153,154,155,156,157,158,160,162,163,168,169,170,171,172,173,174,175,176,177,178,179,180,185,186,195,196,197,198,199,200,209,213,214,215,225,228,229,230,231,233,234,235,236,237,238,239,240,241,242,243,244,245,246,247,248,249,250,255,256,257,258,259,262,263,264,265,267,271,272,273,274,275,277,278,280,281,283,285,286,287,288,289) ) AND `ui_menu`.`delete_time` IS NULL [ RunTime:0.003001s ]
[ sql ] [ SQL ] SELECT `pid` FROM `ui_menu` WHERE (  `menu_id` IN (2,3,4,5,12,13,45,62,63,64,68,69,72,74,75,76,77,78,80,81,82,83,84,85,86,91,92,93,94,95,96,97,98,99,100,101,102,103,104,105,106,108,109,110,111,112,113,114,115,116,117,118,119,120,121,123,124,125,126,127,128,129,130,136,138,139,140,141,142,143,144,146,151,152,153,154,155,156,157,158,160,162,163,168,169,170,171,172,173,174,175,176,177,178,179,180,185,186,195,196,197,198,199,200,209,213,214,215,225,228,229,230,231,233,234,235,236,237,238,239,240,241,242,243,244,245,246,247,248,249,250,255,256,257,258,259,262,263,264,265,267,271,272,273,274,275,277,278,280,281,283,285,286,287,288,289)  AND `status` = 1  AND `pid` <> 0 ) AND `ui_menu`.`delete_time` IS NULL [ RunTime:0.003000s ]
[ sql ] [ SQL ] SELECT `pid` FROM `ui_menu` WHERE (  `menu_id` IN (83,5,45,74,98,100,237,240,241)  AND `status` = 1  AND `pid` <> 0 ) AND `ui_menu`.`delete_time` IS NULL [ RunTime:0.001000s ]
[ sql ] [ SQL ] SELECT * FROM `ui_menu` WHERE (  `menu_id` IN (2,3,4,5,12,13,45,62,63,64,68,69,72,74,75,76,77,78,80,81,82,83,84,85,86,91,92,93,94,95,96,97,98,99,100,101,102,103,104,105,106,108,109,110,111,112,113,114,115,116,117,118,119,120,121,123,124,125,126,127,128,129,130,136,138,139,140,141,142,143,144,146,151,152,153,154,155,156,157,158,160,162,163,168,169,170,171,172,173,174,175,176,177,178,179,180,185,186,195,196,197,198,199,200,209,213,214,215,225,228,229,230,231,233,234,235,236,237,238,239,240,241,242,243,244,245,246,247,248,249,250,255,256,257,258,259,262,263,264,265,267,271,272,273,274,275,277,278,280,281,283,285,286,287,288,289)  AND `status` = 1 ) AND `ui_menu`.`delete_time` IS NULL ORDER BY `sort`  asc [ RunTime:0.004001s ]
[ sql ] [ SQL ] SHOW COLUMNS FROM `ui_auth_group` [ RunTime:0.017001s ]
[ sql ] [ SQL ] SELECT `group_name` FROM `ui_auth_group` WHERE (  `group_id` = 1 ) AND `ui_auth_group`.`delete_time` IS NULL LIMIT 1 [ RunTime:0.001000s ]
---------------------------------------------------------------
[ 2017-09-30T09:24:41+08:00 ] 127.0.0.4 127.0.0.1 GET /admin/index/main.shtml
[ sql ] [ DB ] CONNECT:[ UseTime:0.010001s ] mysql:dbname=ershoushouji;host=192.168.124.222;port=3306;charset=utf8
[ sql ] [ SQL ] SHOW COLUMNS FROM `ui_config` [ RunTime:0.022001s ]
[ sql ] [ SQL ] SELECT * FROM `ui_config` WHERE `ui_config`.`delete_time` IS NULL [ RunTime:0.001000s ]
[ sql ] [ SQL ] SHOW COLUMNS FROM `ui_city` [ RunTime:0.017001s ]
[ sql ] [ SQL ] SELECT * FROM `ui_city` WHERE  `pid` <> 0 [ RunTime:0.021001s ]
[ sql ] [ SQL ] SHOW COLUMNS FROM `ui_menu` [ RunTime:0.018001s ]
[ sql ] [ SQL ] SELECT * FROM `ui_menu` WHERE (  `url` = '/admin/index/main.shtml' ) AND `ui_menu`.`delete_time` IS NULL LIMIT 1 [ RunTime:0.001000s ]
[ sql ] [ SQL ] SHOW COLUMNS FROM `ui_admin` [ RunTime:0.011001s ]
[ sql ] [ SQL ] SELECT * FROM `ui_admin` WHERE (  `admin_id` = 1 ) AND `ui_admin`.`delete_time` IS NULL LIMIT 1 [ RunTime:0.002000s ]
[ sql ] [ SQL ] SHOW COLUMNS FROM `ui_order` [ RunTime:0.023001s ]
[ sql ] [ SQL ] SELECT `deal_price` FROM `ui_order` WHERE (  `status` = 6  AND `create_time` BETWEEN 1504195200 AND 1504281600 ) AND `ui_order`.`delete_time` IS NULL [ RunTime:0.001000s ]
[ sql ] [ SQL ] SELECT `deal_price` FROM `ui_order` WHERE (  `status` = 6  AND `create_time` BETWEEN 1504281600 AND 1504368000 ) AND `ui_order`.`delete_time` IS NULL [ RunTime:0.001000s ]
[ sql ] [ SQL ] SELECT `deal_price` FROM `ui_order` WHERE (  `status` = 6  AND `create_time` BETWEEN 1504368000 AND 1504454400 ) AND `ui_order`.`delete_time` IS NULL [ RunTime:0.001000s ]
[ sql ] [ SQL ] SELECT `deal_price` FROM `ui_order` WHERE (  `status` = 6  AND `create_time` BETWEEN 1504454400 AND 1504540800 ) AND `ui_order`.`delete_time` IS NULL [ RunTime:0.001000s ]
[ sql ] [ SQL ] SELECT `deal_price` FROM `ui_order` WHERE (  `status` = 6  AND `create_time` BETWEEN 1504540800 AND 1504627200 ) AND `ui_order`.`delete_time` IS NULL [ RunTime:0.001000s ]
[ sql ] [ SQL ] SELECT `deal_price` FROM `ui_order` WHERE (  `status` = 6  AND `create_time` BETWEEN 1504627200 AND 1504713600 ) AND `ui_order`.`delete_time` IS NULL [ RunTime:0.001000s ]
[ sql ] [ SQL ] SELECT `deal_price` FROM `ui_order` WHERE (  `status` = 6  AND `create_time` BETWEEN 1504713600 AND 1504800000 ) AND `ui_order`.`delete_time` IS NULL [ RunTime:0.001000s ]
[ sql ] [ SQL ] SELECT `deal_price` FROM `ui_order` WHERE (  `status` = 6  AND `create_time` BETWEEN 1504800000 AND 1504886400 ) AND `ui_order`.`delete_time` IS NULL [ RunTime:0.001000s ]
[ sql ] [ SQL ] SELECT `deal_price` FROM `ui_order` WHERE (  `status` = 6  AND `create_time` BETWEEN 1504886400 AND 1504972800 ) AND `ui_order`.`delete_time` IS NULL [ RunTime:0.001000s ]
[ sql ] [ SQL ] SELECT `deal_price` FROM `ui_order` WHERE (  `status` = 6  AND `create_time` BETWEEN 1504972800 AND 1505059200 ) AND `ui_order`.`delete_time` IS NULL [ RunTime:0.001000s ]
[ sql ] [ SQL ] SELECT `deal_price` FROM `ui_order` WHERE (  `status` = 6  AND `create_time` BETWEEN 1505059200 AND 1505145600 ) AND `ui_order`.`delete_time` IS NULL [ RunTime:0.001000s ]
[ sql ] [ SQL ] SELECT `deal_price` FROM `ui_order` WHERE (  `status` = 6  AND `create_time` BETWEEN 1505145600 AND 1505232000 ) AND `ui_order`.`delete_time` IS NULL [ RunTime:0.001000s ]
[ sql ] [ SQL ] SELECT `deal_price` FROM `ui_order` WHERE (  `status` = 6  AND `create_time` BETWEEN 1505232000 AND 1505318400 ) AND `ui_order`.`delete_time` IS NULL [ RunTime:0.001000s ]
[ sql ] [ SQL ] SELECT `deal_price` FROM `ui_order` WHERE (  `status` = 6  AND `create_time` BETWEEN 1505318400 AND 1505404800 ) AND `ui_order`.`delete_time` IS NULL [ RunTime:0.001000s ]
[ sql ] [ SQL ] SELECT `deal_price` FROM `ui_order` WHERE (  `status` = 6  AND `create_time` BETWEEN 1505404800 AND 1505491200 ) AND `ui_order`.`delete_time` IS NULL [ RunTime:0.001000s ]
[ sql ] [ SQL ] SELECT `deal_price` FROM `ui_order` WHERE (  `status` = 6  AND `create_time` BETWEEN 1505491200 AND 1505577600 ) AND `ui_order`.`delete_time` IS NULL [ RunTime:0.001000s ]
[ sql ] [ SQL ] SELECT `deal_price` FROM `ui_order` WHERE (  `status` = 6  AND `create_time` BETWEEN 1505577600 AND 1505664000 ) AND `ui_order`.`delete_time` IS NULL [ RunTime:0.001000s ]
[ sql ] [ SQL ] SELECT `deal_price` FROM `ui_order` WHERE (  `status` = 6  AND `create_time` BETWEEN 1505664000 AND 1505750400 ) AND `ui_order`.`delete_time` IS NULL [ RunTime:0.001000s ]
[ sql ] [ SQL ] SELECT `deal_price` FROM `ui_order` WHERE (  `status` = 6  AND `create_time` BETWEEN 1505750400 AND 1505836800 ) AND `ui_order`.`delete_time` IS NULL [ RunTime:0.001000s ]
[ sql ] [ SQL ] SELECT `deal_price` FROM `ui_order` WHERE (  `status` = 6  AND `create_time` BETWEEN 1505836800 AND 1505923200 ) AND `ui_order`.`delete_time` IS NULL [ RunTime:0.001000s ]
[ sql ] [ SQL ] SELECT `deal_price` FROM `ui_order` WHERE (  `status` = 6  AND `create_time` BETWEEN 1505923200 AND 1506009600 ) AND `ui_order`.`delete_time` IS NULL [ RunTime:0.001000s ]
[ sql ] [ SQL ] SELECT `deal_price` FROM `ui_order` WHERE (  `status` = 6  AND `create_time` BETWEEN 1506009600 AND 1506096000 ) AND `ui_order`.`delete_time` IS NULL [ RunTime:0.001000s ]
[ sql ] [ SQL ] SELECT `deal_price` FROM `ui_order` WHERE (  `status` = 6  AND `create_time` BETWEEN 1506096000 AND 1506182400 ) AND `ui_order`.`delete_time` IS NULL [ RunTime:0.001000s ]
[ sql ] [ SQL ] SELECT `deal_price` FROM `ui_order` WHERE (  `status` = 6  AND `create_time` BETWEEN 1506182400 AND 1506268800 ) AND `ui_order`.`delete_time` IS NULL [ RunTime:0.002000s ]
[ sql ] [ SQL ] SELECT `deal_price` FROM `ui_order` WHERE (  `status` = 6  AND `create_time` BETWEEN 1506268800 AND 1506355200 ) AND `ui_order`.`delete_time` IS NULL [ RunTime:0.001000s ]
[ sql ] [ SQL ] SELECT `deal_price` FROM `ui_order` WHERE (  `status` = 6  AND `create_time` BETWEEN 1506355200 AND 1506441600 ) AND `ui_order`.`delete_time` IS NULL [ RunTime:0.001000s ]
[ sql ] [ SQL ] SELECT `deal_price` FROM `ui_order` WHERE (  `status` = 6  AND `create_time` BETWEEN 1506441600 AND 1506528000 ) AND `ui_order`.`delete_time` IS NULL [ RunTime:0.001000s ]
[ sql ] [ SQL ] SELECT `deal_price` FROM `ui_order` WHERE (  `status` = 6  AND `create_time` BETWEEN 1506528000 AND 1506614400 ) AND `ui_order`.`delete_time` IS NULL [ RunTime:0.001000s ]
[ sql ] [ SQL ] SELECT `deal_price` FROM `ui_order` WHERE (  `status` = 6  AND `create_time` BETWEEN 1506614400 AND 1506700800 ) AND `ui_order`.`delete_time` IS NULL [ RunTime:0.001000s ]
[ sql ] [ SQL ] SELECT `deal_price` FROM `ui_order` WHERE (  `status` = 6  AND `create_time` BETWEEN 1506700800 AND 1506787200 ) AND `ui_order`.`delete_time` IS NULL [ RunTime:0.001000s ]
[ sql ] [ SQL ] SHOW COLUMNS FROM `ui_order_back` [ RunTime:0.022001s ]
[ sql ] [ SQL ] SELECT COUNT(*) AS tp_count FROM `ui_order_back` WHERE (  `status` = 1 ) AND `ui_order_back`.`delete_time` IS NULL LIMIT 1 [ RunTime:0.001001s ]
[ sql ] [ SQL ] SELECT `deal_price` FROM `ui_order` WHERE (  `status` = 4 ) AND `ui_order`.`delete_time` IS NULL [ RunTime:0.001000s ]
[ sql ] [ SQL ] SHOW COLUMNS FROM `ui_user` [ RunTime:0.021001s ]
[ sql ] [ SQL ] SELECT COUNT(*) AS tp_count FROM `ui_user` WHERE `ui_user`.`delete_time` IS NULL LIMIT 1 [ RunTime:0.001000s ]
---------------------------------------------------------------
[ 2017-09-30T09:24:42+08:00 ] 127.0.0.4 127.0.0.1 POST /admin/index/isuniquelogin.shtml
[ sql ] [ DB ] CONNECT:[ UseTime:0.010000s ] mysql:dbname=ershoushouji;host=192.168.124.222;port=3306;charset=utf8
[ sql ] [ SQL ] SHOW COLUMNS FROM `ui_menu` [ RunTime:0.022002s ]
[ sql ] [ SQL ] SELECT * FROM `ui_menu` WHERE (  `url` = '/admin/index/isuniquelogin.shtml' ) AND `ui_menu`.`delete_time` IS NULL LIMIT 1 [ RunTime:0.002000s ]
[ sql ] [ SQL ] SHOW COLUMNS FROM `ui_admin` [ RunTime:0.018001s ]
[ sql ] [ SQL ] SELECT * FROM `ui_admin` WHERE (  `admin_id` = 1 ) AND `ui_admin`.`delete_time` IS NULL LIMIT 1 [ RunTime:0.002000s ]
[ sql ] [ SQL ] SELECT * FROM `ui_admin` WHERE (  `admin_id` = 1 ) AND `ui_admin`.`delete_time` IS NULL LIMIT 1 [ RunTime:0.001000s ]
---------------------------------------------------------------
[ 2017-09-30T09:24:51+08:00 ] 127.0.0.4 127.0.0.1 GET /admin/basedata/headline_info.shtml
[ sql ] [ DB ] CONNECT:[ UseTime:0.011000s ] mysql:dbname=ershoushouji;host=192.168.124.222;port=3306;charset=utf8
[ sql ] [ SQL ] SHOW COLUMNS FROM `ui_config` [ RunTime:0.023002s ]
[ sql ] [ SQL ] SELECT * FROM `ui_config` WHERE `ui_config`.`delete_time` IS NULL [ RunTime:0.002000s ]
[ sql ] [ SQL ] SHOW COLUMNS FROM `ui_city` [ RunTime:0.018001s ]
[ sql ] [ SQL ] SELECT * FROM `ui_city` WHERE  `pid` <> 0 [ RunTime:0.021001s ]
[ sql ] [ SQL ] SHOW COLUMNS FROM `ui_menu` [ RunTime:0.018001s ]
[ sql ] [ SQL ] SELECT * FROM `ui_menu` WHERE (  `url` = '/admin/basedata/article_info.shtml' ) AND `ui_menu`.`delete_time` IS NULL LIMIT 1 [ RunTime:0.001000s ]
[ sql ] [ SQL ] SELECT * FROM `ui_menu` WHERE (  `menu_id` = 240 ) AND `ui_menu`.`delete_time` IS NULL LIMIT 1 [ RunTime:0.001000s ]
[ sql ] [ SQL ] SHOW COLUMNS FROM `ui_admin` [ RunTime:0.018001s ]
[ sql ] [ SQL ] SELECT * FROM `ui_admin` WHERE (  `admin_id` = 1 ) AND `ui_admin`.`delete_time` IS NULL LIMIT 1 [ RunTime:0.001000s ]
[ sql ] [ SQL ] SHOW COLUMNS FROM `ui_article` [ RunTime:0.031001s ]
[ sql ] [ SQL ] SELECT COUNT(*) AS tp_count FROM `ui_article` `a` INNER JOIN `ui_admin` `b` ON `a`.`admin_id`=`b`.`admin_id` WHERE (  `type_id` = 4 ) AND `a`.`delete_time` IS NULL LIMIT 1 [ RunTime:0.002001s ]
[ sql ] [ SQL ] SELECT `a`.`id`,`a`.`title`,`a`.`content`,`a`.`create_time`,`b`.`nickname` FROM `ui_article` `a` INNER JOIN `ui_admin` `b` ON `a`.`admin_id`=`b`.`admin_id` WHERE (  `type_id` = 4 ) AND `a`.`delete_time` IS NULL ORDER BY id desc LIMIT 0,15 [ RunTime:0.001000s ]
---------------------------------------------------------------
[ 2017-09-30T09:25:57+08:00 ] 127.0.0.4 127.0.0.1 GET /admin/good/index.shtml
[ sql ] [ DB ] CONNECT:[ UseTime:0.010000s ] mysql:dbname=ershoushouji;host=192.168.124.222;port=3306;charset=utf8
[ sql ] [ SQL ] SHOW COLUMNS FROM `ui_config` [ RunTime:0.014000s ]
[ sql ] [ SQL ] SELECT * FROM `ui_config` WHERE `ui_config`.`delete_time` IS NULL [ RunTime:0.002000s ]
[ sql ] [ SQL ] SHOW COLUMNS FROM `ui_city` [ RunTime:0.014001s ]
[ sql ] [ SQL ] SELECT * FROM `ui_city` WHERE  `pid` <> 0 [ RunTime:0.021001s ]
[ sql ] [ SQL ] SHOW COLUMNS FROM `ui_menu` [ RunTime:0.010001s ]
[ sql ] [ SQL ] SELECT * FROM `ui_menu` WHERE (  `url` = '/admin/good/index.shtml' ) AND `ui_menu`.`delete_time` IS NULL LIMIT 1 [ RunTime:0.001000s ]
[ sql ] [ SQL ] SELECT * FROM `ui_menu` WHERE (  `menu_id` = 100 ) AND `ui_menu`.`delete_time` IS NULL LIMIT 1 [ RunTime:0.002000s ]
[ sql ] [ SQL ] SHOW COLUMNS FROM `ui_admin` [ RunTime:0.009001s ]
[ sql ] [ SQL ] SELECT * FROM `ui_admin` WHERE (  `admin_id` = 1 ) AND `ui_admin`.`delete_time` IS NULL LIMIT 1 [ RunTime:0.001000s ]
[ sql ] [ SQL ] SHOW COLUMNS FROM `ui_goods_brand` [ RunTime:0.008001s ]
[ sql ] [ SQL ] SELECT * FROM `ui_goods_brand` WHERE `ui_goods_brand`.`delete_time` IS NULL [ RunTime:0.001000s ]
[ sql ] [ SQL ] SHOW COLUMNS FROM `ui_goods` [ RunTime:0.008000s ]
[ sql ] [ SQL ] SELECT COUNT(*) AS tp_count FROM `ui_goods` WHERE `ui_goods`.`delete_time` IS NULL LIMIT 1 [ RunTime:0.001000s ]
[ sql ] [ SQL ] SELECT * FROM `ui_goods` WHERE `ui_goods`.`delete_time` IS NULL LIMIT 0,15 [ RunTime:0.002001s ]
[ sql ] [ SQL ] SELECT * FROM `ui_goods_brand` WHERE (  `brand_id` = 1 ) AND `ui_goods_brand`.`delete_time` IS NULL LIMIT 1 [ RunTime:0.001000s ]
[ sql ] [ SQL ] SELECT * FROM `ui_admin` WHERE (  `admin_id` = 1 ) AND `ui_admin`.`delete_time` IS NULL LIMIT 1 [ RunTime:0.002000s ]
[ sql ] [ SQL ] SELECT * FROM `ui_goods_brand` WHERE (  `brand_id` = 22 ) AND `ui_goods_brand`.`delete_time` IS NULL LIMIT 1 [ RunTime:0.001000s ]
[ sql ] [ SQL ] SELECT * FROM `ui_admin` WHERE (  `admin_id` = 2 ) AND `ui_admin`.`delete_time` IS NULL LIMIT 1 [ RunTime:0.001000s ]
[ sql ] [ SQL ] SELECT * FROM `ui_goods_brand` WHERE (  `brand_id` = 3 ) AND `ui_goods_brand`.`delete_time` IS NULL LIMIT 1 [ RunTime:0.001000s ]
[ sql ] [ SQL ] SELECT * FROM `ui_admin` WHERE (  `admin_id` = 3 ) AND `ui_admin`.`delete_time` IS NULL LIMIT 1 [ RunTime:0.001000s ]
[ sql ] [ SQL ] SELECT * FROM `ui_goods_brand` WHERE (  `brand_id` = 1 ) AND `ui_goods_brand`.`delete_time` IS NULL LIMIT 1 [ RunTime:0.001000s ]
[ sql ] [ SQL ] SELECT * FROM `ui_admin` WHERE (  `admin_id` = 4 ) AND `ui_admin`.`delete_time` IS NULL LIMIT 1 [ RunTime:0.001000s ]
[ sql ] [ SQL ] SELECT * FROM `ui_goods_brand` WHERE (  `brand_id` = 1 ) AND `ui_goods_brand`.`delete_time` IS NULL LIMIT 1 [ RunTime:0.001000s ]
[ sql ] [ SQL ] SELECT * FROM `ui_admin` WHERE (  `admin_id` = 2 ) AND `ui_admin`.`delete_time` IS NULL LIMIT 1 [ RunTime:0.001000s ]
[ sql ] [ SQL ] SELECT * FROM `ui_goods_brand` WHERE (  `brand_id` = 1 ) AND `ui_goods_brand`.`delete_time` IS NULL LIMIT 1 [ RunTime:0.001000s ]
[ sql ] [ SQL ] SELECT * FROM `ui_admin` WHERE (  `admin_id` = 1 ) AND `ui_admin`.`delete_time` IS NULL LIMIT 1 [ RunTime:0.001000s ]
[ sql ] [ SQL ] SELECT * FROM `ui_goods_brand` WHERE (  `brand_id` = 1 ) AND `ui_goods_brand`.`delete_time` IS NULL LIMIT 1 [ RunTime:0.001000s ]
[ sql ] [ SQL ] SELECT * FROM `ui_admin` WHERE (  `admin_id` = 1 ) AND `ui_admin`.`delete_time` IS NULL LIMIT 1 [ RunTime:0.001000s ]
[ sql ] [ SQL ] SELECT * FROM `ui_goods_brand` WHERE (  `brand_id` = 1 ) AND `ui_goods_brand`.`delete_time` IS NULL LIMIT 1 [ RunTime:0.001000s ]
[ sql ] [ SQL ] SELECT * FROM `ui_admin` WHERE (  `admin_id` = 1 ) AND `ui_admin`.`delete_time` IS NULL LIMIT 1 [ RunTime:0.001001s ]
[ sql ] [ SQL ] SELECT * FROM `ui_goods_brand` WHERE (  `brand_id` = 20 ) AND `ui_goods_brand`.`delete_time` IS NULL LIMIT 1 [ RunTime:0.001000s ]
[ sql ] [ SQL ] SELECT * FROM `ui_admin` WHERE (  `admin_id` IS NULL ) AND `ui_admin`.`delete_time` IS NULL LIMIT 1 [ RunTime:0.001000s ]
[ sql ] [ SQL ] SELECT * FROM `ui_goods_brand` WHERE (  `brand_id` = 1 ) AND `ui_goods_brand`.`delete_time` IS NULL LIMIT 1 [ RunTime:0.001000s ]
[ sql ] [ SQL ] SELECT * FROM `ui_admin` WHERE (  `admin_id` IS NULL ) AND `ui_admin`.`delete_time` IS NULL LIMIT 1 [ RunTime:0.001000s ]
[ sql ] [ SQL ] SELECT * FROM `ui_goods_brand` WHERE (  `brand_id` = 1 ) AND `ui_goods_brand`.`delete_time` IS NULL LIMIT 1 [ RunTime:0.002000s ]
[ sql ] [ SQL ] SELECT * FROM `ui_admin` WHERE (  `admin_id` IS NULL ) AND `ui_admin`.`delete_time` IS NULL LIMIT 1 [ RunTime:0.002000s ]
[ sql ] [ SQL ] SELECT * FROM `ui_goods_brand` WHERE (  `brand_id` = 1 ) AND `ui_goods_brand`.`delete_time` IS NULL LIMIT 1 [ RunTime:0.001000s ]
[ sql ] [ SQL ] SELECT * FROM `ui_admin` WHERE (  `admin_id` IS NULL ) AND `ui_admin`.`delete_time` IS NULL LIMIT 1 [ RunTime:0.001000s ]
[ sql ] [ SQL ] SELECT * FROM `ui_goods_brand` WHERE (  `brand_id` = 1 ) AND `ui_goods_brand`.`delete_time` IS NULL LIMIT 1 [ RunTime:0.001000s ]
[ sql ] [ SQL ] SELECT * FROM `ui_admin` WHERE (  `admin_id` IS NULL ) AND `ui_admin`.`delete_time` IS NULL LIMIT 1 [ RunTime:0.001001s ]
[ sql ] [ SQL ] SELECT * FROM `ui_goods_brand` WHERE (  `brand_id` = 20 ) AND `ui_goods_brand`.`delete_time` IS NULL LIMIT 1 [ RunTime:0.001000s ]
[ sql ] [ SQL ] SELECT * FROM `ui_admin` WHERE (  `admin_id` = 1 ) AND `ui_admin`.`delete_time` IS NULL LIMIT 1 [ RunTime:0.001000s ]
[ sql ] [ SQL ] SELECT * FROM `ui_goods_brand` WHERE (  `brand_id` = 3 ) AND `ui_goods_brand`.`delete_time` IS NULL LIMIT 1 [ RunTime:0.001000s ]
[ sql ] [ SQL ] SELECT * FROM `ui_admin` WHERE (  `admin_id` = 1 ) AND `ui_admin`.`delete_time` IS NULL LIMIT 1 [ RunTime:0.001000s ]
---------------------------------------------------------------
[ 2017-09-30T09:25:59+08:00 ] 127.0.0.4 127.0.0.1 GET /admin/good/add.shtml
[ sql ] [ DB ] CONNECT:[ UseTime:0.011001s ] mysql:dbname=ershoushouji;host=192.168.124.222;port=3306;charset=utf8
[ sql ] [ SQL ] SHOW COLUMNS FROM `ui_config` [ RunTime:0.022001s ]
[ sql ] [ SQL ] SELECT * FROM `ui_config` WHERE `ui_config`.`delete_time` IS NULL [ RunTime:0.002000s ]
[ sql ] [ SQL ] SHOW COLUMNS FROM `ui_city` [ RunTime:0.017001s ]
[ sql ] [ SQL ] SELECT * FROM `ui_city` WHERE  `pid` <> 0 [ RunTime:0.022001s ]
[ sql ] [ SQL ] SHOW COLUMNS FROM `ui_menu` [ RunTime:0.018001s ]
[ sql ] [ SQL ] SELECT * FROM `ui_menu` WHERE (  `url` = '/admin/good/add.shtml' ) AND `ui_menu`.`delete_time` IS NULL LIMIT 1 [ RunTime:0.001000s ]
[ sql ] [ SQL ] SELECT * FROM `ui_menu` WHERE (  `menu_id` = 102 ) AND `ui_menu`.`delete_time` IS NULL LIMIT 1 [ RunTime:0.001000s ]
[ sql ] [ SQL ] SHOW COLUMNS FROM `ui_admin` [ RunTime:0.017001s ]
[ sql ] [ SQL ] SELECT * FROM `ui_admin` WHERE (  `admin_id` = 1 ) AND `ui_admin`.`delete_time` IS NULL LIMIT 1 [ RunTime:0.002001s ]
[ sql ] [ SQL ] SHOW COLUMNS FROM `ui_goods_brand` [ RunTime:0.017001s ]
[ sql ] [ SQL ] SELECT * FROM `ui_goods_brand` WHERE `ui_goods_brand`.`delete_time` IS NULL [ RunTime:0.001000s ]
[ sql ] [ SQL ] SHOW COLUMNS FROM `ui_goods_attr` [ RunTime:0.018001s ]
[ sql ] [ SQL ] SELECT * FROM `ui_goods_attr` WHERE `ui_goods_attr`.`delete_time` IS NULL [ RunTime:0.002000s ]
[ sql ] [ SQL ] SHOW COLUMNS FROM `ui_check_info` [ RunTime:0.022001s ]
[ sql ] [ SQL ] SELECT * FROM `ui_check_info` WHERE `ui_check_info`.`delete_time` IS NULL [ RunTime:0.002000s ]
[ sql ] [ SQL ] SHOW COLUMNS FROM `ui_store_info` [ RunTime:0.017001s ]
[ sql ] [ SQL ] SELECT * FROM `ui_store_info` WHERE `ui_store_info`.`delete_time` IS NULL [ RunTime:0.002000s ]
[ sql ] [ SQL ] SHOW COLUMNS FROM `ui_brand_model` [ RunTime:0.017001s ]
[ sql ] [ SQL ] SELECT * FROM `ui_brand_model` WHERE (  `brand_id` = 1 ) AND `ui_brand_model`.`delete_time` IS NULL [ RunTime:0.001000s ]
---------------------------------------------------------------
[ 2017-09-30T09:26:02+08:00 ] 127.0.0.4 127.0.0.1 POST /admin/good/add.shtml
[ sql ] [ DB ] CONNECT:[ UseTime:0.011001s ] mysql:dbname=ershoushouji;host=192.168.124.222;port=3306;charset=utf8
[ sql ] [ SQL ] SHOW COLUMNS FROM `ui_menu` [ RunTime:0.017001s ]
[ sql ] [ SQL ] SELECT * FROM `ui_menu` WHERE (  `url` = '/admin/good/add.shtml' ) AND `ui_menu`.`delete_time` IS NULL LIMIT 1 [ RunTime:0.001000s ]
[ sql ] [ SQL ] SELECT * FROM `ui_menu` WHERE (  `menu_id` = 102 ) AND `ui_menu`.`delete_time` IS NULL LIMIT 1 [ RunTime:0.001000s ]
[ sql ] [ SQL ] SHOW COLUMNS FROM `ui_admin` [ RunTime:0.017001s ]
[ sql ] [ SQL ] SELECT * FROM `ui_admin` WHERE (  `admin_id` = 1 ) AND `ui_admin`.`delete_time` IS NULL LIMIT 1 [ RunTime:0.001000s ]
[ sql ] [ SQL ] SHOW COLUMNS FROM `ui_goods_brand` [ RunTime:0.017001s ]
[ sql ] [ SQL ] SELECT * FROM `ui_goods_brand` WHERE `ui_goods_brand`.`delete_time` IS NULL [ RunTime:0.001000s ]
[ sql ] [ SQL ] SHOW COLUMNS FROM `ui_goods_attr` [ RunTime:0.008000s ]
[ sql ] [ SQL ] SELECT * FROM `ui_goods_attr` WHERE `ui_goods_attr`.`delete_time` IS NULL [ RunTime:0.001000s ]
[ sql ] [ SQL ] SHOW COLUMNS FROM `ui_check_info` [ RunTime:0.009001s ]
[ sql ] [ SQL ] SELECT * FROM `ui_check_info` WHERE `ui_check_info`.`delete_time` IS NULL [ RunTime:0.002000s ]
[ sql ] [ SQL ] SHOW COLUMNS FROM `ui_store_info` [ RunTime:0.009001s ]
[ sql ] [ SQL ] SELECT * FROM `ui_store_info` WHERE `ui_store_info`.`delete_time` IS NULL [ RunTime:0.001000s ]
[ sql ] [ SQL ] SHOW COLUMNS FROM `ui_brand_model` [ RunTime:0.009000s ]
[ sql ] [ SQL ] SELECT * FROM `ui_brand_model` WHERE (  `brand_id` = 1 ) AND `ui_brand_model`.`delete_time` IS NULL [ RunTime:0.001000s ]
---------------------------------------------------------------
[ 2017-09-30T09:26:12+08:00 ] 127.0.0.4 127.0.0.1 POST /admin/good/add.shtml
[ sql ] [ DB ] CONNECT:[ UseTime:0.010001s ] mysql:dbname=ershoushouji;host=192.168.124.222;port=3306;charset=utf8
[ sql ] [ SQL ] SHOW COLUMNS FROM `ui_menu` [ RunTime:0.022001s ]
[ sql ] [ SQL ] SELECT * FROM `ui_menu` WHERE (  `url` = '/admin/good/add.shtml' ) AND `ui_menu`.`delete_time` IS NULL LIMIT 1 [ RunTime:0.001000s ]
[ sql ] [ SQL ] SELECT * FROM `ui_menu` WHERE (  `menu_id` = 102 ) AND `ui_menu`.`delete_time` IS NULL LIMIT 1 [ RunTime:0.001000s ]
[ sql ] [ SQL ] SHOW COLUMNS FROM `ui_admin` [ RunTime:0.018001s ]
[ sql ] [ SQL ] SELECT * FROM `ui_admin` WHERE (  `admin_id` = 1 ) AND `ui_admin`.`delete_time` IS NULL LIMIT 1 [ RunTime:0.002000s ]
[ sql ] [ SQL ] SHOW COLUMNS FROM `ui_goods_brand` [ RunTime:0.017001s ]
[ sql ] [ SQL ] SELECT * FROM `ui_goods_brand` WHERE `ui_goods_brand`.`delete_time` IS NULL [ RunTime:0.001000s ]
[ sql ] [ SQL ] SHOW COLUMNS FROM `ui_goods_attr` [ RunTime:0.021001s ]
[ sql ] [ SQL ] SELECT * FROM `ui_goods_attr` WHERE `ui_goods_attr`.`delete_time` IS NULL [ RunTime:0.001000s ]
[ sql ] [ SQL ] SHOW COLUMNS FROM `ui_check_info` [ RunTime:0.017001s ]
[ sql ] [ SQL ] SELECT * FROM `ui_check_info` WHERE `ui_check_info`.`delete_time` IS NULL [ RunTime:0.002000s ]
[ sql ] [ SQL ] SHOW COLUMNS FROM `ui_store_info` [ RunTime:0.017001s ]
[ sql ] [ SQL ] SELECT * FROM `ui_store_info` WHERE `ui_store_info`.`delete_time` IS NULL [ RunTime:0.001000s ]
[ sql ] [ SQL ] SHOW COLUMNS FROM `ui_brand_model` [ RunTime:0.018002s ]
[ sql ] [ SQL ] SELECT * FROM `ui_brand_model` WHERE (  `brand_id` = 1 ) AND `ui_brand_model`.`delete_time` IS NULL [ RunTime:0.001000s ]
---------------------------------------------------------------
[ 2017-09-30T09:30:27+08:00 ] 127.0.0.4 127.0.0.1 GET /admin/good/add.shtml
[ sql ] [ DB ] CONNECT:[ UseTime:0.013000s ] mysql:dbname=ershoushouji;host=192.168.124.222;port=3306;charset=utf8
[ sql ] [ SQL ] SHOW COLUMNS FROM `ui_config` [ RunTime:0.022001s ]
[ sql ] [ SQL ] SELECT * FROM `ui_config` WHERE `ui_config`.`delete_time` IS NULL [ RunTime:0.002000s ]
[ sql ] [ SQL ] SHOW COLUMNS FROM `ui_city` [ RunTime:0.018001s ]
[ sql ] [ SQL ] SELECT * FROM `ui_city` WHERE  `pid` <> 0 [ RunTime:0.022002s ]
[ sql ] [ SQL ] SHOW COLUMNS FROM `ui_menu` [ RunTime:0.017001s ]
[ sql ] [ SQL ] SELECT * FROM `ui_menu` WHERE (  `url` = '/admin/good/add.shtml' ) AND `ui_menu`.`delete_time` IS NULL LIMIT 1 [ RunTime:0.001000s ]
[ sql ] [ SQL ] SELECT * FROM `ui_menu` WHERE (  `menu_id` = 102 ) AND `ui_menu`.`delete_time` IS NULL LIMIT 1 [ RunTime:0.002000s ]
[ sql ] [ SQL ] SHOW COLUMNS FROM `ui_admin` [ RunTime:0.018001s ]
[ sql ] [ SQL ] SELECT * FROM `ui_admin` WHERE (  `admin_id` = 1 ) AND `ui_admin`.`delete_time` IS NULL LIMIT 1 [ RunTime:0.002000s ]
[ sql ] [ SQL ] SHOW COLUMNS FROM `ui_goods_brand` [ RunTime:0.018001s ]
[ sql ] [ SQL ] SELECT * FROM `ui_goods_brand` WHERE `ui_goods_brand`.`delete_time` IS NULL [ RunTime:0.001000s ]
[ sql ] [ SQL ] SHOW COLUMNS FROM `ui_goods_attr` [ RunTime:0.018002s ]
[ sql ] [ SQL ] SELECT * FROM `ui_goods_attr` WHERE `ui_goods_attr`.`delete_time` IS NULL [ RunTime:0.001000s ]
[ sql ] [ SQL ] SHOW COLUMNS FROM `ui_check_info` [ RunTime:0.017001s ]
[ sql ] [ SQL ] SELECT * FROM `ui_check_info` WHERE `ui_check_info`.`delete_time` IS NULL [ RunTime:0.002000s ]
[ sql ] [ SQL ] SHOW COLUMNS FROM `ui_store_info` [ RunTime:0.017001s ]
[ sql ] [ SQL ] SELECT * FROM `ui_store_info` WHERE `ui_store_info`.`delete_time` IS NULL [ RunTime:0.001000s ]
[ sql ] [ SQL ] SHOW COLUMNS FROM `ui_brand_model` [ RunTime:0.018001s ]
[ sql ] [ SQL ] SELECT * FROM `ui_brand_model` WHERE (  `brand_id` = 1 ) AND `ui_brand_model`.`delete_time` IS NULL [ RunTime:0.001000s ]
---------------------------------------------------------------
[ 2017-09-30T09:30:32+08:00 ] 127.0.0.4 127.0.0.1 POST /admin/good/add.shtml
[ sql ] [ DB ] CONNECT:[ UseTime:0.011000s ] mysql:dbname=ershoushouji;host=192.168.124.222;port=3306;charset=utf8
[ sql ] [ SQL ] SHOW COLUMNS FROM `ui_menu` [ RunTime:0.022002s ]
[ sql ] [ SQL ] SELECT * FROM `ui_menu` WHERE (  `url` = '/admin/good/add.shtml' ) AND `ui_menu`.`delete_time` IS NULL LIMIT 1 [ RunTime:0.002000s ]
[ sql ] [ SQL ] SELECT * FROM `ui_menu` WHERE (  `menu_id` = 102 ) AND `ui_menu`.`delete_time` IS NULL LIMIT 1 [ RunTime:0.002000s ]
[ sql ] [ SQL ] SHOW COLUMNS FROM `ui_admin` [ RunTime:0.012001s ]
[ sql ] [ SQL ] SELECT * FROM `ui_admin` WHERE (  `admin_id` = 1 ) AND `ui_admin`.`delete_time` IS NULL LIMIT 1 [ RunTime:0.002000s ]
[ sql ] [ SQL ] SHOW COLUMNS FROM `ui_goods_brand` [ RunTime:0.009000s ]
[ sql ] [ SQL ] SELECT * FROM `ui_goods_brand` WHERE `ui_goods_brand`.`delete_time` IS NULL [ RunTime:0.001000s ]
[ sql ] [ SQL ] SHOW COLUMNS FROM `ui_goods_attr` [ RunTime:0.010000s ]
[ sql ] [ SQL ] SELECT * FROM `ui_goods_attr` WHERE `ui_goods_attr`.`delete_time` IS NULL [ RunTime:0.002000s ]
[ sql ] [ SQL ] SHOW COLUMNS FROM `ui_check_info` [ RunTime:0.009001s ]
[ sql ] [ SQL ] SELECT * FROM `ui_check_info` WHERE `ui_check_info`.`delete_time` IS NULL [ RunTime:0.002000s ]
[ sql ] [ SQL ] SHOW COLUMNS FROM `ui_store_info` [ RunTime:0.009001s ]
[ sql ] [ SQL ] SELECT * FROM `ui_store_info` WHERE `ui_store_info`.`delete_time` IS NULL [ RunTime:0.001000s ]
[ sql ] [ SQL ] SHOW COLUMNS FROM `ui_brand_model` [ RunTime:0.009000s ]
[ sql ] [ SQL ] SELECT * FROM `ui_brand_model` WHERE (  `brand_id` = 1 ) AND `ui_brand_model`.`delete_time` IS NULL [ RunTime:0.001000s ]
[ sql ] [ SQL ] SHOW COLUMNS FROM `ui_goods_good_attr` [ RunTime:0.010000s ]
[ sql ] [ SQL ] INSERT INTO `ui_goods_good_attr` (`attr_id` , `goods_id` , `value` , `create_time` , `update_time`) VALUES (1 , 0 , '全网通' , 1506735032 , 1506735032) [ RunTime:0.001000s ]
[ sql ] [ SQL ] INSERT INTO `ui_goods_good_attr` (`attr_id` , `goods_id` , `value` , `create_time` , `update_time`) VALUES (2 , 0 , '白色' , 1506735032 , 1506735032) [ RunTime:0.000000s ]
[ sql ] [ SQL ] INSERT INTO `ui_goods_good_attr` (`attr_id` , `goods_id` , `value` , `create_time` , `update_time`) VALUES (3 , 0 , '128GB' , 1506735032 , 1506735032) [ RunTime:0.001000s ]
[ sql ] [ SQL ] INSERT INTO `ui_goods_good_attr` (`attr_id` , `goods_id` , `value` , `create_time` , `update_time`) VALUES (4 , 0 , '8成新' , 1506735032 , 1506735032) [ RunTime:0.000000s ]
[ sql ] [ SQL ] INSERT INTO `ui_goods_good_attr` (`attr_id` , `goods_id` , `value` , `create_time` , `update_time`) VALUES (7 , 0 , '休闲' , 1506735032 , 1506735032) [ RunTime:0.000000s ]
[ sql ] [ SQL ] INSERT INTO `ui_goods_good_attr` (`attr_id` , `goods_id` , `value` , `create_time` , `update_time`) VALUES (15 , 0 , '3.0-3.9英寸' , 1506735032 , 1506735032) [ RunTime:0.001000s ]
[ sql ] [ SQL ] INSERT INTO `ui_goods_good_attr` (`attr_id` , `goods_id` , `value` , `create_time` , `update_time`) VALUES (17 , 0 , '301-500万' , 1506735032 , 1506735032) [ RunTime:0.001000s ]
[ sql ] [ SQL ] INSERT INTO `ui_goods_good_attr` (`attr_id` , `goods_id` , `value` , `create_time` , `update_time`) VALUES (18 , 0 , '单核' , 1506735032 , 1506735032) [ RunTime:0.000000s ]
[ sql ] [ SQL ] INSERT INTO `ui_goods_good_attr` (`attr_id` , `goods_id` , `value` , `create_time` , `update_time`) VALUES (19 , 0 , '1136*640' , 1506735032 , 1506735032) [ RunTime:0.000000s ]
[ sql ] [ SQL ] INSERT INTO `ui_goods_good_attr` (`attr_id` , `goods_id` , `value` , `create_time` , `update_time`) VALUES (20 , 0 , '1GB' , 1506735032 , 1506735032) [ RunTime:0.001000s ]
---------------------------------------------------------------
[ 2017-09-30T09:30:48+08:00 ] 127.0.0.4 127.0.0.1 POST /admin/good/add.shtml
[ sql ] [ DB ] CONNECT:[ UseTime:0.001000s ] mysql:dbname=ershoushouji;host=192.168.124.222;port=3306;charset=utf8
[ sql ] [ SQL ] SHOW COLUMNS FROM `ui_menu` [ RunTime:0.022001s ]
[ sql ] [ SQL ] SELECT * FROM `ui_menu` WHERE (  `url` = '/admin/good/add.shtml' ) AND `ui_menu`.`delete_time` IS NULL LIMIT 1 [ RunTime:0.002001s ]
[ sql ] [ SQL ] SELECT * FROM `ui_menu` WHERE (  `menu_id` = 102 ) AND `ui_menu`.`delete_time` IS NULL LIMIT 1 [ RunTime:0.002000s ]
[ sql ] [ SQL ] SHOW COLUMNS FROM `ui_admin` [ RunTime:0.018001s ]
[ sql ] [ SQL ] SELECT * FROM `ui_admin` WHERE (  `admin_id` = 1 ) AND `ui_admin`.`delete_time` IS NULL LIMIT 1 [ RunTime:0.002000s ]
[ sql ] [ SQL ] SHOW COLUMNS FROM `ui_goods_brand` [ RunTime:0.017001s ]
[ sql ] [ SQL ] SELECT * FROM `ui_goods_brand` WHERE `ui_goods_brand`.`delete_time` IS NULL [ RunTime:0.001000s ]
[ sql ] [ SQL ] SHOW COLUMNS FROM `ui_goods_attr` [ RunTime:0.018001s ]
[ sql ] [ SQL ] SELECT * FROM `ui_goods_attr` WHERE `ui_goods_attr`.`delete_time` IS NULL [ RunTime:0.002000s ]
[ sql ] [ SQL ] SHOW COLUMNS FROM `ui_check_info` [ RunTime:0.009000s ]
[ sql ] [ SQL ] SELECT * FROM `ui_check_info` WHERE `ui_check_info`.`delete_time` IS NULL [ RunTime:0.002000s ]
[ sql ] [ SQL ] SHOW COLUMNS FROM `ui_store_info` [ RunTime:0.009001s ]
[ sql ] [ SQL ] SELECT * FROM `ui_store_info` WHERE `ui_store_info`.`delete_time` IS NULL [ RunTime:0.001000s ]
[ sql ] [ SQL ] SHOW COLUMNS FROM `ui_brand_model` [ RunTime:0.009000s ]
[ sql ] [ SQL ] SELECT * FROM `ui_brand_model` WHERE (  `brand_id` = 1 ) AND `ui_brand_model`.`delete_time` IS NULL [ RunTime:0.001000s ]
[ sql ] [ SQL ] SHOW COLUMNS FROM `ui_goods_good_attr` [ RunTime:0.008000s ]
[ sql ] [ SQL ] INSERT INTO `ui_goods_good_attr` (`attr_id` , `goods_id` , `value` , `create_time` , `update_time`) VALUES (1 , 0 , '全网通' , 1506735048 , 1506735048) [ RunTime:0.001000s ]
[ sql ] [ SQL ] INSERT INTO `ui_goods_good_attr` (`attr_id` , `goods_id` , `value` , `create_time` , `update_time`) VALUES (2 , 0 , '白色' , 1506735048 , 1506735048) [ RunTime:0.001000s ]
[ sql ] [ SQL ] INSERT INTO `ui_goods_good_attr` (`attr_id` , `goods_id` , `value` , `create_time` , `update_time`) VALUES (3 , 0 , '128GB' , 1506735048 , 1506735048) [ RunTime:0.000000s ]
[ sql ] [ SQL ] INSERT INTO `ui_goods_good_attr` (`attr_id` , `goods_id` , `value` , `create_time` , `update_time`) VALUES (4 , 0 , '8成新' , 1506735048 , 1506735048) [ RunTime:0.000000s ]
[ sql ] [ SQL ] INSERT INTO `ui_goods_good_attr` (`attr_id` , `goods_id` , `value` , `create_time` , `update_time`) VALUES (7 , 0 , '休闲' , 1506735048 , 1506735048) [ RunTime:0.001000s ]
[ sql ] [ SQL ] INSERT INTO `ui_goods_good_attr` (`attr_id` , `goods_id` , `value` , `create_time` , `update_time`) VALUES (15 , 0 , '3.0-3.9英寸' , 1506735048 , 1506735048) [ RunTime:0.001000s ]
[ sql ] [ SQL ] INSERT INTO `ui_goods_good_attr` (`attr_id` , `goods_id` , `value` , `create_time` , `update_time`) VALUES (17 , 0 , '301-500万' , 1506735048 , 1506735048) [ RunTime:0.000000s ]
[ sql ] [ SQL ] INSERT INTO `ui_goods_good_attr` (`attr_id` , `goods_id` , `value` , `create_time` , `update_time`) VALUES (18 , 0 , '单核' , 1506735048 , 1506735048) [ RunTime:0.000000s ]
[ sql ] [ SQL ] INSERT INTO `ui_goods_good_attr` (`attr_id` , `goods_id` , `value` , `create_time` , `update_time`) VALUES (19 , 0 , '1136*640' , 1506735048 , 1506735048) [ RunTime:0.001000s ]
[ sql ] [ SQL ] INSERT INTO `ui_goods_good_attr` (`attr_id` , `goods_id` , `value` , `create_time` , `update_time`) VALUES (20 , 0 , '1GB' , 1506735048 , 1506735048) [ RunTime:0.001000s ]
---------------------------------------------------------------
[ 2017-09-30T09:31:04+08:00 ] 127.0.0.4 127.0.0.1 GET /admin/good/edit/goods_id/1/page/1.shtml
[ sql ] [ DB ] CONNECT:[ UseTime:0.010001s ] mysql:dbname=ershoushouji;host=192.168.124.222;port=3306;charset=utf8
[ sql ] [ SQL ] SHOW COLUMNS FROM `ui_config` [ RunTime:0.022001s ]
[ sql ] [ SQL ] SELECT * FROM `ui_config` WHERE `ui_config`.`delete_time` IS NULL [ RunTime:0.002000s ]
[ sql ] [ SQL ] SHOW COLUMNS FROM `ui_city` [ RunTime:0.017001s ]
[ sql ] [ SQL ] SELECT * FROM `ui_city` WHERE  `pid` <> 0 [ RunTime:0.021002s ]
[ sql ] [ SQL ] SHOW COLUMNS FROM `ui_menu` [ RunTime:0.017001s ]
[ sql ] [ SQL ] SELECT * FROM `ui_menu` WHERE (  `url` = '/admin/good/edit.shtml' ) AND `ui_menu`.`delete_time` IS NULL LIMIT 1 [ RunTime:0.001000s ]
[ sql ] [ SQL ] SELECT * FROM `ui_menu` WHERE (  `menu_id` = 102 ) AND `ui_menu`.`delete_time` IS NULL LIMIT 1 [ RunTime:0.001000s ]
[ sql ] [ SQL ] SHOW COLUMNS FROM `ui_admin` [ RunTime:0.018001s ]
[ sql ] [ SQL ] SELECT * FROM `ui_admin` WHERE (  `admin_id` = 1 ) AND `ui_admin`.`delete_time` IS NULL LIMIT 1 [ RunTime:0.001000s ]
[ sql ] [ SQL ] SHOW COLUMNS FROM `ui_goods` [ RunTime:0.019001s ]
[ sql ] [ SQL ] SELECT * FROM `ui_goods` WHERE (  `goods_id` = 1 ) AND `ui_goods`.`delete_time` IS NULL LIMIT 1 [ RunTime:0.002000s ]
[ sql ] [ SQL ] SHOW COLUMNS FROM `ui_goods_good_attr` [ RunTime:0.010001s ]
[ sql ] [ SQL ] SELECT * FROM `ui_goods_good_attr` WHERE (  `goods_id` = 1 ) AND `ui_goods_good_attr`.`delete_time` IS NULL [ RunTime:0.001000s ]
[ sql ] [ SQL ] SHOW COLUMNS FROM `ui_goods_brand` [ RunTime:0.010000s ]
[ sql ] [ SQL ] SELECT * FROM `ui_goods_brand` WHERE `ui_goods_brand`.`delete_time` IS NULL [ RunTime:0.002000s ]
[ sql ] [ SQL ] SHOW COLUMNS FROM `ui_check_info` [ RunTime:0.010000s ]
[ sql ] [ SQL ] SELECT * FROM `ui_check_info` WHERE `ui_check_info`.`delete_time` IS NULL [ RunTime:0.001000s ]
[ sql ] [ SQL ] SHOW COLUMNS FROM `ui_store_info` [ RunTime:0.009001s ]
[ sql ] [ SQL ] SELECT * FROM `ui_store_info` WHERE `ui_store_info`.`delete_time` IS NULL [ RunTime:0.001000s ]
[ sql ] [ SQL ] SHOW COLUMNS FROM `ui_goods_attr` [ RunTime:0.009001s ]
[ sql ] [ SQL ] SELECT * FROM `ui_goods_attr` WHERE `ui_goods_attr`.`delete_time` IS NULL [ RunTime:0.001000s ]
[ sql ] [ SQL ] SHOW COLUMNS FROM `ui_brand_model` [ RunTime:0.009000s ]
[ sql ] [ SQL ] SELECT * FROM `ui_brand_model` WHERE (  `brand_id` = 1 ) AND `ui_brand_model`.`delete_time` IS NULL [ RunTime:0.001000s ]
---------------------------------------------------------------
[ 2017-09-30T09:41:25+08:00 ] 127.0.0.4 127.0.0.1 GET /admin/good/add.shtml
[ sql ] [ DB ] CONNECT:[ UseTime:0.012001s ] mysql:dbname=ershoushouji;host=192.168.124.222;port=3306;charset=utf8
[ sql ] [ SQL ] SHOW COLUMNS FROM `ui_config` [ RunTime:0.023001s ]
[ sql ] [ SQL ] SELECT * FROM `ui_config` WHERE `ui_config`.`delete_time` IS NULL [ RunTime:0.002000s ]
[ sql ] [ SQL ] SHOW COLUMNS FROM `ui_city` [ RunTime:0.018001s ]
[ sql ] [ SQL ] SELECT * FROM `ui_city` WHERE  `pid` <> 0 [ RunTime:0.021001s ]
[ sql ] [ SQL ] SHOW COLUMNS FROM `ui_menu` [ RunTime:0.018001s ]
[ sql ] [ SQL ] SELECT * FROM `ui_menu` WHERE (  `url` = '/admin/good/add.shtml' ) AND `ui_menu`.`delete_time` IS NULL LIMIT 1 [ RunTime:0.002000s ]
[ sql ] [ SQL ] SELECT * FROM `ui_menu` WHERE (  `menu_id` = 102 ) AND `ui_menu`.`delete_time` IS NULL LIMIT 1 [ RunTime:0.002000s ]
[ sql ] [ SQL ] SHOW COLUMNS FROM `ui_admin` [ RunTime:0.012001s ]
[ sql ] [ SQL ] SELECT * FROM `ui_admin` WHERE (  `admin_id` = 1 ) AND `ui_admin`.`delete_time` IS NULL LIMIT 1 [ RunTime:0.001000s ]
[ sql ] [ SQL ] SHOW COLUMNS FROM `ui_goods_brand` [ RunTime:0.011001s ]
[ sql ] [ SQL ] SELECT * FROM `ui_goods_brand` WHERE `ui_goods_brand`.`delete_time` IS NULL [ RunTime:0.001000s ]
[ sql ] [ SQL ] SHOW COLUMNS FROM `ui_goods_attr` [ RunTime:0.009001s ]
[ sql ] [ SQL ] SELECT * FROM `ui_goods_attr` WHERE `ui_goods_attr`.`delete_time` IS NULL [ RunTime:0.001000s ]
[ sql ] [ SQL ] SHOW COLUMNS FROM `ui_check_info` [ RunTime:0.011000s ]
[ sql ] [ SQL ] SELECT * FROM `ui_check_info` WHERE `ui_check_info`.`delete_time` IS NULL [ RunTime:0.001000s ]
[ sql ] [ SQL ] SHOW COLUMNS FROM `ui_store_info` [ RunTime:0.009000s ]
[ sql ] [ SQL ] SELECT * FROM `ui_store_info` WHERE `ui_store_info`.`delete_time` IS NULL [ RunTime:0.001000s ]
[ sql ] [ SQL ] SHOW COLUMNS FROM `ui_brand_model` [ RunTime:0.009001s ]
[ sql ] [ SQL ] SELECT * FROM `ui_brand_model` WHERE (  `brand_id` = 1 ) AND `ui_brand_model`.`delete_time` IS NULL [ RunTime:0.001000s ]
---------------------------------------------------------------
[ 2017-09-30T10:11:47+08:00 ] 127.0.0.4 127.0.0.1 GET /admin/index/index.shtml
[ sql ] [ DB ] CONNECT:[ UseTime:0.006001s ] mysql:dbname=ershoushouji;host=192.168.124.222;port=3306;charset=utf8
[ sql ] [ SQL ] SHOW COLUMNS FROM `ui_config` [ RunTime:0.025001s ]
[ sql ] [ SQL ] SELECT * FROM `ui_config` WHERE `ui_config`.`delete_time` IS NULL [ RunTime:0.002000s ]
[ sql ] [ SQL ] SHOW COLUMNS FROM `ui_city` [ RunTime:0.016000s ]
[ sql ] [ SQL ] SELECT * FROM `ui_city` WHERE  `pid` <> 0 [ RunTime:0.021001s ]
[ sql ] [ SQL ] SHOW COLUMNS FROM `ui_menu` [ RunTime:0.030001s ]
[ sql ] [ SQL ] SELECT * FROM `ui_menu` WHERE (  `url` = '/admin/index/index.shtml' ) AND `ui_menu`.`delete_time` IS NULL LIMIT 1 [ RunTime:0.001000s ]
[ sql ] [ SQL ] SELECT * FROM `ui_menu` WHERE (  `menu_id` = 0 ) AND `ui_menu`.`delete_time` IS NULL LIMIT 1 [ RunTime:0.001000s ]
[ sql ] [ SQL ] SHOW COLUMNS FROM `ui_admin` [ RunTime:0.019001s ]
[ sql ] [ SQL ] SELECT * FROM `ui_admin` WHERE (  `admin_id` = 1 ) AND `ui_admin`.`delete_time` IS NULL LIMIT 1 [ RunTime:0.001000s ]
[ sql ] [ SQL ] SELECT `menu_id` FROM `ui_menu` WHERE `ui_menu`.`delete_time` IS NULL [ RunTime:0.001000s ]
[ sql ] [ SQL ] SELECT `menu_id`,`module`,`controller`,`action` FROM `ui_menu` WHERE (  `menu_id` IN (2,3,4,5,12,13,45,62,63,64,68,69,72,74,75,76,77,78,80,81,82,83,84,85,86,91,92,93,94,95,96,97,98,99,100,101,102,103,104,105,106,108,109,110,111,112,113,114,115,116,117,118,119,120,121,123,124,125,126,127,128,129,130,136,138,139,140,141,142,143,144,146,151,152,153,154,155,156,157,158,160,162,163,168,169,170,171,172,173,174,175,176,177,178,179,180,185,186,195,196,197,198,199,200,209,213,214,215,225,228,229,230,231,233,234,235,236,237,238,239,240,241,242,243,244,245,246,247,248,249,250,255,256,257,258,259,262,263,264,265,267,271,272,273,274,275,277,278,280,281,283,285,286,287,288,289) ) AND `ui_menu`.`delete_time` IS NULL [ RunTime:0.003000s ]
[ sql ] [ SQL ] SELECT `pid` FROM `ui_menu` WHERE (  `menu_id` IN (2,3,4,5,12,13,45,62,63,64,68,69,72,74,75,76,77,78,80,81,82,83,84,85,86,91,92,93,94,95,96,97,98,99,100,101,102,103,104,105,106,108,109,110,111,112,113,114,115,116,117,118,119,120,121,123,124,125,126,127,128,129,130,136,138,139,140,141,142,143,144,146,151,152,153,154,155,156,157,158,160,162,163,168,169,170,171,172,173,174,175,176,177,178,179,180,185,186,195,196,197,198,199,200,209,213,214,215,225,228,229,230,231,233,234,235,236,237,238,239,240,241,242,243,244,245,246,247,248,249,250,255,256,257,258,259,262,263,264,265,267,271,272,273,274,275,277,278,280,281,283,285,286,287,288,289)  AND `status` = 1  AND `pid` <> 0 ) AND `ui_menu`.`delete_time` IS NULL [ RunTime:0.003000s ]
[ sql ] [ SQL ] SELECT `pid` FROM `ui_menu` WHERE (  `menu_id` IN (83,5,45,74,98,100,237,240,241)  AND `status` = 1  AND `pid` <> 0 ) AND `ui_menu`.`delete_time` IS NULL [ RunTime:0.001000s ]
[ sql ] [ SQL ] SELECT * FROM `ui_menu` WHERE (  `menu_id` IN (2,3,4,5,12,13,45,62,63,64,68,69,72,74,75,76,77,78,80,81,82,83,84,85,86,91,92,93,94,95,96,97,98,99,100,101,102,103,104,105,106,108,109,110,111,112,113,114,115,116,117,118,119,120,121,123,124,125,126,127,128,129,130,136,138,139,140,141,142,143,144,146,151,152,153,154,155,156,157,158,160,162,163,168,169,170,171,172,173,174,175,176,177,178,179,180,185,186,195,196,197,198,199,200,209,213,214,215,225,228,229,230,231,233,234,235,236,237,238,239,240,241,242,243,244,245,246,247,248,249,250,255,256,257,258,259,262,263,264,265,267,271,272,273,274,275,277,278,280,281,283,285,286,287,288,289)  AND `status` = 1 ) AND `ui_menu`.`delete_time` IS NULL ORDER BY `sort`  asc [ RunTime:0.003000s ]
[ sql ] [ SQL ] SHOW COLUMNS FROM `ui_auth_group` [ RunTime:0.021001s ]
[ sql ] [ SQL ] SELECT `group_name` FROM `ui_auth_group` WHERE (  `group_id` = 1 ) AND `ui_auth_group`.`delete_time` IS NULL LIMIT 1 [ RunTime:0.001000s ]
---------------------------------------------------------------
[ 2017-09-30T10:11:47+08:00 ] 127.0.0.4 127.0.0.1 GET /admin/index/main.shtml
[ sql ] [ DB ] CONNECT:[ UseTime:0.001000s ] mysql:dbname=ershoushouji;host=192.168.124.222;port=3306;charset=utf8
[ sql ] [ SQL ] SHOW COLUMNS FROM `ui_config` [ RunTime:0.021001s ]
[ sql ] [ SQL ] SELECT * FROM `ui_config` WHERE `ui_config`.`delete_time` IS NULL [ RunTime:0.001000s ]
[ sql ] [ SQL ] SHOW COLUMNS FROM `ui_city` [ RunTime:0.015001s ]
[ sql ] [ SQL ] SELECT * FROM `ui_city` WHERE  `pid` <> 0 [ RunTime:0.020002s ]
[ sql ] [ SQL ] SHOW COLUMNS FROM `ui_menu` [ RunTime:0.018001s ]
[ sql ] [ SQL ] SELECT * FROM `ui_menu` WHERE (  `url` = '/admin/index/main.shtml' ) AND `ui_menu`.`delete_time` IS NULL LIMIT 1 [ RunTime:0.001000s ]
[ sql ] [ SQL ] SHOW COLUMNS FROM `ui_admin` [ RunTime:0.018001s ]
[ sql ] [ SQL ] SELECT * FROM `ui_admin` WHERE (  `admin_id` = 1 ) AND `ui_admin`.`delete_time` IS NULL LIMIT 1 [ RunTime:0.001000s ]
[ sql ] [ SQL ] SHOW COLUMNS FROM `ui_order` [ RunTime:0.018001s ]
[ sql ] [ SQL ] SELECT `deal_price` FROM `ui_order` WHERE (  `status` = 6  AND `create_time` BETWEEN 1504195200 AND 1504281600 ) AND `ui_order`.`delete_time` IS NULL [ RunTime:0.001000s ]
[ sql ] [ SQL ] SELECT `deal_price` FROM `ui_order` WHERE (  `status` = 6  AND `create_time` BETWEEN 1504281600 AND 1504368000 ) AND `ui_order`.`delete_time` IS NULL [ RunTime:0.001000s ]
[ sql ] [ SQL ] SELECT `deal_price` FROM `ui_order` WHERE (  `status` = 6  AND `create_time` BETWEEN 1504368000 AND 1504454400 ) AND `ui_order`.`delete_time` IS NULL [ RunTime:0.001000s ]
[ sql ] [ SQL ] SELECT `deal_price` FROM `ui_order` WHERE (  `status` = 6  AND `create_time` BETWEEN 1504454400 AND 1504540800 ) AND `ui_order`.`delete_time` IS NULL [ RunTime:0.001000s ]
[ sql ] [ SQL ] SELECT `deal_price` FROM `ui_order` WHERE (  `status` = 6  AND `create_time` BETWEEN 1504540800 AND 1504627200 ) AND `ui_order`.`delete_time` IS NULL [ RunTime:0.001000s ]
[ sql ] [ SQL ] SELECT `deal_price` FROM `ui_order` WHERE (  `status` = 6  AND `create_time` BETWEEN 1504627200 AND 1504713600 ) AND `ui_order`.`delete_time` IS NULL [ RunTime:0.001000s ]
[ sql ] [ SQL ] SELECT `deal_price` FROM `ui_order` WHERE (  `status` = 6  AND `create_time` BETWEEN 1504713600 AND 1504800000 ) AND `ui_order`.`delete_time` IS NULL [ RunTime:0.001001s ]
[ sql ] [ SQL ] SELECT `deal_price` FROM `ui_order` WHERE (  `status` = 6  AND `create_time` BETWEEN 1504800000 AND 1504886400 ) AND `ui_order`.`delete_time` IS NULL [ RunTime:0.001000s ]
[ sql ] [ SQL ] SELECT `deal_price` FROM `ui_order` WHERE (  `status` = 6  AND `create_time` BETWEEN 1504886400 AND 1504972800 ) AND `ui_order`.`delete_time` IS NULL [ RunTime:0.001000s ]
[ sql ] [ SQL ] SELECT `deal_price` FROM `ui_order` WHERE (  `status` = 6  AND `create_time` BETWEEN 1504972800 AND 1505059200 ) AND `ui_order`.`delete_time` IS NULL [ RunTime:0.001000s ]
[ sql ] [ SQL ] SELECT `deal_price` FROM `ui_order` WHERE (  `status` = 6  AND `create_time` BETWEEN 1505059200 AND 1505145600 ) AND `ui_order`.`delete_time` IS NULL [ RunTime:0.001000s ]
[ sql ] [ SQL ] SELECT `deal_price` FROM `ui_order` WHERE (  `status` = 6  AND `create_time` BETWEEN 1505145600 AND 1505232000 ) AND `ui_order`.`delete_time` IS NULL [ RunTime:0.001000s ]
[ sql ] [ SQL ] SELECT `deal_price` FROM `ui_order` WHERE (  `status` = 6  AND `create_time` BETWEEN 1505232000 AND 1505318400 ) AND `ui_order`.`delete_time` IS NULL [ RunTime:0.001000s ]
[ sql ] [ SQL ] SELECT `deal_price` FROM `ui_order` WHERE (  `status` = 6  AND `create_time` BETWEEN 1505318400 AND 1505404800 ) AND `ui_order`.`delete_time` IS NULL [ RunTime:0.001000s ]
[ sql ] [ SQL ] SELECT `deal_price` FROM `ui_order` WHERE (  `status` = 6  AND `create_time` BETWEEN 1505404800 AND 1505491200 ) AND `ui_order`.`delete_time` IS NULL [ RunTime:0.001000s ]
[ sql ] [ SQL ] SELECT `deal_price` FROM `ui_order` WHERE (  `status` = 6  AND `create_time` BETWEEN 1505491200 AND 1505577600 ) AND `ui_order`.`delete_time` IS NULL [ RunTime:0.001000s ]
[ sql ] [ SQL ] SELECT `deal_price` FROM `ui_order` WHERE (  `status` = 6  AND `create_time` BETWEEN 1505577600 AND 1505664000 ) AND `ui_order`.`delete_time` IS NULL [ RunTime:0.001000s ]
[ sql ] [ SQL ] SELECT `deal_price` FROM `ui_order` WHERE (  `status` = 6  AND `create_time` BETWEEN 1505664000 AND 1505750400 ) AND `ui_order`.`delete_time` IS NULL [ RunTime:0.001001s ]
[ sql ] [ SQL ] SELECT `deal_price` FROM `ui_order` WHERE (  `status` = 6  AND `create_time` BETWEEN 1505750400 AND 1505836800 ) AND `ui_order`.`delete_time` IS NULL [ RunTime:0.001000s ]
[ sql ] [ SQL ] SELECT `deal_price` FROM `ui_order` WHERE (  `status` = 6  AND `create_time` BETWEEN 1505836800 AND 1505923200 ) AND `ui_order`.`delete_time` IS NULL [ RunTime:0.001000s ]
[ sql ] [ SQL ] SELECT `deal_price` FROM `ui_order` WHERE (  `status` = 6  AND `create_time` BETWEEN 1505923200 AND 1506009600 ) AND `ui_order`.`delete_time` IS NULL [ RunTime:0.001000s ]
[ sql ] [ SQL ] SELECT `deal_price` FROM `ui_order` WHERE (  `status` = 6  AND `create_time` BETWEEN 1506009600 AND 1506096000 ) AND `ui_order`.`delete_time` IS NULL [ RunTime:0.001000s ]
[ sql ] [ SQL ] SELECT `deal_price` FROM `ui_order` WHERE (  `status` = 6  AND `create_time` BETWEEN 1506096000 AND 1506182400 ) AND `ui_order`.`delete_time` IS NULL [ RunTime:0.001000s ]
[ sql ] [ SQL ] SELECT `deal_price` FROM `ui_order` WHERE (  `status` = 6  AND `create_time` BETWEEN 1506182400 AND 1506268800 ) AND `ui_order`.`delete_time` IS NULL [ RunTime:0.001000s ]
[ sql ] [ SQL ] SELECT `deal_price` FROM `ui_order` WHERE (  `status` = 6  AND `create_time` BETWEEN 1506268800 AND 1506355200 ) AND `ui_order`.`delete_time` IS NULL [ RunTime:0.001000s ]
[ sql ] [ SQL ] SELECT `deal_price` FROM `ui_order` WHERE (  `status` = 6  AND `create_time` BETWEEN 1506355200 AND 1506441600 ) AND `ui_order`.`delete_time` IS NULL [ RunTime:0.001000s ]
[ sql ] [ SQL ] SELECT `deal_price` FROM `ui_order` WHERE (  `status` = 6  AND `create_time` BETWEEN 1506441600 AND 1506528000 ) AND `ui_order`.`delete_time` IS NULL [ RunTime:0.001000s ]
[ sql ] [ SQL ] SELECT `deal_price` FROM `ui_order` WHERE (  `status` = 6  AND `create_time` BETWEEN 1506528000 AND 1506614400 ) AND `ui_order`.`delete_time` IS NULL [ RunTime:0.002000s ]
[ sql ] [ SQL ] SELECT `deal_price` FROM `ui_order` WHERE (  `status` = 6  AND `create_time` BETWEEN 1506614400 AND 1506700800 ) AND `ui_order`.`delete_time` IS NULL [ RunTime:0.001001s ]
[ sql ] [ SQL ] SELECT `deal_price` FROM `ui_order` WHERE (  `status` = 6  AND `create_time` BETWEEN 1506700800 AND 1506787200 ) AND `ui_order`.`delete_time` IS NULL [ RunTime:0.001000s ]
[ sql ] [ SQL ] SHOW COLUMNS FROM `ui_order_back` [ RunTime:0.022001s ]
[ sql ] [ SQL ] SELECT COUNT(*) AS tp_count FROM `ui_order_back` WHERE (  `status` = 1 ) AND `ui_order_back`.`delete_time` IS NULL LIMIT 1 [ RunTime:0.001000s ]
[ sql ] [ SQL ] SELECT `deal_price` FROM `ui_order` WHERE (  `status` = 4 ) AND `ui_order`.`delete_time` IS NULL [ RunTime:0.001000s ]
[ sql ] [ SQL ] SHOW COLUMNS FROM `ui_user` [ RunTime:0.014001s ]
[ sql ] [ SQL ] SELECT COUNT(*) AS tp_count FROM `ui_user` WHERE `ui_user`.`delete_time` IS NULL LIMIT 1 [ RunTime:0.001000s ]
---------------------------------------------------------------
[ 2017-09-30T10:11:48+08:00 ] 127.0.0.4 127.0.0.1 POST /admin/index/isuniquelogin.shtml
[ sql ] [ DB ] CONNECT:[ UseTime:0.002000s ] mysql:dbname=ershoushouji;host=192.168.124.222;port=3306;charset=utf8
[ sql ] [ SQL ] SHOW COLUMNS FROM `ui_menu` [ RunTime:0.014001s ]
[ sql ] [ SQL ] SELECT * FROM `ui_menu` WHERE (  `url` = '/admin/index/isuniquelogin.shtml' ) AND `ui_menu`.`delete_time` IS NULL LIMIT 1 [ RunTime:0.002000s ]
[ sql ] [ SQL ] SHOW COLUMNS FROM `ui_admin` [ RunTime:0.021002s ]
[ sql ] [ SQL ] SELECT * FROM `ui_admin` WHERE (  `admin_id` = 1 ) AND `ui_admin`.`delete_time` IS NULL LIMIT 1 [ RunTime:0.002000s ]
[ sql ] [ SQL ] SELECT * FROM `ui_admin` WHERE (  `admin_id` = 1 ) AND `ui_admin`.`delete_time` IS NULL LIMIT 1 [ RunTime:0.001000s ]
---------------------------------------------------------------
[ 2017-09-30T10:11:50+08:00 ] 127.0.0.4 127.0.0.1 GET /admin/good/index.shtml
[ sql ] [ DB ] CONNECT:[ UseTime:0.004000s ] mysql:dbname=ershoushouji;host=192.168.124.222;port=3306;charset=utf8
[ sql ] [ SQL ] SHOW COLUMNS FROM `ui_config` [ RunTime:0.021001s ]
[ sql ] [ SQL ] SELECT * FROM `ui_config` WHERE `ui_config`.`delete_time` IS NULL [ RunTime:0.001001s ]
[ sql ] [ SQL ] SHOW COLUMNS FROM `ui_city` [ RunTime:0.010001s ]
[ sql ] [ SQL ] SELECT * FROM `ui_city` WHERE  `pid` <> 0 [ RunTime:0.020001s ]
[ sql ] [ SQL ] SHOW COLUMNS FROM `ui_menu` [ RunTime:0.021001s ]
[ sql ] [ SQL ] SELECT * FROM `ui_menu` WHERE (  `url` = '/admin/good/index.shtml' ) AND `ui_menu`.`delete_time` IS NULL LIMIT 1 [ RunTime:0.001000s ]
[ sql ] [ SQL ] SELECT * FROM `ui_menu` WHERE (  `menu_id` = 100 ) AND `ui_menu`.`delete_time` IS NULL LIMIT 1 [ RunTime:0.001001s ]
[ sql ] [ SQL ] SHOW COLUMNS FROM `ui_admin` [ RunTime:0.017001s ]
[ sql ] [ SQL ] SELECT * FROM `ui_admin` WHERE (  `admin_id` = 1 ) AND `ui_admin`.`delete_time` IS NULL LIMIT 1 [ RunTime:0.002000s ]
[ sql ] [ SQL ] SHOW COLUMNS FROM `ui_goods_brand` [ RunTime:0.020001s ]
[ sql ] [ SQL ] SELECT * FROM `ui_goods_brand` WHERE `ui_goods_brand`.`delete_time` IS NULL [ RunTime:0.002000s ]
[ sql ] [ SQL ] SHOW COLUMNS FROM `ui_goods` [ RunTime:0.012001s ]
[ sql ] [ SQL ] SELECT COUNT(*) AS tp_count FROM `ui_goods` WHERE `ui_goods`.`delete_time` IS NULL LIMIT 1 [ RunTime:0.001000s ]
[ sql ] [ SQL ] SELECT * FROM `ui_goods` WHERE `ui_goods`.`delete_time` IS NULL LIMIT 0,15 [ RunTime:0.002000s ]
[ sql ] [ SQL ] SELECT * FROM `ui_goods_brand` WHERE (  `brand_id` = 1 ) AND `ui_goods_brand`.`delete_time` IS NULL LIMIT 1 [ RunTime:0.001000s ]
[ sql ] [ SQL ] SELECT * FROM `ui_admin` WHERE (  `admin_id` = 1 ) AND `ui_admin`.`delete_time` IS NULL LIMIT 1 [ RunTime:0.001000s ]
[ sql ] [ SQL ] SELECT * FROM `ui_goods_brand` WHERE (  `brand_id` = 22 ) AND `ui_goods_brand`.`delete_time` IS NULL LIMIT 1 [ RunTime:0.001000s ]
[ sql ] [ SQL ] SELECT * FROM `ui_admin` WHERE (  `admin_id` = 2 ) AND `ui_admin`.`delete_time` IS NULL LIMIT 1 [ RunTime:0.002000s ]
[ sql ] [ SQL ] SELECT * FROM `ui_goods_brand` WHERE (  `brand_id` = 3 ) AND `ui_goods_brand`.`delete_time` IS NULL LIMIT 1 [ RunTime:0.002000s ]
[ sql ] [ SQL ] SELECT * FROM `ui_admin` WHERE (  `admin_id` = 3 ) AND `ui_admin`.`delete_time` IS NULL LIMIT 1 [ RunTime:0.001000s ]
[ sql ] [ SQL ] SELECT * FROM `ui_goods_brand` WHERE (  `brand_id` = 1 ) AND `ui_goods_brand`.`delete_time` IS NULL LIMIT 1 [ RunTime:0.001000s ]
[ sql ] [ SQL ] SELECT * FROM `ui_admin` WHERE (  `admin_id` = 4 ) AND `ui_admin`.`delete_time` IS NULL LIMIT 1 [ RunTime:0.002000s ]
[ sql ] [ SQL ] SELECT * FROM `ui_goods_brand` WHERE (  `brand_id` = 1 ) AND `ui_goods_brand`.`delete_time` IS NULL LIMIT 1 [ RunTime:0.001000s ]
[ sql ] [ SQL ] SELECT * FROM `ui_admin` WHERE (  `admin_id` = 2 ) AND `ui_admin`.`delete_time` IS NULL LIMIT 1 [ RunTime:0.001001s ]
[ sql ] [ SQL ] SELECT * FROM `ui_goods_brand` WHERE (  `brand_id` = 1 ) AND `ui_goods_brand`.`delete_time` IS NULL LIMIT 1 [ RunTime:0.001000s ]
[ sql ] [ SQL ] SELECT * FROM `ui_admin` WHERE (  `admin_id` = 1 ) AND `ui_admin`.`delete_time` IS NULL LIMIT 1 [ RunTime:0.001000s ]
[ sql ] [ SQL ] SELECT * FROM `ui_goods_brand` WHERE (  `brand_id` = 1 ) AND `ui_goods_brand`.`delete_time` IS NULL LIMIT 1 [ RunTime:0.001000s ]
[ sql ] [ SQL ] SELECT * FROM `ui_admin` WHERE (  `admin_id` = 1 ) AND `ui_admin`.`delete_time` IS NULL LIMIT 1 [ RunTime:0.001000s ]
[ sql ] [ SQL ] SELECT * FROM `ui_goods_brand` WHERE (  `brand_id` = 1 ) AND `ui_goods_brand`.`delete_time` IS NULL LIMIT 1 [ RunTime:0.001000s ]
[ sql ] [ SQL ] SELECT * FROM `ui_admin` WHERE (  `admin_id` = 1 ) AND `ui_admin`.`delete_time` IS NULL LIMIT 1 [ RunTime:0.001000s ]
[ sql ] [ SQL ] SELECT * FROM `ui_goods_brand` WHERE (  `brand_id` = 20 ) AND `ui_goods_brand`.`delete_time` IS NULL LIMIT 1 [ RunTime:0.002000s ]
[ sql ] [ SQL ] SELECT * FROM `ui_admin` WHERE (  `admin_id` IS NULL ) AND `ui_admin`.`delete_time` IS NULL LIMIT 1 [ RunTime:0.001000s ]
[ sql ] [ SQL ] SELECT * FROM `ui_goods_brand` WHERE (  `brand_id` = 1 ) AND `ui_goods_brand`.`delete_time` IS NULL LIMIT 1 [ RunTime:0.001000s ]
[ sql ] [ SQL ] SELECT * FROM `ui_admin` WHERE (  `admin_id` IS NULL ) AND `ui_admin`.`delete_time` IS NULL LIMIT 1 [ RunTime:0.001000s ]
[ sql ] [ SQL ] SELECT * FROM `ui_goods_brand` WHERE (  `brand_id` = 1 ) AND `ui_goods_brand`.`delete_time` IS NULL LIMIT 1 [ RunTime:0.001000s ]
[ sql ] [ SQL ] SELECT * FROM `ui_admin` WHERE (  `admin_id` IS NULL ) AND `ui_admin`.`delete_time` IS NULL LIMIT 1 [ RunTime:0.001000s ]
[ sql ] [ SQL ] SELECT * FROM `ui_goods_brand` WHERE (  `brand_id` = 1 ) AND `ui_goods_brand`.`delete_time` IS NULL LIMIT 1 [ RunTime:0.002000s ]
[ sql ] [ SQL ] SELECT * FROM `ui_admin` WHERE (  `admin_id` IS NULL ) AND `ui_admin`.`delete_time` IS NULL LIMIT 1 [ RunTime:0.001000s ]
[ sql ] [ SQL ] SELECT * FROM `ui_goods_brand` WHERE (  `brand_id` = 1 ) AND `ui_goods_brand`.`delete_time` IS NULL LIMIT 1 [ RunTime:0.001000s ]
[ sql ] [ SQL ] SELECT * FROM `ui_admin` WHERE (  `admin_id` IS NULL ) AND `ui_admin`.`delete_time` IS NULL LIMIT 1 [ RunTime:0.001000s ]
[ sql ] [ SQL ] SELECT * FROM `ui_goods_brand` WHERE (  `brand_id` = 20 ) AND `ui_goods_brand`.`delete_time` IS NULL LIMIT 1 [ RunTime:0.001000s ]
[ sql ] [ SQL ] SELECT * FROM `ui_admin` WHERE (  `admin_id` = 1 ) AND `ui_admin`.`delete_time` IS NULL LIMIT 1 [ RunTime:0.002000s ]
[ sql ] [ SQL ] SELECT * FROM `ui_goods_brand` WHERE (  `brand_id` = 3 ) AND `ui_goods_brand`.`delete_time` IS NULL LIMIT 1 [ RunTime:0.001000s ]
[ sql ] [ SQL ] SELECT * FROM `ui_admin` WHERE (  `admin_id` = 1 ) AND `ui_admin`.`delete_time` IS NULL LIMIT 1 [ RunTime:0.001000s ]
---------------------------------------------------------------
[ 2017-09-30T10:11:51+08:00 ] 127.0.0.4 127.0.0.1 GET /admin/good/add.shtml
[ sql ] [ DB ] CONNECT:[ UseTime:0.002001s ] mysql:dbname=ershoushouji;host=192.168.124.222;port=3306;charset=utf8
[ sql ] [ SQL ] SHOW COLUMNS FROM `ui_config` [ RunTime:0.021001s ]
[ sql ] [ SQL ] SELECT * FROM `ui_config` WHERE `ui_config`.`delete_time` IS NULL [ RunTime:0.002000s ]
[ sql ] [ SQL ] SHOW COLUMNS FROM `ui_city` [ RunTime:0.017001s ]
[ sql ] [ SQL ] SELECT * FROM `ui_city` WHERE  `pid` <> 0 [ RunTime:0.021002s ]
[ sql ] [ SQL ] SHOW COLUMNS FROM `ui_menu` [ RunTime:0.017001s ]
[ sql ] [ SQL ] SELECT * FROM `ui_menu` WHERE (  `url` = '/admin/good/add.shtml' ) AND `ui_menu`.`delete_time` IS NULL LIMIT 1 [ RunTime:0.002000s ]
[ sql ] [ SQL ] SELECT * FROM `ui_menu` WHERE (  `menu_id` = 102 ) AND `ui_menu`.`delete_time` IS NULL LIMIT 1 [ RunTime:0.002000s ]
[ sql ] [ SQL ] SHOW COLUMNS FROM `ui_admin` [ RunTime:0.012001s ]
[ sql ] [ SQL ] SELECT * FROM `ui_admin` WHERE (  `admin_id` = 1 ) AND `ui_admin`.`delete_time` IS NULL LIMIT 1 [ RunTime:0.001000s ]
[ sql ] [ SQL ] SHOW COLUMNS FROM `ui_goods_brand` [ RunTime:0.010001s ]
[ sql ] [ SQL ] SELECT * FROM `ui_goods_brand` WHERE `ui_goods_brand`.`delete_time` IS NULL [ RunTime:0.001000s ]
[ sql ] [ SQL ] SHOW COLUMNS FROM `ui_goods_attr` [ RunTime:0.009000s ]
[ sql ] [ SQL ] SELECT * FROM `ui_goods_attr` WHERE `ui_goods_attr`.`delete_time` IS NULL [ RunTime:0.002000s ]
[ sql ] [ SQL ] SHOW COLUMNS FROM `ui_check_info` [ RunTime:0.011001s ]
[ sql ] [ SQL ] SELECT * FROM `ui_check_info` WHERE `ui_check_info`.`delete_time` IS NULL [ RunTime:0.001000s ]
[ sql ] [ SQL ] SHOW COLUMNS FROM `ui_store_info` [ RunTime:0.011001s ]
[ sql ] [ SQL ] SELECT * FROM `ui_store_info` WHERE `ui_store_info`.`delete_time` IS NULL [ RunTime:0.001000s ]
[ sql ] [ SQL ] SHOW COLUMNS FROM `ui_brand_model` [ RunTime:0.009001s ]
[ sql ] [ SQL ] SELECT * FROM `ui_brand_model` WHERE (  `brand_id` = 1 ) AND `ui_brand_model`.`delete_time` IS NULL [ RunTime:0.001000s ]
---------------------------------------------------------------
[ 2017-09-30T10:16:37+08:00 ] 127.0.0.4 127.0.0.1 GET /admin/index/index.shtml
[ sql ] [ DB ] CONNECT:[ UseTime:0.011001s ] mysql:dbname=ershoushouji;host=192.168.124.222;port=3306;charset=utf8
[ sql ] [ SQL ] SHOW COLUMNS FROM `ui_config` [ RunTime:0.022001s ]
[ sql ] [ SQL ] SELECT * FROM `ui_config` WHERE `ui_config`.`delete_time` IS NULL [ RunTime:0.002000s ]
[ sql ] [ SQL ] SHOW COLUMNS FROM `ui_city` [ RunTime:0.017001s ]
[ sql ] [ SQL ] SELECT * FROM `ui_city` WHERE  `pid` <> 0 [ RunTime:0.020001s ]
[ sql ] [ SQL ] SHOW COLUMNS FROM `ui_menu` [ RunTime:0.021001s ]
[ sql ] [ SQL ] SELECT * FROM `ui_menu` WHERE (  `url` = '/admin/index/index.shtml' ) AND `ui_menu`.`delete_time` IS NULL LIMIT 1 [ RunTime:0.001000s ]
[ sql ] [ SQL ] SELECT * FROM `ui_menu` WHERE (  `menu_id` = 0 ) AND `ui_menu`.`delete_time` IS NULL LIMIT 1 [ RunTime:0.001000s ]
[ sql ] [ SQL ] SHOW COLUMNS FROM `ui_admin` [ RunTime:0.011001s ]
[ sql ] [ SQL ] SELECT * FROM `ui_admin` WHERE (  `admin_id` = 1 ) AND `ui_admin`.`delete_time` IS NULL LIMIT 1 [ RunTime:0.001000s ]
[ sql ] [ SQL ] SELECT `menu_id` FROM `ui_menu` WHERE `ui_menu`.`delete_time` IS NULL [ RunTime:0.002000s ]
[ sql ] [ SQL ] SELECT `menu_id`,`module`,`controller`,`action` FROM `ui_menu` WHERE (  `menu_id` IN (2,3,4,5,12,13,45,62,63,64,68,69,72,74,75,76,77,78,80,81,82,83,84,85,86,91,92,93,94,95,96,97,98,99,100,101,102,103,104,105,106,108,109,110,111,112,113,114,115,116,117,118,119,120,121,123,124,125,126,127,128,129,130,136,138,139,140,141,142,143,144,146,151,152,153,154,155,156,157,158,160,162,163,168,169,170,171,172,173,174,175,176,177,178,179,180,185,186,195,196,197,198,199,200,209,213,214,215,225,228,229,230,231,233,234,235,236,237,238,239,240,241,242,243,244,245,246,247,248,249,250,255,256,257,258,259,262,263,264,265,267,271,272,273,274,275,277,278,280,281,283,285,286,287,288,289) ) AND `ui_menu`.`delete_time` IS NULL [ RunTime:0.003001s ]
[ sql ] [ SQL ] SELECT `pid` FROM `ui_menu` WHERE (  `menu_id` IN (2,3,4,5,12,13,45,62,63,64,68,69,72,74,75,76,77,78,80,81,82,83,84,85,86,91,92,93,94,95,96,97,98,99,100,101,102,103,104,105,106,108,109,110,111,112,113,114,115,116,117,118,119,120,121,123,124,125,126,127,128,129,130,136,138,139,140,141,142,143,144,146,151,152,153,154,155,156,157,158,160,162,163,168,169,170,171,172,173,174,175,176,177,178,179,180,185,186,195,196,197,198,199,200,209,213,214,215,225,228,229,230,231,233,234,235,236,237,238,239,240,241,242,243,244,245,246,247,248,249,250,255,256,257,258,259,262,263,264,265,267,271,272,273,274,275,277,278,280,281,283,285,286,287,288,289)  AND `status` = 1  AND `pid` <> 0 ) AND `ui_menu`.`delete_time` IS NULL [ RunTime:0.002000s ]
[ sql ] [ SQL ] SELECT `pid` FROM `ui_menu` WHERE (  `menu_id` IN (83,5,45,74,98,100,237,240,241)  AND `status` = 1  AND `pid` <> 0 ) AND `ui_menu`.`delete_time` IS NULL [ RunTime:0.001000s ]
[ sql ] [ SQL ] SELECT * FROM `ui_menu` WHERE (  `menu_id` IN (2,3,4,5,12,13,45,62,63,64,68,69,72,74,75,76,77,78,80,81,82,83,84,85,86,91,92,93,94,95,96,97,98,99,100,101,102,103,104,105,106,108,109,110,111,112,113,114,115,116,117,118,119,120,121,123,124,125,126,127,128,129,130,136,138,139,140,141,142,143,144,146,151,152,153,154,155,156,157,158,160,162,163,168,169,170,171,172,173,174,175,176,177,178,179,180,185,186,195,196,197,198,199,200,209,213,214,215,225,228,229,230,231,233,234,235,236,237,238,239,240,241,242,243,244,245,246,247,248,249,250,255,256,257,258,259,262,263,264,265,267,271,272,273,274,275,277,278,280,281,283,285,286,287,288,289)  AND `status` = 1 ) AND `ui_menu`.`delete_time` IS NULL ORDER BY `sort`  asc [ RunTime:0.003001s ]
[ sql ] [ SQL ] SHOW COLUMNS FROM `ui_auth_group` [ RunTime:0.017001s ]
[ sql ] [ SQL ] SELECT `group_name` FROM `ui_auth_group` WHERE (  `group_id` = 1 ) AND `ui_auth_group`.`delete_time` IS NULL LIMIT 1 [ RunTime:0.001000s ]
---------------------------------------------------------------
[ 2017-09-30T10:16:38+08:00 ] 127.0.0.4 127.0.0.1 GET /admin/index/main.shtml
[ sql ] [ DB ] CONNECT:[ UseTime:0.002000s ] mysql:dbname=ershoushouji;host=192.168.124.222;port=3306;charset=utf8
[ sql ] [ SQL ] SHOW COLUMNS FROM `ui_config` [ RunTime:0.014001s ]
[ sql ] [ SQL ] SELECT * FROM `ui_config` WHERE `ui_config`.`delete_time` IS NULL [ RunTime:0.001000s ]
[ sql ] [ SQL ] SHOW COLUMNS FROM `ui_city` [ RunTime:0.013001s ]
[ sql ] [ SQL ] SELECT * FROM `ui_city` WHERE  `pid` <> 0 [ RunTime:0.021001s ]
[ sql ] [ SQL ] SHOW COLUMNS FROM `ui_menu` [ RunTime:0.024001s ]
[ sql ] [ SQL ] SELECT * FROM `ui_menu` WHERE (  `url` = '/admin/index/main.shtml' ) AND `ui_menu`.`delete_time` IS NULL LIMIT 1 [ RunTime:0.001000s ]
[ sql ] [ SQL ] SHOW COLUMNS FROM `ui_admin` [ RunTime:0.017001s ]
[ sql ] [ SQL ] SELECT * FROM `ui_admin` WHERE (  `admin_id` = 1 ) AND `ui_admin`.`delete_time` IS NULL LIMIT 1 [ RunTime:0.001000s ]
[ sql ] [ SQL ] SHOW COLUMNS FROM `ui_order` [ RunTime:0.022001s ]
[ sql ] [ SQL ] SELECT `deal_price` FROM `ui_order` WHERE (  `status` = 6  AND `create_time` BETWEEN 1504195200 AND 1504281600 ) AND `ui_order`.`delete_time` IS NULL [ RunTime:0.001000s ]
[ sql ] [ SQL ] SELECT `deal_price` FROM `ui_order` WHERE (  `status` = 6  AND `create_time` BETWEEN 1504281600 AND 1504368000 ) AND `ui_order`.`delete_time` IS NULL [ RunTime:0.001001s ]
[ sql ] [ SQL ] SELECT `deal_price` FROM `ui_order` WHERE (  `status` = 6  AND `create_time` BETWEEN 1504368000 AND 1504454400 ) AND `ui_order`.`delete_time` IS NULL [ RunTime:0.001000s ]
[ sql ] [ SQL ] SELECT `deal_price` FROM `ui_order` WHERE (  `status` = 6  AND `create_time` BETWEEN 1504454400 AND 1504540800 ) AND `ui_order`.`delete_time` IS NULL [ RunTime:0.001000s ]
[ sql ] [ SQL ] SELECT `deal_price` FROM `ui_order` WHERE (  `status` = 6  AND `create_time` BETWEEN 1504540800 AND 1504627200 ) AND `ui_order`.`delete_time` IS NULL [ RunTime:0.002000s ]
[ sql ] [ SQL ] SELECT `deal_price` FROM `ui_order` WHERE (  `status` = 6  AND `create_time` BETWEEN 1504627200 AND 1504713600 ) AND `ui_order`.`delete_time` IS NULL [ RunTime:0.001000s ]
[ sql ] [ SQL ] SELECT `deal_price` FROM `ui_order` WHERE (  `status` = 6  AND `create_time` BETWEEN 1504713600 AND 1504800000 ) AND `ui_order`.`delete_time` IS NULL [ RunTime:0.001000s ]
[ sql ] [ SQL ] SELECT `deal_price` FROM `ui_order` WHERE (  `status` = 6  AND `create_time` BETWEEN 1504800000 AND 1504886400 ) AND `ui_order`.`delete_time` IS NULL [ RunTime:0.001000s ]
[ sql ] [ SQL ] SELECT `deal_price` FROM `ui_order` WHERE (  `status` = 6  AND `create_time` BETWEEN 1504886400 AND 1504972800 ) AND `ui_order`.`delete_time` IS NULL [ RunTime:0.001000s ]
[ sql ] [ SQL ] SELECT `deal_price` FROM `ui_order` WHERE (  `status` = 6  AND `create_time` BETWEEN 1504972800 AND 1505059200 ) AND `ui_order`.`delete_time` IS NULL [ RunTime:0.001000s ]
[ sql ] [ SQL ] SELECT `deal_price` FROM `ui_order` WHERE (  `status` = 6  AND `create_time` BETWEEN 1505059200 AND 1505145600 ) AND `ui_order`.`delete_time` IS NULL [ RunTime:0.001000s ]
[ sql ] [ SQL ] SELECT `deal_price` FROM `ui_order` WHERE (  `status` = 6  AND `create_time` BETWEEN 1505145600 AND 1505232000 ) AND `ui_order`.`delete_time` IS NULL [ RunTime:0.001000s ]
[ sql ] [ SQL ] SELECT `deal_price` FROM `ui_order` WHERE (  `status` = 6  AND `create_time` BETWEEN 1505232000 AND 1505318400 ) AND `ui_order`.`delete_time` IS NULL [ RunTime:0.001000s ]
[ sql ] [ SQL ] SELECT `deal_price` FROM `ui_order` WHERE (  `status` = 6  AND `create_time` BETWEEN 1505318400 AND 1505404800 ) AND `ui_order`.`delete_time` IS NULL [ RunTime:0.001000s ]
[ sql ] [ SQL ] SELECT `deal_price` FROM `ui_order` WHERE (  `status` = 6  AND `create_time` BETWEEN 1505404800 AND 1505491200 ) AND `ui_order`.`delete_time` IS NULL [ RunTime:0.001000s ]
[ sql ] [ SQL ] SELECT `deal_price` FROM `ui_order` WHERE (  `status` = 6  AND `create_time` BETWEEN 1505491200 AND 1505577600 ) AND `ui_order`.`delete_time` IS NULL [ RunTime:0.001000s ]
[ sql ] [ SQL ] SELECT `deal_price` FROM `ui_order` WHERE (  `status` = 6  AND `create_time` BETWEEN 1505577600 AND 1505664000 ) AND `ui_order`.`delete_time` IS NULL [ RunTime:0.001000s ]
[ sql ] [ SQL ] SELECT `deal_price` FROM `ui_order` WHERE (  `status` = 6  AND `create_time` BETWEEN 1505664000 AND 1505750400 ) AND `ui_order`.`delete_time` IS NULL [ RunTime:0.001000s ]
[ sql ] [ SQL ] SELECT `deal_price` FROM `ui_order` WHERE (  `status` = 6  AND `create_time` BETWEEN 1505750400 AND 1505836800 ) AND `ui_order`.`delete_time` IS NULL [ RunTime:0.001000s ]
[ sql ] [ SQL ] SELECT `deal_price` FROM `ui_order` WHERE (  `status` = 6  AND `create_time` BETWEEN 1505836800 AND 1505923200 ) AND `ui_order`.`delete_time` IS NULL [ RunTime:0.001000s ]
[ sql ] [ SQL ] SELECT `deal_price` FROM `ui_order` WHERE (  `status` = 6  AND `create_time` BETWEEN 1505923200 AND 1506009600 ) AND `ui_order`.`delete_time` IS NULL [ RunTime:0.001000s ]
[ sql ] [ SQL ] SELECT `deal_price` FROM `ui_order` WHERE (  `status` = 6  AND `create_time` BETWEEN 1506009600 AND 1506096000 ) AND `ui_order`.`delete_time` IS NULL [ RunTime:0.001000s ]
[ sql ] [ SQL ] SELECT `deal_price` FROM `ui_order` WHERE (  `status` = 6  AND `create_time` BETWEEN 1506096000 AND 1506182400 ) AND `ui_order`.`delete_time` IS NULL [ RunTime:0.001000s ]
[ sql ] [ SQL ] SELECT `deal_price` FROM `ui_order` WHERE (  `status` = 6  AND `create_time` BETWEEN 1506182400 AND 1506268800 ) AND `ui_order`.`delete_time` IS NULL [ RunTime:0.001001s ]
[ sql ] [ SQL ] SELECT `deal_price` FROM `ui_order` WHERE (  `status` = 6  AND `create_time` BETWEEN 1506268800 AND 1506355200 ) AND `ui_order`.`delete_time` IS NULL [ RunTime:0.001000s ]
[ sql ] [ SQL ] SELECT `deal_price` FROM `ui_order` WHERE (  `status` = 6  AND `create_time` BETWEEN 1506355200 AND 1506441600 ) AND `ui_order`.`delete_time` IS NULL [ RunTime:0.001000s ]
[ sql ] [ SQL ] SELECT `deal_price` FROM `ui_order` WHERE (  `status` = 6  AND `create_time` BETWEEN 1506441600 AND 1506528000 ) AND `ui_order`.`delete_time` IS NULL [ RunTime:0.001000s ]
[ sql ] [ SQL ] SELECT `deal_price` FROM `ui_order` WHERE (  `status` = 6  AND `create_time` BETWEEN 1506528000 AND 1506614400 ) AND `ui_order`.`delete_time` IS NULL [ RunTime:0.001000s ]
[ sql ] [ SQL ] SELECT `deal_price` FROM `ui_order` WHERE (  `status` = 6  AND `create_time` BETWEEN 1506614400 AND 1506700800 ) AND `ui_order`.`delete_time` IS NULL [ RunTime:0.001000s ]
[ sql ] [ SQL ] SELECT `deal_price` FROM `ui_order` WHERE (  `status` = 6  AND `create_time` BETWEEN 1506700800 AND 1506787200 ) AND `ui_order`.`delete_time` IS NULL [ RunTime:0.001000s ]
[ sql ] [ SQL ] SHOW COLUMNS FROM `ui_order_back` [ RunTime:0.017001s ]
[ sql ] [ SQL ] SELECT COUNT(*) AS tp_count FROM `ui_order_back` WHERE (  `status` = 1 ) AND `ui_order_back`.`delete_time` IS NULL LIMIT 1 [ RunTime:0.001000s ]
[ sql ] [ SQL ] SELECT `deal_price` FROM `ui_order` WHERE (  `status` = 4 ) AND `ui_order`.`delete_time` IS NULL [ RunTime:0.001000s ]
[ sql ] [ SQL ] SHOW COLUMNS FROM `ui_user` [ RunTime:0.020002s ]
[ sql ] [ SQL ] SELECT COUNT(*) AS tp_count FROM `ui_user` WHERE `ui_user`.`delete_time` IS NULL LIMIT 1 [ RunTime:0.002000s ]
---------------------------------------------------------------
[ 2017-09-30T10:16:38+08:00 ] 127.0.0.4 127.0.0.1 POST /admin/index/isuniquelogin.shtml
[ sql ] [ DB ] CONNECT:[ UseTime:0.002001s ] mysql:dbname=ershoushouji;host=192.168.124.222;port=3306;charset=utf8
[ sql ] [ SQL ] SHOW COLUMNS FROM `ui_menu` [ RunTime:0.014000s ]
[ sql ] [ SQL ] SELECT * FROM `ui_menu` WHERE (  `url` = '/admin/index/isuniquelogin.shtml' ) AND `ui_menu`.`delete_time` IS NULL LIMIT 1 [ RunTime:0.001000s ]
[ sql ] [ SQL ] SHOW COLUMNS FROM `ui_admin` [ RunTime:0.014000s ]
[ sql ] [ SQL ] SELECT * FROM `ui_admin` WHERE (  `admin_id` = 1 ) AND `ui_admin`.`delete_time` IS NULL LIMIT 1 [ RunTime:0.001001s ]
[ sql ] [ SQL ] SELECT * FROM `ui_admin` WHERE (  `admin_id` = 1 ) AND `ui_admin`.`delete_time` IS NULL LIMIT 1 [ RunTime:0.001000s ]
---------------------------------------------------------------
[ 2017-09-30T10:16:44+08:00 ] 127.0.0.4 127.0.0.1 GET /admin/good/index.shtml
[ sql ] [ DB ] CONNECT:[ UseTime:0.011001s ] mysql:dbname=ershoushouji;host=192.168.124.222;port=3306;charset=utf8
[ sql ] [ SQL ] SHOW COLUMNS FROM `ui_config` [ RunTime:0.021001s ]
[ sql ] [ SQL ] SELECT * FROM `ui_config` WHERE `ui_config`.`delete_time` IS NULL [ RunTime:0.001000s ]
[ sql ] [ SQL ] SHOW COLUMNS FROM `ui_city` [ RunTime:0.017001s ]
[ sql ] [ SQL ] SELECT * FROM `ui_city` WHERE  `pid` <> 0 [ RunTime:0.021001s ]
[ sql ] [ SQL ] SHOW COLUMNS FROM `ui_menu` [ RunTime:0.021001s ]
[ sql ] [ SQL ] SELECT * FROM `ui_menu` WHERE (  `url` = '/admin/good/index.shtml' ) AND `ui_menu`.`delete_time` IS NULL LIMIT 1 [ RunTime:0.001000s ]
[ sql ] [ SQL ] SELECT * FROM `ui_menu` WHERE (  `menu_id` = 100 ) AND `ui_menu`.`delete_time` IS NULL LIMIT 1 [ RunTime:0.002000s ]
[ sql ] [ SQL ] SHOW COLUMNS FROM `ui_admin` [ RunTime:0.011001s ]
[ sql ] [ SQL ] SELECT * FROM `ui_admin` WHERE (  `admin_id` = 1 ) AND `ui_admin`.`delete_time` IS NULL LIMIT 1 [ RunTime:0.001000s ]
[ sql ] [ SQL ] SHOW COLUMNS FROM `ui_goods_brand` [ RunTime:0.009001s ]
[ sql ] [ SQL ] SELECT * FROM `ui_goods_brand` WHERE `ui_goods_brand`.`delete_time` IS NULL [ RunTime:0.001000s ]
[ sql ] [ SQL ] SHOW COLUMNS FROM `ui_goods` [ RunTime:0.009001s ]
[ sql ] [ SQL ] SELECT COUNT(*) AS tp_count FROM `ui_goods` WHERE `ui_goods`.`delete_time` IS NULL LIMIT 1 [ RunTime:0.001000s ]
[ sql ] [ SQL ] SELECT * FROM `ui_goods` WHERE `ui_goods`.`delete_time` IS NULL LIMIT 0,15 [ RunTime:0.003000s ]
[ sql ] [ SQL ] SELECT * FROM `ui_goods_brand` WHERE (  `brand_id` = 1 ) AND `ui_goods_brand`.`delete_time` IS NULL LIMIT 1 [ RunTime:0.001000s ]
[ sql ] [ SQL ] SELECT * FROM `ui_admin` WHERE (  `admin_id` = 1 ) AND `ui_admin`.`delete_time` IS NULL LIMIT 1 [ RunTime:0.002000s ]
[ sql ] [ SQL ] SELECT * FROM `ui_goods_brand` WHERE (  `brand_id` = 22 ) AND `ui_goods_brand`.`delete_time` IS NULL LIMIT 1 [ RunTime:0.001001s ]
[ sql ] [ SQL ] SELECT * FROM `ui_admin` WHERE (  `admin_id` = 2 ) AND `ui_admin`.`delete_time` IS NULL LIMIT 1 [ RunTime:0.001000s ]
[ sql ] [ SQL ] SELECT * FROM `ui_goods_brand` WHERE (  `brand_id` = 3 ) AND `ui_goods_brand`.`delete_time` IS NULL LIMIT 1 [ RunTime:0.001000s ]
[ sql ] [ SQL ] SELECT * FROM `ui_admin` WHERE (  `admin_id` = 3 ) AND `ui_admin`.`delete_time` IS NULL LIMIT 1 [ RunTime:0.002000s ]
[ sql ] [ SQL ] SELECT * FROM `ui_goods_brand` WHERE (  `brand_id` = 1 ) AND `ui_goods_brand`.`delete_time` IS NULL LIMIT 1 [ RunTime:0.001000s ]
[ sql ] [ SQL ] SELECT * FROM `ui_admin` WHERE (  `admin_id` = 4 ) AND `ui_admin`.`delete_time` IS NULL LIMIT 1 [ RunTime:0.001000s ]
[ sql ] [ SQL ] SELECT * FROM `ui_goods_brand` WHERE (  `brand_id` = 1 ) AND `ui_goods_brand`.`delete_time` IS NULL LIMIT 1 [ RunTime:0.001000s ]
[ sql ] [ SQL ] SELECT * FROM `ui_admin` WHERE (  `admin_id` = 2 ) AND `ui_admin`.`delete_time` IS NULL LIMIT 1 [ RunTime:0.001000s ]
[ sql ] [ SQL ] SELECT * FROM `ui_goods_brand` WHERE (  `brand_id` = 1 ) AND `ui_goods_brand`.`delete_time` IS NULL LIMIT 1 [ RunTime:0.001000s ]
[ sql ] [ SQL ] SELECT * FROM `ui_admin` WHERE (  `admin_id` = 1 ) AND `ui_admin`.`delete_time` IS NULL LIMIT 1 [ RunTime:0.001000s ]
[ sql ] [ SQL ] SELECT * FROM `ui_goods_brand` WHERE (  `brand_id` = 1 ) AND `ui_goods_brand`.`delete_time` IS NULL LIMIT 1 [ RunTime:0.001000s ]
[ sql ] [ SQL ] SELECT * FROM `ui_admin` WHERE (  `admin_id` = 1 ) AND `ui_admin`.`delete_time` IS NULL LIMIT 1 [ RunTime:0.001000s ]
[ sql ] [ SQL ] SELECT * FROM `ui_goods_brand` WHERE (  `brand_id` = 1 ) AND `ui_goods_brand`.`delete_time` IS NULL LIMIT 1 [ RunTime:0.001000s ]
[ sql ] [ SQL ] SELECT * FROM `ui_admin` WHERE (  `admin_id` = 1 ) AND `ui_admin`.`delete_time` IS NULL LIMIT 1 [ RunTime:0.002000s ]
[ sql ] [ SQL ] SELECT * FROM `ui_goods_brand` WHERE (  `brand_id` = 20 ) AND `ui_goods_brand`.`delete_time` IS NULL LIMIT 1 [ RunTime:0.001000s ]
[ sql ] [ SQL ] SELECT * FROM `ui_admin` WHERE (  `admin_id` IS NULL ) AND `ui_admin`.`delete_time` IS NULL LIMIT 1 [ RunTime:0.001000s ]
[ sql ] [ SQL ] SELECT * FROM `ui_goods_brand` WHERE (  `brand_id` = 1 ) AND `ui_goods_brand`.`delete_time` IS NULL LIMIT 1 [ RunTime:0.001000s ]
[ sql ] [ SQL ] SELECT * FROM `ui_admin` WHERE (  `admin_id` IS NULL ) AND `ui_admin`.`delete_time` IS NULL LIMIT 1 [ RunTime:0.002000s ]
[ sql ] [ SQL ] SELECT * FROM `ui_goods_brand` WHERE (  `brand_id` = 1 ) AND `ui_goods_brand`.`delete_time` IS NULL LIMIT 1 [ RunTime:0.001000s ]
[ sql ] [ SQL ] SELECT * FROM `ui_admin` WHERE (  `admin_id` IS NULL ) AND `ui_admin`.`delete_time` IS NULL LIMIT 1 [ RunTime:0.001000s ]
[ sql ] [ SQL ] SELECT * FROM `ui_goods_brand` WHERE (  `brand_id` = 1 ) AND `ui_goods_brand`.`delete_time` IS NULL LIMIT 1 [ RunTime:0.001000s ]
[ sql ] [ SQL ] SELECT * FROM `ui_admin` WHERE (  `admin_id` IS NULL ) AND `ui_admin`.`delete_time` IS NULL LIMIT 1 [ RunTime:0.001000s ]
[ sql ] [ SQL ] SELECT * FROM `ui_goods_brand` WHERE (  `brand_id` = 1 ) AND `ui_goods_brand`.`delete_time` IS NULL LIMIT 1 [ RunTime:0.001000s ]
[ sql ] [ SQL ] SELECT * FROM `ui_admin` WHERE (  `admin_id` IS NULL ) AND `ui_admin`.`delete_time` IS NULL LIMIT 1 [ RunTime:0.001000s ]
[ sql ] [ SQL ] SELECT * FROM `ui_goods_brand` WHERE (  `brand_id` = 20 ) AND `ui_goods_brand`.`delete_time` IS NULL LIMIT 1 [ RunTime:0.001000s ]
[ sql ] [ SQL ] SELECT * FROM `ui_admin` WHERE (  `admin_id` = 1 ) AND `ui_admin`.`delete_time` IS NULL LIMIT 1 [ RunTime:0.001000s ]
[ sql ] [ SQL ] SELECT * FROM `ui_goods_brand` WHERE (  `brand_id` = 3 ) AND `ui_goods_brand`.`delete_time` IS NULL LIMIT 1 [ RunTime:0.001000s ]
[ sql ] [ SQL ] SELECT * FROM `ui_admin` WHERE (  `admin_id` = 1 ) AND `ui_admin`.`delete_time` IS NULL LIMIT 1 [ RunTime:0.002000s ]
---------------------------------------------------------------
[ 2017-09-30T10:16:46+08:00 ] 127.0.0.4 127.0.0.1 GET /admin/good/add.shtml
[ sql ] [ DB ] CONNECT:[ UseTime:0.010001s ] mysql:dbname=ershoushouji;host=192.168.124.222;port=3306;charset=utf8
[ sql ] [ SQL ] SHOW COLUMNS FROM `ui_config` [ RunTime:0.021001s ]
[ sql ] [ SQL ] SELECT * FROM `ui_config` WHERE `ui_config`.`delete_time` IS NULL [ RunTime:0.002000s ]
[ sql ] [ SQL ] SHOW COLUMNS FROM `ui_city` [ RunTime:0.017001s ]
[ sql ] [ SQL ] SELECT * FROM `ui_city` WHERE  `pid` <> 0 [ RunTime:0.021002s ]
[ sql ] [ SQL ] SHOW COLUMNS FROM `ui_menu` [ RunTime:0.018001s ]
[ sql ] [ SQL ] SELECT * FROM `ui_menu` WHERE (  `url` = '/admin/good/add.shtml' ) AND `ui_menu`.`delete_time` IS NULL LIMIT 1 [ RunTime:0.002000s ]
[ sql ] [ SQL ] SELECT * FROM `ui_menu` WHERE (  `menu_id` = 102 ) AND `ui_menu`.`delete_time` IS NULL LIMIT 1 [ RunTime:0.002000s ]
[ sql ] [ SQL ] SHOW COLUMNS FROM `ui_admin` [ RunTime:0.017001s ]
[ sql ] [ SQL ] SELECT * FROM `ui_admin` WHERE (  `admin_id` = 1 ) AND `ui_admin`.`delete_time` IS NULL LIMIT 1 [ RunTime:0.001000s ]
[ sql ] [ SQL ] SHOW COLUMNS FROM `ui_goods_brand` [ RunTime:0.017001s ]
[ sql ] [ SQL ] SELECT * FROM `ui_goods_brand` WHERE `ui_goods_brand`.`delete_time` IS NULL [ RunTime:0.001000s ]
[ sql ] [ SQL ] SHOW COLUMNS FROM `ui_goods_attr` [ RunTime:0.009001s ]
[ sql ] [ SQL ] SELECT * FROM `ui_goods_attr` WHERE `ui_goods_attr`.`delete_time` IS NULL [ RunTime:0.002000s ]
[ sql ] [ SQL ] SHOW COLUMNS FROM `ui_check_info` [ RunTime:0.008001s ]
[ sql ] [ SQL ] SELECT * FROM `ui_check_info` WHERE `ui_check_info`.`delete_time` IS NULL [ RunTime:0.001000s ]
[ sql ] [ SQL ] SHOW COLUMNS FROM `ui_store_info` [ RunTime:0.008000s ]
[ sql ] [ SQL ] SELECT * FROM `ui_store_info` WHERE `ui_store_info`.`delete_time` IS NULL [ RunTime:0.001000s ]
[ sql ] [ SQL ] SHOW COLUMNS FROM `ui_brand_model` [ RunTime:0.008001s ]
[ sql ] [ SQL ] SELECT * FROM `ui_brand_model` WHERE (  `brand_id` = 1 ) AND `ui_brand_model`.`delete_time` IS NULL [ RunTime:0.001000s ]
---------------------------------------------------------------
[ 2017-09-30T10:16:54+08:00 ] 127.0.0.4 127.0.0.1 GET /admin/good/edit/goods_id/1/page/1.shtml
[ sql ] [ DB ] CONNECT:[ UseTime:0.002000s ] mysql:dbname=ershoushouji;host=192.168.124.222;port=3306;charset=utf8
[ sql ] [ SQL ] SHOW COLUMNS FROM `ui_config` [ RunTime:0.021001s ]
[ sql ] [ SQL ] SELECT * FROM `ui_config` WHERE `ui_config`.`delete_time` IS NULL [ RunTime:0.002000s ]
[ sql ] [ SQL ] SHOW COLUMNS FROM `ui_city` [ RunTime:0.017001s ]
[ sql ] [ SQL ] SELECT * FROM `ui_city` WHERE  `pid` <> 0 [ RunTime:0.022001s ]
[ sql ] [ SQL ] SHOW COLUMNS FROM `ui_menu` [ RunTime:0.018001s ]
[ sql ] [ SQL ] SELECT * FROM `ui_menu` WHERE (  `url` = '/admin/good/edit.shtml' ) AND `ui_menu`.`delete_time` IS NULL LIMIT 1 [ RunTime:0.002000s ]
[ sql ] [ SQL ] SELECT * FROM `ui_menu` WHERE (  `menu_id` = 102 ) AND `ui_menu`.`delete_time` IS NULL LIMIT 1 [ RunTime:0.002001s ]
[ sql ] [ SQL ] SHOW COLUMNS FROM `ui_admin` [ RunTime:0.017001s ]
[ sql ] [ SQL ] SELECT * FROM `ui_admin` WHERE (  `admin_id` = 1 ) AND `ui_admin`.`delete_time` IS NULL LIMIT 1 [ RunTime:0.001000s ]
[ sql ] [ SQL ] SHOW COLUMNS FROM `ui_goods` [ RunTime:0.009000s ]
[ sql ] [ SQL ] SELECT * FROM `ui_goods` WHERE (  `goods_id` = 1 ) AND `ui_goods`.`delete_time` IS NULL LIMIT 1 [ RunTime:0.002000s ]
[ sql ] [ SQL ] SHOW COLUMNS FROM `ui_goods_good_attr` [ RunTime:0.008000s ]
[ sql ] [ SQL ] SELECT * FROM `ui_goods_good_attr` WHERE (  `goods_id` = 1 ) AND `ui_goods_good_attr`.`delete_time` IS NULL [ RunTime:0.001000s ]
[ sql ] [ SQL ] SHOW COLUMNS FROM `ui_goods_brand` [ RunTime:0.009001s ]
[ sql ] [ SQL ] SELECT * FROM `ui_goods_brand` WHERE `ui_goods_brand`.`delete_time` IS NULL [ RunTime:0.001000s ]
[ sql ] [ SQL ] SHOW COLUMNS FROM `ui_check_info` [ RunTime:0.009001s ]
[ sql ] [ SQL ] SELECT * FROM `ui_check_info` WHERE `ui_check_info`.`delete_time` IS NULL [ RunTime:0.001000s ]
[ sql ] [ SQL ] SHOW COLUMNS FROM `ui_store_info` [ RunTime:0.011001s ]
[ sql ] [ SQL ] SELECT * FROM `ui_store_info` WHERE `ui_store_info`.`delete_time` IS NULL [ RunTime:0.001000s ]
[ sql ] [ SQL ] SHOW COLUMNS FROM `ui_goods_attr` [ RunTime:0.009000s ]
[ sql ] [ SQL ] SELECT * FROM `ui_goods_attr` WHERE `ui_goods_attr`.`delete_time` IS NULL [ RunTime:0.001000s ]
[ sql ] [ SQL ] SHOW COLUMNS FROM `ui_brand_model` [ RunTime:0.009001s ]
[ sql ] [ SQL ] SELECT * FROM `ui_brand_model` WHERE (  `brand_id` = 1 ) AND `ui_brand_model`.`delete_time` IS NULL [ RunTime:0.001000s ]
---------------------------------------------------------------
[ 2017-09-30T11:01:06+08:00 ] 127.0.0.4 127.0.0.1 GET /admin/good/add.shtml
[ sql ] [ DB ] CONNECT:[ UseTime:0.011000s ] mysql:dbname=ershoushouji;host=192.168.124.222;port=3306;charset=utf8
[ sql ] [ SQL ] SHOW COLUMNS FROM `ui_config` [ RunTime:0.068004s ]
[ sql ] [ SQL ] SELECT * FROM `ui_config` WHERE `ui_config`.`delete_time` IS NULL [ RunTime:0.002000s ]
[ sql ] [ SQL ] SHOW COLUMNS FROM `ui_city` [ RunTime:0.011000s ]
[ sql ] [ SQL ] SELECT * FROM `ui_city` WHERE  `pid` <> 0 [ RunTime:0.021002s ]
[ sql ] [ SQL ] SHOW COLUMNS FROM `ui_menu` [ RunTime:0.026002s ]
[ sql ] [ SQL ] SELECT * FROM `ui_menu` WHERE (  `url` = '/admin/good/add.shtml' ) AND `ui_menu`.`delete_time` IS NULL LIMIT 1 [ RunTime:0.001000s ]
[ sql ] [ SQL ] SELECT * FROM `ui_menu` WHERE (  `menu_id` = 102 ) AND `ui_menu`.`delete_time` IS NULL LIMIT 1 [ RunTime:0.002000s ]
[ sql ] [ SQL ] SHOW COLUMNS FROM `ui_admin` [ RunTime:0.018001s ]
[ sql ] [ SQL ] SELECT * FROM `ui_admin` WHERE (  `admin_id` = 1 ) AND `ui_admin`.`delete_time` IS NULL LIMIT 1 [ RunTime:0.001000s ]
[ sql ] [ SQL ] SHOW COLUMNS FROM `ui_goods_brand` [ RunTime:0.010000s ]
[ sql ] [ SQL ] SELECT * FROM `ui_goods_brand` WHERE `ui_goods_brand`.`delete_time` IS NULL [ RunTime:0.001000s ]
[ sql ] [ SQL ] SHOW COLUMNS FROM `ui_goods_attr` [ RunTime:0.009001s ]
[ sql ] [ SQL ] SELECT * FROM `ui_goods_attr` WHERE `ui_goods_attr`.`delete_time` IS NULL [ RunTime:0.002000s ]
[ sql ] [ SQL ] SHOW COLUMNS FROM `ui_check_info` [ RunTime:0.015001s ]
[ sql ] [ SQL ] SELECT * FROM `ui_check_info` WHERE `ui_check_info`.`delete_time` IS NULL [ RunTime:0.002000s ]
[ sql ] [ SQL ] SHOW COLUMNS FROM `ui_store_info` [ RunTime:0.009001s ]
[ sql ] [ SQL ] SELECT * FROM `ui_store_info` WHERE `ui_store_info`.`delete_time` IS NULL [ RunTime:0.002000s ]
[ sql ] [ SQL ] SHOW COLUMNS FROM `ui_brand_model` [ RunTime:0.010000s ]
[ sql ] [ SQL ] SELECT * FROM `ui_brand_model` WHERE (  `brand_id` = 1 ) AND `ui_brand_model`.`delete_time` IS NULL [ RunTime:0.001000s ]
---------------------------------------------------------------
[ 2017-09-30T11:01:32+08:00 ] 127.0.0.4 127.0.0.1 GET /admin/good/add.shtml
[ sql ] [ DB ] CONNECT:[ UseTime:0.002000s ] mysql:dbname=ershoushouji;host=192.168.124.222;port=3306;charset=utf8
[ sql ] [ SQL ] SHOW COLUMNS FROM `ui_config` [ RunTime:0.021001s ]
[ sql ] [ SQL ] SELECT * FROM `ui_config` WHERE `ui_config`.`delete_time` IS NULL [ RunTime:0.001000s ]
[ sql ] [ SQL ] SHOW COLUMNS FROM `ui_city` [ RunTime:0.017001s ]
[ sql ] [ SQL ] SELECT * FROM `ui_city` WHERE  `pid` <> 0 [ RunTime:0.020001s ]
[ sql ] [ SQL ] SHOW COLUMNS FROM `ui_menu` [ RunTime:0.022002s ]
[ sql ] [ SQL ] SELECT * FROM `ui_menu` WHERE (  `url` = '/admin/good/add.shtml' ) AND `ui_menu`.`delete_time` IS NULL LIMIT 1 [ RunTime:0.001000s ]
[ sql ] [ SQL ] SELECT * FROM `ui_menu` WHERE (  `menu_id` = 102 ) AND `ui_menu`.`delete_time` IS NULL LIMIT 1 [ RunTime:0.002000s ]
[ sql ] [ SQL ] SHOW COLUMNS FROM `ui_admin` [ RunTime:0.010000s ]
[ sql ] [ SQL ] SELECT * FROM `ui_admin` WHERE (  `admin_id` = 1 ) AND `ui_admin`.`delete_time` IS NULL LIMIT 1 [ RunTime:0.001001s ]
[ sql ] [ SQL ] SHOW COLUMNS FROM `ui_goods_brand` [ RunTime:0.011000s ]
[ sql ] [ SQL ] SELECT * FROM `ui_goods_brand` WHERE `ui_goods_brand`.`delete_time` IS NULL [ RunTime:0.001000s ]
[ sql ] [ SQL ] SHOW COLUMNS FROM `ui_goods_attr` [ RunTime:0.009001s ]
[ sql ] [ SQL ] SELECT * FROM `ui_goods_attr` WHERE `ui_goods_attr`.`delete_time` IS NULL [ RunTime:0.002000s ]
[ sql ] [ SQL ] SHOW COLUMNS FROM `ui_check_info` [ RunTime:0.008001s ]
[ sql ] [ SQL ] SELECT * FROM `ui_check_info` WHERE `ui_check_info`.`delete_time` IS NULL [ RunTime:0.002000s ]
[ sql ] [ SQL ] SHOW COLUMNS FROM `ui_store_info` [ RunTime:0.336019s ]
[ sql ] [ SQL ] SELECT * FROM `ui_store_info` WHERE `ui_store_info`.`delete_time` IS NULL [ RunTime:0.002000s ]
[ sql ] [ SQL ] SHOW COLUMNS FROM `ui_brand_model` [ RunTime:0.024002s ]
[ sql ] [ SQL ] SELECT * FROM `ui_brand_model` WHERE (  `brand_id` = 1 ) AND `ui_brand_model`.`delete_time` IS NULL [ RunTime:0.001000s ]
---------------------------------------------------------------
[ 2017-09-30T11:06:38+08:00 ] 127.0.0.4 127.0.0.1 POST /admin/index/isuniquelogin.shtml
[ sql ] [ DB ] CONNECT:[ UseTime:0.004000s ] mysql:dbname=ershoushouji;host=192.168.124.222;port=3306;charset=utf8
[ sql ] [ SQL ] SHOW COLUMNS FROM `ui_menu` [ RunTime:0.025002s ]
[ sql ] [ SQL ] SELECT * FROM `ui_menu` WHERE (  `url` = '/admin/index/isuniquelogin.shtml' ) AND `ui_menu`.`delete_time` IS NULL LIMIT 1 [ RunTime:0.002000s ]
[ sql ] [ SQL ] SHOW COLUMNS FROM `ui_admin` [ RunTime:0.021001s ]
[ sql ] [ SQL ] SELECT * FROM `ui_admin` WHERE (  `admin_id` = 1 ) AND `ui_admin`.`delete_time` IS NULL LIMIT 1 [ RunTime:0.001000s ]
[ sql ] [ SQL ] SELECT * FROM `ui_admin` WHERE (  `admin_id` = 1 ) AND `ui_admin`.`delete_time` IS NULL LIMIT 1 [ RunTime:0.001000s ]
---------------------------------------------------------------
[ 2017-09-30T11:56:38+08:00 ] 127.0.0.4 127.0.0.1 POST /admin/index/isuniquelogin.shtml
[ sql ] [ DB ] CONNECT:[ UseTime:0.004000s ] mysql:dbname=ershoushouji;host=192.168.124.222;port=3306;charset=utf8
[ sql ] [ SQL ] SHOW COLUMNS FROM `ui_menu` [ RunTime:0.023001s ]
[ sql ] [ SQL ] SELECT * FROM `ui_menu` WHERE (  `url` = '/admin/index/isuniquelogin.shtml' ) AND `ui_menu`.`delete_time` IS NULL LIMIT 1 [ RunTime:0.001000s ]
---------------------------------------------------------------
[ 2017-09-30T14:26:46+08:00 ] 127.0.0.4 127.0.0.1 GET /admin/index/index.shtml
[ sql ] [ DB ] CONNECT:[ UseTime:0.004001s ] mysql:dbname=ershoushouji;host=192.168.124.222;port=3306;charset=utf8
[ sql ] [ SQL ] SHOW COLUMNS FROM `ui_config` [ RunTime:0.026001s ]
[ sql ] [ SQL ] SELECT * FROM `ui_config` WHERE `ui_config`.`delete_time` IS NULL [ RunTime:0.002000s ]
[ sql ] [ SQL ] SHOW COLUMNS FROM `ui_city` [ RunTime:0.018001s ]
[ sql ] [ SQL ] SELECT * FROM `ui_city` WHERE  `pid` <> 0 [ RunTime:0.021001s ]
[ sql ] [ SQL ] SHOW COLUMNS FROM `ui_menu` [ RunTime:0.018001s ]
[ sql ] [ SQL ] SELECT * FROM `ui_menu` WHERE (  `url` = '/admin/index/index.shtml' ) AND `ui_menu`.`delete_time` IS NULL LIMIT 1 [ RunTime:0.002000s ]
[ sql ] [ SQL ] SELECT * FROM `ui_menu` WHERE (  `menu_id` = 0 ) AND `ui_menu`.`delete_time` IS NULL LIMIT 1 [ RunTime:0.001000s ]
---------------------------------------------------------------
[ 2017-09-30T14:26:47+08:00 ] 127.0.0.4 127.0.0.1 GET /admin/publics/login.shtml
[ sql ] [ DB ] CONNECT:[ UseTime:0.011001s ] mysql:dbname=ershoushouji;host=192.168.124.222;port=3306;charset=utf8
[ sql ] [ SQL ] SHOW COLUMNS FROM `ui_config` [ RunTime:0.014001s ]
[ sql ] [ SQL ] SELECT * FROM `ui_config` WHERE `ui_config`.`delete_time` IS NULL [ RunTime:0.002000s ]
[ sql ] [ SQL ] SHOW COLUMNS FROM `ui_city` [ RunTime:0.014001s ]
[ sql ] [ SQL ] SELECT * FROM `ui_city` WHERE  `pid` <> 0 [ RunTime:0.021001s ]
[ sql ] [ SQL ] SHOW COLUMNS FROM `ui_menu` [ RunTime:0.009001s ]
[ sql ] [ SQL ] SELECT * FROM `ui_menu` WHERE (  `url` = '/admin/publics/login.shtml' ) AND `ui_menu`.`delete_time` IS NULL LIMIT 1 [ RunTime:0.001000s ]
