---------------------------------------------------------------
[ 2017-10-10T11:50:33+08:00 ] 127.0.0.4 127.0.0.1 GET /
[ info ] 127.0.0.4/ [运行时间：0.346020s][吞吐率：2.89req/s] [内存消耗：5,269.64kb] [文件加载：52]
[ info ] [ LANG ] D:\phpStudy\WWW\ershoushouji\frame\lang\zh-cn.php
[ info ] [ ROUTE ] array (
  'type' => 'module',
  'module' => 
  array (
    0 => '',
    1 => NULL,
    2 => NULL,
  ),
)
[ info ] [ HEADER ] array (
  'accept-language' => 'zh-CN,zh;q=0.8',
  'accept-encoding' => 'gzip, deflate, br',
  'accept' => 'text/html,application/xhtml+xml,application/xml;q=0.9,image/webp,image/apng,*/*;q=0.8',
  'upgrade-insecure-requests' => '1',
  'user-agent' => 'Mozilla/5.0 (Windows NT 6.1; WOW64) AppleWebKit/537.36 (KHTML, like Gecko) Chrome/61.0.3163.100 Safari/537.36',
  'connection' => 'close',
  'host' => '127.0.0.4',
)
[ info ] [ PARAM ] array (
)
[ info ] [ DB ] INIT mysql
[ info ] [ SESSION ] INIT array (
  'prefix' => 'admin',
)
[ info ] [ LOG ] INIT File
---------------------------------------------------------------
[ 2017-10-10T11:50:33+08:00 ] 127.0.0.4 127.0.0.1 GET /admin/publics/login.shtml
[ info ] 127.0.0.4/admin/publics/login.shtml [运行时间：0.323019s][吞吐率：3.10req/s] [内存消耗：5,421.55kb] [文件加载：56]
[ info ] [ LANG ] D:\phpStudy\WWW\ershoushouji\frame\lang\zh-cn.php
[ info ] [ ROUTE ] array (
  'type' => 'module',
  'module' => 
  array (
    0 => 'admin',
    1 => 'publics',
    2 => 'login',
  ),
)
[ info ] [ HEADER ] array (
  'cookie' => 'PHPSESSID=9fvirgjjpj1s3mkd14sjn6mkb3',
  'accept-language' => 'zh-CN,zh;q=0.8',
  'accept-encoding' => 'gzip, deflate, br',
  'accept' => 'text/html,application/xhtml+xml,application/xml;q=0.9,image/webp,image/apng,*/*;q=0.8',
  'upgrade-insecure-requests' => '1',
  'user-agent' => 'Mozilla/5.0 (Windows NT 6.1; WOW64) AppleWebKit/537.36 (KHTML, like Gecko) Chrome/61.0.3163.100 Safari/537.36',
  'connection' => 'close',
  'host' => '127.0.0.4',
)
[ info ] [ PARAM ] array (
)
[ info ] [ DB ] INIT mysql
[ info ] [ SESSION ] INIT array (
  'prefix' => 'admin',
)
[ info ] [ RUN ] app\admin\controller\Publics->login[ D:\phpStudy\WWW\ershoushouji\application\admin\controller\Publics.php ]
[ info ] [ VIEW ] D:\phpStudy\WWW\ershoushouji/public\theme\admin\publics\login.html [ array (
  0 => 'module_name',
  1 => 'controller_name',
  2 => 'action_name',
  3 => 'public_path',
  4 => 'static_path',
  5 => 'web_public',
  6 => 'web_static',
  7 => 'js',
  8 => 'css',
  9 => 'img',
  10 => 'title',
  11 => 'admin_title',
  12 => 'nowpage',
  13 => 'upload',
  14 => 'menu',
) ]
[ info ] [ LOG ] INIT File
---------------------------------------------------------------
[ 2017-10-10T11:50:46+08:00 ] 127.0.0.4 127.0.0.1 POST /admin/publics/login.shtml
[ info ] 127.0.0.4/admin/publics/login.shtml [运行时间：0.169010s][吞吐率：5.92req/s] [内存消耗：2,308.55kb] [文件加载：53]
[ info ] [ LANG ] D:\phpStudy\WWW\ershoushouji\frame\lang\zh-cn.php
[ info ] [ ROUTE ] array (
  'type' => 'module',
  'module' => 
  array (
    0 => 'admin',
    1 => 'publics',
    2 => 'login',
  ),
)
[ info ] [ HEADER ] array (
  'cookie' => 'thinkphp_show_page_trace=0|0; PHPSESSID=9fvirgjjpj1s3mkd14sjn6mkb3',
  'accept-language' => 'zh-CN,zh;q=0.8',
  'accept-encoding' => 'gzip, deflate, br',
  'referer' => 'http://127.0.0.4/admin/publics/login.shtml',
  'content-type' => 'application/x-www-form-urlencoded; charset=UTF-8',
  'user-agent' => 'Mozilla/5.0 (Windows NT 6.1; WOW64) AppleWebKit/537.36 (KHTML, like Gecko) Chrome/61.0.3163.100 Safari/537.36',
  'x-requested-with' => 'XMLHttpRequest',
  'origin' => 'http://127.0.0.4',
  'accept' => 'application/json, text/javascript, */*; q=0.01',
  'content-length' => '30',
  'connection' => 'close',
  'host' => '127.0.0.4',
)
[ info ] [ PARAM ] array (
  'username' => 'admin',
  'password' => '123456',
)
[ info ] [ SESSION ] INIT array (
  'prefix' => 'admin',
)
[ info ] [ DB ] INIT mysql
[ info ] [ RUN ] app\admin\controller\Publics->login[ D:\phpStudy\WWW\ershoushouji\application\admin\controller\Publics.php ]
[ info ] [ CACHE ] INIT File
[ info ] [ LOG ] INIT File
---------------------------------------------------------------
[ 2017-10-10T11:50:48+08:00 ] 127.0.0.4 127.0.0.1 GET /admin/index/index.shtml
[ info ] 127.0.0.4/admin/index/index.shtml [运行时间：0.389023s][吞吐率：2.57req/s] [内存消耗：2,714.26kb] [文件加载：60]
[ info ] [ LANG ] D:\phpStudy\WWW\ershoushouji\frame\lang\zh-cn.php
[ info ] [ ROUTE ] array (
  'type' => 'module',
  'module' => 
  array (
    0 => 'admin',
    1 => 'index',
    2 => 'index',
  ),
)
[ info ] [ HEADER ] array (
  'cookie' => 'PHPSESSID=9fvirgjjpj1s3mkd14sjn6mkb3',
  'accept-language' => 'zh-CN,zh;q=0.8',
  'accept-encoding' => 'gzip, deflate, br',
  'referer' => 'http://127.0.0.4/admin/publics/login.shtml',
  'accept' => 'text/html,application/xhtml+xml,application/xml;q=0.9,image/webp,image/apng,*/*;q=0.8',
  'user-agent' => 'Mozilla/5.0 (Windows NT 6.1; WOW64) AppleWebKit/537.36 (KHTML, like Gecko) Chrome/61.0.3163.100 Safari/537.36',
  'upgrade-insecure-requests' => '1',
  'connection' => 'close',
  'host' => '127.0.0.4',
)
[ info ] [ PARAM ] array (
)
[ info ] [ DB ] INIT mysql
[ info ] [ SESSION ] INIT array (
  'prefix' => 'admin',
)
[ info ] [ RUN ] app\admin\controller\Index->index[ D:\phpStudy\WWW\ershoushouji\application\admin\controller\Index.php ]
[ info ] [ VIEW ] D:\phpStudy\WWW\ershoushouji/public\theme\admin\index\index.html [ array (
  0 => 'module_name',
  1 => 'controller_name',
  2 => 'action_name',
  3 => 'public_path',
  4 => 'static_path',
  5 => 'web_public',
  6 => 'web_static',
  7 => 'js',
  8 => 'css',
  9 => 'img',
  10 => 'title',
  11 => 'admin_title',
  12 => 'nowpage',
  13 => 'upload',
  14 => 'menu',
  15 => 'menus',
  16 => 'headimg',
) ]
[ info ] [ LOG ] INIT File
---------------------------------------------------------------
[ 2017-10-10T11:50:49+08:00 ] 127.0.0.4 127.0.0.1 GET /admin/index/main.shtml
[ info ] 127.0.0.4/admin/index/main.shtml [运行时间：0.593034s][吞吐率：1.69req/s] [内存消耗：8,373.92kb] [文件加载：86]
[ info ] [ LANG ] D:\phpStudy\WWW\ershoushouji\frame\lang\zh-cn.php
[ info ] [ ROUTE ] array (
  'type' => 'module',
  'module' => 
  array (
    0 => 'admin',
    1 => 'index',
    2 => 'main',
  ),
)
[ info ] [ HEADER ] array (
  'cookie' => 'PHPSESSID=9fvirgjjpj1s3mkd14sjn6mkb3',
  'accept-language' => 'zh-CN,zh;q=0.8',
  'accept-encoding' => 'gzip, deflate, br',
  'referer' => 'http://127.0.0.4/admin/index/index.shtml',
  'accept' => 'text/html,application/xhtml+xml,application/xml;q=0.9,image/webp,image/apng,*/*;q=0.8',
  'user-agent' => 'Mozilla/5.0 (Windows NT 6.1; WOW64) AppleWebKit/537.36 (KHTML, like Gecko) Chrome/61.0.3163.100 Safari/537.36',
  'upgrade-insecure-requests' => '1',
  'connection' => 'close',
  'host' => '127.0.0.4',
)
[ info ] [ PARAM ] array (
)
[ info ] [ DB ] INIT mysql
[ info ] [ SESSION ] INIT array (
  'prefix' => 'admin',
)
[ info ] [ RUN ] app\admin\controller\Index->main[ D:\phpStudy\WWW\ershoushouji\application\admin\controller\Index.php ]
[ info ] [ VIEW ] D:\phpStudy\WWW\ershoushouji/public\theme\admin\index\main.html [ array (
  0 => 'module_name',
  1 => 'controller_name',
  2 => 'action_name',
  3 => 'public_path',
  4 => 'static_path',
  5 => 'web_public',
  6 => 'web_static',
  7 => 'js',
  8 => 'css',
  9 => 'img',
  10 => 'title',
  11 => 'admin_title',
  12 => 'nowpage',
  13 => 'upload',
  14 => 'menu',
  15 => 'date',
  16 => 'order_back_count',
  17 => 'total_price',
  18 => 'order_count',
  19 => 'user_count',
) ]
[ info ] [ LOG ] INIT File
---------------------------------------------------------------
[ 2017-10-10T11:50:49+08:00 ] 127.0.0.4 127.0.0.1 POST /admin/index/isuniquelogin.shtml
[ info ] 127.0.0.4/admin/index/isuniquelogin.shtml [运行时间：0.102006s][吞吐率：9.80req/s] [内存消耗：2,163.01kb] [文件加载：47]
[ info ] [ LANG ] D:\phpStudy\WWW\ershoushouji\frame\lang\zh-cn.php
[ info ] [ ROUTE ] array (
  'type' => 'module',
  'module' => 
  array (
    0 => 'admin',
    1 => 'index',
    2 => 'isuniquelogin',
  ),
)
[ info ] [ HEADER ] array (
  'cookie' => 'thinkphp_show_page_trace=0|0; PHPSESSID=9fvirgjjpj1s3mkd14sjn6mkb3',
  'accept-language' => 'zh-CN,zh;q=0.8',
  'accept-encoding' => 'gzip, deflate, br',
  'referer' => 'http://127.0.0.4/admin/index/index.shtml',
  'user-agent' => 'Mozilla/5.0 (Windows NT 6.1; WOW64) AppleWebKit/537.36 (KHTML, like Gecko) Chrome/61.0.3163.100 Safari/537.36',
  'x-requested-with' => 'XMLHttpRequest',
  'origin' => 'http://127.0.0.4',
  'accept' => 'application/json, text/javascript, */*; q=0.01',
  'content-length' => '0',
  'connection' => 'close',
  'host' => '127.0.0.4',
)
[ info ] [ PARAM ] array (
)
[ info ] [ SESSION ] INIT array (
  'prefix' => 'admin',
)
[ info ] [ DB ] INIT mysql
[ info ] [ RUN ] app\admin\controller\Index->isUniqueLogin[ D:\phpStudy\WWW\ershoushouji\application\admin\controller\Index.php ]
[ info ] [ LOG ] INIT File
---------------------------------------------------------------
[ 2017-10-10T11:50:54+08:00 ] 127.0.0.4 127.0.0.1 GET /admin/good/index.shtml
[ info ] 127.0.0.4/admin/good/index.shtml [运行时间：0.533630s][吞吐率：1.87req/s] [内存消耗：6,223.55kb] [文件加载：66]
[ info ] [ LANG ] D:\phpStudy\WWW\ershoushouji\frame\lang\zh-cn.php
[ info ] [ ROUTE ] array (
  'type' => 'module',
  'module' => 
  array (
    0 => 'admin',
    1 => 'good',
    2 => 'index',
  ),
)
[ info ] [ HEADER ] array (
  'cookie' => 'PHPSESSID=9fvirgjjpj1s3mkd14sjn6mkb3',
  'accept-language' => 'zh-CN,zh;q=0.8',
  'accept-encoding' => 'gzip, deflate, br',
  'referer' => 'http://127.0.0.4/admin/index/index.shtml',
  'accept' => 'text/html,application/xhtml+xml,application/xml;q=0.9,image/webp,image/apng,*/*;q=0.8',
  'user-agent' => 'Mozilla/5.0 (Windows NT 6.1; WOW64) AppleWebKit/537.36 (KHTML, like Gecko) Chrome/61.0.3163.100 Safari/537.36',
  'upgrade-insecure-requests' => '1',
  'connection' => 'close',
  'host' => '127.0.0.4',
)
[ info ] [ PARAM ] array (
)
[ info ] [ DB ] INIT mysql
[ info ] [ SESSION ] INIT array (
  'prefix' => 'admin',
)
[ info ] [ RUN ] app\admin\controller\Good->index[ D:\phpStudy\WWW\ershoushouji\application\admin\controller\Good.php ]
[ info ] [ VIEW ] D:\phpStudy\WWW\ershoushouji/public\theme\admin\good\index.html [ array (
  0 => 'module_name',
  1 => 'controller_name',
  2 => 'action_name',
  3 => 'public_path',
  4 => 'static_path',
  5 => 'web_public',
  6 => 'web_static',
  7 => 'js',
  8 => 'css',
  9 => 'img',
  10 => 'title',
  11 => 'admin_title',
  12 => 'nowpage',
  13 => 'upload',
  14 => 'menu',
  15 => 'goods',
  16 => 'brands',
) ]
[ info ] [ LOG ] INIT File
---------------------------------------------------------------
[ 2017-10-10T12:40:48+08:00 ] 127.0.0.4 127.0.0.1 POST /admin/index/isuniquelogin.shtml
[ info ] 127.0.0.4/admin/index/isuniquelogin.shtml [运行时间：0.124800s][吞吐率：8.01req/s] [内存消耗：2,163.04kb] [文件加载：47]
[ info ] [ LANG ] D:\phpStudy\WWW\ershoushouji\frame\lang\zh-cn.php
[ info ] [ ROUTE ] array (
  'type' => 'module',
  'module' => 
  array (
    0 => 'admin',
    1 => 'index',
    2 => 'isuniquelogin',
  ),
)
[ info ] [ HEADER ] array (
  'cookie' => 'thinkphp_show_page_trace=0|0; PHPSESSID=9fvirgjjpj1s3mkd14sjn6mkb3',
  'accept-language' => 'zh-CN,zh;q=0.8',
  'accept-encoding' => 'gzip, deflate, br',
  'referer' => 'http://127.0.0.4/admin/index/index.shtml',
  'user-agent' => 'Mozilla/5.0 (Windows NT 6.1; WOW64) AppleWebKit/537.36 (KHTML, like Gecko) Chrome/61.0.3163.100 Safari/537.36',
  'x-requested-with' => 'XMLHttpRequest',
  'origin' => 'http://127.0.0.4',
  'accept' => 'application/json, text/javascript, */*; q=0.01',
  'content-length' => '0',
  'connection' => 'close',
  'host' => '127.0.0.4',
)
[ info ] [ PARAM ] array (
)
[ info ] [ SESSION ] INIT array (
  'prefix' => 'admin',
)
[ info ] [ DB ] INIT mysql
[ info ] [ RUN ] app\admin\controller\Index->isUniqueLogin[ D:\phpStudy\WWW\ershoushouji\application\admin\controller\Index.php ]
[ info ] [ LOG ] INIT File
---------------------------------------------------------------
[ 2017-10-10T13:30:48+08:00 ] 127.0.0.4 127.0.0.1 POST /admin/index/isuniquelogin.shtml
[ info ] 127.0.0.4/admin/index/isuniquelogin.shtml [运行时间：0.109200s][吞吐率：9.16req/s] [内存消耗：2,163.04kb] [文件加载：47]
[ info ] [ LANG ] D:\phpStudy\WWW\ershoushouji\frame\lang\zh-cn.php
[ info ] [ ROUTE ] array (
  'type' => 'module',
  'module' => 
  array (
    0 => 'admin',
    1 => 'index',
    2 => 'isuniquelogin',
  ),
)
[ info ] [ HEADER ] array (
  'cookie' => 'thinkphp_show_page_trace=0|0; PHPSESSID=9fvirgjjpj1s3mkd14sjn6mkb3',
  'accept-language' => 'zh-CN,zh;q=0.8',
  'accept-encoding' => 'gzip, deflate, br',
  'referer' => 'http://127.0.0.4/admin/index/index.shtml',
  'user-agent' => 'Mozilla/5.0 (Windows NT 6.1; WOW64) AppleWebKit/537.36 (KHTML, like Gecko) Chrome/61.0.3163.100 Safari/537.36',
  'x-requested-with' => 'XMLHttpRequest',
  'origin' => 'http://127.0.0.4',
  'accept' => 'application/json, text/javascript, */*; q=0.01',
  'content-length' => '0',
  'connection' => 'close',
  'host' => '127.0.0.4',
)
[ info ] [ PARAM ] array (
)
[ info ] [ SESSION ] INIT array (
  'prefix' => 'admin',
)
[ info ] [ DB ] INIT mysql
[ info ] [ RUN ] app\admin\controller\Index->isUniqueLogin[ D:\phpStudy\WWW\ershoushouji\application\admin\controller\Index.php ]
[ info ] [ LOG ] INIT File
---------------------------------------------------------------
[ 2017-10-10T13:36:09+08:00 ] 127.0.0.4 127.0.0.1 GET /admin/good/attr_index.shtml
[ info ] 127.0.0.4/admin/good/attr_index.shtml [运行时间：0.433223s][吞吐率：2.31req/s] [内存消耗：5,836.64kb] [文件加载：62]
[ info ] [ LANG ] D:\phpStudy\WWW\ershoushouji\frame\lang\zh-cn.php
[ info ] [ ROUTE ] array (
  'type' => 'module',
  'module' => 
  array (
    0 => 'admin',
    1 => 'good',
    2 => 'attr_index',
  ),
)
[ info ] [ HEADER ] array (
  'cookie' => 'thinkphp_show_page_trace=0|0; PHPSESSID=9fvirgjjpj1s3mkd14sjn6mkb3',
  'accept-language' => 'zh-CN,zh;q=0.8',
  'accept-encoding' => 'gzip, deflate, br',
  'referer' => 'http://127.0.0.4/admin/index/index.shtml',
  'accept' => 'text/html,application/xhtml+xml,application/xml;q=0.9,image/webp,image/apng,*/*;q=0.8',
  'user-agent' => 'Mozilla/5.0 (Windows NT 6.1; WOW64) AppleWebKit/537.36 (KHTML, like Gecko) Chrome/61.0.3163.100 Safari/537.36',
  'upgrade-insecure-requests' => '1',
  'connection' => 'close',
  'host' => '127.0.0.4',
)
[ info ] [ PARAM ] array (
)
[ info ] [ DB ] INIT mysql
[ info ] [ SESSION ] INIT array (
  'prefix' => 'admin',
)
[ info ] [ RUN ] app\admin\controller\Good->attr_index[ D:\phpStudy\WWW\ershoushouji\application\admin\controller\Good.php ]
[ info ] [ VIEW ] D:\phpStudy\WWW\ershoushouji/public\theme\admin\good\attr_index.html [ array (
  0 => 'module_name',
  1 => 'controller_name',
  2 => 'action_name',
  3 => 'public_path',
  4 => 'static_path',
  5 => 'web_public',
  6 => 'web_static',
  7 => 'js',
  8 => 'css',
  9 => 'img',
  10 => 'title',
  11 => 'admin_title',
  12 => 'nowpage',
  13 => 'upload',
  14 => 'menu',
  15 => 'attrs',
) ]
[ info ] [ LOG ] INIT File
---------------------------------------------------------------
[ 2017-10-10T13:36:22+08:00 ] 127.0.0.4 127.0.0.1 GET /admin/good/edit/goods_id/1/page/1.shtml
[ info ] 127.0.0.4/admin/good/edit/goods_id/1/page/1.shtml [运行时间：0.547031s][吞吐率：1.83req/s] [内存消耗：6,039.20kb] [文件加载：65]
[ info ] [ LANG ] D:\phpStudy\WWW\ershoushouji\frame\lang\zh-cn.php
[ info ] [ ROUTE ] array (
  'type' => 'module',
  'module' => 
  array (
    0 => 'admin',
    1 => 'good',
    2 => 'edit',
  ),
)
[ info ] [ HEADER ] array (
  'cookie' => 'thinkphp_show_page_trace=0|0; PHPSESSID=9fvirgjjpj1s3mkd14sjn6mkb3',
  'accept-language' => 'zh-CN,zh;q=0.8',
  'accept-encoding' => 'gzip, deflate, br',
  'referer' => 'http://127.0.0.4/admin/good/index.shtml',
  'accept' => 'text/html,application/xhtml+xml,application/xml;q=0.9,image/webp,image/apng,*/*;q=0.8',
  'user-agent' => 'Mozilla/5.0 (Windows NT 6.1; WOW64) AppleWebKit/537.36 (KHTML, like Gecko) Chrome/61.0.3163.100 Safari/537.36',
  'upgrade-insecure-requests' => '1',
  'connection' => 'close',
  'host' => '127.0.0.4',
)
[ info ] [ PARAM ] array (
  'goods_id' => '1',
  'page' => '1',
)
[ info ] [ DB ] INIT mysql
[ info ] [ SESSION ] INIT array (
  'prefix' => 'admin',
)
[ info ] [ RUN ] app\admin\controller\Good->edit[ D:\phpStudy\WWW\ershoushouji\application\admin\controller\Good.php ]
[ info ] [ VIEW ] D:\phpStudy\WWW\ershoushouji/public\theme\admin\good\edit.html [ array (
  0 => 'module_name',
  1 => 'controller_name',
  2 => 'action_name',
  3 => 'public_path',
  4 => 'static_path',
  5 => 'web_public',
  6 => 'web_static',
  7 => 'js',
  8 => 'css',
  9 => 'img',
  10 => 'title',
  11 => 'admin_title',
  12 => 'nowpage',
  13 => 'upload',
  14 => 'menu',
  15 => 'brands',
  16 => 'attrs',
  17 => 'goods_info',
  18 => 'goods_attrs',
  19 => 'check_info',
  20 => 'stores',
  21 => 'model',
) ]
[ info ] [ LOG ] INIT File
---------------------------------------------------------------
[ 2017-10-10T14:20:49+08:00 ] 127.0.0.4 127.0.0.1 POST /admin/index/isuniquelogin.shtml
[ info ] 127.0.0.4/admin/index/isuniquelogin.shtml [运行时间：0.100005s][吞吐率：10.00req/s] [内存消耗：2,163.22kb] [文件加载：47]
[ info ] [ LANG ] D:\phpStudy\WWW\ershoushouji\frame\lang\zh-cn.php
[ info ] [ ROUTE ] array (
  'type' => 'module',
  'module' => 
  array (
    0 => 'admin',
    1 => 'index',
    2 => 'isuniquelogin',
  ),
)
[ info ] [ HEADER ] array (
  'cookie' => 'thinkphp_show_page_trace=0|0; PHPSESSID=9fvirgjjpj1s3mkd14sjn6mkb3',
  'accept-language' => 'zh-CN,zh;q=0.8',
  'accept-encoding' => 'gzip, deflate, br',
  'referer' => 'http://127.0.0.4/admin/index/index.shtml',
  'user-agent' => 'Mozilla/5.0 (Windows NT 6.1; WOW64) AppleWebKit/537.36 (KHTML, like Gecko) Chrome/61.0.3163.100 Safari/537.36',
  'x-requested-with' => 'XMLHttpRequest',
  'origin' => 'http://127.0.0.4',
  'accept' => 'application/json, text/javascript, */*; q=0.01',
  'content-length' => '0',
  'connection' => 'close',
  'host' => '127.0.0.4',
)
[ info ] [ PARAM ] array (
)
[ info ] [ SESSION ] INIT array (
  'prefix' => 'admin',
)
[ info ] [ DB ] INIT mysql
[ info ] [ RUN ] app\admin\controller\Index->isUniqueLogin[ D:\phpStudy\WWW\ershoushouji\application\admin\controller\Index.php ]
[ info ] [ LOG ] INIT File
---------------------------------------------------------------
[ 2017-10-10T14:32:43+08:00 ] 127.0.0.4 127.0.0.1 GET /admin/index/index.shtml
[ info ] 127.0.0.4/admin/index/index.shtml [运行时间：0.404023s][吞吐率：2.48req/s] [内存消耗：2,721.82kb] [文件加载：60]
[ info ] [ LANG ] D:\phpStudy\WWW\ershoushouji\frame\lang\zh-cn.php
[ info ] [ ROUTE ] array (
  'type' => 'module',
  'module' => 
  array (
    0 => 'admin',
    1 => 'index',
    2 => 'index',
  ),
)
[ info ] [ HEADER ] array (
  'cookie' => 'thinkphp_show_page_trace=0|0; PHPSESSID=9fvirgjjpj1s3mkd14sjn6mkb3',
  'accept-language' => 'zh-CN,zh;q=0.8',
  'accept-encoding' => 'gzip, deflate, br',
  'referer' => 'http://127.0.0.4/admin/publics/login.shtml',
  'accept' => 'text/html,application/xhtml+xml,application/xml;q=0.9,image/webp,image/apng,*/*;q=0.8',
  'upgrade-insecure-requests' => '1',
  'user-agent' => 'Mozilla/5.0 (Windows NT 6.1; WOW64) AppleWebKit/537.36 (KHTML, like Gecko) Chrome/61.0.3163.100 Safari/537.36',
  'cache-control' => 'max-age=0',
  'connection' => 'close',
  'host' => '127.0.0.4',
)
[ info ] [ PARAM ] array (
)
[ info ] [ DB ] INIT mysql
[ info ] [ SESSION ] INIT array (
  'prefix' => 'admin',
)
[ info ] [ RUN ] app\admin\controller\Index->index[ D:\phpStudy\WWW\ershoushouji\application\admin\controller\Index.php ]
[ info ] [ VIEW ] D:\phpStudy\WWW\ershoushouji/public\theme\admin\index\index.html [ array (
  0 => 'module_name',
  1 => 'controller_name',
  2 => 'action_name',
  3 => 'public_path',
  4 => 'static_path',
  5 => 'web_public',
  6 => 'web_static',
  7 => 'js',
  8 => 'css',
  9 => 'img',
  10 => 'title',
  11 => 'admin_title',
  12 => 'nowpage',
  13 => 'upload',
  14 => 'menu',
  15 => 'menus',
  16 => 'headimg',
) ]
[ info ] [ LOG ] INIT File
---------------------------------------------------------------
[ 2017-10-10T14:32:43+08:00 ] 127.0.0.4 127.0.0.1 GET /admin/index/main.shtml
[ info ] 127.0.0.4/admin/index/main.shtml [运行时间：0.577033s][吞吐率：1.73req/s] [内存消耗：8,374.05kb] [文件加载：86]
[ info ] [ LANG ] D:\phpStudy\WWW\ershoushouji\frame\lang\zh-cn.php
[ info ] [ ROUTE ] array (
  'type' => 'module',
  'module' => 
  array (
    0 => 'admin',
    1 => 'index',
    2 => 'main',
  ),
)
[ info ] [ HEADER ] array (
  'cookie' => 'thinkphp_show_page_trace=0|0; PHPSESSID=9fvirgjjpj1s3mkd14sjn6mkb3',
  'accept-language' => 'zh-CN,zh;q=0.8',
  'accept-encoding' => 'gzip, deflate, br',
  'referer' => 'http://127.0.0.4/admin/index/index.shtml',
  'accept' => 'text/html,application/xhtml+xml,application/xml;q=0.9,image/webp,image/apng,*/*;q=0.8',
  'user-agent' => 'Mozilla/5.0 (Windows NT 6.1; WOW64) AppleWebKit/537.36 (KHTML, like Gecko) Chrome/61.0.3163.100 Safari/537.36',
  'upgrade-insecure-requests' => '1',
  'connection' => 'close',
  'host' => '127.0.0.4',
)
[ info ] [ PARAM ] array (
)
[ info ] [ DB ] INIT mysql
[ info ] [ SESSION ] INIT array (
  'prefix' => 'admin',
)
[ info ] [ RUN ] app\admin\controller\Index->main[ D:\phpStudy\WWW\ershoushouji\application\admin\controller\Index.php ]
[ info ] [ VIEW ] D:\phpStudy\WWW\ershoushouji/public\theme\admin\index\main.html [ array (
  0 => 'module_name',
  1 => 'controller_name',
  2 => 'action_name',
  3 => 'public_path',
  4 => 'static_path',
  5 => 'web_public',
  6 => 'web_static',
  7 => 'js',
  8 => 'css',
  9 => 'img',
  10 => 'title',
  11 => 'admin_title',
  12 => 'nowpage',
  13 => 'upload',
  14 => 'menu',
  15 => 'date',
  16 => 'order_back_count',
  17 => 'total_price',
  18 => 'order_count',
  19 => 'user_count',
) ]
[ info ] [ LOG ] INIT File
---------------------------------------------------------------
[ 2017-10-10T14:32:44+08:00 ] 127.0.0.4 127.0.0.1 POST /admin/index/isuniquelogin.shtml
[ info ] 127.0.0.4/admin/index/isuniquelogin.shtml [运行时间：0.105006s][吞吐率：9.52req/s] [内存消耗：2,163.22kb] [文件加载：47]
[ info ] [ LANG ] D:\phpStudy\WWW\ershoushouji\frame\lang\zh-cn.php
[ info ] [ ROUTE ] array (
  'type' => 'module',
  'module' => 
  array (
    0 => 'admin',
    1 => 'index',
    2 => 'isuniquelogin',
  ),
)
[ info ] [ HEADER ] array (
  'cookie' => 'thinkphp_show_page_trace=0|0; PHPSESSID=9fvirgjjpj1s3mkd14sjn6mkb3',
  'accept-language' => 'zh-CN,zh;q=0.8',
  'accept-encoding' => 'gzip, deflate, br',
  'referer' => 'http://127.0.0.4/admin/index/index.shtml',
  'user-agent' => 'Mozilla/5.0 (Windows NT 6.1; WOW64) AppleWebKit/537.36 (KHTML, like Gecko) Chrome/61.0.3163.100 Safari/537.36',
  'x-requested-with' => 'XMLHttpRequest',
  'origin' => 'http://127.0.0.4',
  'accept' => 'application/json, text/javascript, */*; q=0.01',
  'content-length' => '0',
  'connection' => 'close',
  'host' => '127.0.0.4',
)
[ info ] [ PARAM ] array (
)
[ info ] [ SESSION ] INIT array (
  'prefix' => 'admin',
)
[ info ] [ DB ] INIT mysql
[ info ] [ RUN ] app\admin\controller\Index->isUniqueLogin[ D:\phpStudy\WWW\ershoushouji\application\admin\controller\Index.php ]
[ info ] [ LOG ] INIT File
---------------------------------------------------------------
[ 2017-10-10T14:32:54+08:00 ] 127.0.0.4 127.0.0.1 GET /index1.html
[ info ] 127.0.0.4/index1.html [运行时间：0.041200s][吞吐率：24.27req/s] [内存消耗：955.95kb] [文件加载：33]
[ info ] [ LANG ] D:\phpStudy\WWW\ershoushouji\frame\lang\zh-cn.php
[ info ] [ ROUTE ] array (
  'type' => 'module',
  'module' => 
  array (
    0 => 'index1.html',
    1 => NULL,
    2 => NULL,
  ),
)
[ info ] [ HEADER ] array (
  'cookie' => 'PHPSESSID=9fvirgjjpj1s3mkd14sjn6mkb3',
  'accept-language' => 'zh-CN,zh;q=0.8',
  'accept-encoding' => 'gzip, deflate, br',
  'accept' => 'text/html,application/xhtml+xml,application/xml;q=0.9,image/webp,image/apng,*/*;q=0.8',
  'upgrade-insecure-requests' => '1',
  'user-agent' => 'Mozilla/5.0 (Windows NT 6.1; WOW64) AppleWebKit/537.36 (KHTML, like Gecko) Chrome/61.0.3163.100 Safari/537.36',
  'connection' => 'close',
  'host' => '127.0.0.4',
)
[ info ] [ PARAM ] array (
)
[ info ] [ LOG ] INIT File
---------------------------------------------------------------
[ 2017-10-10T17:20:51+08:00 ] 127.0.0.4 127.0.0.1 GET /
[ info ] 127.0.0.4/ [运行时间：0.337019s][吞吐率：2.97req/s] [内存消耗：5,314.77kb] [文件加载：53]
[ info ] [ LANG ] D:\phpStudy\WWW\ershoushouji\frame\lang\zh-cn.php
[ info ] [ ROUTE ] array (
  'type' => 'module',
  'module' => 
  array (
    0 => '',
    1 => NULL,
    2 => NULL,
  ),
)
[ info ] [ HEADER ] array (
  'cookie' => 'PHPSESSID=9fvirgjjpj1s3mkd14sjn6mkb3; thinkphp_show_page_trace=0|0',
  'accept-language' => 'zh-CN,zh;q=0.8',
  'accept-encoding' => 'gzip, deflate, br',
  'accept' => 'text/html,application/xhtml+xml,application/xml;q=0.9,image/webp,image/apng,*/*;q=0.8',
  'upgrade-insecure-requests' => '1',
  'user-agent' => 'Mozilla/5.0 (Windows NT 6.1; WOW64) AppleWebKit/537.36 (KHTML, like Gecko) Chrome/61.0.3163.100 Safari/537.36',
  'connection' => 'close',
  'host' => '127.0.0.4',
)
[ info ] [ PARAM ] array (
)
[ info ] [ DB ] INIT mysql
[ info ] [ SESSION ] INIT array (
  'prefix' => 'admin',
)
[ info ] [ LOG ] INIT File
---------------------------------------------------------------
[ 2017-10-10T17:20:51+08:00 ] 127.0.0.4 127.0.0.1 GET /admin/publics/login.shtml
[ info ] 127.0.0.4/admin/publics/login.shtml [运行时间：0.306017s][吞吐率：3.27req/s] [内存消耗：5,421.95kb] [文件加载：56]
[ info ] [ LANG ] D:\phpStudy\WWW\ershoushouji\frame\lang\zh-cn.php
[ info ] [ ROUTE ] array (
  'type' => 'module',
  'module' => 
  array (
    0 => 'admin',
    1 => 'publics',
    2 => 'login',
  ),
)
[ info ] [ HEADER ] array (
  'cookie' => 'thinkphp_show_page_trace=0|0; PHPSESSID=9fvirgjjpj1s3mkd14sjn6mkb3; thinkphp_show_page_trace=0|0',
  'accept-language' => 'zh-CN,zh;q=0.8',
  'accept-encoding' => 'gzip, deflate, br',
  'accept' => 'text/html,application/xhtml+xml,application/xml;q=0.9,image/webp,image/apng,*/*;q=0.8',
  'upgrade-insecure-requests' => '1',
  'user-agent' => 'Mozilla/5.0 (Windows NT 6.1; WOW64) AppleWebKit/537.36 (KHTML, like Gecko) Chrome/61.0.3163.100 Safari/537.36',
  'connection' => 'close',
  'host' => '127.0.0.4',
)
[ info ] [ PARAM ] array (
)
[ info ] [ DB ] INIT mysql
[ info ] [ SESSION ] INIT array (
  'prefix' => 'admin',
)
[ info ] [ RUN ] app\admin\controller\Publics->login[ D:\phpStudy\WWW\ershoushouji\application\admin\controller\Publics.php ]
[ info ] [ VIEW ] D:\phpStudy\WWW\ershoushouji/public\theme\admin\publics\login.html [ array (
  0 => 'module_name',
  1 => 'controller_name',
  2 => 'action_name',
  3 => 'public_path',
  4 => 'static_path',
  5 => 'web_public',
  6 => 'web_static',
  7 => 'js',
  8 => 'css',
  9 => 'img',
  10 => 'title',
  11 => 'admin_title',
  12 => 'nowpage',
  13 => 'upload',
  14 => 'menu',
) ]
[ info ] [ LOG ] INIT File
---------------------------------------------------------------
[ 2017-10-10T17:20:58+08:00 ] 127.0.0.4 127.0.0.1 POST /admin/publics/login.shtml
[ info ] 127.0.0.4/admin/publics/login.shtml [运行时间：0.149008s][吞吐率：6.71req/s] [内存消耗：2,308.76kb] [文件加载：53]
[ info ] [ LANG ] D:\phpStudy\WWW\ershoushouji\frame\lang\zh-cn.php
[ info ] [ ROUTE ] array (
  'type' => 'module',
  'module' => 
  array (
    0 => 'admin',
    1 => 'publics',
    2 => 'login',
  ),
)
[ info ] [ HEADER ] array (
  'cookie' => 'thinkphp_show_page_trace=0|0; PHPSESSID=9fvirgjjpj1s3mkd14sjn6mkb3; thinkphp_show_page_trace=0|0',
  'accept-language' => 'zh-CN,zh;q=0.8',
  'accept-encoding' => 'gzip, deflate, br',
  'referer' => 'http://127.0.0.4/admin/publics/login.shtml',
  'content-type' => 'application/x-www-form-urlencoded; charset=UTF-8',
  'user-agent' => 'Mozilla/5.0 (Windows NT 6.1; WOW64) AppleWebKit/537.36 (KHTML, like Gecko) Chrome/61.0.3163.100 Safari/537.36',
  'x-requested-with' => 'XMLHttpRequest',
  'origin' => 'http://127.0.0.4',
  'accept' => 'application/json, text/javascript, */*; q=0.01',
  'content-length' => '30',
  'connection' => 'close',
  'host' => '127.0.0.4',
)
[ info ] [ PARAM ] array (
  'username' => 'admin',
  'password' => '123456',
)
[ info ] [ SESSION ] INIT array (
  'prefix' => 'admin',
)
[ info ] [ DB ] INIT mysql
[ info ] [ RUN ] app\admin\controller\Publics->login[ D:\phpStudy\WWW\ershoushouji\application\admin\controller\Publics.php ]
[ info ] [ CACHE ] INIT File
[ info ] [ LOG ] INIT File
---------------------------------------------------------------
[ 2017-10-10T17:21:00+08:00 ] 127.0.0.4 127.0.0.1 GET /admin/index/index.shtml
[ info ] 127.0.0.4/admin/index/index.shtml [运行时间：0.603034s][吞吐率：1.66req/s] [内存消耗：2,715.64kb] [文件加载：60]
[ info ] [ LANG ] D:\phpStudy\WWW\ershoushouji\frame\lang\zh-cn.php
[ info ] [ ROUTE ] array (
  'type' => 'module',
  'module' => 
  array (
    0 => 'admin',
    1 => 'index',
    2 => 'index',
  ),
)
[ info ] [ HEADER ] array (
  'cookie' => 'thinkphp_show_page_trace=0|0; PHPSESSID=9fvirgjjpj1s3mkd14sjn6mkb3; thinkphp_show_page_trace=0|0',
  'accept-language' => 'zh-CN,zh;q=0.8',
  'accept-encoding' => 'gzip, deflate, br',
  'referer' => 'http://127.0.0.4/admin/publics/login.shtml',
  'accept' => 'text/html,application/xhtml+xml,application/xml;q=0.9,image/webp,image/apng,*/*;q=0.8',
  'user-agent' => 'Mozilla/5.0 (Windows NT 6.1; WOW64) AppleWebKit/537.36 (KHTML, like Gecko) Chrome/61.0.3163.100 Safari/537.36',
  'upgrade-insecure-requests' => '1',
  'connection' => 'close',
  'host' => '127.0.0.4',
)
[ info ] [ PARAM ] array (
)
[ info ] [ DB ] INIT mysql
[ info ] [ SESSION ] INIT array (
  'prefix' => 'admin',
)
[ info ] [ RUN ] app\admin\controller\Index->index[ D:\phpStudy\WWW\ershoushouji\application\admin\controller\Index.php ]
[ info ] [ VIEW ] D:\phpStudy\WWW\ershoushouji/public\theme\admin\index\index.html [ array (
  0 => 'module_name',
  1 => 'controller_name',
  2 => 'action_name',
  3 => 'public_path',
  4 => 'static_path',
  5 => 'web_public',
  6 => 'web_static',
  7 => 'js',
  8 => 'css',
  9 => 'img',
  10 => 'title',
  11 => 'admin_title',
  12 => 'nowpage',
  13 => 'upload',
  14 => 'menu',
  15 => 'menus',
  16 => 'headimg',
) ]
[ info ] [ LOG ] INIT File
---------------------------------------------------------------
[ 2017-10-10T17:21:01+08:00 ] 127.0.0.4 127.0.0.1 GET /admin/index/main.shtml
[ info ] 127.0.0.4/admin/index/main.shtml [运行时间：0.585033s][吞吐率：1.71req/s] [内存消耗：8,376.01kb] [文件加载：86]
[ info ] [ LANG ] D:\phpStudy\WWW\ershoushouji\frame\lang\zh-cn.php
[ info ] [ ROUTE ] array (
  'type' => 'module',
  'module' => 
  array (
    0 => 'admin',
    1 => 'index',
    2 => 'main',
  ),
)
[ info ] [ HEADER ] array (
  'cookie' => 'thinkphp_show_page_trace=0|0; PHPSESSID=9fvirgjjpj1s3mkd14sjn6mkb3; thinkphp_show_page_trace=0|0',
  'accept-language' => 'zh-CN,zh;q=0.8',
  'accept-encoding' => 'gzip, deflate, br',
  'referer' => 'http://127.0.0.4/admin/index/index.shtml',
  'accept' => 'text/html,application/xhtml+xml,application/xml;q=0.9,image/webp,image/apng,*/*;q=0.8',
  'user-agent' => 'Mozilla/5.0 (Windows NT 6.1; WOW64) AppleWebKit/537.36 (KHTML, like Gecko) Chrome/61.0.3163.100 Safari/537.36',
  'upgrade-insecure-requests' => '1',
  'connection' => 'close',
  'host' => '127.0.0.4',
)
[ info ] [ PARAM ] array (
)
[ info ] [ DB ] INIT mysql
[ info ] [ SESSION ] INIT array (
  'prefix' => 'admin',
)
[ info ] [ RUN ] app\admin\controller\Index->main[ D:\phpStudy\WWW\ershoushouji\application\admin\controller\Index.php ]
[ info ] [ VIEW ] D:\phpStudy\WWW\ershoushouji/public\theme\admin\index\main.html [ array (
  0 => 'module_name',
  1 => 'controller_name',
  2 => 'action_name',
  3 => 'public_path',
  4 => 'static_path',
  5 => 'web_public',
  6 => 'web_static',
  7 => 'js',
  8 => 'css',
  9 => 'img',
  10 => 'title',
  11 => 'admin_title',
  12 => 'nowpage',
  13 => 'upload',
  14 => 'menu',
  15 => 'date',
  16 => 'order_back_count',
  17 => 'total_price',
  18 => 'order_count',
  19 => 'user_count',
) ]
[ info ] [ LOG ] INIT File
---------------------------------------------------------------
[ 2017-10-10T17:21:01+08:00 ] 127.0.0.4 127.0.0.1 POST /admin/index/isuniquelogin.shtml
[ info ] 127.0.0.4/admin/index/isuniquelogin.shtml [运行时间：0.106006s][吞吐率：9.43req/s] [内存消耗：2,163.25kb] [文件加载：47]
[ info ] [ LANG ] D:\phpStudy\WWW\ershoushouji\frame\lang\zh-cn.php
[ info ] [ ROUTE ] array (
  'type' => 'module',
  'module' => 
  array (
    0 => 'admin',
    1 => 'index',
    2 => 'isuniquelogin',
  ),
)
[ info ] [ HEADER ] array (
  'cookie' => 'thinkphp_show_page_trace=0|0; PHPSESSID=9fvirgjjpj1s3mkd14sjn6mkb3; thinkphp_show_page_trace=0|0',
  'accept-language' => 'zh-CN,zh;q=0.8',
  'accept-encoding' => 'gzip, deflate, br',
  'referer' => 'http://127.0.0.4/admin/index/index.shtml',
  'user-agent' => 'Mozilla/5.0 (Windows NT 6.1; WOW64) AppleWebKit/537.36 (KHTML, like Gecko) Chrome/61.0.3163.100 Safari/537.36',
  'x-requested-with' => 'XMLHttpRequest',
  'origin' => 'http://127.0.0.4',
  'accept' => 'application/json, text/javascript, */*; q=0.01',
  'content-length' => '0',
  'connection' => 'close',
  'host' => '127.0.0.4',
)
[ info ] [ PARAM ] array (
)
[ info ] [ SESSION ] INIT array (
  'prefix' => 'admin',
)
[ info ] [ DB ] INIT mysql
[ info ] [ RUN ] app\admin\controller\Index->isUniqueLogin[ D:\phpStudy\WWW\ershoushouji\application\admin\controller\Index.php ]
[ info ] [ LOG ] INIT File
---------------------------------------------------------------
[ 2017-10-10T17:21:07+08:00 ] 127.0.0.4 127.0.0.1 GET /admin/good/index.shtml
[ info ] 127.0.0.4/admin/good/index.shtml [运行时间：0.458026s][吞吐率：2.18req/s] [内存消耗：6,227.78kb] [文件加载：66]
[ info ] [ LANG ] D:\phpStudy\WWW\ershoushouji\frame\lang\zh-cn.php
[ info ] [ ROUTE ] array (
  'type' => 'module',
  'module' => 
  array (
    0 => 'admin',
    1 => 'good',
    2 => 'index',
  ),
)
[ info ] [ HEADER ] array (
  'cookie' => 'thinkphp_show_page_trace=0|0; PHPSESSID=9fvirgjjpj1s3mkd14sjn6mkb3; thinkphp_show_page_trace=0|0',
  'accept-language' => 'zh-CN,zh;q=0.8',
  'accept-encoding' => 'gzip, deflate, br',
  'referer' => 'http://127.0.0.4/admin/index/index.shtml',
  'accept' => 'text/html,application/xhtml+xml,application/xml;q=0.9,image/webp,image/apng,*/*;q=0.8',
  'user-agent' => 'Mozilla/5.0 (Windows NT 6.1; WOW64) AppleWebKit/537.36 (KHTML, like Gecko) Chrome/61.0.3163.100 Safari/537.36',
  'upgrade-insecure-requests' => '1',
  'connection' => 'close',
  'host' => '127.0.0.4',
)
[ info ] [ PARAM ] array (
)
[ info ] [ DB ] INIT mysql
[ info ] [ SESSION ] INIT array (
  'prefix' => 'admin',
)
[ info ] [ RUN ] app\admin\controller\Good->index[ D:\phpStudy\WWW\ershoushouji\application\admin\controller\Good.php ]
[ info ] [ VIEW ] D:\phpStudy\WWW\ershoushouji/public\theme\admin\good\index.html [ array (
  0 => 'module_name',
  1 => 'controller_name',
  2 => 'action_name',
  3 => 'public_path',
  4 => 'static_path',
  5 => 'web_public',
  6 => 'web_static',
  7 => 'js',
  8 => 'css',
  9 => 'img',
  10 => 'title',
  11 => 'admin_title',
  12 => 'nowpage',
  13 => 'upload',
  14 => 'menu',
  15 => 'goods',
  16 => 'brands',
) ]
[ info ] [ LOG ] INIT File
---------------------------------------------------------------
[ 2017-10-10T17:21:08+08:00 ] 127.0.0.4 127.0.0.1 GET /admin/good/add.shtml
[ info ] 127.0.0.4/admin/good/add.shtml [运行时间：0.444026s][吞吐率：2.25req/s] [内存消耗：5,917.23kb] [文件加载：63]
[ info ] [ LANG ] D:\phpStudy\WWW\ershoushouji\frame\lang\zh-cn.php
[ info ] [ ROUTE ] array (
  'type' => 'module',
  'module' => 
  array (
    0 => 'admin',
    1 => 'good',
    2 => 'add',
  ),
)
[ info ] [ HEADER ] array (
  'cookie' => 'thinkphp_show_page_trace=0|0; PHPSESSID=9fvirgjjpj1s3mkd14sjn6mkb3; thinkphp_show_page_trace=0|0',
  'accept-language' => 'zh-CN,zh;q=0.8',
  'accept-encoding' => 'gzip, deflate, br',
  'referer' => 'http://127.0.0.4/admin/good/index.shtml',
  'accept' => 'text/html,application/xhtml+xml,application/xml;q=0.9,image/webp,image/apng,*/*;q=0.8',
  'user-agent' => 'Mozilla/5.0 (Windows NT 6.1; WOW64) AppleWebKit/537.36 (KHTML, like Gecko) Chrome/61.0.3163.100 Safari/537.36',
  'upgrade-insecure-requests' => '1',
  'connection' => 'close',
  'host' => '127.0.0.4',
)
[ info ] [ PARAM ] array (
)
[ info ] [ DB ] INIT mysql
[ info ] [ SESSION ] INIT array (
  'prefix' => 'admin',
)
[ info ] [ RUN ] app\admin\controller\Good->add[ D:\phpStudy\WWW\ershoushouji\application\admin\controller\Good.php ]
[ info ] [ VIEW ] D:\phpStudy\WWW\ershoushouji/public\theme\admin\good\add.html [ array (
  0 => 'module_name',
  1 => 'controller_name',
  2 => 'action_name',
  3 => 'public_path',
  4 => 'static_path',
  5 => 'web_public',
  6 => 'web_static',
  7 => 'js',
  8 => 'css',
  9 => 'img',
  10 => 'title',
  11 => 'admin_title',
  12 => 'nowpage',
  13 => 'upload',
  14 => 'menu',
  15 => 'brands',
  16 => 'attrs',
  17 => 'check_info',
  18 => 'stores',
  19 => 'model',
) ]
[ info ] [ LOG ] INIT File
---------------------------------------------------------------
[ 2017-10-10T18:11:01+08:00 ] 127.0.0.4 127.0.0.1 POST /admin/index/isuniquelogin.shtml
[ info ] 127.0.0.4/admin/index/isuniquelogin.shtml [运行时间：0.108006s][吞吐率：9.26req/s] [内存消耗：2,163.25kb] [文件加载：47]
[ info ] [ LANG ] D:\phpStudy\WWW\ershoushouji\frame\lang\zh-cn.php
[ info ] [ ROUTE ] array (
  'type' => 'module',
  'module' => 
  array (
    0 => 'admin',
    1 => 'index',
    2 => 'isuniquelogin',
  ),
)
[ info ] [ HEADER ] array (
  'cookie' => 'thinkphp_show_page_trace=0|0; PHPSESSID=9fvirgjjpj1s3mkd14sjn6mkb3; thinkphp_show_page_trace=0|0',
  'accept-language' => 'zh-CN,zh;q=0.8',
  'accept-encoding' => 'gzip, deflate, br',
  'referer' => 'http://127.0.0.4/admin/index/index.shtml',
  'user-agent' => 'Mozilla/5.0 (Windows NT 6.1; WOW64) AppleWebKit/537.36 (KHTML, like Gecko) Chrome/61.0.3163.100 Safari/537.36',
  'x-requested-with' => 'XMLHttpRequest',
  'origin' => 'http://127.0.0.4',
  'accept' => 'application/json, text/javascript, */*; q=0.01',
  'content-length' => '0',
  'connection' => 'close',
  'host' => '127.0.0.4',
)
[ info ] [ PARAM ] array (
)
[ info ] [ SESSION ] INIT array (
  'prefix' => 'admin',
)
[ info ] [ DB ] INIT mysql
[ info ] [ RUN ] app\admin\controller\Index->isUniqueLogin[ D:\phpStudy\WWW\ershoushouji\application\admin\controller\Index.php ]
[ info ] [ LOG ] INIT File
---------------------------------------------------------------
[ 2017-10-10T19:01:01+08:00 ] 127.0.0.4 127.0.0.1 POST /admin/index/isuniquelogin.shtml
[ info ] 127.0.0.4/admin/index/isuniquelogin.shtml [运行时间：0.104006s][吞吐率：9.61req/s] [内存消耗：2,163.25kb] [文件加载：47]
[ info ] [ LANG ] D:\phpStudy\WWW\ershoushouji\frame\lang\zh-cn.php
[ info ] [ ROUTE ] array (
  'type' => 'module',
  'module' => 
  array (
    0 => 'admin',
    1 => 'index',
    2 => 'isuniquelogin',
  ),
)
[ info ] [ HEADER ] array (
  'cookie' => 'thinkphp_show_page_trace=0|0; PHPSESSID=9fvirgjjpj1s3mkd14sjn6mkb3; thinkphp_show_page_trace=0|0',
  'accept-language' => 'zh-CN,zh;q=0.8',
  'accept-encoding' => 'gzip, deflate, br',
  'referer' => 'http://127.0.0.4/admin/index/index.shtml',
  'user-agent' => 'Mozilla/5.0 (Windows NT 6.1; WOW64) AppleWebKit/537.36 (KHTML, like Gecko) Chrome/61.0.3163.100 Safari/537.36',
  'x-requested-with' => 'XMLHttpRequest',
  'origin' => 'http://127.0.0.4',
  'accept' => 'application/json, text/javascript, */*; q=0.01',
  'content-length' => '0',
  'connection' => 'close',
  'host' => '127.0.0.4',
)
[ info ] [ PARAM ] array (
)
[ info ] [ SESSION ] INIT array (
  'prefix' => 'admin',
)
[ info ] [ DB ] INIT mysql
[ info ] [ RUN ] app\admin\controller\Index->isUniqueLogin[ D:\phpStudy\WWW\ershoushouji\application\admin\controller\Index.php ]
[ info ] [ LOG ] INIT File
---------------------------------------------------------------
[ 2017-10-10T19:51:01+08:00 ] 127.0.0.4 127.0.0.1 POST /admin/index/isuniquelogin.shtml
[ info ] 127.0.0.4/admin/index/isuniquelogin.shtml [运行时间：0.113006s][吞吐率：8.85req/s] [内存消耗：2,163.25kb] [文件加载：47]
[ info ] [ LANG ] D:\phpStudy\WWW\ershoushouji\frame\lang\zh-cn.php
[ info ] [ ROUTE ] array (
  'type' => 'module',
  'module' => 
  array (
    0 => 'admin',
    1 => 'index',
    2 => 'isuniquelogin',
  ),
)
[ info ] [ HEADER ] array (
  'cookie' => 'thinkphp_show_page_trace=0|0; PHPSESSID=9fvirgjjpj1s3mkd14sjn6mkb3; thinkphp_show_page_trace=0|0',
  'accept-language' => 'zh-CN,zh;q=0.8',
  'accept-encoding' => 'gzip, deflate, br',
  'referer' => 'http://127.0.0.4/admin/index/index.shtml',
  'user-agent' => 'Mozilla/5.0 (Windows NT 6.1; WOW64) AppleWebKit/537.36 (KHTML, like Gecko) Chrome/61.0.3163.100 Safari/537.36',
  'x-requested-with' => 'XMLHttpRequest',
  'origin' => 'http://127.0.0.4',
  'accept' => 'application/json, text/javascript, */*; q=0.01',
  'content-length' => '0',
  'connection' => 'close',
  'host' => '127.0.0.4',
)
[ info ] [ PARAM ] array (
)
[ info ] [ SESSION ] INIT array (
  'prefix' => 'admin',
)
[ info ] [ DB ] INIT mysql
[ info ] [ RUN ] app\admin\controller\Index->isUniqueLogin[ D:\phpStudy\WWW\ershoushouji\application\admin\controller\Index.php ]
[ info ] [ LOG ] INIT File
---------------------------------------------------------------
[ 2017-10-10T20:41:01+08:00 ] 127.0.0.4 127.0.0.1 POST /admin/index/isuniquelogin.shtml
[ info ] 127.0.0.4/admin/index/isuniquelogin.shtml [运行时间：0.162010s][吞吐率：6.17req/s] [内存消耗：2,162.50kb] [文件加载：47]
[ info ] [ LANG ] D:\phpStudy\WWW\ershoushouji\frame\lang\zh-cn.php
[ info ] [ ROUTE ] array (
  'type' => 'module',
  'module' => 
  array (
    0 => 'admin',
    1 => 'index',
    2 => 'isuniquelogin',
  ),
)
[ info ] [ HEADER ] array (
  'cookie' => 'thinkphp_show_page_trace=0|0; PHPSESSID=9fvirgjjpj1s3mkd14sjn6mkb3; thinkphp_show_page_trace=0|0',
  'accept-language' => 'zh-CN,zh;q=0.8',
  'accept-encoding' => 'gzip, deflate, br',
  'referer' => 'http://127.0.0.4/admin/index/index.shtml',
  'user-agent' => 'Mozilla/5.0 (Windows NT 6.1; WOW64) AppleWebKit/537.36 (KHTML, like Gecko) Chrome/61.0.3163.100 Safari/537.36',
  'x-requested-with' => 'XMLHttpRequest',
  'origin' => 'http://127.0.0.4',
  'accept' => 'application/json, text/javascript, */*; q=0.01',
  'content-length' => '0',
  'connection' => 'close',
  'host' => '127.0.0.4',
)
[ info ] [ PARAM ] array (
)
[ info ] [ SESSION ] INIT array (
  'prefix' => 'admin',
)
[ info ] [ DB ] INIT mysql
[ info ] [ RUN ] app\admin\controller\Index->isUniqueLogin[ D:\phpStudy\WWW\ershoushouji\application\admin\controller\Index.php ]
[ info ] [ LOG ] INIT File
