---------------------------------------------------------------
[ 2017-10-19T09:26:52+08:00 ] 127.0.0.4 127.0.0.1 GET /mobile/pay/winxpay
[ info ] 127.0.0.4/mobile/pay/winxpay [运行时间：0.327217s][吞吐率：3.06req/s] [内存消耗：5,472.37kb] [文件加载：53]
[ info ] [ LANG ] D:\phpStudy\WWW\ershoushouji\frame\lang\zh-cn.php
[ info ] [ ROUTE ] array (
  'type' => 'module',
  'module' => 
  array (
    0 => 'mobile',
    1 => 'pay',
    2 => 'winxpay',
  ),
)
[ info ] [ HEADER ] array (
  'cookie' => 'thinkphp_show_page_trace=0|0; PHPSESSID=mp0ko5ptqctfp90mken41cvdp5',
  'accept-language' => 'zh-CN,zh;q=0.8',
  'accept-encoding' => 'gzip, deflate, br',
  'accept' => 'text/html,application/xhtml+xml,application/xml;q=0.9,image/webp,image/apng,*/*;q=0.8',
  'upgrade-insecure-requests' => '1',
  'user-agent' => 'Mozilla/5.0 (Windows NT 6.1; WOW64) AppleWebKit/537.36 (KHTML, like Gecko) Chrome/61.0.3163.100 Safari/537.36',
  'cache-control' => 'max-age=0',
  'connection' => 'close',
  'host' => '127.0.0.4',
)
[ info ] [ PARAM ] array (
)
[ info ] [ DB ] INIT mysql
[ info ] [ SESSION ] INIT array (
  'prefix' => 'mobile',
)
[ info ] [ RUN ] app\mobile\controller\Pay->winxpay[ D:\phpStudy\WWW\ershoushouji\application\mobile\controller\Pay.php ]
[ info ] [ LOG ] INIT File
---------------------------------------------------------------
[ 2017-10-19T09:34:11+08:00 ] 127.0.0.4 127.0.0.1 GET /mobile/pay/winxpay
[ info ] 127.0.0.4/mobile/pay/winxpay [运行时间：0.323217s][吞吐率：3.09req/s] [内存消耗：5,472.27kb] [文件加载：53]
[ info ] [ LANG ] D:\phpStudy\WWW\ershoushouji\frame\lang\zh-cn.php
[ info ] [ ROUTE ] array (
  'type' => 'module',
  'module' => 
  array (
    0 => 'mobile',
    1 => 'pay',
    2 => 'winxpay',
  ),
)
[ info ] [ HEADER ] array (
  'cookie' => 'thinkphp_show_page_trace=0|0; PHPSESSID=mp0ko5ptqctfp90mken41cvdp5',
  'accept-language' => 'zh-CN,zh;q=0.8',
  'accept-encoding' => 'gzip, deflate, br',
  'accept' => 'text/html,application/xhtml+xml,application/xml;q=0.9,image/webp,image/apng,*/*;q=0.8',
  'upgrade-insecure-requests' => '1',
  'user-agent' => 'Mozilla/5.0 (Windows NT 6.1; WOW64) AppleWebKit/537.36 (KHTML, like Gecko) Chrome/61.0.3163.100 Safari/537.36',
  'connection' => 'close',
  'host' => '127.0.0.4',
)
[ info ] [ PARAM ] array (
)
[ info ] [ DB ] INIT mysql
[ info ] [ SESSION ] INIT array (
  'prefix' => 'mobile',
)
[ info ] [ RUN ] app\mobile\controller\Pay->winxpay[ D:\phpStudy\WWW\ershoushouji\application\mobile\controller\Pay.php ]
[ info ] [ LOG ] INIT File
---------------------------------------------------------------
[ 2017-10-19T09:35:02+08:00 ] 127.0.0.4 127.0.0.1 GET /mobile/pay/winxpay
[ info ] 127.0.0.4/mobile/pay/winxpay [运行时间：0.517228s][吞吐率：1.93req/s] [内存消耗：5,472.27kb] [文件加载：53]
[ info ] [ LANG ] D:\phpStudy\WWW\ershoushouji\frame\lang\zh-cn.php
[ info ] [ ROUTE ] array (
  'type' => 'module',
  'module' => 
  array (
    0 => 'mobile',
    1 => 'pay',
    2 => 'winxpay',
  ),
)
[ info ] [ HEADER ] array (
  'cookie' => 'thinkphp_show_page_trace=0|0; PHPSESSID=mp0ko5ptqctfp90mken41cvdp5',
  'accept-language' => 'zh-CN,zh;q=0.8',
  'accept-encoding' => 'gzip, deflate, br',
  'accept' => 'text/html,application/xhtml+xml,application/xml;q=0.9,image/webp,image/apng,*/*;q=0.8',
  'upgrade-insecure-requests' => '1',
  'user-agent' => 'Mozilla/5.0 (Windows NT 6.1; WOW64) AppleWebKit/537.36 (KHTML, like Gecko) Chrome/61.0.3163.100 Safari/537.36',
  'connection' => 'close',
  'host' => '127.0.0.4',
)
[ info ] [ PARAM ] array (
)
[ info ] [ DB ] INIT mysql
[ info ] [ SESSION ] INIT array (
  'prefix' => 'mobile',
)
[ info ] [ RUN ] app\mobile\controller\Pay->winxpay[ D:\phpStudy\WWW\ershoushouji\application\mobile\controller\Pay.php ]
[ info ] [ LOG ] INIT File
---------------------------------------------------------------
[ 2017-10-19T09:37:24+08:00 ] 127.0.0.4 127.0.0.1 GET /mobile/pay/winxpay
[ info ] 127.0.0.4/mobile/pay/winxpay [运行时间：0.331217s][吞吐率：3.02req/s] [内存消耗：5,472.27kb] [文件加载：53]
[ info ] [ LANG ] D:\phpStudy\WWW\ershoushouji\frame\lang\zh-cn.php
[ info ] [ ROUTE ] array (
  'type' => 'module',
  'module' => 
  array (
    0 => 'mobile',
    1 => 'pay',
    2 => 'winxpay',
  ),
)
[ info ] [ HEADER ] array (
  'cookie' => 'thinkphp_show_page_trace=0|0; PHPSESSID=mp0ko5ptqctfp90mken41cvdp5',
  'accept-language' => 'zh-CN,zh;q=0.8',
  'accept-encoding' => 'gzip, deflate, br',
  'accept' => 'text/html,application/xhtml+xml,application/xml;q=0.9,image/webp,image/apng,*/*;q=0.8',
  'upgrade-insecure-requests' => '1',
  'user-agent' => 'Mozilla/5.0 (Windows NT 6.1; WOW64) AppleWebKit/537.36 (KHTML, like Gecko) Chrome/61.0.3163.100 Safari/537.36',
  'connection' => 'close',
  'host' => '127.0.0.4',
)
[ info ] [ PARAM ] array (
)
[ info ] [ DB ] INIT mysql
[ info ] [ SESSION ] INIT array (
  'prefix' => 'mobile',
)
[ info ] [ RUN ] app\mobile\controller\Pay->winxpay[ D:\phpStudy\WWW\ershoushouji\application\mobile\controller\Pay.php ]
[ info ] [ LOG ] INIT File
---------------------------------------------------------------
[ 2017-10-19T09:38:23+08:00 ] 127.0.0.4 127.0.0.1 GET /mobile/pay/winxpay
[ info ] 127.0.0.4/mobile/pay/winxpay [运行时间：0.314216s][吞吐率：3.18req/s] [内存消耗：5,472.68kb] [文件加载：53]
[ info ] [ LANG ] D:\phpStudy\WWW\ershoushouji\frame\lang\zh-cn.php
[ info ] [ ROUTE ] array (
  'type' => 'module',
  'module' => 
  array (
    0 => 'mobile',
    1 => 'pay',
    2 => 'winxpay',
  ),
)
[ info ] [ HEADER ] array (
  'cookie' => 'thinkphp_show_page_trace=0|0; PHPSESSID=mp0ko5ptqctfp90mken41cvdp5',
  'accept-language' => 'zh-CN,zh;q=0.8',
  'accept-encoding' => 'gzip, deflate, br',
  'accept' => 'text/html,application/xhtml+xml,application/xml;q=0.9,image/webp,image/apng,*/*;q=0.8',
  'upgrade-insecure-requests' => '1',
  'user-agent' => 'Mozilla/5.0 (Windows NT 6.1; WOW64) AppleWebKit/537.36 (KHTML, like Gecko) Chrome/61.0.3163.100 Safari/537.36',
  'connection' => 'close',
  'host' => '127.0.0.4',
)
[ info ] [ PARAM ] array (
)
[ info ] [ DB ] INIT mysql
[ info ] [ SESSION ] INIT array (
  'prefix' => 'mobile',
)
[ info ] [ RUN ] app\mobile\controller\Pay->winxpay[ D:\phpStudy\WWW\ershoushouji\application\mobile\controller\Pay.php ]
[ info ] [ LOG ] INIT File
---------------------------------------------------------------
[ 2017-10-19T09:38:33+08:00 ] 127.0.0.4 127.0.0.1 GET /mobile/pay/winxpay
[ info ] 127.0.0.4/mobile/pay/winxpay [运行时间：0.326217s][吞吐率：3.07req/s] [内存消耗：5,472.68kb] [文件加载：53]
[ info ] [ LANG ] D:\phpStudy\WWW\ershoushouji\frame\lang\zh-cn.php
[ info ] [ ROUTE ] array (
  'type' => 'module',
  'module' => 
  array (
    0 => 'mobile',
    1 => 'pay',
    2 => 'winxpay',
  ),
)
[ info ] [ HEADER ] array (
  'cookie' => 'thinkphp_show_page_trace=0|0; PHPSESSID=mp0ko5ptqctfp90mken41cvdp5',
  'accept-language' => 'zh-CN,zh;q=0.8',
  'accept-encoding' => 'gzip, deflate, br',
  'accept' => 'text/html,application/xhtml+xml,application/xml;q=0.9,image/webp,image/apng,*/*;q=0.8',
  'upgrade-insecure-requests' => '1',
  'user-agent' => 'Mozilla/5.0 (Windows NT 6.1; WOW64) AppleWebKit/537.36 (KHTML, like Gecko) Chrome/61.0.3163.100 Safari/537.36',
  'connection' => 'close',
  'host' => '127.0.0.4',
)
[ info ] [ PARAM ] array (
)
[ info ] [ DB ] INIT mysql
[ info ] [ SESSION ] INIT array (
  'prefix' => 'mobile',
)
[ info ] [ RUN ] app\mobile\controller\Pay->winxpay[ D:\phpStudy\WWW\ershoushouji\application\mobile\controller\Pay.php ]
[ info ] [ LOG ] INIT File
---------------------------------------------------------------
[ 2017-10-19T09:39:06+08:00 ] 127.0.0.4 127.0.0.1 GET /mobile/pay/winxpay
[ info ] 127.0.0.4/mobile/pay/winxpay [运行时间：0.297215s][吞吐率：3.36req/s] [内存消耗：6,240.91kb] [文件加载：46]
[ info ] [ LANG ] D:\phpStudy\WWW\ershoushouji\frame\lang\zh-cn.php
[ info ] [ ROUTE ] array (
  'type' => 'module',
  'module' => 
  array (
    0 => 'mobile',
    1 => 'pay',
    2 => 'winxpay',
  ),
)
[ info ] [ HEADER ] array (
  'cookie' => 'thinkphp_show_page_trace=0|0; PHPSESSID=mp0ko5ptqctfp90mken41cvdp5',
  'accept-language' => 'zh-CN,zh;q=0.8',
  'accept-encoding' => 'gzip, deflate, br',
  'accept' => 'text/html,application/xhtml+xml,application/xml;q=0.9,image/webp,image/apng,*/*;q=0.8',
  'upgrade-insecure-requests' => '1',
  'user-agent' => 'Mozilla/5.0 (Windows NT 6.1; WOW64) AppleWebKit/537.36 (KHTML, like Gecko) Chrome/61.0.3163.100 Safari/537.36',
  'connection' => 'close',
  'host' => '127.0.0.4',
)
[ info ] [ PARAM ] array (
)
[ info ] [ DB ] INIT mysql
[ info ] [ SESSION ] INIT array (
  'prefix' => 'mobile',
)
[ info ] [ RUN ] app\mobile\controller\Pay->winxpay[ D:\phpStudy\WWW\ershoushouji\application\mobile\controller\Pay.php ]
[ info ] [ LOG ] INIT File
---------------------------------------------------------------
[ 2017-10-19T09:51:46+08:00 ] 127.0.0.4 127.0.0.1 GET /mobile/pay/winxpay
[ info ] 127.0.0.4/mobile/pay/winxpay [运行时间：0.298215s][吞吐率：3.35req/s] [内存消耗：6,240.91kb] [文件加载：46]
[ info ] [ LANG ] D:\phpStudy\WWW\ershoushouji\frame\lang\zh-cn.php
[ info ] [ ROUTE ] array (
  'type' => 'module',
  'module' => 
  array (
    0 => 'mobile',
    1 => 'pay',
    2 => 'winxpay',
  ),
)
[ info ] [ HEADER ] array (
  'cookie' => 'thinkphp_show_page_trace=0|0; PHPSESSID=mp0ko5ptqctfp90mken41cvdp5',
  'accept-language' => 'zh-CN,zh;q=0.8',
  'accept-encoding' => 'gzip, deflate, br',
  'accept' => 'text/html,application/xhtml+xml,application/xml;q=0.9,image/webp,image/apng,*/*;q=0.8',
  'upgrade-insecure-requests' => '1',
  'user-agent' => 'Mozilla/5.0 (Windows NT 6.1; WOW64) AppleWebKit/537.36 (KHTML, like Gecko) Chrome/61.0.3163.100 Safari/537.36',
  'connection' => 'close',
  'host' => '127.0.0.4',
)
[ info ] [ PARAM ] array (
)
[ info ] [ DB ] INIT mysql
[ info ] [ SESSION ] INIT array (
  'prefix' => 'mobile',
)
[ info ] [ RUN ] app\mobile\controller\Pay->winxpay[ D:\phpStudy\WWW\ershoushouji\application\mobile\controller\Pay.php ]
[ info ] [ LOG ] INIT File
---------------------------------------------------------------
[ 2017-10-19T09:59:50+08:00 ] 127.0.0.4 127.0.0.1 GET /mobile/pay/winxpay
[ info ] 127.0.0.4/mobile/pay/winxpay [运行时间：0.327018s][吞吐率：3.06req/s] [内存消耗：5,472.70kb] [文件加载：53]
[ info ] [ LANG ] D:\phpStudy\WWW\ershoushouji\frame\lang\zh-cn.php
[ info ] [ ROUTE ] array (
  'type' => 'module',
  'module' => 
  array (
    0 => 'mobile',
    1 => 'pay',
    2 => 'winxpay',
  ),
)
[ info ] [ HEADER ] array (
  'cookie' => 'thinkphp_show_page_trace=0|0; PHPSESSID=mp0ko5ptqctfp90mken41cvdp5',
  'accept-language' => 'zh-CN,zh;q=0.8',
  'accept-encoding' => 'gzip, deflate, br',
  'accept' => 'text/html,application/xhtml+xml,application/xml;q=0.9,image/webp,image/apng,*/*;q=0.8',
  'upgrade-insecure-requests' => '1',
  'user-agent' => 'Mozilla/5.0 (Windows NT 6.1; WOW64) AppleWebKit/537.36 (KHTML, like Gecko) Chrome/61.0.3163.100 Safari/537.36',
  'cache-control' => 'max-age=0',
  'connection' => 'close',
  'host' => '127.0.0.4',
)
[ info ] [ PARAM ] array (
)
[ info ] [ DB ] INIT mysql
[ info ] [ SESSION ] INIT array (
  'prefix' => 'mobile',
)
[ info ] [ RUN ] app\mobile\controller\Pay->winxpay[ D:\phpStudy\WWW\ershoushouji\application\mobile\controller\Pay.php ]
[ info ] [ LOG ] INIT File
---------------------------------------------------------------
[ 2017-10-19T10:10:00+08:00 ] 127.0.0.4 127.0.0.1 GET /mobile/pay/winxpay
[ info ] 127.0.0.4/mobile/pay/winxpay [运行时间：0.345218s][吞吐率：2.90req/s] [内存消耗：5,472.27kb] [文件加载：53]
[ info ] [ LANG ] D:\phpStudy\WWW\ershoushouji\frame\lang\zh-cn.php
[ info ] [ ROUTE ] array (
  'type' => 'module',
  'module' => 
  array (
    0 => 'mobile',
    1 => 'pay',
    2 => 'winxpay',
  ),
)
[ info ] [ HEADER ] array (
  'cookie' => 'thinkphp_show_page_trace=0|0; PHPSESSID=mp0ko5ptqctfp90mken41cvdp5',
  'accept-language' => 'zh-CN,zh;q=0.8',
  'accept-encoding' => 'gzip, deflate, br',
  'accept' => 'text/html,application/xhtml+xml,application/xml;q=0.9,image/webp,image/apng,*/*;q=0.8',
  'upgrade-insecure-requests' => '1',
  'user-agent' => 'Mozilla/5.0 (Windows NT 6.1; WOW64) AppleWebKit/537.36 (KHTML, like Gecko) Chrome/61.0.3163.100 Safari/537.36',
  'connection' => 'close',
  'host' => '127.0.0.4',
)
[ info ] [ PARAM ] array (
)
[ info ] [ DB ] INIT mysql
[ info ] [ SESSION ] INIT array (
  'prefix' => 'mobile',
)
[ info ] [ RUN ] app\mobile\controller\Pay->winxpay[ D:\phpStudy\WWW\ershoushouji\application\mobile\controller\Pay.php ]
[ info ] [ LOG ] INIT File
---------------------------------------------------------------
[ 2017-10-19T10:10:33+08:00 ] 127.0.0.4 127.0.0.1 GET /mobile/pay/winxpay
[ info ] 127.0.0.4/mobile/pay/winxpay [运行时间：0.328217s][吞吐率：3.05req/s] [内存消耗：5,552.13kb] [文件加载：60]
[ info ] [ LANG ] D:\phpStudy\WWW\ershoushouji\frame\lang\zh-cn.php
[ info ] [ ROUTE ] array (
  'type' => 'module',
  'module' => 
  array (
    0 => 'mobile',
    1 => 'pay',
    2 => 'winxpay',
  ),
)
[ info ] [ HEADER ] array (
  'cookie' => 'thinkphp_show_page_trace=0|0; PHPSESSID=mp0ko5ptqctfp90mken41cvdp5',
  'accept-language' => 'zh-CN,zh;q=0.8',
  'accept-encoding' => 'gzip, deflate, br',
  'accept' => 'text/html,application/xhtml+xml,application/xml;q=0.9,image/webp,image/apng,*/*;q=0.8',
  'upgrade-insecure-requests' => '1',
  'user-agent' => 'Mozilla/5.0 (Windows NT 6.1; WOW64) AppleWebKit/537.36 (KHTML, like Gecko) Chrome/61.0.3163.100 Safari/537.36',
  'connection' => 'close',
  'host' => '127.0.0.4',
)
[ info ] [ PARAM ] array (
)
[ info ] [ DB ] INIT mysql
[ info ] [ SESSION ] INIT array (
  'prefix' => 'mobile',
)
[ info ] [ RUN ] app\mobile\controller\Pay->winxpay[ D:\phpStudy\WWW\ershoushouji\application\mobile\controller\Pay.php ]
[ info ] [ LOG ] INIT File
---------------------------------------------------------------
[ 2017-10-19T10:11:38+08:00 ] 127.0.0.4 127.0.0.1 GET /mobile/pay/winxpay
[ info ] 127.0.0.4/mobile/pay/winxpay [运行时间：0.317018s][吞吐率：3.15req/s] [内存消耗：5,472.41kb] [文件加载：53]
[ info ] [ LANG ] D:\phpStudy\WWW\ershoushouji\frame\lang\zh-cn.php
[ info ] [ ROUTE ] array (
  'type' => 'module',
  'module' => 
  array (
    0 => 'mobile',
    1 => 'pay',
    2 => 'winxpay',
  ),
)
[ info ] [ HEADER ] array (
  'cookie' => 'thinkphp_show_page_trace=0|0; PHPSESSID=mp0ko5ptqctfp90mken41cvdp5',
  'accept-language' => 'zh-CN,zh;q=0.8',
  'accept-encoding' => 'gzip, deflate, br',
  'accept' => 'text/html,application/xhtml+xml,application/xml;q=0.9,image/webp,image/apng,*/*;q=0.8',
  'upgrade-insecure-requests' => '1',
  'user-agent' => 'Mozilla/5.0 (Windows NT 6.1; WOW64) AppleWebKit/537.36 (KHTML, like Gecko) Chrome/61.0.3163.100 Safari/537.36',
  'cache-control' => 'max-age=0',
  'connection' => 'close',
  'host' => '127.0.0.4',
)
[ info ] [ PARAM ] array (
)
[ info ] [ DB ] INIT mysql
[ info ] [ SESSION ] INIT array (
  'prefix' => 'mobile',
)
[ info ] [ RUN ] app\mobile\controller\Pay->winxpay[ D:\phpStudy\WWW\ershoushouji\application\mobile\controller\Pay.php ]
[ info ] [ LOG ] INIT File
---------------------------------------------------------------
[ 2017-10-19T10:13:21+08:00 ] 127.0.0.4 127.0.0.1 GET /mobile/pay/winxpay
[ info ] 127.0.0.4/mobile/pay/winxpay [运行时间：0.369021s][吞吐率：2.71req/s] [内存消耗：5,565.00kb] [文件加载：60]
[ info ] [ LANG ] D:\phpStudy\WWW\ershoushouji\frame\lang\zh-cn.php
[ info ] [ ROUTE ] array (
  'type' => 'module',
  'module' => 
  array (
    0 => 'mobile',
    1 => 'pay',
    2 => 'winxpay',
  ),
)
[ info ] [ HEADER ] array (
  'cookie' => 'thinkphp_show_page_trace=0|0; PHPSESSID=mp0ko5ptqctfp90mken41cvdp5',
  'accept-language' => 'zh-CN,zh;q=0.8',
  'accept-encoding' => 'gzip, deflate, br',
  'accept' => 'text/html,application/xhtml+xml,application/xml;q=0.9,image/webp,image/apng,*/*;q=0.8',
  'upgrade-insecure-requests' => '1',
  'user-agent' => 'Mozilla/5.0 (Windows NT 6.1; WOW64) AppleWebKit/537.36 (KHTML, like Gecko) Chrome/61.0.3163.100 Safari/537.36',
  'cache-control' => 'max-age=0',
  'connection' => 'close',
  'host' => '127.0.0.4',
)
[ info ] [ PARAM ] array (
)
[ info ] [ DB ] INIT mysql
[ info ] [ SESSION ] INIT array (
  'prefix' => 'mobile',
)
[ info ] [ RUN ] app\mobile\controller\Pay->winxpay[ D:\phpStudy\WWW\ershoushouji\application\mobile\controller\Pay.php ]
[ info ] [ LOG ] INIT File
---------------------------------------------------------------
[ 2017-10-19T10:17:02+08:00 ] 127.0.0.4 127.0.0.1 GET /mobile/pay/winxpay
[ info ] 127.0.0.4/mobile/pay/winxpay [运行时间：0.326019s][吞吐率：3.07req/s] [内存消耗：5,473.05kb] [文件加载：53]
[ info ] [ LANG ] D:\phpStudy\WWW\ershoushouji\frame\lang\zh-cn.php
[ info ] [ ROUTE ] array (
  'type' => 'module',
  'module' => 
  array (
    0 => 'mobile',
    1 => 'pay',
    2 => 'winxpay',
  ),
)
[ info ] [ HEADER ] array (
  'cookie' => 'thinkphp_show_page_trace=0|0; PHPSESSID=mp0ko5ptqctfp90mken41cvdp5',
  'accept-language' => 'zh-CN,zh;q=0.8',
  'accept-encoding' => 'gzip, deflate, br',
  'accept' => 'text/html,application/xhtml+xml,application/xml;q=0.9,image/webp,image/apng,*/*;q=0.8',
  'upgrade-insecure-requests' => '1',
  'user-agent' => 'Mozilla/5.0 (Windows NT 6.1; WOW64) AppleWebKit/537.36 (KHTML, like Gecko) Chrome/61.0.3163.100 Safari/537.36',
  'cache-control' => 'max-age=0',
  'connection' => 'close',
  'host' => '127.0.0.4',
)
[ info ] [ PARAM ] array (
)
[ info ] [ DB ] INIT mysql
[ info ] [ SESSION ] INIT array (
  'prefix' => 'mobile',
)
[ info ] [ RUN ] app\mobile\controller\Pay->winxpay[ D:\phpStudy\WWW\ershoushouji\application\mobile\controller\Pay.php ]
[ info ] [ LOG ] INIT File
---------------------------------------------------------------
[ 2017-10-19T10:17:15+08:00 ] 127.0.0.4 127.0.0.1 GET /mobile/pay/winxpay
[ info ] 127.0.0.4/mobile/pay/winxpay [运行时间：1.595092s][吞吐率：0.63req/s] [内存消耗：5,593.10kb] [文件加载：60]
[ info ] [ LANG ] D:\phpStudy\WWW\ershoushouji\frame\lang\zh-cn.php
[ info ] [ ROUTE ] array (
  'type' => 'module',
  'module' => 
  array (
    0 => 'mobile',
    1 => 'pay',
    2 => 'winxpay',
  ),
)
[ info ] [ HEADER ] array (
  'cookie' => 'thinkphp_show_page_trace=0|0; PHPSESSID=mp0ko5ptqctfp90mken41cvdp5',
  'accept-language' => 'zh-CN,zh;q=0.8',
  'accept-encoding' => 'gzip, deflate, br',
  'accept' => 'text/html,application/xhtml+xml,application/xml;q=0.9,image/webp,image/apng,*/*;q=0.8',
  'upgrade-insecure-requests' => '1',
  'user-agent' => 'Mozilla/5.0 (Windows NT 6.1; WOW64) AppleWebKit/537.36 (KHTML, like Gecko) Chrome/61.0.3163.100 Safari/537.36',
  'cache-control' => 'max-age=0',
  'connection' => 'close',
  'host' => '127.0.0.4',
)
[ info ] [ PARAM ] array (
)
[ info ] [ DB ] INIT mysql
[ info ] [ SESSION ] INIT array (
  'prefix' => 'mobile',
)
[ info ] [ RUN ] app\mobile\controller\Pay->winxpay[ D:\phpStudy\WWW\ershoushouji\application\mobile\controller\Pay.php ]
[ info ] [ LOG ] INIT File
---------------------------------------------------------------
[ 2017-10-19T10:17:43+08:00 ] 127.0.0.4 127.0.0.1 GET /mobile/pay/winxpay
[ info ] 127.0.0.4/mobile/pay/winxpay [运行时间：0.486028s][吞吐率：2.06req/s] [内存消耗：5,489.38kb] [文件加载：53]
[ info ] [ LANG ] D:\phpStudy\WWW\ershoushouji\frame\lang\zh-cn.php
[ info ] [ ROUTE ] array (
  'type' => 'module',
  'module' => 
  array (
    0 => 'mobile',
    1 => 'pay',
    2 => 'winxpay',
  ),
)
[ info ] [ HEADER ] array (
  'cookie' => 'thinkphp_show_page_trace=0|0; PHPSESSID=mp0ko5ptqctfp90mken41cvdp5',
  'accept-language' => 'zh-CN,zh;q=0.8',
  'accept-encoding' => 'gzip, deflate, br',
  'accept' => 'text/html,application/xhtml+xml,application/xml;q=0.9,image/webp,image/apng,*/*;q=0.8',
  'upgrade-insecure-requests' => '1',
  'user-agent' => 'Mozilla/5.0 (Windows NT 6.1; WOW64) AppleWebKit/537.36 (KHTML, like Gecko) Chrome/61.0.3163.100 Safari/537.36',
  'cache-control' => 'max-age=0',
  'connection' => 'close',
  'host' => '127.0.0.4',
)
[ info ] [ PARAM ] array (
)
[ info ] [ DB ] INIT mysql
[ info ] [ SESSION ] INIT array (
  'prefix' => 'mobile',
)
[ info ] [ RUN ] app\mobile\controller\Pay->winxpay[ D:\phpStudy\WWW\ershoushouji\application\mobile\controller\Pay.php ]
[ info ] [ LOG ] INIT File
---------------------------------------------------------------
[ 2017-10-19T10:58:34+08:00 ] 127.0.0.4 127.0.0.1 GET /mobile/pay/winxpay
[ info ] 127.0.0.4/mobile/pay/winxpay [运行时间：1.796103s][吞吐率：0.56req/s] [内存消耗：5,489.32kb] [文件加载：53]
[ info ] [ LANG ] D:\phpStudy\WWW\ershoushouji\frame\lang\zh-cn.php
[ info ] [ ROUTE ] array (
  'type' => 'module',
  'module' => 
  array (
    0 => 'mobile',
    1 => 'pay',
    2 => 'winxpay',
  ),
)
[ info ] [ HEADER ] array (
  'cookie' => 'thinkphp_show_page_trace=0|0; PHPSESSID=mp0ko5ptqctfp90mken41cvdp5',
  'accept-language' => 'zh-CN,zh;q=0.8',
  'accept-encoding' => 'gzip, deflate, br',
  'accept' => 'text/html,application/xhtml+xml,application/xml;q=0.9,image/webp,image/apng,*/*;q=0.8',
  'upgrade-insecure-requests' => '1',
  'user-agent' => 'Mozilla/5.0 (Windows NT 6.1; WOW64) AppleWebKit/537.36 (KHTML, like Gecko) Chrome/61.0.3163.100 Safari/537.36',
  'cache-control' => 'max-age=0',
  'connection' => 'close',
  'host' => '127.0.0.4',
)
[ info ] [ PARAM ] array (
)
[ info ] [ DB ] INIT mysql
[ info ] [ SESSION ] INIT array (
  'prefix' => 'mobile',
)
[ info ] [ RUN ] app\mobile\controller\Pay->winxpay[ D:\phpStudy\WWW\ershoushouji\application\mobile\controller\Pay.php ]
[ info ] [ LOG ] INIT File
---------------------------------------------------------------
[ 2017-10-19T11:12:55+08:00 ] 127.0.0.4 127.0.0.1 GET /
[ info ] 127.0.0.4/ [运行时间：0.341019s][吞吐率：2.93req/s] [内存消耗：5,270.80kb] [文件加载：52]
[ info ] [ LANG ] D:\phpStudy\WWW\ershoushouji\frame\lang\zh-cn.php
[ info ] [ ROUTE ] array (
  'type' => 'module',
  'module' => 
  array (
    0 => '',
    1 => NULL,
    2 => NULL,
  ),
)
[ info ] [ HEADER ] array (
  'cookie' => 'PHPSESSID=mp0ko5ptqctfp90mken41cvdp5',
  'accept-language' => 'zh-CN,zh;q=0.8',
  'accept-encoding' => 'gzip, deflate, br',
  'accept' => 'text/html,application/xhtml+xml,application/xml;q=0.9,image/webp,image/apng,*/*;q=0.8',
  'upgrade-insecure-requests' => '1',
  'user-agent' => 'Mozilla/5.0 (Windows NT 6.1; WOW64) AppleWebKit/537.36 (KHTML, like Gecko) Chrome/61.0.3163.100 Safari/537.36',
  'connection' => 'close',
  'host' => '127.0.0.4',
)
[ info ] [ PARAM ] array (
)
[ info ] [ DB ] INIT mysql
[ info ] [ SESSION ] INIT array (
  'prefix' => 'admin',
)
[ info ] [ LOG ] INIT File
---------------------------------------------------------------
[ 2017-10-19T11:12:55+08:00 ] 127.0.0.4 127.0.0.1 GET /admin/publics/login.shtml
[ info ] 127.0.0.4/admin/publics/login.shtml [运行时间：0.300017s][吞吐率：3.33req/s] [内存消耗：5,422.48kb] [文件加载：56]
[ info ] [ LANG ] D:\phpStudy\WWW\ershoushouji\frame\lang\zh-cn.php
[ info ] [ ROUTE ] array (
  'type' => 'module',
  'module' => 
  array (
    0 => 'admin',
    1 => 'publics',
    2 => 'login',
  ),
)
[ info ] [ HEADER ] array (
  'cookie' => 'thinkphp_show_page_trace=0|0; PHPSESSID=mp0ko5ptqctfp90mken41cvdp5',
  'accept-language' => 'zh-CN,zh;q=0.8',
  'accept-encoding' => 'gzip, deflate, br',
  'accept' => 'text/html,application/xhtml+xml,application/xml;q=0.9,image/webp,image/apng,*/*;q=0.8',
  'upgrade-insecure-requests' => '1',
  'user-agent' => 'Mozilla/5.0 (Windows NT 6.1; WOW64) AppleWebKit/537.36 (KHTML, like Gecko) Chrome/61.0.3163.100 Safari/537.36',
  'connection' => 'close',
  'host' => '127.0.0.4',
)
[ info ] [ PARAM ] array (
)
[ info ] [ DB ] INIT mysql
[ info ] [ SESSION ] INIT array (
  'prefix' => 'admin',
)
[ info ] [ RUN ] app\admin\controller\Publics->login[ D:\phpStudy\WWW\ershoushouji\application\admin\controller\Publics.php ]
[ info ] [ VIEW ] D:\phpStudy\WWW\ershoushouji/public\theme\admin\publics\login.html [ array (
  0 => 'module_name',
  1 => 'controller_name',
  2 => 'action_name',
  3 => 'public_path',
  4 => 'static_path',
  5 => 'web_public',
  6 => 'web_static',
  7 => 'js',
  8 => 'css',
  9 => 'img',
  10 => 'title',
  11 => 'admin_title',
  12 => 'nowpage',
  13 => 'upload',
  14 => 'menu',
) ]
[ info ] [ LOG ] INIT File
---------------------------------------------------------------
[ 2017-10-19T11:24:06+08:00 ] 127.0.0.4 127.0.0.1 GET /admin/index/index.shtml
[ info ] 127.0.0.4/admin/index/index.shtml [运行时间：0.336019s][吞吐率：2.98req/s] [内存消耗：5,274.45kb] [文件加载：52]
[ info ] [ LANG ] D:\phpStudy\WWW\ershoushouji\frame\lang\zh-cn.php
[ info ] [ ROUTE ] array (
  'type' => 'module',
  'module' => 
  array (
    0 => 'admin',
    1 => 'index',
    2 => 'index',
  ),
)
[ info ] [ HEADER ] array (
  'cookie' => 'thinkphp_show_page_trace=0|0; PHPSESSID=mp0ko5ptqctfp90mken41cvdp5',
  'accept-language' => 'zh-CN,zh;q=0.8',
  'accept-encoding' => 'gzip, deflate, br',
  'referer' => 'http://127.0.0.4/admin/index/index.shtml',
  'accept' => 'text/html,application/xhtml+xml,application/xml;q=0.9,image/webp,image/apng,*/*;q=0.8',
  'user-agent' => 'Mozilla/5.0 (Windows NT 6.1; WOW64) AppleWebKit/537.36 (KHTML, like Gecko) Chrome/61.0.3163.100 Safari/537.36',
  'upgrade-insecure-requests' => '1',
  'connection' => 'close',
  'host' => '127.0.0.4',
)
[ info ] [ PARAM ] array (
)
[ info ] [ DB ] INIT mysql
[ info ] [ SESSION ] INIT array (
  'prefix' => 'admin',
)
[ info ] [ LOG ] INIT File
---------------------------------------------------------------
[ 2017-10-19T11:24:07+08:00 ] 127.0.0.4 127.0.0.1 GET /admin/publics/login.shtml
[ info ] 127.0.0.4/admin/publics/login.shtml [运行时间：0.313018s][吞吐率：3.19req/s] [内存消耗：5,422.89kb] [文件加载：56]
[ info ] [ LANG ] D:\phpStudy\WWW\ershoushouji\frame\lang\zh-cn.php
[ info ] [ ROUTE ] array (
  'type' => 'module',
  'module' => 
  array (
    0 => 'admin',
    1 => 'publics',
    2 => 'login',
  ),
)
[ info ] [ HEADER ] array (
  'cookie' => 'thinkphp_show_page_trace=0|0; PHPSESSID=mp0ko5ptqctfp90mken41cvdp5',
  'accept-language' => 'zh-CN,zh;q=0.8',
  'accept-encoding' => 'gzip, deflate, br',
  'referer' => 'http://127.0.0.4/admin/index/index.shtml',
  'accept' => 'text/html,application/xhtml+xml,application/xml;q=0.9,image/webp,image/apng,*/*;q=0.8',
  'user-agent' => 'Mozilla/5.0 (Windows NT 6.1; WOW64) AppleWebKit/537.36 (KHTML, like Gecko) Chrome/61.0.3163.100 Safari/537.36',
  'upgrade-insecure-requests' => '1',
  'connection' => 'close',
  'host' => '127.0.0.4',
)
[ info ] [ PARAM ] array (
)
[ info ] [ DB ] INIT mysql
[ info ] [ SESSION ] INIT array (
  'prefix' => 'admin',
)
[ info ] [ RUN ] app\admin\controller\Publics->login[ D:\phpStudy\WWW\ershoushouji\application\admin\controller\Publics.php ]
[ info ] [ VIEW ] D:\phpStudy\WWW\ershoushouji/public\theme\admin\publics\login.html [ array (
  0 => 'module_name',
  1 => 'controller_name',
  2 => 'action_name',
  3 => 'public_path',
  4 => 'static_path',
  5 => 'web_public',
  6 => 'web_static',
  7 => 'js',
  8 => 'css',
  9 => 'img',
  10 => 'title',
  11 => 'admin_title',
  12 => 'nowpage',
  13 => 'upload',
  14 => 'menu',
) ]
[ info ] [ LOG ] INIT File
---------------------------------------------------------------
[ 2017-10-19T11:24:12+08:00 ] 127.0.0.4 127.0.0.1 POST /admin/publics/login.shtml
[ info ] 127.0.0.4/admin/publics/login.shtml [运行时间：0.136008s][吞吐率：7.35req/s] [内存消耗：2,309.43kb] [文件加载：53]
[ info ] [ LANG ] D:\phpStudy\WWW\ershoushouji\frame\lang\zh-cn.php
[ info ] [ ROUTE ] array (
  'type' => 'module',
  'module' => 
  array (
    0 => 'admin',
    1 => 'publics',
    2 => 'login',
  ),
)
[ info ] [ HEADER ] array (
  'cookie' => 'thinkphp_show_page_trace=0|0; PHPSESSID=mp0ko5ptqctfp90mken41cvdp5',
  'accept-language' => 'zh-CN,zh;q=0.8',
  'accept-encoding' => 'gzip, deflate, br',
  'referer' => 'http://127.0.0.4/admin/publics/login.shtml',
  'content-type' => 'application/x-www-form-urlencoded; charset=UTF-8',
  'user-agent' => 'Mozilla/5.0 (Windows NT 6.1; WOW64) AppleWebKit/537.36 (KHTML, like Gecko) Chrome/61.0.3163.100 Safari/537.36',
  'x-requested-with' => 'XMLHttpRequest',
  'origin' => 'http://127.0.0.4',
  'accept' => 'application/json, text/javascript, */*; q=0.01',
  'content-length' => '30',
  'connection' => 'close',
  'host' => '127.0.0.4',
)
[ info ] [ PARAM ] array (
  'username' => 'admin',
  'password' => '123456',
)
[ info ] [ SESSION ] INIT array (
  'prefix' => 'admin',
)
[ info ] [ DB ] INIT mysql
[ info ] [ RUN ] app\admin\controller\Publics->login[ D:\phpStudy\WWW\ershoushouji\application\admin\controller\Publics.php ]
[ info ] [ CACHE ] INIT File
[ info ] [ LOG ] INIT File
---------------------------------------------------------------
[ 2017-10-19T11:24:14+08:00 ] 127.0.0.4 127.0.0.1 GET /admin/index/index.shtml
[ info ] 127.0.0.4/admin/index/index.shtml [运行时间：0.406023s][吞吐率：2.46req/s] [内存消耗：2,715.41kb] [文件加载：60]
[ info ] [ LANG ] D:\phpStudy\WWW\ershoushouji\frame\lang\zh-cn.php
[ info ] [ ROUTE ] array (
  'type' => 'module',
  'module' => 
  array (
    0 => 'admin',
    1 => 'index',
    2 => 'index',
  ),
)
[ info ] [ HEADER ] array (
  'cookie' => 'thinkphp_show_page_trace=0|0; PHPSESSID=mp0ko5ptqctfp90mken41cvdp5',
  'accept-language' => 'zh-CN,zh;q=0.8',
  'accept-encoding' => 'gzip, deflate, br',
  'referer' => 'http://127.0.0.4/admin/publics/login.shtml',
  'accept' => 'text/html,application/xhtml+xml,application/xml;q=0.9,image/webp,image/apng,*/*;q=0.8',
  'user-agent' => 'Mozilla/5.0 (Windows NT 6.1; WOW64) AppleWebKit/537.36 (KHTML, like Gecko) Chrome/61.0.3163.100 Safari/537.36',
  'upgrade-insecure-requests' => '1',
  'connection' => 'close',
  'host' => '127.0.0.4',
)
[ info ] [ PARAM ] array (
)
[ info ] [ DB ] INIT mysql
[ info ] [ SESSION ] INIT array (
  'prefix' => 'admin',
)
[ info ] [ RUN ] app\admin\controller\Index->index[ D:\phpStudy\WWW\ershoushouji\application\admin\controller\Index.php ]
[ info ] [ VIEW ] D:\phpStudy\WWW\ershoushouji/public\theme\admin\index\index.html [ array (
  0 => 'module_name',
  1 => 'controller_name',
  2 => 'action_name',
  3 => 'public_path',
  4 => 'static_path',
  5 => 'web_public',
  6 => 'web_static',
  7 => 'js',
  8 => 'css',
  9 => 'img',
  10 => 'title',
  11 => 'admin_title',
  12 => 'nowpage',
  13 => 'upload',
  14 => 'menu',
  15 => 'menus',
  16 => 'headimg',
) ]
[ info ] [ LOG ] INIT File
---------------------------------------------------------------
[ 2017-10-19T11:24:15+08:00 ] 127.0.0.4 127.0.0.1 GET /admin/index/main.shtml
[ info ] 127.0.0.4/admin/index/main.shtml [运行时间：0.621036s][吞吐率：1.61req/s] [内存消耗：8,389.39kb] [文件加载：86]
[ info ] [ LANG ] D:\phpStudy\WWW\ershoushouji\frame\lang\zh-cn.php
[ info ] [ ROUTE ] array (
  'type' => 'module',
  'module' => 
  array (
    0 => 'admin',
    1 => 'index',
    2 => 'main',
  ),
)
[ info ] [ HEADER ] array (
  'cookie' => 'thinkphp_show_page_trace=0|0; PHPSESSID=mp0ko5ptqctfp90mken41cvdp5',
  'accept-language' => 'zh-CN,zh;q=0.8',
  'accept-encoding' => 'gzip, deflate, br',
  'referer' => 'http://127.0.0.4/admin/index/index.shtml',
  'accept' => 'text/html,application/xhtml+xml,application/xml;q=0.9,image/webp,image/apng,*/*;q=0.8',
  'user-agent' => 'Mozilla/5.0 (Windows NT 6.1; WOW64) AppleWebKit/537.36 (KHTML, like Gecko) Chrome/61.0.3163.100 Safari/537.36',
  'upgrade-insecure-requests' => '1',
  'connection' => 'close',
  'host' => '127.0.0.4',
)
[ info ] [ PARAM ] array (
)
[ info ] [ DB ] INIT mysql
[ info ] [ SESSION ] INIT array (
  'prefix' => 'admin',
)
[ info ] [ RUN ] app\admin\controller\Index->main[ D:\phpStudy\WWW\ershoushouji\application\admin\controller\Index.php ]
[ info ] [ VIEW ] D:\phpStudy\WWW\ershoushouji/public\theme\admin\index\main.html [ array (
  0 => 'module_name',
  1 => 'controller_name',
  2 => 'action_name',
  3 => 'public_path',
  4 => 'static_path',
  5 => 'web_public',
  6 => 'web_static',
  7 => 'js',
  8 => 'css',
  9 => 'img',
  10 => 'title',
  11 => 'admin_title',
  12 => 'nowpage',
  13 => 'upload',
  14 => 'menu',
  15 => 'date',
  16 => 'order_back_count',
  17 => 'total_price',
  18 => 'order_count',
  19 => 'user_count',
) ]
[ info ] [ LOG ] INIT File
---------------------------------------------------------------
[ 2017-10-19T11:24:15+08:00 ] 127.0.0.4 127.0.0.1 POST /admin/index/isuniquelogin.shtml
[ info ] 127.0.0.4/admin/index/isuniquelogin.shtml [运行时间：0.113006s][吞吐率：8.85req/s] [内存消耗：2,163.82kb] [文件加载：47]
[ info ] [ LANG ] D:\phpStudy\WWW\ershoushouji\frame\lang\zh-cn.php
[ info ] [ ROUTE ] array (
  'type' => 'module',
  'module' => 
  array (
    0 => 'admin',
    1 => 'index',
    2 => 'isuniquelogin',
  ),
)
[ info ] [ HEADER ] array (
  'cookie' => 'thinkphp_show_page_trace=0|0; PHPSESSID=mp0ko5ptqctfp90mken41cvdp5',
  'accept-language' => 'zh-CN,zh;q=0.8',
  'accept-encoding' => 'gzip, deflate, br',
  'referer' => 'http://127.0.0.4/admin/index/index.shtml',
  'user-agent' => 'Mozilla/5.0 (Windows NT 6.1; WOW64) AppleWebKit/537.36 (KHTML, like Gecko) Chrome/61.0.3163.100 Safari/537.36',
  'x-requested-with' => 'XMLHttpRequest',
  'origin' => 'http://127.0.0.4',
  'accept' => 'application/json, text/javascript, */*; q=0.01',
  'content-length' => '0',
  'connection' => 'close',
  'host' => '127.0.0.4',
)
[ info ] [ PARAM ] array (
)
[ info ] [ SESSION ] INIT array (
  'prefix' => 'admin',
)
[ info ] [ DB ] INIT mysql
[ info ] [ RUN ] app\admin\controller\Index->isUniqueLogin[ D:\phpStudy\WWW\ershoushouji\application\admin\controller\Index.php ]
[ info ] [ LOG ] INIT File
---------------------------------------------------------------
[ 2017-10-19T11:24:16+08:00 ] 127.0.0.4 127.0.0.1 GET /admin/orders/do_back.shtml
[ info ] 127.0.0.4/admin/orders/do_back.shtml [运行时间：0.497029s][吞吐率：2.01req/s] [内存消耗：6,065.65kb] [文件加载：72]
[ info ] [ LANG ] D:\phpStudy\WWW\ershoushouji\frame\lang\zh-cn.php
[ info ] [ ROUTE ] array (
  'type' => 'module',
  'module' => 
  array (
    0 => 'admin',
    1 => 'orders',
    2 => 'do_back',
  ),
)
[ info ] [ HEADER ] array (
  'cookie' => 'PHPSESSID=mp0ko5ptqctfp90mken41cvdp5',
  'accept-language' => 'zh-CN,zh;q=0.8',
  'accept-encoding' => 'gzip, deflate, br',
  'referer' => 'http://127.0.0.4/admin/index/index.shtml',
  'accept' => 'text/html,application/xhtml+xml,application/xml;q=0.9,image/webp,image/apng,*/*;q=0.8',
  'user-agent' => 'Mozilla/5.0 (Windows NT 6.1; WOW64) AppleWebKit/537.36 (KHTML, like Gecko) Chrome/61.0.3163.100 Safari/537.36',
  'upgrade-insecure-requests' => '1',
  'connection' => 'close',
  'host' => '127.0.0.4',
)
[ info ] [ PARAM ] array (
)
[ info ] [ DB ] INIT mysql
[ info ] [ SESSION ] INIT array (
  'prefix' => 'admin',
)
[ info ] [ RUN ] app\admin\controller\Orders->do_back[ D:\phpStudy\WWW\ershoushouji\application\admin\controller\Orders.php ]
[ info ] [ VIEW ] D:\phpStudy\WWW\ershoushouji/public\theme\admin\orders\do_back.html [ array (
  0 => 'module_name',
  1 => 'controller_name',
  2 => 'action_name',
  3 => 'public_path',
  4 => 'static_path',
  5 => 'web_public',
  6 => 'web_static',
  7 => 'js',
  8 => 'css',
  9 => 'img',
  10 => 'title',
  11 => 'admin_title',
  12 => 'nowpage',
  13 => 'upload',
  14 => 'menu',
  15 => 'lists',
) ]
[ info ] [ LOG ] INIT File
---------------------------------------------------------------
[ 2017-10-19T11:27:51+08:00 ] 127.0.0.4 127.0.0.1 GET /admin/index/index.shtml
[ info ] 127.0.0.4/admin/index/index.shtml [运行时间：0.411023s][吞吐率：2.43req/s] [内存消耗：2,722.71kb] [文件加载：60]
[ info ] [ LANG ] D:\phpStudy\WWW\ershoushouji\frame\lang\zh-cn.php
[ info ] [ ROUTE ] array (
  'type' => 'module',
  'module' => 
  array (
    0 => 'admin',
    1 => 'index',
    2 => 'index',
  ),
)
[ info ] [ HEADER ] array (
  'cookie' => 'thinkphp_show_page_trace=0|0; PHPSESSID=mp0ko5ptqctfp90mken41cvdp5',
  'accept-language' => 'zh-CN,zh;q=0.8',
  'accept-encoding' => 'gzip, deflate, br',
  'referer' => 'http://127.0.0.4/admin/publics/login.shtml',
  'accept' => 'text/html,application/xhtml+xml,application/xml;q=0.9,image/webp,image/apng,*/*;q=0.8',
  'upgrade-insecure-requests' => '1',
  'user-agent' => 'Mozilla/5.0 (Windows NT 6.1; WOW64) AppleWebKit/537.36 (KHTML, like Gecko) Chrome/61.0.3163.100 Safari/537.36',
  'cache-control' => 'max-age=0',
  'connection' => 'close',
  'host' => '127.0.0.4',
)
[ info ] [ PARAM ] array (
)
[ info ] [ DB ] INIT mysql
[ info ] [ SESSION ] INIT array (
  'prefix' => 'admin',
)
[ info ] [ RUN ] app\admin\controller\Index->index[ D:\phpStudy\WWW\ershoushouji\application\admin\controller\Index.php ]
[ info ] [ VIEW ] D:\phpStudy\WWW\ershoushouji/public\theme\admin\index\index.html [ array (
  0 => 'module_name',
  1 => 'controller_name',
  2 => 'action_name',
  3 => 'public_path',
  4 => 'static_path',
  5 => 'web_public',
  6 => 'web_static',
  7 => 'js',
  8 => 'css',
  9 => 'img',
  10 => 'title',
  11 => 'admin_title',
  12 => 'nowpage',
  13 => 'upload',
  14 => 'menu',
  15 => 'menus',
  16 => 'headimg',
) ]
[ info ] [ LOG ] INIT File
---------------------------------------------------------------
[ 2017-10-19T11:27:52+08:00 ] 127.0.0.4 127.0.0.1 GET /admin/index/main.shtml
[ info ] 127.0.0.4/admin/index/main.shtml [运行时间：0.666038s][吞吐率：1.50req/s] [内存消耗：8,389.39kb] [文件加载：86]
[ info ] [ LANG ] D:\phpStudy\WWW\ershoushouji\frame\lang\zh-cn.php
[ info ] [ ROUTE ] array (
  'type' => 'module',
  'module' => 
  array (
    0 => 'admin',
    1 => 'index',
    2 => 'main',
  ),
)
[ info ] [ HEADER ] array (
  'cookie' => 'thinkphp_show_page_trace=0|0; PHPSESSID=mp0ko5ptqctfp90mken41cvdp5',
  'accept-language' => 'zh-CN,zh;q=0.8',
  'accept-encoding' => 'gzip, deflate, br',
  'referer' => 'http://127.0.0.4/admin/index/index.shtml',
  'accept' => 'text/html,application/xhtml+xml,application/xml;q=0.9,image/webp,image/apng,*/*;q=0.8',
  'user-agent' => 'Mozilla/5.0 (Windows NT 6.1; WOW64) AppleWebKit/537.36 (KHTML, like Gecko) Chrome/61.0.3163.100 Safari/537.36',
  'upgrade-insecure-requests' => '1',
  'connection' => 'close',
  'host' => '127.0.0.4',
)
[ info ] [ PARAM ] array (
)
[ info ] [ DB ] INIT mysql
[ info ] [ SESSION ] INIT array (
  'prefix' => 'admin',
)
[ info ] [ RUN ] app\admin\controller\Index->main[ D:\phpStudy\WWW\ershoushouji\application\admin\controller\Index.php ]
[ info ] [ VIEW ] D:\phpStudy\WWW\ershoushouji/public\theme\admin\index\main.html [ array (
  0 => 'module_name',
  1 => 'controller_name',
  2 => 'action_name',
  3 => 'public_path',
  4 => 'static_path',
  5 => 'web_public',
  6 => 'web_static',
  7 => 'js',
  8 => 'css',
  9 => 'img',
  10 => 'title',
  11 => 'admin_title',
  12 => 'nowpage',
  13 => 'upload',
  14 => 'menu',
  15 => 'date',
  16 => 'order_back_count',
  17 => 'total_price',
  18 => 'order_count',
  19 => 'user_count',
) ]
[ info ] [ LOG ] INIT File
---------------------------------------------------------------
[ 2017-10-19T11:27:52+08:00 ] 127.0.0.4 127.0.0.1 POST /admin/index/isuniquelogin.shtml
[ info ] 127.0.0.4/admin/index/isuniquelogin.shtml [运行时间：0.088005s][吞吐率：11.36req/s] [内存消耗：2,163.82kb] [文件加载：47]
[ info ] [ LANG ] D:\phpStudy\WWW\ershoushouji\frame\lang\zh-cn.php
[ info ] [ ROUTE ] array (
  'type' => 'module',
  'module' => 
  array (
    0 => 'admin',
    1 => 'index',
    2 => 'isuniquelogin',
  ),
)
[ info ] [ HEADER ] array (
  'cookie' => 'thinkphp_show_page_trace=0|0; PHPSESSID=mp0ko5ptqctfp90mken41cvdp5',
  'accept-language' => 'zh-CN,zh;q=0.8',
  'accept-encoding' => 'gzip, deflate, br',
  'referer' => 'http://127.0.0.4/admin/index/index.shtml',
  'user-agent' => 'Mozilla/5.0 (Windows NT 6.1; WOW64) AppleWebKit/537.36 (KHTML, like Gecko) Chrome/61.0.3163.100 Safari/537.36',
  'x-requested-with' => 'XMLHttpRequest',
  'origin' => 'http://127.0.0.4',
  'accept' => 'application/json, text/javascript, */*; q=0.01',
  'content-length' => '0',
  'connection' => 'close',
  'host' => '127.0.0.4',
)
[ info ] [ PARAM ] array (
)
[ info ] [ SESSION ] INIT array (
  'prefix' => 'admin',
)
[ info ] [ DB ] INIT mysql
[ info ] [ RUN ] app\admin\controller\Index->isUniqueLogin[ D:\phpStudy\WWW\ershoushouji\application\admin\controller\Index.php ]
[ info ] [ LOG ] INIT File
---------------------------------------------------------------
[ 2017-10-19T11:27:54+08:00 ] 127.0.0.4 127.0.0.1 GET /admin/orders/do_back.shtml
[ info ] 127.0.0.4/admin/orders/do_back.shtml [运行时间：0.539031s][吞吐率：1.86req/s] [内存消耗：6,135.75kb] [文件加载：72]
[ info ] [ LANG ] D:\phpStudy\WWW\ershoushouji\frame\lang\zh-cn.php
[ info ] [ ROUTE ] array (
  'type' => 'module',
  'module' => 
  array (
    0 => 'admin',
    1 => 'orders',
    2 => 'do_back',
  ),
)
[ info ] [ HEADER ] array (
  'cookie' => 'thinkphp_show_page_trace=0|0; PHPSESSID=mp0ko5ptqctfp90mken41cvdp5',
  'accept-language' => 'zh-CN,zh;q=0.8',
  'accept-encoding' => 'gzip, deflate, br',
  'referer' => 'http://127.0.0.4/admin/index/index.shtml',
  'accept' => 'text/html,application/xhtml+xml,application/xml;q=0.9,image/webp,image/apng,*/*;q=0.8',
  'user-agent' => 'Mozilla/5.0 (Windows NT 6.1; WOW64) AppleWebKit/537.36 (KHTML, like Gecko) Chrome/61.0.3163.100 Safari/537.36',
  'upgrade-insecure-requests' => '1',
  'connection' => 'close',
  'host' => '127.0.0.4',
)
[ info ] [ PARAM ] array (
)
[ info ] [ DB ] INIT mysql
[ info ] [ SESSION ] INIT array (
  'prefix' => 'admin',
)
[ info ] [ RUN ] app\admin\controller\Orders->do_back[ D:\phpStudy\WWW\ershoushouji\application\admin\controller\Orders.php ]
[ info ] [ VIEW ] D:\phpStudy\WWW\ershoushouji/public\theme\admin\orders\do_back.html [ array (
  0 => 'module_name',
  1 => 'controller_name',
  2 => 'action_name',
  3 => 'public_path',
  4 => 'static_path',
  5 => 'web_public',
  6 => 'web_static',
  7 => 'js',
  8 => 'css',
  9 => 'img',
  10 => 'title',
  11 => 'admin_title',
  12 => 'nowpage',
  13 => 'upload',
  14 => 'menu',
  15 => 'lists',
) ]
[ info ] [ LOG ] INIT File
---------------------------------------------------------------
[ 2017-10-19T13:39:48+08:00 ] 127.0.0.4 127.0.0.1 GET /mobile/pay/winxpay
[ info ] 127.0.0.4/mobile/pay/winxpay [运行时间：1.538088s][吞吐率：0.65req/s] [内存消耗：5,489.41kb] [文件加载：53]
[ info ] [ LANG ] D:\phpStudy\WWW\ershoushouji\frame\lang\zh-cn.php
[ info ] [ ROUTE ] array (
  'type' => 'module',
  'module' => 
  array (
    0 => 'mobile',
    1 => 'pay',
    2 => 'winxpay',
  ),
)
[ info ] [ HEADER ] array (
  'cookie' => 'thinkphp_show_page_trace=0|0; PHPSESSID=mp0ko5ptqctfp90mken41cvdp5',
  'accept-language' => 'zh-CN,zh;q=0.8',
  'accept-encoding' => 'gzip, deflate, br',
  'accept' => 'text/html,application/xhtml+xml,application/xml;q=0.9,image/webp,image/apng,*/*;q=0.8',
  'upgrade-insecure-requests' => '1',
  'user-agent' => 'Mozilla/5.0 (Windows NT 6.1; WOW64) AppleWebKit/537.36 (KHTML, like Gecko) Chrome/61.0.3163.100 Safari/537.36',
  'cache-control' => 'max-age=0',
  'connection' => 'close',
  'host' => '127.0.0.4',
)
[ info ] [ PARAM ] array (
)
[ info ] [ DB ] INIT mysql
[ info ] [ SESSION ] INIT array (
  'prefix' => 'mobile',
)
[ info ] [ RUN ] app\mobile\controller\Pay->winxpay[ D:\phpStudy\WWW\ershoushouji\application\mobile\controller\Pay.php ]
[ info ] [ LOG ] INIT File
---------------------------------------------------------------
[ 2017-10-19T13:43:10+08:00 ] 127.0.0.4 127.0.0.1 GET /mobile/pay/winxpay
[ info ] 127.0.0.4/mobile/pay/winxpay [运行时间：1.523087s][吞吐率：0.66req/s] [内存消耗：5,489.41kb] [文件加载：53]
[ info ] [ LANG ] D:\phpStudy\WWW\ershoushouji\frame\lang\zh-cn.php
[ info ] [ ROUTE ] array (
  'type' => 'module',
  'module' => 
  array (
    0 => 'mobile',
    1 => 'pay',
    2 => 'winxpay',
  ),
)
[ info ] [ HEADER ] array (
  'cookie' => 'thinkphp_show_page_trace=0|0; PHPSESSID=mp0ko5ptqctfp90mken41cvdp5',
  'accept-language' => 'zh-CN,zh;q=0.8',
  'accept-encoding' => 'gzip, deflate, br',
  'accept' => 'text/html,application/xhtml+xml,application/xml;q=0.9,image/webp,image/apng,*/*;q=0.8',
  'upgrade-insecure-requests' => '1',
  'user-agent' => 'Mozilla/5.0 (Windows NT 6.1; WOW64) AppleWebKit/537.36 (KHTML, like Gecko) Chrome/61.0.3163.100 Safari/537.36',
  'cache-control' => 'max-age=0',
  'connection' => 'close',
  'host' => '127.0.0.4',
)
[ info ] [ PARAM ] array (
)
[ info ] [ DB ] INIT mysql
[ info ] [ SESSION ] INIT array (
  'prefix' => 'mobile',
)
[ info ] [ RUN ] app\mobile\controller\Pay->winxpay[ D:\phpStudy\WWW\ershoushouji\application\mobile\controller\Pay.php ]
[ info ] [ LOG ] INIT File
