---------------------------------------------------------------
[ 2017-12-05T17:51:06+08:00 ] 127.0.0.4 127.0.0.1 GET /
[ info ] 127.0.0.4/ [运行时间：0.808047s][吞吐率：1.24req/s] [内存消耗：5,283.40kb] [文件加载：52]
[ info ] [ LANG ] D:\phpStudy\WWW\ershoushouji\frame\lang\zh-cn.php
[ info ] [ ROUTE ] array (
  'type' => 'module',
  'module' => 
  array (
    0 => '',
    1 => NULL,
    2 => NULL,
  ),
)
[ info ] [ HEADER ] array (
  'accept-language' => 'zh-CN,zh;q=0.8',
  'accept-encoding' => 'gzip, deflate, br',
  'accept' => 'text/html,application/xhtml+xml,application/xml;q=0.9,image/webp,image/apng,*/*;q=0.8',
  'upgrade-insecure-requests' => '1',
  'user-agent' => 'Mozilla/5.0 (Windows NT 6.1; WOW64) AppleWebKit/537.36 (KHTML, like Gecko) Chrome/61.0.3163.100 Safari/537.36',
  'connection' => 'close',
  'host' => '127.0.0.4',
)
[ info ] [ PARAM ] array (
)
[ info ] [ DB ] INIT mysql
[ info ] [ SESSION ] INIT array (
  'prefix' => 'admin',
)
[ info ] [ LOG ] INIT File
---------------------------------------------------------------
[ 2017-12-05T17:51:07+08:00 ] 127.0.0.4 127.0.0.1 GET /admin/publics/login.shtml
[ info ] 127.0.0.4/admin/publics/login.shtml [运行时间：0.672039s][吞吐率：1.49req/s] [内存消耗：5,437.14kb] [文件加载：56]
[ info ] [ LANG ] D:\phpStudy\WWW\ershoushouji\frame\lang\zh-cn.php
[ info ] [ ROUTE ] array (
  'type' => 'module',
  'module' => 
  array (
    0 => 'admin',
    1 => 'publics',
    2 => 'login',
  ),
)
[ info ] [ HEADER ] array (
  'cookie' => 'PHPSESSID=3uas0k0jc1tht56v2sk8rc7837',
  'accept-language' => 'zh-CN,zh;q=0.8',
  'accept-encoding' => 'gzip, deflate, br',
  'accept' => 'text/html,application/xhtml+xml,application/xml;q=0.9,image/webp,image/apng,*/*;q=0.8',
  'upgrade-insecure-requests' => '1',
  'user-agent' => 'Mozilla/5.0 (Windows NT 6.1; WOW64) AppleWebKit/537.36 (KHTML, like Gecko) Chrome/61.0.3163.100 Safari/537.36',
  'connection' => 'close',
  'host' => '127.0.0.4',
)
[ info ] [ PARAM ] array (
)
[ info ] [ DB ] INIT mysql
[ info ] [ SESSION ] INIT array (
  'prefix' => 'admin',
)
[ info ] [ RUN ] app\admin\controller\Publics->login[ D:\phpStudy\WWW\ershoushouji\application\admin\controller\Publics.php ]
[ info ] [ VIEW ] D:\phpStudy\WWW\ershoushouji/public\theme\admin\publics\login.html [ array (
  0 => 'module_name',
  1 => 'controller_name',
  2 => 'action_name',
  3 => 'public_path',
  4 => 'static_path',
  5 => 'web_public',
  6 => 'web_static',
  7 => 'js',
  8 => 'css',
  9 => 'img',
  10 => 'title',
  11 => 'admin_title',
  12 => 'nowpage',
  13 => 'upload',
  14 => 'menu',
) ]
[ info ] [ LOG ] INIT File
